2026-04-01 00:03:07 [tomcat-handler-174] ERROR : Error null - session: 5270db5e-f5b5-0e98-3014-79d7b65b48d0 from: t1
2026-04-01 00:03:07 [tomcat-handler-174] INFO  : Session closing: 5270db5e-f5b5-0e98-3014-79d7b65b48d0 - reason: null
2026-04-01 00:05:20 [tomcat-handler-175] INFO  : New session connected: 995140af-7616-b424-dce1-6be19ea9e09d, user: t1
2026-04-01 00:05:20 [tomcat-handler-176] INFO  : New session connected: 8ec86fc2-e6e5-f6c5-1323-315215024321, user: t1
2026-04-01 00:05:20 [tomcat-handler-177] INFO  : New message from user: t1
2026-04-01 00:05:20 [tomcat-handler-177] INFO  : End of message processing - session: 8ec86fc2-e6e5-f6c5-1323-315215024321 from: t1
2026-04-01 00:05:20 [tomcat-handler-178] INFO  : New message from user: t1
2026-04-01 00:05:20 [tomcat-handler-178] INFO  : End of message processing - session: 995140af-7616-b424-dce1-6be19ea9e09d from: t1
2026-04-01 00:05:20 [tomcat-handler-179] INFO  : New message from user: t1
2026-04-01 00:05:20 [tomcat-handler-179] INFO  : End of message processing - session: 8ec86fc2-e6e5-f6c5-1323-315215024321 from: t1
2026-04-01 00:05:20 [tomcat-handler-180] INFO  : New message from user: t1
2026-04-01 00:05:20 [tomcat-handler-180] INFO  : End of message processing - session: 8ec86fc2-e6e5-f6c5-1323-315215024321 from: t1
2026-04-01 00:05:20 [tomcat-handler-181] INFO  : New message from user: t1
2026-04-01 00:05:20 [tomcat-handler-181] INFO  : End of message processing - session: 8ec86fc2-e6e5-f6c5-1323-315215024321 from: t1
2026-04-01 00:05:20 [tomcat-handler-182] INFO  : New message from user: t1
2026-04-01 00:05:20 [tomcat-handler-182] INFO  : End of message processing - session: 8ec86fc2-e6e5-f6c5-1323-315215024321 from: t1
2026-04-01 00:05:20 [tomcat-handler-183] INFO  : New message from user: t1
2026-04-01 00:05:20 [tomcat-handler-183] INFO  : End of message processing - session: 8ec86fc2-e6e5-f6c5-1323-315215024321 from: t1
2026-04-01 00:05:20 [tomcat-handler-184] INFO  : New message from user: t1
2026-04-01 00:05:20 [tomcat-handler-184] INFO  : End of message processing - session: 8ec86fc2-e6e5-f6c5-1323-315215024321 from: t1
2026-04-01 00:05:20 [tomcat-handler-185] INFO  : New message from user: t1
2026-04-01 00:05:20 [tomcat-handler-185] INFO  : End of message processing - session: 8ec86fc2-e6e5-f6c5-1323-315215024321 from: t1
2026-04-01 00:05:20 [tomcat-handler-186] INFO  : New message from user: t1
2026-04-01 00:05:20 [tomcat-handler-186] INFO  : End of message processing - session: 8ec86fc2-e6e5-f6c5-1323-315215024321 from: t1
2026-04-01 00:05:20 [tomcat-handler-187] INFO  : New message from user: t1
2026-04-01 00:05:20 [tomcat-handler-187] INFO  : End of message processing - session: 8ec86fc2-e6e5-f6c5-1323-315215024321 from: t1
2026-04-01 00:05:20 [tomcat-handler-188] INFO  : New message from user: t1
2026-04-01 00:05:20 [tomcat-handler-188] INFO  : End of message processing - session: 8ec86fc2-e6e5-f6c5-1323-315215024321 from: t1
2026-04-01 00:05:20 [tomcat-handler-189] INFO  : New message from user: t1
2026-04-01 00:05:20 [tomcat-handler-189] INFO  : End of message processing - session: 8ec86fc2-e6e5-f6c5-1323-315215024321 from: t1
2026-04-01 00:05:20 [tomcat-handler-190] INFO  : New message from user: t1
2026-04-01 00:05:20 [tomcat-handler-190] INFO  : /synchronizeData connected: User UsernamePasswordAuthenticationToken [Principal=t1, Credentials=[PROTECTED], Authenticated=true, Details=eyJhbGciOiJIUzM4NCJ9.eyJzdWIiOiJ0MSIsImlhdCI6MTc3NDk5NDcxOSwiZXhwIjoxNzc0OTk1NjE5fQ.vpS-u2l_b2986icLmgDoGoh50yKCS9-RyuW9kw0DfT18Dn4uKTCAMter4omXOZto, Granted Authorities=[USER]]
2026-04-01 00:05:20 [tomcat-handler-190] INFO  : Sending message to owner: 8ec86fc2-e6e5-f6c5-1323-315215024321
2026-04-01 00:05:20 [tomcat-handler-190] INFO  : End of message processing - session: 8ec86fc2-e6e5-f6c5-1323-315215024321 from: t1
2026-04-01 00:05:25 [tomcat-handler-191] INFO  : Session closing: 8ec86fc2-e6e5-f6c5-1323-315215024321 - reason: finished
2026-04-01 00:05:29 [tomcat-handler-192] INFO  : New session connected: fb01a3ea-8aa5-a347-0587-04e97c31bb05, user: t1
2026-04-01 00:05:29 [tomcat-handler-193] INFO  : New session connected: da3e7390-4314-7f95-f709-3f629be71dd3, user: t1
2026-04-01 00:05:29 [tomcat-handler-194] INFO  : New message from user: t1
2026-04-01 00:05:29 [tomcat-handler-195] INFO  : New message from user: t1
2026-04-01 00:05:29 [tomcat-handler-194] INFO  : End of message processing - session: da3e7390-4314-7f95-f709-3f629be71dd3 from: t1
2026-04-01 00:05:29 [tomcat-handler-195] INFO  : End of message processing - session: fb01a3ea-8aa5-a347-0587-04e97c31bb05 from: t1
2026-04-01 00:05:29 [tomcat-handler-196] INFO  : New message from user: t1
2026-04-01 00:05:29 [tomcat-handler-196] INFO  : End of message processing - session: da3e7390-4314-7f95-f709-3f629be71dd3 from: t1
2026-04-01 00:05:29 [tomcat-handler-197] INFO  : New message from user: t1
2026-04-01 00:05:29 [tomcat-handler-197] INFO  : End of message processing - session: da3e7390-4314-7f95-f709-3f629be71dd3 from: t1
2026-04-01 00:05:29 [tomcat-handler-198] INFO  : New message from user: t1
2026-04-01 00:05:29 [tomcat-handler-198] INFO  : End of message processing - session: da3e7390-4314-7f95-f709-3f629be71dd3 from: t1
2026-04-01 00:05:29 [tomcat-handler-199] INFO  : New message from user: t1
2026-04-01 00:05:29 [tomcat-handler-199] INFO  : End of message processing - session: da3e7390-4314-7f95-f709-3f629be71dd3 from: t1
2026-04-01 00:05:29 [tomcat-handler-200] INFO  : New message from user: t1
2026-04-01 00:05:29 [tomcat-handler-200] INFO  : End of message processing - session: da3e7390-4314-7f95-f709-3f629be71dd3 from: t1
2026-04-01 00:05:29 [tomcat-handler-201] INFO  : New message from user: t1
2026-04-01 00:05:29 [tomcat-handler-201] INFO  : End of message processing - session: da3e7390-4314-7f95-f709-3f629be71dd3 from: t1
2026-04-01 00:05:29 [tomcat-handler-202] INFO  : New message from user: t1
2026-04-01 00:05:29 [tomcat-handler-202] INFO  : End of message processing - session: da3e7390-4314-7f95-f709-3f629be71dd3 from: t1
2026-04-01 00:05:29 [tomcat-handler-203] INFO  : New message from user: t1
2026-04-01 00:05:29 [tomcat-handler-203] INFO  : End of message processing - session: da3e7390-4314-7f95-f709-3f629be71dd3 from: t1
2026-04-01 00:05:29 [tomcat-handler-204] INFO  : New message from user: t1
2026-04-01 00:05:29 [tomcat-handler-204] INFO  : End of message processing - session: da3e7390-4314-7f95-f709-3f629be71dd3 from: t1
2026-04-01 00:05:29 [tomcat-handler-205] INFO  : New message from user: t1
2026-04-01 00:05:29 [tomcat-handler-205] INFO  : End of message processing - session: da3e7390-4314-7f95-f709-3f629be71dd3 from: t1
2026-04-01 00:05:29 [tomcat-handler-206] INFO  : New message from user: t1
2026-04-01 00:05:29 [tomcat-handler-206] INFO  : End of message processing - session: da3e7390-4314-7f95-f709-3f629be71dd3 from: t1
2026-04-01 00:05:29 [tomcat-handler-207] INFO  : New message from user: t1
2026-04-01 00:05:29 [tomcat-handler-207] INFO  : /synchronizeData connected: User UsernamePasswordAuthenticationToken [Principal=t1, Credentials=[PROTECTED], Authenticated=true, Details=eyJhbGciOiJIUzM4NCJ9.eyJzdWIiOiJ0MSIsImlhdCI6MTc3NDk5NDcyOSwiZXhwIjoxNzc0OTk1NjI5fQ.441T1ptaYQ108PGZTvJ33sJoOjBE-5_NMw33A3peqri35OqDss6g3zeK1IWqgel2, Granted Authorities=[USER]]
2026-04-01 00:05:29 [tomcat-handler-207] INFO  : Sending message to owner: da3e7390-4314-7f95-f709-3f629be71dd3
2026-04-01 00:05:29 [tomcat-handler-207] INFO  : End of message processing - session: da3e7390-4314-7f95-f709-3f629be71dd3 from: t1
2026-04-01 00:05:31 [tomcat-handler-208] INFO  : New message from user: t1
2026-04-01 00:05:31 [tomcat-handler-208] INFO  : /postShoppingItem connected: User UsernamePasswordAuthenticationToken [Principal=t1, Credentials=[PROTECTED], Authenticated=true, Details=eyJhbGciOiJIUzM4NCJ9.eyJzdWIiOiJ0MSIsImlhdCI6MTc3NDk5NDcyOSwiZXhwIjoxNzc0OTk1NjI5fQ.441T1ptaYQ108PGZTvJ33sJoOjBE-5_NMw33A3peqri35OqDss6g3zeK1IWqgel2, Granted Authorities=[USER]]
2026-04-01 00:05:31 [tomcat-handler-208] INFO  : End of message processing - session: da3e7390-4314-7f95-f709-3f629be71dd3 from: t1
2026-04-01 00:16:06 [tomcat-handler-209] INFO  : New session connected: af271aed-0d89-cc86-2767-c73bd9137547, user: t76
2026-04-01 00:16:06 [tomcat-handler-211] INFO  : New message from user: t76
2026-04-01 00:16:06 [tomcat-handler-211] INFO  : End of message processing - session: af271aed-0d89-cc86-2767-c73bd9137547 from: t76
2026-04-01 00:16:06 [tomcat-handler-211] INFO  : Session closing: af271aed-0d89-cc86-2767-c73bd9137547 - reason: null
2026-04-01 00:16:06 [tomcat-handler-210] INFO  : New session connected: b875e204-1bb6-3acc-2087-63d7ff563baa, user: t76
2026-04-01 00:16:06 [tomcat-handler-212] INFO  : New message from user: t76
2026-04-01 00:16:06 [tomcat-handler-212] INFO  : End of message processing - session: b875e204-1bb6-3acc-2087-63d7ff563baa from: t76
2026-04-01 00:16:06 [tomcat-handler-212] INFO  : New message from user: t76
2026-04-01 00:16:06 [tomcat-handler-212] INFO  : End of message processing - session: b875e204-1bb6-3acc-2087-63d7ff563baa from: t76
2026-04-01 00:16:06 [tomcat-handler-212] INFO  : New message from user: t76
2026-04-01 00:16:06 [tomcat-handler-212] INFO  : End of message processing - session: b875e204-1bb6-3acc-2087-63d7ff563baa from: t76
2026-04-01 00:16:06 [tomcat-handler-212] INFO  : New message from user: t76
2026-04-01 00:16:06 [tomcat-handler-212] INFO  : End of message processing - session: b875e204-1bb6-3acc-2087-63d7ff563baa from: t76
2026-04-01 00:16:06 [tomcat-handler-212] INFO  : New message from user: t76
2026-04-01 00:16:06 [tomcat-handler-212] INFO  : End of message processing - session: b875e204-1bb6-3acc-2087-63d7ff563baa from: t76
2026-04-01 00:16:06 [tomcat-handler-212] INFO  : New message from user: t76
2026-04-01 00:16:06 [tomcat-handler-212] INFO  : End of message processing - session: b875e204-1bb6-3acc-2087-63d7ff563baa from: t76
2026-04-01 00:16:06 [tomcat-handler-212] INFO  : New message from user: t76
2026-04-01 00:16:06 [tomcat-handler-212] INFO  : End of message processing - session: b875e204-1bb6-3acc-2087-63d7ff563baa from: t76
2026-04-01 00:16:06 [tomcat-handler-212] INFO  : New message from user: t76
2026-04-01 00:16:06 [tomcat-handler-212] INFO  : End of message processing - session: b875e204-1bb6-3acc-2087-63d7ff563baa from: t76
2026-04-01 00:16:06 [tomcat-handler-212] INFO  : New message from user: t76
2026-04-01 00:16:06 [tomcat-handler-212] INFO  : End of message processing - session: b875e204-1bb6-3acc-2087-63d7ff563baa from: t76
2026-04-01 00:16:06 [tomcat-handler-212] INFO  : New message from user: t76
2026-04-01 00:16:06 [tomcat-handler-212] INFO  : End of message processing - session: b875e204-1bb6-3acc-2087-63d7ff563baa from: t76
2026-04-01 00:16:06 [tomcat-handler-212] INFO  : New message from user: t76
2026-04-01 00:16:06 [tomcat-handler-212] INFO  : End of message processing - session: b875e204-1bb6-3acc-2087-63d7ff563baa from: t76
2026-04-01 00:16:06 [tomcat-handler-212] INFO  : New message from user: t76
2026-04-01 00:16:06 [tomcat-handler-212] INFO  : End of message processing - session: b875e204-1bb6-3acc-2087-63d7ff563baa from: t76
2026-04-01 00:16:06 [tomcat-handler-212] INFO  : New message from user: t76
2026-04-01 00:16:06 [tomcat-handler-212] INFO  : /synchronizeData connected: User UsernamePasswordAuthenticationToken [Principal=t76, Credentials=[PROTECTED], Authenticated=true, Details=eyJhbGciOiJIUzM4NCJ9.eyJzdWIiOiJ0NzYiLCJpYXQiOjE3NzQ5OTUzNjYsImV4cCI6MTc3NDk5NjI2Nn0.FldaB8vjvXrjj7i9WpUj1F0pMln-UiJF4o4TP8KMTHhF54RsGcE6IKZowCzf1iE1, Granted Authorities=[USER]]
2026-04-01 00:16:06 [tomcat-handler-212] INFO  : Sending message to owner: b875e204-1bb6-3acc-2087-63d7ff563baa
2026-04-01 00:16:06 [tomcat-handler-212] INFO  : End of message processing - session: b875e204-1bb6-3acc-2087-63d7ff563baa from: t76
2026-04-01 00:16:14 [tomcat-handler-213] INFO  : Session closing: b875e204-1bb6-3acc-2087-63d7ff563baa - reason: null
2026-04-01 00:16:15 [tomcat-handler-214] INFO  : New session connected: 627b5d58-3ffa-36df-4fff-81fc424d360c, user: t76
2026-04-01 00:16:15 [tomcat-handler-215] INFO  : New message from user: t76
2026-04-01 00:16:15 [tomcat-handler-215] INFO  : End of message processing - session: 627b5d58-3ffa-36df-4fff-81fc424d360c from: t76
2026-04-01 00:16:15 [tomcat-handler-215] INFO  : Session closing: 627b5d58-3ffa-36df-4fff-81fc424d360c - reason: null
2026-04-01 00:16:15 [tomcat-handler-216] INFO  : New session connected: ff3f84e6-8fe4-d94a-d576-63f67ff41c1b, user: t76
2026-04-01 00:16:15 [tomcat-handler-217] INFO  : New message from user: t76
2026-04-01 00:16:15 [tomcat-handler-217] INFO  : End of message processing - session: ff3f84e6-8fe4-d94a-d576-63f67ff41c1b from: t76
2026-04-01 00:16:15 [tomcat-handler-217] INFO  : New message from user: t76
2026-04-01 00:16:15 [tomcat-handler-217] INFO  : End of message processing - session: ff3f84e6-8fe4-d94a-d576-63f67ff41c1b from: t76
2026-04-01 00:16:15 [tomcat-handler-217] INFO  : New message from user: t76
2026-04-01 00:16:15 [tomcat-handler-217] INFO  : End of message processing - session: ff3f84e6-8fe4-d94a-d576-63f67ff41c1b from: t76
2026-04-01 00:16:15 [tomcat-handler-217] INFO  : New message from user: t76
2026-04-01 00:16:15 [tomcat-handler-217] INFO  : End of message processing - session: ff3f84e6-8fe4-d94a-d576-63f67ff41c1b from: t76
2026-04-01 00:16:15 [tomcat-handler-217] INFO  : New message from user: t76
2026-04-01 00:16:15 [tomcat-handler-217] INFO  : End of message processing - session: ff3f84e6-8fe4-d94a-d576-63f67ff41c1b from: t76
2026-04-01 00:16:15 [tomcat-handler-217] INFO  : New message from user: t76
2026-04-01 00:16:15 [tomcat-handler-217] INFO  : End of message processing - session: ff3f84e6-8fe4-d94a-d576-63f67ff41c1b from: t76
2026-04-01 00:16:15 [tomcat-handler-217] INFO  : New message from user: t76
2026-04-01 00:16:15 [tomcat-handler-217] INFO  : End of message processing - session: ff3f84e6-8fe4-d94a-d576-63f67ff41c1b from: t76
2026-04-01 00:16:15 [tomcat-handler-217] INFO  : New message from user: t76
2026-04-01 00:16:15 [tomcat-handler-217] INFO  : End of message processing - session: ff3f84e6-8fe4-d94a-d576-63f67ff41c1b from: t76
2026-04-01 00:16:15 [tomcat-handler-217] INFO  : New message from user: t76
2026-04-01 00:16:15 [tomcat-handler-217] INFO  : End of message processing - session: ff3f84e6-8fe4-d94a-d576-63f67ff41c1b from: t76
2026-04-01 00:16:15 [tomcat-handler-217] INFO  : New message from user: t76
2026-04-01 00:16:15 [tomcat-handler-217] INFO  : End of message processing - session: ff3f84e6-8fe4-d94a-d576-63f67ff41c1b from: t76
2026-04-01 00:16:15 [tomcat-handler-217] INFO  : New message from user: t76
2026-04-01 00:16:15 [tomcat-handler-217] INFO  : End of message processing - session: ff3f84e6-8fe4-d94a-d576-63f67ff41c1b from: t76
2026-04-01 00:16:15 [tomcat-handler-217] INFO  : New message from user: t76
2026-04-01 00:16:15 [tomcat-handler-217] INFO  : End of message processing - session: ff3f84e6-8fe4-d94a-d576-63f67ff41c1b from: t76
2026-04-01 00:16:15 [tomcat-handler-217] INFO  : New message from user: t76
2026-04-01 00:16:15 [tomcat-handler-217] INFO  : /synchronizeData connected: User UsernamePasswordAuthenticationToken [Principal=t76, Credentials=[PROTECTED], Authenticated=true, Details=eyJhbGciOiJIUzM4NCJ9.eyJzdWIiOiJ0NzYiLCJpYXQiOjE3NzQ5OTUzNzUsImV4cCI6MTc3NDk5NjI3NX0.pRwaluN0-vCipEOW9YZKPnK7MdWEepXo2iYxd3MKTxUotg9fmDhB6M0VZd8uvEN9, Granted Authorities=[USER]]
2026-04-01 00:16:15 [tomcat-handler-217] INFO  : Sending message to owner: ff3f84e6-8fe4-d94a-d576-63f67ff41c1b
2026-04-01 00:16:15 [tomcat-handler-217] INFO  : End of message processing - session: ff3f84e6-8fe4-d94a-d576-63f67ff41c1b from: t76
2026-04-01 00:16:23 [tomcat-handler-218] INFO  : Session closing: ff3f84e6-8fe4-d94a-d576-63f67ff41c1b - reason: null
2026-04-01 00:16:23 [tomcat-handler-219] INFO  : New session connected: b6222209-45ce-a524-9d04-b5d1c8b2471f, user: t76
2026-04-01 00:16:23 [tomcat-handler-220] INFO  : New message from user: t76
2026-04-01 00:16:23 [tomcat-handler-220] INFO  : End of message processing - session: b6222209-45ce-a524-9d04-b5d1c8b2471f from: t76
2026-04-01 00:16:23 [tomcat-handler-220] INFO  : New message from user: t76
2026-04-01 00:16:23 [tomcat-handler-220] INFO  : End of message processing - session: b6222209-45ce-a524-9d04-b5d1c8b2471f from: t76
2026-04-01 00:16:23 [tomcat-handler-220] INFO  : New message from user: t76
2026-04-01 00:16:23 [tomcat-handler-220] INFO  : End of message processing - session: b6222209-45ce-a524-9d04-b5d1c8b2471f from: t76
2026-04-01 00:16:23 [tomcat-handler-220] INFO  : New message from user: t76
2026-04-01 00:16:23 [tomcat-handler-220] INFO  : End of message processing - session: b6222209-45ce-a524-9d04-b5d1c8b2471f from: t76
2026-04-01 00:16:23 [tomcat-handler-220] INFO  : New message from user: t76
2026-04-01 00:16:23 [tomcat-handler-220] INFO  : End of message processing - session: b6222209-45ce-a524-9d04-b5d1c8b2471f from: t76
2026-04-01 00:16:23 [tomcat-handler-220] INFO  : New message from user: t76
2026-04-01 00:16:23 [tomcat-handler-220] INFO  : End of message processing - session: b6222209-45ce-a524-9d04-b5d1c8b2471f from: t76
2026-04-01 00:16:23 [tomcat-handler-220] INFO  : New message from user: t76
2026-04-01 00:16:23 [tomcat-handler-220] INFO  : End of message processing - session: b6222209-45ce-a524-9d04-b5d1c8b2471f from: t76
2026-04-01 00:16:23 [tomcat-handler-220] INFO  : New message from user: t76
2026-04-01 00:16:23 [tomcat-handler-220] INFO  : End of message processing - session: b6222209-45ce-a524-9d04-b5d1c8b2471f from: t76
2026-04-01 00:16:23 [tomcat-handler-220] INFO  : New message from user: t76
2026-04-01 00:16:23 [tomcat-handler-220] INFO  : End of message processing - session: b6222209-45ce-a524-9d04-b5d1c8b2471f from: t76
2026-04-01 00:16:23 [tomcat-handler-220] INFO  : New message from user: t76
2026-04-01 00:16:23 [tomcat-handler-220] INFO  : End of message processing - session: b6222209-45ce-a524-9d04-b5d1c8b2471f from: t76
2026-04-01 00:16:23 [tomcat-handler-220] INFO  : New message from user: t76
2026-04-01 00:16:23 [tomcat-handler-220] INFO  : End of message processing - session: b6222209-45ce-a524-9d04-b5d1c8b2471f from: t76
2026-04-01 00:16:23 [tomcat-handler-220] INFO  : New message from user: t76
2026-04-01 00:16:23 [tomcat-handler-220] INFO  : End of message processing - session: b6222209-45ce-a524-9d04-b5d1c8b2471f from: t76
2026-04-01 00:16:23 [tomcat-handler-220] INFO  : New message from user: t76
2026-04-01 00:16:23 [tomcat-handler-220] INFO  : /synchronizeData connected: User UsernamePasswordAuthenticationToken [Principal=t76, Credentials=[PROTECTED], Authenticated=true, Details=eyJhbGciOiJIUzM4NCJ9.eyJzdWIiOiJ0NzYiLCJpYXQiOjE3NzQ5OTUzNzUsImV4cCI6MTc3NDk5NjI3NX0.pRwaluN0-vCipEOW9YZKPnK7MdWEepXo2iYxd3MKTxUotg9fmDhB6M0VZd8uvEN9, Granted Authorities=[USER]]
2026-04-01 00:16:23 [tomcat-handler-220] INFO  : Sending message to owner: b6222209-45ce-a524-9d04-b5d1c8b2471f
2026-04-01 00:16:23 [tomcat-handler-220] INFO  : End of message processing - session: b6222209-45ce-a524-9d04-b5d1c8b2471f from: t76
2026-04-01 00:16:24 [tomcat-handler-221] INFO  : New message from user: t76
2026-04-01 00:16:24 [tomcat-handler-221] INFO  : /postShoppingItem connected: User UsernamePasswordAuthenticationToken [Principal=t76, Credentials=[PROTECTED], Authenticated=true, Details=eyJhbGciOiJIUzM4NCJ9.eyJzdWIiOiJ0NzYiLCJpYXQiOjE3NzQ5OTUzNzUsImV4cCI6MTc3NDk5NjI3NX0.pRwaluN0-vCipEOW9YZKPnK7MdWEepXo2iYxd3MKTxUotg9fmDhB6M0VZd8uvEN9, Granted Authorities=[USER]]
2026-04-01 00:16:24 [tomcat-handler-221] INFO  : Sending message to: da3e7390-4314-7f95-f709-3f629be71dd3
2026-04-01 00:16:24 [tomcat-handler-221] INFO  : End of message processing - session: b6222209-45ce-a524-9d04-b5d1c8b2471f from: t76
2026-04-01 00:16:24 [tomcat-handler-222] INFO  : New message from user: t1
2026-04-01 00:16:24 [tomcat-handler-222] INFO  : /synchronizeData connected: User UsernamePasswordAuthenticationToken [Principal=t1, Credentials=[PROTECTED], Authenticated=true, Details=eyJhbGciOiJIUzM4NCJ9.eyJzdWIiOiJ0MSIsImlhdCI6MTc3NDk5NDcyOSwiZXhwIjoxNzc0OTk1NjI5fQ.441T1ptaYQ108PGZTvJ33sJoOjBE-5_NMw33A3peqri35OqDss6g3zeK1IWqgel2, Granted Authorities=[USER]]
2026-04-01 00:16:24 [tomcat-handler-222] INFO  : Sending message to owner: da3e7390-4314-7f95-f709-3f629be71dd3
2026-04-01 00:16:24 [tomcat-handler-222] INFO  : End of message processing - session: da3e7390-4314-7f95-f709-3f629be71dd3 from: t1
2026-04-01 00:16:25 [tomcat-handler-223] INFO  : New message from user: t76
2026-04-01 00:16:25 [tomcat-handler-223] INFO  : /postShoppingItem connected: User UsernamePasswordAuthenticationToken [Principal=t76, Credentials=[PROTECTED], Authenticated=true, Details=eyJhbGciOiJIUzM4NCJ9.eyJzdWIiOiJ0NzYiLCJpYXQiOjE3NzQ5OTUzNzUsImV4cCI6MTc3NDk5NjI3NX0.pRwaluN0-vCipEOW9YZKPnK7MdWEepXo2iYxd3MKTxUotg9fmDhB6M0VZd8uvEN9, Granted Authorities=[USER]]
2026-04-01 00:16:25 [tomcat-handler-223] INFO  : Sending message to: da3e7390-4314-7f95-f709-3f629be71dd3
2026-04-01 00:16:25 [tomcat-handler-223] INFO  : End of message processing - session: b6222209-45ce-a524-9d04-b5d1c8b2471f from: t76
2026-04-01 00:16:25 [tomcat-handler-224] INFO  : New message from user: t1
2026-04-01 00:16:25 [tomcat-handler-224] INFO  : /synchronizeData connected: User UsernamePasswordAuthenticationToken [Principal=t1, Credentials=[PROTECTED], Authenticated=true, Details=eyJhbGciOiJIUzM4NCJ9.eyJzdWIiOiJ0MSIsImlhdCI6MTc3NDk5NDcyOSwiZXhwIjoxNzc0OTk1NjI5fQ.441T1ptaYQ108PGZTvJ33sJoOjBE-5_NMw33A3peqri35OqDss6g3zeK1IWqgel2, Granted Authorities=[USER]]
2026-04-01 00:16:25 [tomcat-handler-224] INFO  : Sending message to owner: da3e7390-4314-7f95-f709-3f629be71dd3
2026-04-01 00:16:25 [tomcat-handler-224] INFO  : End of message processing - session: da3e7390-4314-7f95-f709-3f629be71dd3 from: t1
2026-04-01 00:16:25 [tomcat-handler-225] INFO  : New message from user: t76
2026-04-01 00:16:25 [tomcat-handler-225] INFO  : /postShoppingItem connected: User UsernamePasswordAuthenticationToken [Principal=t76, Credentials=[PROTECTED], Authenticated=true, Details=eyJhbGciOiJIUzM4NCJ9.eyJzdWIiOiJ0NzYiLCJpYXQiOjE3NzQ5OTUzNzUsImV4cCI6MTc3NDk5NjI3NX0.pRwaluN0-vCipEOW9YZKPnK7MdWEepXo2iYxd3MKTxUotg9fmDhB6M0VZd8uvEN9, Granted Authorities=[USER]]
2026-04-01 00:16:25 [tomcat-handler-225] INFO  : Sending message to: da3e7390-4314-7f95-f709-3f629be71dd3
2026-04-01 00:16:25 [tomcat-handler-225] INFO  : End of message processing - session: b6222209-45ce-a524-9d04-b5d1c8b2471f from: t76
2026-04-01 00:16:25 [tomcat-handler-226] INFO  : New message from user: t1
2026-04-01 00:16:25 [tomcat-handler-226] INFO  : /synchronizeData connected: User UsernamePasswordAuthenticationToken [Principal=t1, Credentials=[PROTECTED], Authenticated=true, Details=eyJhbGciOiJIUzM4NCJ9.eyJzdWIiOiJ0MSIsImlhdCI6MTc3NDk5NDcyOSwiZXhwIjoxNzc0OTk1NjI5fQ.441T1ptaYQ108PGZTvJ33sJoOjBE-5_NMw33A3peqri35OqDss6g3zeK1IWqgel2, Granted Authorities=[USER]]
2026-04-01 00:16:25 [tomcat-handler-226] INFO  : Sending message to owner: da3e7390-4314-7f95-f709-3f629be71dd3
2026-04-01 00:16:25 [tomcat-handler-226] INFO  : End of message processing - session: da3e7390-4314-7f95-f709-3f629be71dd3 from: t1
2026-04-01 00:16:25 [tomcat-handler-227] INFO  : New message from user: t76
2026-04-01 00:16:25 [tomcat-handler-227] INFO  : /postShoppingItem connected: User UsernamePasswordAuthenticationToken [Principal=t76, Credentials=[PROTECTED], Authenticated=true, Details=eyJhbGciOiJIUzM4NCJ9.eyJzdWIiOiJ0NzYiLCJpYXQiOjE3NzQ5OTUzNzUsImV4cCI6MTc3NDk5NjI3NX0.pRwaluN0-vCipEOW9YZKPnK7MdWEepXo2iYxd3MKTxUotg9fmDhB6M0VZd8uvEN9, Granted Authorities=[USER]]
2026-04-01 00:16:25 [tomcat-handler-227] INFO  : Sending message to: da3e7390-4314-7f95-f709-3f629be71dd3
2026-04-01 00:16:25 [tomcat-handler-227] INFO  : End of message processing - session: b6222209-45ce-a524-9d04-b5d1c8b2471f from: t76
2026-04-01 00:16:25 [tomcat-handler-228] INFO  : New message from user: t1
2026-04-01 00:16:25 [tomcat-handler-228] INFO  : /synchronizeData connected: User UsernamePasswordAuthenticationToken [Principal=t1, Credentials=[PROTECTED], Authenticated=true, Details=eyJhbGciOiJIUzM4NCJ9.eyJzdWIiOiJ0MSIsImlhdCI6MTc3NDk5NDcyOSwiZXhwIjoxNzc0OTk1NjI5fQ.441T1ptaYQ108PGZTvJ33sJoOjBE-5_NMw33A3peqri35OqDss6g3zeK1IWqgel2, Granted Authorities=[USER]]
2026-04-01 00:16:25 [tomcat-handler-228] INFO  : Sending message to owner: da3e7390-4314-7f95-f709-3f629be71dd3
2026-04-01 00:16:25 [tomcat-handler-228] INFO  : End of message processing - session: da3e7390-4314-7f95-f709-3f629be71dd3 from: t1
2026-04-01 00:16:25 [tomcat-handler-229] INFO  : New message from user: t76
2026-04-01 00:16:25 [tomcat-handler-229] INFO  : /postShoppingItem connected: User UsernamePasswordAuthenticationToken [Principal=t76, Credentials=[PROTECTED], Authenticated=true, Details=eyJhbGciOiJIUzM4NCJ9.eyJzdWIiOiJ0NzYiLCJpYXQiOjE3NzQ5OTUzNzUsImV4cCI6MTc3NDk5NjI3NX0.pRwaluN0-vCipEOW9YZKPnK7MdWEepXo2iYxd3MKTxUotg9fmDhB6M0VZd8uvEN9, Granted Authorities=[USER]]
2026-04-01 00:16:25 [tomcat-handler-229] INFO  : Sending message to: da3e7390-4314-7f95-f709-3f629be71dd3
2026-04-01 00:16:25 [tomcat-handler-229] INFO  : End of message processing - session: b6222209-45ce-a524-9d04-b5d1c8b2471f from: t76
2026-04-01 00:16:25 [tomcat-handler-230] INFO  : New message from user: t1
2026-04-01 00:16:25 [tomcat-handler-230] INFO  : /synchronizeData connected: User UsernamePasswordAuthenticationToken [Principal=t1, Credentials=[PROTECTED], Authenticated=true, Details=eyJhbGciOiJIUzM4NCJ9.eyJzdWIiOiJ0MSIsImlhdCI6MTc3NDk5NDcyOSwiZXhwIjoxNzc0OTk1NjI5fQ.441T1ptaYQ108PGZTvJ33sJoOjBE-5_NMw33A3peqri35OqDss6g3zeK1IWqgel2, Granted Authorities=[USER]]
2026-04-01 00:16:25 [tomcat-handler-230] INFO  : Sending message to owner: da3e7390-4314-7f95-f709-3f629be71dd3
2026-04-01 00:16:25 [tomcat-handler-230] INFO  : End of message processing - session: da3e7390-4314-7f95-f709-3f629be71dd3 from: t1
2026-04-01 00:16:26 [tomcat-handler-231] INFO  : Session closing: b6222209-45ce-a524-9d04-b5d1c8b2471f - reason: null
2026-04-01 00:16:26 [tomcat-handler-232] INFO  : New session connected: ba385218-e7ae-7a3b-b1da-29341ec17ba1, user: t76
2026-04-01 00:16:26 [tomcat-handler-233] INFO  : New message from user: t76
2026-04-01 00:16:26 [tomcat-handler-233] INFO  : End of message processing - session: ba385218-e7ae-7a3b-b1da-29341ec17ba1 from: t76
2026-04-01 00:16:26 [tomcat-handler-233] INFO  : New message from user: t76
2026-04-01 00:16:26 [tomcat-handler-233] INFO  : End of message processing - session: ba385218-e7ae-7a3b-b1da-29341ec17ba1 from: t76
2026-04-01 00:16:26 [tomcat-handler-233] INFO  : New message from user: t76
2026-04-01 00:16:26 [tomcat-handler-233] INFO  : End of message processing - session: ba385218-e7ae-7a3b-b1da-29341ec17ba1 from: t76
2026-04-01 00:16:26 [tomcat-handler-233] INFO  : New message from user: t76
2026-04-01 00:16:26 [tomcat-handler-233] INFO  : End of message processing - session: ba385218-e7ae-7a3b-b1da-29341ec17ba1 from: t76
2026-04-01 00:16:26 [tomcat-handler-233] INFO  : New message from user: t76
2026-04-01 00:16:26 [tomcat-handler-233] INFO  : End of message processing - session: ba385218-e7ae-7a3b-b1da-29341ec17ba1 from: t76
2026-04-01 00:16:26 [tomcat-handler-233] INFO  : New message from user: t76
2026-04-01 00:16:26 [tomcat-handler-233] INFO  : End of message processing - session: ba385218-e7ae-7a3b-b1da-29341ec17ba1 from: t76
2026-04-01 00:16:26 [tomcat-handler-233] INFO  : New message from user: t76
2026-04-01 00:16:26 [tomcat-handler-233] INFO  : End of message processing - session: ba385218-e7ae-7a3b-b1da-29341ec17ba1 from: t76
2026-04-01 00:16:26 [tomcat-handler-233] INFO  : New message from user: t76
2026-04-01 00:16:26 [tomcat-handler-233] INFO  : End of message processing - session: ba385218-e7ae-7a3b-b1da-29341ec17ba1 from: t76
2026-04-01 00:16:26 [tomcat-handler-233] INFO  : New message from user: t76
2026-04-01 00:16:26 [tomcat-handler-233] INFO  : End of message processing - session: ba385218-e7ae-7a3b-b1da-29341ec17ba1 from: t76
2026-04-01 00:16:26 [tomcat-handler-233] INFO  : New message from user: t76
2026-04-01 00:16:26 [tomcat-handler-233] INFO  : End of message processing - session: ba385218-e7ae-7a3b-b1da-29341ec17ba1 from: t76
2026-04-01 00:16:26 [tomcat-handler-233] INFO  : New message from user: t76
2026-04-01 00:16:26 [tomcat-handler-233] INFO  : End of message processing - session: ba385218-e7ae-7a3b-b1da-29341ec17ba1 from: t76
2026-04-01 00:16:26 [tomcat-handler-233] INFO  : New message from user: t76
2026-04-01 00:16:26 [tomcat-handler-233] INFO  : End of message processing - session: ba385218-e7ae-7a3b-b1da-29341ec17ba1 from: t76
2026-04-01 00:16:26 [tomcat-handler-233] INFO  : New message from user: t76
2026-04-01 00:16:26 [tomcat-handler-233] INFO  : /synchronizeData connected: User UsernamePasswordAuthenticationToken [Principal=t76, Credentials=[PROTECTED], Authenticated=true, Details=eyJhbGciOiJIUzM4NCJ9.eyJzdWIiOiJ0NzYiLCJpYXQiOjE3NzQ5OTUzNzUsImV4cCI6MTc3NDk5NjI3NX0.pRwaluN0-vCipEOW9YZKPnK7MdWEepXo2iYxd3MKTxUotg9fmDhB6M0VZd8uvEN9, Granted Authorities=[USER]]
2026-04-01 00:16:26 [tomcat-handler-233] INFO  : Sending message to owner: ba385218-e7ae-7a3b-b1da-29341ec17ba1
2026-04-01 00:16:26 [tomcat-handler-233] INFO  : End of message processing - session: ba385218-e7ae-7a3b-b1da-29341ec17ba1 from: t76
2026-04-01 00:17:28 [tomcat-handler-234] INFO  : New message from user: t76
2026-04-01 00:17:28 [tomcat-handler-234] INFO  : /deleteShoppingItem connected: User UsernamePasswordAuthenticationToken [Principal=t76, Credentials=[PROTECTED], Authenticated=true, Details=eyJhbGciOiJIUzM4NCJ9.eyJzdWIiOiJ0NzYiLCJpYXQiOjE3NzQ5OTUzNzUsImV4cCI6MTc3NDk5NjI3NX0.pRwaluN0-vCipEOW9YZKPnK7MdWEepXo2iYxd3MKTxUotg9fmDhB6M0VZd8uvEN9, Granted Authorities=[USER]]
2026-04-01 00:17:28 [tomcat-handler-234] INFO  : Sending message to: da3e7390-4314-7f95-f709-3f629be71dd3
2026-04-01 00:17:28 [tomcat-handler-234] INFO  : End of message processing - session: ba385218-e7ae-7a3b-b1da-29341ec17ba1 from: t76
2026-04-01 00:17:28 [tomcat-handler-235] INFO  : New message from user: t1
2026-04-01 00:17:28 [tomcat-handler-235] INFO  : /synchronizeData connected: User UsernamePasswordAuthenticationToken [Principal=t1, Credentials=[PROTECTED], Authenticated=true, Details=eyJhbGciOiJIUzM4NCJ9.eyJzdWIiOiJ0MSIsImlhdCI6MTc3NDk5NDcyOSwiZXhwIjoxNzc0OTk1NjI5fQ.441T1ptaYQ108PGZTvJ33sJoOjBE-5_NMw33A3peqri35OqDss6g3zeK1IWqgel2, Granted Authorities=[USER]]
2026-04-01 00:17:28 [tomcat-handler-235] INFO  : Sending message to owner: da3e7390-4314-7f95-f709-3f629be71dd3
2026-04-01 00:17:28 [tomcat-handler-235] INFO  : End of message processing - session: da3e7390-4314-7f95-f709-3f629be71dd3 from: t1
2026-04-01 00:17:28 [tomcat-handler-236] INFO  : New message from user: t76
2026-04-01 00:17:28 [tomcat-handler-236] INFO  : /deleteShoppingItem connected: User UsernamePasswordAuthenticationToken [Principal=t76, Credentials=[PROTECTED], Authenticated=true, Details=eyJhbGciOiJIUzM4NCJ9.eyJzdWIiOiJ0NzYiLCJpYXQiOjE3NzQ5OTUzNzUsImV4cCI6MTc3NDk5NjI3NX0.pRwaluN0-vCipEOW9YZKPnK7MdWEepXo2iYxd3MKTxUotg9fmDhB6M0VZd8uvEN9, Granted Authorities=[USER]]
2026-04-01 00:17:28 [tomcat-handler-236] INFO  : Sending message to: da3e7390-4314-7f95-f709-3f629be71dd3
2026-04-01 00:17:28 [tomcat-handler-236] INFO  : End of message processing - session: ba385218-e7ae-7a3b-b1da-29341ec17ba1 from: t76
2026-04-01 00:17:28 [tomcat-handler-237] INFO  : New message from user: t1
2026-04-01 00:17:28 [tomcat-handler-237] INFO  : /synchronizeData connected: User UsernamePasswordAuthenticationToken [Principal=t1, Credentials=[PROTECTED], Authenticated=true, Details=eyJhbGciOiJIUzM4NCJ9.eyJzdWIiOiJ0MSIsImlhdCI6MTc3NDk5NDcyOSwiZXhwIjoxNzc0OTk1NjI5fQ.441T1ptaYQ108PGZTvJ33sJoOjBE-5_NMw33A3peqri35OqDss6g3zeK1IWqgel2, Granted Authorities=[USER]]
2026-04-01 00:17:28 [tomcat-handler-237] INFO  : Sending message to owner: da3e7390-4314-7f95-f709-3f629be71dd3
2026-04-01 00:17:28 [tomcat-handler-237] INFO  : End of message processing - session: da3e7390-4314-7f95-f709-3f629be71dd3 from: t1
2026-04-01 00:17:28 [tomcat-handler-238] INFO  : New message from user: t76
2026-04-01 00:17:28 [tomcat-handler-238] INFO  : /deleteShoppingItem connected: User UsernamePasswordAuthenticationToken [Principal=t76, Credentials=[PROTECTED], Authenticated=true, Details=eyJhbGciOiJIUzM4NCJ9.eyJzdWIiOiJ0NzYiLCJpYXQiOjE3NzQ5OTUzNzUsImV4cCI6MTc3NDk5NjI3NX0.pRwaluN0-vCipEOW9YZKPnK7MdWEepXo2iYxd3MKTxUotg9fmDhB6M0VZd8uvEN9, Granted Authorities=[USER]]
2026-04-01 00:17:28 [tomcat-handler-238] INFO  : Sending message to: da3e7390-4314-7f95-f709-3f629be71dd3
2026-04-01 00:17:28 [tomcat-handler-238] INFO  : End of message processing - session: ba385218-e7ae-7a3b-b1da-29341ec17ba1 from: t76
2026-04-01 00:17:28 [tomcat-handler-239] INFO  : New message from user: t1
2026-04-01 00:17:28 [tomcat-handler-239] INFO  : /synchronizeData connected: User UsernamePasswordAuthenticationToken [Principal=t1, Credentials=[PROTECTED], Authenticated=true, Details=eyJhbGciOiJIUzM4NCJ9.eyJzdWIiOiJ0MSIsImlhdCI6MTc3NDk5NDcyOSwiZXhwIjoxNzc0OTk1NjI5fQ.441T1ptaYQ108PGZTvJ33sJoOjBE-5_NMw33A3peqri35OqDss6g3zeK1IWqgel2, Granted Authorities=[USER]]
2026-04-01 00:17:28 [tomcat-handler-239] INFO  : Sending message to owner: da3e7390-4314-7f95-f709-3f629be71dd3
2026-04-01 00:17:28 [tomcat-handler-239] INFO  : End of message processing - session: da3e7390-4314-7f95-f709-3f629be71dd3 from: t1
2026-04-01 00:17:28 [tomcat-handler-240] INFO  : New message from user: t76
2026-04-01 00:17:28 [tomcat-handler-240] INFO  : /deleteShoppingItem connected: User UsernamePasswordAuthenticationToken [Principal=t76, Credentials=[PROTECTED], Authenticated=true, Details=eyJhbGciOiJIUzM4NCJ9.eyJzdWIiOiJ0NzYiLCJpYXQiOjE3NzQ5OTUzNzUsImV4cCI6MTc3NDk5NjI3NX0.pRwaluN0-vCipEOW9YZKPnK7MdWEepXo2iYxd3MKTxUotg9fmDhB6M0VZd8uvEN9, Granted Authorities=[USER]]
2026-04-01 00:17:28 [tomcat-handler-240] INFO  : Sending message to: da3e7390-4314-7f95-f709-3f629be71dd3
2026-04-01 00:17:28 [tomcat-handler-240] INFO  : End of message processing - session: ba385218-e7ae-7a3b-b1da-29341ec17ba1 from: t76
2026-04-01 00:17:28 [tomcat-handler-241] INFO  : New message from user: t1
2026-04-01 00:17:28 [tomcat-handler-241] INFO  : /synchronizeData connected: User UsernamePasswordAuthenticationToken [Principal=t1, Credentials=[PROTECTED], Authenticated=true, Details=eyJhbGciOiJIUzM4NCJ9.eyJzdWIiOiJ0MSIsImlhdCI6MTc3NDk5NDcyOSwiZXhwIjoxNzc0OTk1NjI5fQ.441T1ptaYQ108PGZTvJ33sJoOjBE-5_NMw33A3peqri35OqDss6g3zeK1IWqgel2, Granted Authorities=[USER]]
2026-04-01 00:17:28 [tomcat-handler-241] INFO  : Sending message to owner: da3e7390-4314-7f95-f709-3f629be71dd3
2026-04-01 00:17:28 [tomcat-handler-241] INFO  : End of message processing - session: da3e7390-4314-7f95-f709-3f629be71dd3 from: t1
2026-04-01 00:17:28 [tomcat-handler-242] INFO  : New message from user: t76
2026-04-01 00:17:28 [tomcat-handler-242] INFO  : /deleteShoppingItem connected: User UsernamePasswordAuthenticationToken [Principal=t76, Credentials=[PROTECTED], Authenticated=true, Details=eyJhbGciOiJIUzM4NCJ9.eyJzdWIiOiJ0NzYiLCJpYXQiOjE3NzQ5OTUzNzUsImV4cCI6MTc3NDk5NjI3NX0.pRwaluN0-vCipEOW9YZKPnK7MdWEepXo2iYxd3MKTxUotg9fmDhB6M0VZd8uvEN9, Granted Authorities=[USER]]
2026-04-01 00:17:28 [tomcat-handler-242] INFO  : Sending message to: da3e7390-4314-7f95-f709-3f629be71dd3
2026-04-01 00:17:28 [tomcat-handler-242] INFO  : End of message processing - session: ba385218-e7ae-7a3b-b1da-29341ec17ba1 from: t76
2026-04-01 00:17:28 [tomcat-handler-243] INFO  : New message from user: t1
2026-04-01 00:17:28 [tomcat-handler-243] INFO  : /synchronizeData connected: User UsernamePasswordAuthenticationToken [Principal=t1, Credentials=[PROTECTED], Authenticated=true, Details=eyJhbGciOiJIUzM4NCJ9.eyJzdWIiOiJ0MSIsImlhdCI6MTc3NDk5NDcyOSwiZXhwIjoxNzc0OTk1NjI5fQ.441T1ptaYQ108PGZTvJ33sJoOjBE-5_NMw33A3peqri35OqDss6g3zeK1IWqgel2, Granted Authorities=[USER]]
2026-04-01 00:17:29 [tomcat-handler-243] INFO  : Sending message to owner: da3e7390-4314-7f95-f709-3f629be71dd3
2026-04-01 00:17:29 [tomcat-handler-243] INFO  : End of message processing - session: da3e7390-4314-7f95-f709-3f629be71dd3 from: t1
2026-04-01 00:17:29 [tomcat-handler-244] INFO  : New message from user: t76
2026-04-01 00:17:29 [tomcat-handler-244] INFO  : /deleteShoppingItem connected: User UsernamePasswordAuthenticationToken [Principal=t76, Credentials=[PROTECTED], Authenticated=true, Details=eyJhbGciOiJIUzM4NCJ9.eyJzdWIiOiJ0NzYiLCJpYXQiOjE3NzQ5OTUzNzUsImV4cCI6MTc3NDk5NjI3NX0.pRwaluN0-vCipEOW9YZKPnK7MdWEepXo2iYxd3MKTxUotg9fmDhB6M0VZd8uvEN9, Granted Authorities=[USER]]
2026-04-01 00:17:29 [tomcat-handler-244] INFO  : Sending message to: da3e7390-4314-7f95-f709-3f629be71dd3
2026-04-01 00:17:29 [tomcat-handler-244] INFO  : End of message processing - session: ba385218-e7ae-7a3b-b1da-29341ec17ba1 from: t76
2026-04-01 00:17:29 [tomcat-handler-245] INFO  : New message from user: t1
2026-04-01 00:17:29 [tomcat-handler-245] INFO  : /synchronizeData connected: User UsernamePasswordAuthenticationToken [Principal=t1, Credentials=[PROTECTED], Authenticated=true, Details=eyJhbGciOiJIUzM4NCJ9.eyJzdWIiOiJ0MSIsImlhdCI6MTc3NDk5NDcyOSwiZXhwIjoxNzc0OTk1NjI5fQ.441T1ptaYQ108PGZTvJ33sJoOjBE-5_NMw33A3peqri35OqDss6g3zeK1IWqgel2, Granted Authorities=[USER]]
2026-04-01 00:17:29 [tomcat-handler-245] INFO  : Sending message to owner: da3e7390-4314-7f95-f709-3f629be71dd3
2026-04-01 00:17:29 [tomcat-handler-245] INFO  : End of message processing - session: da3e7390-4314-7f95-f709-3f629be71dd3 from: t1
2026-04-01 00:17:29 [tomcat-handler-246] INFO  : New message from user: t76
2026-04-01 00:17:29 [tomcat-handler-246] INFO  : /deleteShoppingItem connected: User UsernamePasswordAuthenticationToken [Principal=t76, Credentials=[PROTECTED], Authenticated=true, Details=eyJhbGciOiJIUzM4NCJ9.eyJzdWIiOiJ0NzYiLCJpYXQiOjE3NzQ5OTUzNzUsImV4cCI6MTc3NDk5NjI3NX0.pRwaluN0-vCipEOW9YZKPnK7MdWEepXo2iYxd3MKTxUotg9fmDhB6M0VZd8uvEN9, Granted Authorities=[USER]]
2026-04-01 00:17:29 [tomcat-handler-246] INFO  : Sending message to: da3e7390-4314-7f95-f709-3f629be71dd3
2026-04-01 00:17:29 [tomcat-handler-246] INFO  : End of message processing - session: ba385218-e7ae-7a3b-b1da-29341ec17ba1 from: t76
2026-04-01 00:17:29 [tomcat-handler-247] INFO  : New message from user: t1
2026-04-01 00:17:29 [tomcat-handler-247] INFO  : /synchronizeData connected: User UsernamePasswordAuthenticationToken [Principal=t1, Credentials=[PROTECTED], Authenticated=true, Details=eyJhbGciOiJIUzM4NCJ9.eyJzdWIiOiJ0MSIsImlhdCI6MTc3NDk5NDcyOSwiZXhwIjoxNzc0OTk1NjI5fQ.441T1ptaYQ108PGZTvJ33sJoOjBE-5_NMw33A3peqri35OqDss6g3zeK1IWqgel2, Granted Authorities=[USER]]
2026-04-01 00:17:29 [tomcat-handler-247] INFO  : Sending message to owner: da3e7390-4314-7f95-f709-3f629be71dd3
2026-04-01 00:17:29 [tomcat-handler-247] INFO  : End of message processing - session: da3e7390-4314-7f95-f709-3f629be71dd3 from: t1
2026-04-01 00:17:30 [tomcat-handler-248] INFO  : New message from user: t76
2026-04-01 00:17:30 [tomcat-handler-248] INFO  : /deleteShoppingItem connected: User UsernamePasswordAuthenticationToken [Principal=t76, Credentials=[PROTECTED], Authenticated=true, Details=eyJhbGciOiJIUzM4NCJ9.eyJzdWIiOiJ0NzYiLCJpYXQiOjE3NzQ5OTUzNzUsImV4cCI6MTc3NDk5NjI3NX0.pRwaluN0-vCipEOW9YZKPnK7MdWEepXo2iYxd3MKTxUotg9fmDhB6M0VZd8uvEN9, Granted Authorities=[USER]]
2026-04-01 00:17:30 [tomcat-handler-248] INFO  : Sending message to: da3e7390-4314-7f95-f709-3f629be71dd3
2026-04-01 00:17:30 [tomcat-handler-248] INFO  : End of message processing - session: ba385218-e7ae-7a3b-b1da-29341ec17ba1 from: t76
2026-04-01 00:17:30 [tomcat-handler-249] INFO  : New message from user: t1
2026-04-01 00:17:30 [tomcat-handler-249] INFO  : /synchronizeData connected: User UsernamePasswordAuthenticationToken [Principal=t1, Credentials=[PROTECTED], Authenticated=true, Details=eyJhbGciOiJIUzM4NCJ9.eyJzdWIiOiJ0MSIsImlhdCI6MTc3NDk5NDcyOSwiZXhwIjoxNzc0OTk1NjI5fQ.441T1ptaYQ108PGZTvJ33sJoOjBE-5_NMw33A3peqri35OqDss6g3zeK1IWqgel2, Granted Authorities=[USER]]
2026-04-01 00:17:30 [tomcat-handler-249] INFO  : Sending message to owner: da3e7390-4314-7f95-f709-3f629be71dd3
2026-04-01 00:17:30 [tomcat-handler-249] INFO  : End of message processing - session: da3e7390-4314-7f95-f709-3f629be71dd3 from: t1
2026-04-01 00:17:53 [tomcat-handler-250] INFO  : Session closing: ba385218-e7ae-7a3b-b1da-29341ec17ba1 - reason: null
2026-04-01 00:17:53 [tomcat-handler-251] INFO  : New session connected: bfdab728-a78e-b0e3-c9d2-b33280febb5f, user: t76
2026-04-01 00:17:54 [tomcat-handler-252] INFO  : New message from user: t76
2026-04-01 00:17:54 [tomcat-handler-252] INFO  : End of message processing - session: bfdab728-a78e-b0e3-c9d2-b33280febb5f from: t76
2026-04-01 00:17:54 [tomcat-handler-252] INFO  : Session closing: bfdab728-a78e-b0e3-c9d2-b33280febb5f - reason: null
2026-04-01 00:17:54 [tomcat-handler-253] INFO  : New session connected: a815aee5-0b3b-7c7a-25b0-df7c246f252e, user: t76
2026-04-01 00:17:54 [tomcat-handler-254] INFO  : New message from user: t76
2026-04-01 00:17:54 [tomcat-handler-254] INFO  : End of message processing - session: a815aee5-0b3b-7c7a-25b0-df7c246f252e from: t76
2026-04-01 00:17:54 [tomcat-handler-254] INFO  : New message from user: t76
2026-04-01 00:17:54 [tomcat-handler-254] INFO  : End of message processing - session: a815aee5-0b3b-7c7a-25b0-df7c246f252e from: t76
2026-04-01 00:17:54 [tomcat-handler-254] INFO  : New message from user: t76
2026-04-01 00:17:54 [tomcat-handler-254] INFO  : End of message processing - session: a815aee5-0b3b-7c7a-25b0-df7c246f252e from: t76
2026-04-01 00:17:54 [tomcat-handler-254] INFO  : New message from user: t76
2026-04-01 00:17:54 [tomcat-handler-254] INFO  : End of message processing - session: a815aee5-0b3b-7c7a-25b0-df7c246f252e from: t76
2026-04-01 00:17:54 [tomcat-handler-254] INFO  : New message from user: t76
2026-04-01 00:17:54 [tomcat-handler-254] INFO  : End of message processing - session: a815aee5-0b3b-7c7a-25b0-df7c246f252e from: t76
2026-04-01 00:17:54 [tomcat-handler-254] INFO  : New message from user: t76
2026-04-01 00:17:54 [tomcat-handler-254] INFO  : End of message processing - session: a815aee5-0b3b-7c7a-25b0-df7c246f252e from: t76
2026-04-01 00:17:54 [tomcat-handler-254] INFO  : New message from user: t76
2026-04-01 00:17:54 [tomcat-handler-254] INFO  : End of message processing - session: a815aee5-0b3b-7c7a-25b0-df7c246f252e from: t76
2026-04-01 00:17:54 [tomcat-handler-254] INFO  : New message from user: t76
2026-04-01 00:17:54 [tomcat-handler-254] INFO  : End of message processing - session: a815aee5-0b3b-7c7a-25b0-df7c246f252e from: t76
2026-04-01 00:17:54 [tomcat-handler-254] INFO  : New message from user: t76
2026-04-01 00:17:54 [tomcat-handler-254] INFO  : End of message processing - session: a815aee5-0b3b-7c7a-25b0-df7c246f252e from: t76
2026-04-01 00:17:54 [tomcat-handler-254] INFO  : New message from user: t76
2026-04-01 00:17:54 [tomcat-handler-254] INFO  : End of message processing - session: a815aee5-0b3b-7c7a-25b0-df7c246f252e from: t76
2026-04-01 00:17:54 [tomcat-handler-254] INFO  : New message from user: t76
2026-04-01 00:17:54 [tomcat-handler-254] INFO  : End of message processing - session: a815aee5-0b3b-7c7a-25b0-df7c246f252e from: t76
2026-04-01 00:17:54 [tomcat-handler-254] INFO  : New message from user: t76
2026-04-01 00:17:54 [tomcat-handler-254] INFO  : End of message processing - session: a815aee5-0b3b-7c7a-25b0-df7c246f252e from: t76
2026-04-01 00:17:54 [tomcat-handler-254] INFO  : New message from user: t76
2026-04-01 00:17:54 [tomcat-handler-254] INFO  : /synchronizeData connected: User UsernamePasswordAuthenticationToken [Principal=t76, Credentials=[PROTECTED], Authenticated=true, Details=eyJhbGciOiJIUzM4NCJ9.eyJzdWIiOiJ0NzYiLCJpYXQiOjE3NzQ5OTU0NzMsImV4cCI6MTc3NDk5NjM3M30.V7DRaTDXsvGaI24xYT1YH7nyePX2Z80s7ptATgAj40asLsMueSlLRvJDkS81rKt6, Granted Authorities=[USER]]
2026-04-01 00:17:54 [tomcat-handler-254] INFO  : Sending message to owner: a815aee5-0b3b-7c7a-25b0-df7c246f252e
2026-04-01 00:17:54 [tomcat-handler-254] INFO  : End of message processing - session: a815aee5-0b3b-7c7a-25b0-df7c246f252e from: t76
2026-04-01 00:17:55 [tomcat-handler-255] INFO  : Session closing: a815aee5-0b3b-7c7a-25b0-df7c246f252e - reason: null
2026-04-01 00:17:59 [tomcat-handler-256] INFO  : New session connected: 84f230b4-d021-d8c6-9c2a-d35603ec7d34, user: t76
2026-04-01 00:17:59 [tomcat-handler-257] INFO  : New message from user: t76
2026-04-01 00:17:59 [tomcat-handler-257] INFO  : End of message processing - session: 84f230b4-d021-d8c6-9c2a-d35603ec7d34 from: t76
2026-04-01 00:17:59 [tomcat-handler-257] INFO  : New message from user: t76
2026-04-01 00:17:59 [tomcat-handler-257] INFO  : End of message processing - session: 84f230b4-d021-d8c6-9c2a-d35603ec7d34 from: t76
2026-04-01 00:17:59 [tomcat-handler-257] INFO  : New message from user: t76
2026-04-01 00:17:59 [tomcat-handler-257] INFO  : End of message processing - session: 84f230b4-d021-d8c6-9c2a-d35603ec7d34 from: t76
2026-04-01 00:17:59 [tomcat-handler-257] INFO  : New message from user: t76
2026-04-01 00:17:59 [tomcat-handler-257] INFO  : End of message processing - session: 84f230b4-d021-d8c6-9c2a-d35603ec7d34 from: t76
2026-04-01 00:17:59 [tomcat-handler-257] INFO  : New message from user: t76
2026-04-01 00:17:59 [tomcat-handler-257] INFO  : End of message processing - session: 84f230b4-d021-d8c6-9c2a-d35603ec7d34 from: t76
2026-04-01 00:17:59 [tomcat-handler-257] INFO  : New message from user: t76
2026-04-01 00:17:59 [tomcat-handler-257] INFO  : End of message processing - session: 84f230b4-d021-d8c6-9c2a-d35603ec7d34 from: t76
2026-04-01 00:17:59 [tomcat-handler-257] INFO  : New message from user: t76
2026-04-01 00:17:59 [tomcat-handler-257] INFO  : End of message processing - session: 84f230b4-d021-d8c6-9c2a-d35603ec7d34 from: t76
2026-04-01 00:17:59 [tomcat-handler-257] INFO  : New message from user: t76
2026-04-01 00:17:59 [tomcat-handler-257] INFO  : End of message processing - session: 84f230b4-d021-d8c6-9c2a-d35603ec7d34 from: t76
2026-04-01 00:17:59 [tomcat-handler-257] INFO  : New message from user: t76
2026-04-01 00:17:59 [tomcat-handler-257] INFO  : End of message processing - session: 84f230b4-d021-d8c6-9c2a-d35603ec7d34 from: t76
2026-04-01 00:17:59 [tomcat-handler-257] INFO  : New message from user: t76
2026-04-01 00:17:59 [tomcat-handler-257] INFO  : End of message processing - session: 84f230b4-d021-d8c6-9c2a-d35603ec7d34 from: t76
2026-04-01 00:17:59 [tomcat-handler-257] INFO  : New message from user: t76
2026-04-01 00:17:59 [tomcat-handler-257] INFO  : End of message processing - session: 84f230b4-d021-d8c6-9c2a-d35603ec7d34 from: t76
2026-04-01 00:17:59 [tomcat-handler-257] INFO  : New message from user: t76
2026-04-01 00:17:59 [tomcat-handler-257] INFO  : End of message processing - session: 84f230b4-d021-d8c6-9c2a-d35603ec7d34 from: t76
2026-04-01 00:17:59 [tomcat-handler-257] INFO  : New message from user: t76
2026-04-01 00:17:59 [tomcat-handler-257] INFO  : /synchronizeData connected: User UsernamePasswordAuthenticationToken [Principal=t76, Credentials=[PROTECTED], Authenticated=true, Details=eyJhbGciOiJIUzM4NCJ9.eyJzdWIiOiJ0NzYiLCJpYXQiOjE3NzQ5OTU0NzksImV4cCI6MTc3NDk5NjM3OX0.hAtie2ABtUcC4aEUbEwZJpcl11nhpgf2fcFK1DZaYWN7cPTpRfgsdB6wmA9dqMWq, Granted Authorities=[USER]]
2026-04-01 00:17:59 [tomcat-handler-257] INFO  : Sending message to owner: 84f230b4-d021-d8c6-9c2a-d35603ec7d34
2026-04-01 00:17:59 [tomcat-handler-257] INFO  : End of message processing - session: 84f230b4-d021-d8c6-9c2a-d35603ec7d34 from: t76
2026-04-01 00:18:02 [tomcat-handler-258] INFO  : Session closing: 84f230b4-d021-d8c6-9c2a-d35603ec7d34 - reason: null
2026-04-01 00:18:02 [tomcat-handler-259] INFO  : New session connected: bbc9fe5f-0c76-656d-f316-b8ac9bc67f7e, user: t76
2026-04-01 00:18:02 [tomcat-handler-260] INFO  : New message from user: t76
2026-04-01 00:18:02 [tomcat-handler-260] INFO  : End of message processing - session: bbc9fe5f-0c76-656d-f316-b8ac9bc67f7e from: t76
2026-04-01 00:18:02 [tomcat-handler-260] INFO  : Session closing: bbc9fe5f-0c76-656d-f316-b8ac9bc67f7e - reason: null
2026-04-01 00:18:02 [tomcat-handler-261] INFO  : New session connected: 84159f71-9203-584d-7240-411bf06455e4, user: t76
2026-04-01 00:18:02 [tomcat-handler-262] INFO  : New message from user: t76
2026-04-01 00:18:02 [tomcat-handler-262] INFO  : End of message processing - session: 84159f71-9203-584d-7240-411bf06455e4 from: t76
2026-04-01 00:18:02 [tomcat-handler-262] INFO  : New message from user: t76
2026-04-01 00:18:02 [tomcat-handler-262] INFO  : End of message processing - session: 84159f71-9203-584d-7240-411bf06455e4 from: t76
2026-04-01 00:18:02 [tomcat-handler-262] INFO  : New message from user: t76
2026-04-01 00:18:02 [tomcat-handler-262] INFO  : End of message processing - session: 84159f71-9203-584d-7240-411bf06455e4 from: t76
2026-04-01 00:18:02 [tomcat-handler-262] INFO  : New message from user: t76
2026-04-01 00:18:02 [tomcat-handler-262] INFO  : End of message processing - session: 84159f71-9203-584d-7240-411bf06455e4 from: t76
2026-04-01 00:18:02 [tomcat-handler-262] INFO  : New message from user: t76
2026-04-01 00:18:02 [tomcat-handler-262] INFO  : End of message processing - session: 84159f71-9203-584d-7240-411bf06455e4 from: t76
2026-04-01 00:18:02 [tomcat-handler-262] INFO  : New message from user: t76
2026-04-01 00:18:02 [tomcat-handler-262] INFO  : End of message processing - session: 84159f71-9203-584d-7240-411bf06455e4 from: t76
2026-04-01 00:18:02 [tomcat-handler-262] INFO  : New message from user: t76
2026-04-01 00:18:02 [tomcat-handler-262] INFO  : End of message processing - session: 84159f71-9203-584d-7240-411bf06455e4 from: t76
2026-04-01 00:18:02 [tomcat-handler-262] INFO  : New message from user: t76
2026-04-01 00:18:02 [tomcat-handler-262] INFO  : End of message processing - session: 84159f71-9203-584d-7240-411bf06455e4 from: t76
2026-04-01 00:18:02 [tomcat-handler-262] INFO  : New message from user: t76
2026-04-01 00:18:02 [tomcat-handler-262] INFO  : End of message processing - session: 84159f71-9203-584d-7240-411bf06455e4 from: t76
2026-04-01 00:18:02 [tomcat-handler-262] INFO  : New message from user: t76
2026-04-01 00:18:02 [tomcat-handler-262] INFO  : End of message processing - session: 84159f71-9203-584d-7240-411bf06455e4 from: t76
2026-04-01 00:18:02 [tomcat-handler-262] INFO  : New message from user: t76
2026-04-01 00:18:02 [tomcat-handler-262] INFO  : End of message processing - session: 84159f71-9203-584d-7240-411bf06455e4 from: t76
2026-04-01 00:18:02 [tomcat-handler-262] INFO  : New message from user: t76
2026-04-01 00:18:02 [tomcat-handler-262] INFO  : End of message processing - session: 84159f71-9203-584d-7240-411bf06455e4 from: t76
2026-04-01 00:18:02 [tomcat-handler-262] INFO  : New message from user: t76
2026-04-01 00:18:02 [tomcat-handler-262] INFO  : /synchronizeData connected: User UsernamePasswordAuthenticationToken [Principal=t76, Credentials=[PROTECTED], Authenticated=true, Details=eyJhbGciOiJIUzM4NCJ9.eyJzdWIiOiJ0NzYiLCJpYXQiOjE3NzQ5OTU0ODIsImV4cCI6MTc3NDk5NjM4Mn0.BuruMuoT21AgT2k9WONhZhYJejvvCIr2gyrHJDW6TIEmC9erij3fPrmtX4O8Pgvi, Granted Authorities=[USER]]
2026-04-01 00:18:02 [tomcat-handler-262] INFO  : Sending message to owner: 84159f71-9203-584d-7240-411bf06455e4
2026-04-01 00:18:02 [tomcat-handler-262] INFO  : End of message processing - session: 84159f71-9203-584d-7240-411bf06455e4 from: t76
2026-04-01 00:18:03 [tomcat-handler-263] INFO  : Session closing: 84159f71-9203-584d-7240-411bf06455e4 - reason: null
2026-04-01 00:18:03 [tomcat-handler-264] INFO  : New session connected: 9977df84-9954-c100-b4c7-aafed3196406, user: t76
2026-04-01 00:18:03 [tomcat-handler-265] INFO  : New message from user: t76
2026-04-01 00:18:03 [tomcat-handler-265] INFO  : End of message processing - session: 9977df84-9954-c100-b4c7-aafed3196406 from: t76
2026-04-01 00:18:03 [tomcat-handler-265] INFO  : New message from user: t76
2026-04-01 00:18:03 [tomcat-handler-265] INFO  : End of message processing - session: 9977df84-9954-c100-b4c7-aafed3196406 from: t76
2026-04-01 00:18:03 [tomcat-handler-265] INFO  : New message from user: t76
2026-04-01 00:18:03 [tomcat-handler-265] INFO  : End of message processing - session: 9977df84-9954-c100-b4c7-aafed3196406 from: t76
2026-04-01 00:18:03 [tomcat-handler-265] INFO  : New message from user: t76
2026-04-01 00:18:03 [tomcat-handler-265] INFO  : End of message processing - session: 9977df84-9954-c100-b4c7-aafed3196406 from: t76
2026-04-01 00:18:03 [tomcat-handler-265] INFO  : New message from user: t76
2026-04-01 00:18:03 [tomcat-handler-265] INFO  : End of message processing - session: 9977df84-9954-c100-b4c7-aafed3196406 from: t76
2026-04-01 00:18:03 [tomcat-handler-265] INFO  : New message from user: t76
2026-04-01 00:18:03 [tomcat-handler-265] INFO  : End of message processing - session: 9977df84-9954-c100-b4c7-aafed3196406 from: t76
2026-04-01 00:18:03 [tomcat-handler-265] INFO  : New message from user: t76
2026-04-01 00:18:03 [tomcat-handler-265] INFO  : End of message processing - session: 9977df84-9954-c100-b4c7-aafed3196406 from: t76
2026-04-01 00:18:03 [tomcat-handler-265] INFO  : New message from user: t76
2026-04-01 00:18:03 [tomcat-handler-265] INFO  : End of message processing - session: 9977df84-9954-c100-b4c7-aafed3196406 from: t76
2026-04-01 00:18:03 [tomcat-handler-265] INFO  : New message from user: t76
2026-04-01 00:18:03 [tomcat-handler-265] INFO  : End of message processing - session: 9977df84-9954-c100-b4c7-aafed3196406 from: t76
2026-04-01 00:18:03 [tomcat-handler-265] INFO  : New message from user: t76
2026-04-01 00:18:03 [tomcat-handler-265] INFO  : End of message processing - session: 9977df84-9954-c100-b4c7-aafed3196406 from: t76
2026-04-01 00:18:03 [tomcat-handler-265] INFO  : New message from user: t76
2026-04-01 00:18:03 [tomcat-handler-265] INFO  : End of message processing - session: 9977df84-9954-c100-b4c7-aafed3196406 from: t76
2026-04-01 00:18:03 [tomcat-handler-265] INFO  : New message from user: t76
2026-04-01 00:18:03 [tomcat-handler-265] INFO  : End of message processing - session: 9977df84-9954-c100-b4c7-aafed3196406 from: t76
2026-04-01 00:18:03 [tomcat-handler-265] INFO  : New message from user: t76
2026-04-01 00:18:03 [tomcat-handler-265] INFO  : /synchronizeData connected: User UsernamePasswordAuthenticationToken [Principal=t76, Credentials=[PROTECTED], Authenticated=true, Details=eyJhbGciOiJIUzM4NCJ9.eyJzdWIiOiJ0NzYiLCJpYXQiOjE3NzQ5OTU0ODIsImV4cCI6MTc3NDk5NjM4Mn0.BuruMuoT21AgT2k9WONhZhYJejvvCIr2gyrHJDW6TIEmC9erij3fPrmtX4O8Pgvi, Granted Authorities=[USER]]
2026-04-01 00:18:03 [tomcat-handler-265] INFO  : Sending message to owner: 9977df84-9954-c100-b4c7-aafed3196406
2026-04-01 00:18:03 [tomcat-handler-265] INFO  : End of message processing - session: 9977df84-9954-c100-b4c7-aafed3196406 from: t76
2026-04-01 00:18:05 [tomcat-handler-266] INFO  : Session closing: 9977df84-9954-c100-b4c7-aafed3196406 - reason: null
2026-04-01 00:18:05 [tomcat-handler-267] INFO  : New session connected: 2ee62e13-9f0d-b6f8-bf1a-616d66bdb513, user: t76
2026-04-01 00:18:05 [tomcat-handler-268] INFO  : New message from user: t76
2026-04-01 00:18:05 [tomcat-handler-268] INFO  : End of message processing - session: 2ee62e13-9f0d-b6f8-bf1a-616d66bdb513 from: t76
2026-04-01 00:18:05 [tomcat-handler-268] INFO  : New message from user: t76
2026-04-01 00:18:05 [tomcat-handler-268] INFO  : End of message processing - session: 2ee62e13-9f0d-b6f8-bf1a-616d66bdb513 from: t76
2026-04-01 00:18:05 [tomcat-handler-268] INFO  : New message from user: t76
2026-04-01 00:18:05 [tomcat-handler-268] INFO  : End of message processing - session: 2ee62e13-9f0d-b6f8-bf1a-616d66bdb513 from: t76
2026-04-01 00:18:05 [tomcat-handler-268] INFO  : New message from user: t76
2026-04-01 00:18:05 [tomcat-handler-268] INFO  : End of message processing - session: 2ee62e13-9f0d-b6f8-bf1a-616d66bdb513 from: t76
2026-04-01 00:18:05 [tomcat-handler-268] INFO  : New message from user: t76
2026-04-01 00:18:05 [tomcat-handler-268] INFO  : End of message processing - session: 2ee62e13-9f0d-b6f8-bf1a-616d66bdb513 from: t76
2026-04-01 00:18:05 [tomcat-handler-268] INFO  : New message from user: t76
2026-04-01 00:18:05 [tomcat-handler-268] INFO  : End of message processing - session: 2ee62e13-9f0d-b6f8-bf1a-616d66bdb513 from: t76
2026-04-01 00:18:05 [tomcat-handler-268] INFO  : New message from user: t76
2026-04-01 00:18:05 [tomcat-handler-268] INFO  : End of message processing - session: 2ee62e13-9f0d-b6f8-bf1a-616d66bdb513 from: t76
2026-04-01 00:18:05 [tomcat-handler-268] INFO  : New message from user: t76
2026-04-01 00:18:05 [tomcat-handler-268] INFO  : End of message processing - session: 2ee62e13-9f0d-b6f8-bf1a-616d66bdb513 from: t76
2026-04-01 00:18:05 [tomcat-handler-268] INFO  : New message from user: t76
2026-04-01 00:18:05 [tomcat-handler-268] INFO  : End of message processing - session: 2ee62e13-9f0d-b6f8-bf1a-616d66bdb513 from: t76
2026-04-01 00:18:05 [tomcat-handler-268] INFO  : New message from user: t76
2026-04-01 00:18:05 [tomcat-handler-268] INFO  : End of message processing - session: 2ee62e13-9f0d-b6f8-bf1a-616d66bdb513 from: t76
2026-04-01 00:18:05 [tomcat-handler-268] INFO  : New message from user: t76
2026-04-01 00:18:05 [tomcat-handler-268] INFO  : End of message processing - session: 2ee62e13-9f0d-b6f8-bf1a-616d66bdb513 from: t76
2026-04-01 00:18:05 [tomcat-handler-268] INFO  : New message from user: t76
2026-04-01 00:18:05 [tomcat-handler-268] INFO  : End of message processing - session: 2ee62e13-9f0d-b6f8-bf1a-616d66bdb513 from: t76
2026-04-01 00:18:05 [tomcat-handler-268] INFO  : New message from user: t76
2026-04-01 00:18:05 [tomcat-handler-268] INFO  : /synchronizeData connected: User UsernamePasswordAuthenticationToken [Principal=t76, Credentials=[PROTECTED], Authenticated=true, Details=eyJhbGciOiJIUzM4NCJ9.eyJzdWIiOiJ0NzYiLCJpYXQiOjE3NzQ5OTU0ODIsImV4cCI6MTc3NDk5NjM4Mn0.BuruMuoT21AgT2k9WONhZhYJejvvCIr2gyrHJDW6TIEmC9erij3fPrmtX4O8Pgvi, Granted Authorities=[USER]]
2026-04-01 00:18:05 [tomcat-handler-268] INFO  : Sending message to owner: 2ee62e13-9f0d-b6f8-bf1a-616d66bdb513
2026-04-01 00:18:05 [tomcat-handler-268] INFO  : End of message processing - session: 2ee62e13-9f0d-b6f8-bf1a-616d66bdb513 from: t76
2026-04-01 00:18:17 [tomcat-handler-269] INFO  : Session closing: da3e7390-4314-7f95-f709-3f629be71dd3 - reason: finished
2026-04-01 00:18:17 [tomcat-handler-270] INFO  : New session connected: 1e344adf-8aa3-1200-54da-96c2dec944b9, user: t76
2026-04-01 00:18:17 [tomcat-handler-272] INFO  : New message from user: t76
2026-04-01 00:18:17 [tomcat-handler-272] INFO  : End of message processing - session: 1e344adf-8aa3-1200-54da-96c2dec944b9 from: t76
2026-04-01 00:18:17 [tomcat-handler-271] INFO  : New session connected: 67682cb7-11d0-52f4-8740-c3e88a006752, user: t76
2026-04-01 00:18:17 [tomcat-handler-273] INFO  : New message from user: t76
2026-04-01 00:18:17 [tomcat-handler-273] INFO  : End of message processing - session: 67682cb7-11d0-52f4-8740-c3e88a006752 from: t76
2026-04-01 00:18:17 [tomcat-handler-273] INFO  : New message from user: t76
2026-04-01 00:18:17 [tomcat-handler-273] INFO  : End of message processing - session: 67682cb7-11d0-52f4-8740-c3e88a006752 from: t76
2026-04-01 00:18:17 [tomcat-handler-274] INFO  : New message from user: t76
2026-04-01 00:18:17 [tomcat-handler-274] INFO  : End of message processing - session: 67682cb7-11d0-52f4-8740-c3e88a006752 from: t76
2026-04-01 00:18:17 [tomcat-handler-275] INFO  : New message from user: t76
2026-04-01 00:18:17 [tomcat-handler-275] INFO  : End of message processing - session: 67682cb7-11d0-52f4-8740-c3e88a006752 from: t76
2026-04-01 00:18:17 [tomcat-handler-276] INFO  : New message from user: t76
2026-04-01 00:18:17 [tomcat-handler-276] INFO  : End of message processing - session: 67682cb7-11d0-52f4-8740-c3e88a006752 from: t76
2026-04-01 00:18:17 [tomcat-handler-277] INFO  : New message from user: t76
2026-04-01 00:18:17 [tomcat-handler-277] INFO  : End of message processing - session: 67682cb7-11d0-52f4-8740-c3e88a006752 from: t76
2026-04-01 00:18:17 [tomcat-handler-278] INFO  : New message from user: t76
2026-04-01 00:18:17 [tomcat-handler-278] INFO  : End of message processing - session: 67682cb7-11d0-52f4-8740-c3e88a006752 from: t76
2026-04-01 00:18:17 [tomcat-handler-279] INFO  : New message from user: t76
2026-04-01 00:18:17 [tomcat-handler-279] INFO  : End of message processing - session: 67682cb7-11d0-52f4-8740-c3e88a006752 from: t76
2026-04-01 00:18:17 [tomcat-handler-280] INFO  : New message from user: t76
2026-04-01 00:18:17 [tomcat-handler-280] INFO  : End of message processing - session: 67682cb7-11d0-52f4-8740-c3e88a006752 from: t76
2026-04-01 00:18:17 [tomcat-handler-281] INFO  : New message from user: t76
2026-04-01 00:18:17 [tomcat-handler-281] INFO  : End of message processing - session: 67682cb7-11d0-52f4-8740-c3e88a006752 from: t76
2026-04-01 00:18:17 [tomcat-handler-282] INFO  : New message from user: t76
2026-04-01 00:18:17 [tomcat-handler-282] INFO  : End of message processing - session: 67682cb7-11d0-52f4-8740-c3e88a006752 from: t76
2026-04-01 00:18:17 [tomcat-handler-283] INFO  : New message from user: t76
2026-04-01 00:18:17 [tomcat-handler-283] INFO  : End of message processing - session: 67682cb7-11d0-52f4-8740-c3e88a006752 from: t76
2026-04-01 00:18:17 [tomcat-handler-284] INFO  : New message from user: t76
2026-04-01 00:18:17 [tomcat-handler-284] INFO  : /synchronizeData connected: User UsernamePasswordAuthenticationToken [Principal=t76, Credentials=[PROTECTED], Authenticated=true, Details=eyJhbGciOiJIUzM4NCJ9.eyJzdWIiOiJ0NzYiLCJpYXQiOjE3NzQ5OTU0OTcsImV4cCI6MTc3NDk5NjM5N30.2cqJreZgTxvHCozmw9DZ4gVZ0PQJGTFoDC6YtyUr2zRpvnJ0_lWBWllvYNwFnd5X, Granted Authorities=[USER]]
2026-04-01 00:18:17 [tomcat-handler-284] INFO  : Sending message to owner: 67682cb7-11d0-52f4-8740-c3e88a006752
2026-04-01 00:18:17 [tomcat-handler-284] INFO  : End of message processing - session: 67682cb7-11d0-52f4-8740-c3e88a006752 from: t76
2026-04-01 00:18:19 [tomcat-handler-285] INFO  : New message from user: t76
2026-04-01 00:18:19 [tomcat-handler-285] INFO  : /postShoppingItem connected: User UsernamePasswordAuthenticationToken [Principal=t76, Credentials=[PROTECTED], Authenticated=true, Details=eyJhbGciOiJIUzM4NCJ9.eyJzdWIiOiJ0NzYiLCJpYXQiOjE3NzQ5OTU0OTcsImV4cCI6MTc3NDk5NjM5N30.2cqJreZgTxvHCozmw9DZ4gVZ0PQJGTFoDC6YtyUr2zRpvnJ0_lWBWllvYNwFnd5X, Granted Authorities=[USER]]
2026-04-01 00:18:19 [tomcat-handler-285] INFO  : Sending message to: 2ee62e13-9f0d-b6f8-bf1a-616d66bdb513
2026-04-01 00:18:19 [tomcat-handler-285] INFO  : End of message processing - session: 67682cb7-11d0-52f4-8740-c3e88a006752 from: t76
2026-04-01 00:18:19 [tomcat-handler-286] INFO  : New message from user: t76
2026-04-01 00:18:19 [tomcat-handler-286] INFO  : /synchronizeData connected: User UsernamePasswordAuthenticationToken [Principal=t76, Credentials=[PROTECTED], Authenticated=true, Details=eyJhbGciOiJIUzM4NCJ9.eyJzdWIiOiJ0NzYiLCJpYXQiOjE3NzQ5OTU0ODIsImV4cCI6MTc3NDk5NjM4Mn0.BuruMuoT21AgT2k9WONhZhYJejvvCIr2gyrHJDW6TIEmC9erij3fPrmtX4O8Pgvi, Granted Authorities=[USER]]
2026-04-01 00:18:19 [tomcat-handler-286] INFO  : Sending message to owner: 2ee62e13-9f0d-b6f8-bf1a-616d66bdb513
2026-04-01 00:18:19 [tomcat-handler-286] INFO  : End of message processing - session: 2ee62e13-9f0d-b6f8-bf1a-616d66bdb513 from: t76
2026-04-01 00:18:20 [tomcat-handler-287] INFO  : New message from user: t76
2026-04-01 00:18:20 [tomcat-handler-287] INFO  : /postShoppingItem connected: User UsernamePasswordAuthenticationToken [Principal=t76, Credentials=[PROTECTED], Authenticated=true, Details=eyJhbGciOiJIUzM4NCJ9.eyJzdWIiOiJ0NzYiLCJpYXQiOjE3NzQ5OTU0OTcsImV4cCI6MTc3NDk5NjM5N30.2cqJreZgTxvHCozmw9DZ4gVZ0PQJGTFoDC6YtyUr2zRpvnJ0_lWBWllvYNwFnd5X, Granted Authorities=[USER]]
2026-04-01 00:18:20 [tomcat-handler-287] INFO  : Sending message to: 2ee62e13-9f0d-b6f8-bf1a-616d66bdb513
2026-04-01 00:18:20 [tomcat-handler-287] INFO  : End of message processing - session: 67682cb7-11d0-52f4-8740-c3e88a006752 from: t76
2026-04-01 00:18:20 [tomcat-handler-288] INFO  : New message from user: t76
2026-04-01 00:18:20 [tomcat-handler-288] INFO  : /synchronizeData connected: User UsernamePasswordAuthenticationToken [Principal=t76, Credentials=[PROTECTED], Authenticated=true, Details=eyJhbGciOiJIUzM4NCJ9.eyJzdWIiOiJ0NzYiLCJpYXQiOjE3NzQ5OTU0ODIsImV4cCI6MTc3NDk5NjM4Mn0.BuruMuoT21AgT2k9WONhZhYJejvvCIr2gyrHJDW6TIEmC9erij3fPrmtX4O8Pgvi, Granted Authorities=[USER]]
2026-04-01 00:18:20 [tomcat-handler-288] INFO  : Sending message to owner: 2ee62e13-9f0d-b6f8-bf1a-616d66bdb513
2026-04-01 00:18:20 [tomcat-handler-288] INFO  : End of message processing - session: 2ee62e13-9f0d-b6f8-bf1a-616d66bdb513 from: t76
2026-04-01 00:18:22 [tomcat-handler-289] INFO  : Session closing: 2ee62e13-9f0d-b6f8-bf1a-616d66bdb513 - reason: null
2026-04-01 00:18:22 [tomcat-handler-290] INFO  : New session connected: d8986879-5968-417d-91dc-87a115dbceeb, user: t76
2026-04-01 00:18:22 [tomcat-handler-291] INFO  : New message from user: t76
2026-04-01 00:18:22 [tomcat-handler-291] INFO  : End of message processing - session: d8986879-5968-417d-91dc-87a115dbceeb from: t76
2026-04-01 00:18:22 [tomcat-handler-291] INFO  : Session closing: d8986879-5968-417d-91dc-87a115dbceeb - reason: null
2026-04-01 00:18:22 [tomcat-handler-292] INFO  : New session connected: 083c3a0b-e279-7ca0-e3b7-1561074d5c13, user: t76
2026-04-01 00:18:22 [tomcat-handler-293] INFO  : New message from user: t76
2026-04-01 00:18:22 [tomcat-handler-293] INFO  : End of message processing - session: 083c3a0b-e279-7ca0-e3b7-1561074d5c13 from: t76
2026-04-01 00:18:22 [tomcat-handler-293] INFO  : New message from user: t76
2026-04-01 00:18:22 [tomcat-handler-293] INFO  : End of message processing - session: 083c3a0b-e279-7ca0-e3b7-1561074d5c13 from: t76
2026-04-01 00:18:22 [tomcat-handler-293] INFO  : New message from user: t76
2026-04-01 00:18:22 [tomcat-handler-293] INFO  : End of message processing - session: 083c3a0b-e279-7ca0-e3b7-1561074d5c13 from: t76
2026-04-01 00:18:22 [tomcat-handler-293] INFO  : New message from user: t76
2026-04-01 00:18:22 [tomcat-handler-293] INFO  : End of message processing - session: 083c3a0b-e279-7ca0-e3b7-1561074d5c13 from: t76
2026-04-01 00:18:22 [tomcat-handler-293] INFO  : New message from user: t76
2026-04-01 00:18:22 [tomcat-handler-293] INFO  : End of message processing - session: 083c3a0b-e279-7ca0-e3b7-1561074d5c13 from: t76
2026-04-01 00:18:22 [tomcat-handler-293] INFO  : New message from user: t76
2026-04-01 00:18:22 [tomcat-handler-293] INFO  : End of message processing - session: 083c3a0b-e279-7ca0-e3b7-1561074d5c13 from: t76
2026-04-01 00:18:22 [tomcat-handler-293] INFO  : New message from user: t76
2026-04-01 00:18:22 [tomcat-handler-293] INFO  : End of message processing - session: 083c3a0b-e279-7ca0-e3b7-1561074d5c13 from: t76
2026-04-01 00:18:22 [tomcat-handler-293] INFO  : New message from user: t76
2026-04-01 00:18:22 [tomcat-handler-293] INFO  : End of message processing - session: 083c3a0b-e279-7ca0-e3b7-1561074d5c13 from: t76
2026-04-01 00:18:22 [tomcat-handler-293] INFO  : New message from user: t76
2026-04-01 00:18:22 [tomcat-handler-293] INFO  : End of message processing - session: 083c3a0b-e279-7ca0-e3b7-1561074d5c13 from: t76
2026-04-01 00:18:22 [tomcat-handler-293] INFO  : New message from user: t76
2026-04-01 00:18:22 [tomcat-handler-293] INFO  : End of message processing - session: 083c3a0b-e279-7ca0-e3b7-1561074d5c13 from: t76
2026-04-01 00:18:22 [tomcat-handler-293] INFO  : New message from user: t76
2026-04-01 00:18:22 [tomcat-handler-293] INFO  : End of message processing - session: 083c3a0b-e279-7ca0-e3b7-1561074d5c13 from: t76
2026-04-01 00:18:22 [tomcat-handler-293] INFO  : New message from user: t76
2026-04-01 00:18:22 [tomcat-handler-293] INFO  : End of message processing - session: 083c3a0b-e279-7ca0-e3b7-1561074d5c13 from: t76
2026-04-01 00:18:22 [tomcat-handler-293] INFO  : New message from user: t76
2026-04-01 00:18:22 [tomcat-handler-293] INFO  : /synchronizeData connected: User UsernamePasswordAuthenticationToken [Principal=t76, Credentials=[PROTECTED], Authenticated=true, Details=eyJhbGciOiJIUzM4NCJ9.eyJzdWIiOiJ0NzYiLCJpYXQiOjE3NzQ5OTU1MDIsImV4cCI6MTc3NDk5NjQwMn0.D-qVNtyL1_L-tXi76md6kcxT-A3h7GPApbv8GWTLCd0bF9TYEy8-VCZykrpcvkGF, Granted Authorities=[USER]]
2026-04-01 00:18:22 [tomcat-handler-293] INFO  : Sending message to owner: 083c3a0b-e279-7ca0-e3b7-1561074d5c13
2026-04-01 00:18:22 [tomcat-handler-293] INFO  : End of message processing - session: 083c3a0b-e279-7ca0-e3b7-1561074d5c13 from: t76
2026-04-01 00:18:25 [tomcat-handler-294] INFO  : Session closing: 083c3a0b-e279-7ca0-e3b7-1561074d5c13 - reason: null
2026-04-01 00:18:25 [tomcat-handler-295] INFO  : New session connected: 8a26f43f-a4d1-2387-7f38-1714919979bb, user: t76
2026-04-01 00:18:25 [tomcat-handler-296] INFO  : New message from user: t76
2026-04-01 00:18:25 [tomcat-handler-296] INFO  : End of message processing - session: 8a26f43f-a4d1-2387-7f38-1714919979bb from: t76
2026-04-01 00:18:25 [tomcat-handler-296] INFO  : New message from user: t76
2026-04-01 00:18:25 [tomcat-handler-296] INFO  : End of message processing - session: 8a26f43f-a4d1-2387-7f38-1714919979bb from: t76
2026-04-01 00:18:25 [tomcat-handler-296] INFO  : New message from user: t76
2026-04-01 00:18:25 [tomcat-handler-296] INFO  : End of message processing - session: 8a26f43f-a4d1-2387-7f38-1714919979bb from: t76
2026-04-01 00:18:25 [tomcat-handler-296] INFO  : New message from user: t76
2026-04-01 00:18:25 [tomcat-handler-296] INFO  : End of message processing - session: 8a26f43f-a4d1-2387-7f38-1714919979bb from: t76
2026-04-01 00:18:25 [tomcat-handler-296] INFO  : New message from user: t76
2026-04-01 00:18:25 [tomcat-handler-296] INFO  : End of message processing - session: 8a26f43f-a4d1-2387-7f38-1714919979bb from: t76
2026-04-01 00:18:25 [tomcat-handler-296] INFO  : New message from user: t76
2026-04-01 00:18:25 [tomcat-handler-296] INFO  : End of message processing - session: 8a26f43f-a4d1-2387-7f38-1714919979bb from: t76
2026-04-01 00:18:25 [tomcat-handler-296] INFO  : New message from user: t76
2026-04-01 00:18:25 [tomcat-handler-296] INFO  : End of message processing - session: 8a26f43f-a4d1-2387-7f38-1714919979bb from: t76
2026-04-01 00:18:25 [tomcat-handler-296] INFO  : New message from user: t76
2026-04-01 00:18:25 [tomcat-handler-296] INFO  : End of message processing - session: 8a26f43f-a4d1-2387-7f38-1714919979bb from: t76
2026-04-01 00:18:25 [tomcat-handler-296] INFO  : New message from user: t76
2026-04-01 00:18:25 [tomcat-handler-296] INFO  : End of message processing - session: 8a26f43f-a4d1-2387-7f38-1714919979bb from: t76
2026-04-01 00:18:25 [tomcat-handler-296] INFO  : New message from user: t76
2026-04-01 00:18:25 [tomcat-handler-296] INFO  : End of message processing - session: 8a26f43f-a4d1-2387-7f38-1714919979bb from: t76
2026-04-01 00:18:25 [tomcat-handler-296] INFO  : New message from user: t76
2026-04-01 00:18:25 [tomcat-handler-296] INFO  : End of message processing - session: 8a26f43f-a4d1-2387-7f38-1714919979bb from: t76
2026-04-01 00:18:25 [tomcat-handler-296] INFO  : New message from user: t76
2026-04-01 00:18:25 [tomcat-handler-296] INFO  : End of message processing - session: 8a26f43f-a4d1-2387-7f38-1714919979bb from: t76
2026-04-01 00:18:25 [tomcat-handler-296] INFO  : New message from user: t76
2026-04-01 00:18:25 [tomcat-handler-296] INFO  : /synchronizeData connected: User UsernamePasswordAuthenticationToken [Principal=t76, Credentials=[PROTECTED], Authenticated=true, Details=eyJhbGciOiJIUzM4NCJ9.eyJzdWIiOiJ0NzYiLCJpYXQiOjE3NzQ5OTU1MDIsImV4cCI6MTc3NDk5NjQwMn0.D-qVNtyL1_L-tXi76md6kcxT-A3h7GPApbv8GWTLCd0bF9TYEy8-VCZykrpcvkGF, Granted Authorities=[USER]]
2026-04-01 00:18:25 [tomcat-handler-296] INFO  : Sending message to owner: 8a26f43f-a4d1-2387-7f38-1714919979bb
2026-04-01 00:18:25 [tomcat-handler-296] INFO  : End of message processing - session: 8a26f43f-a4d1-2387-7f38-1714919979bb from: t76
2026-04-01 00:18:26 [tomcat-handler-297] INFO  : New message from user: t76
2026-04-01 00:18:26 [tomcat-handler-297] INFO  : /postShoppingItem connected: User UsernamePasswordAuthenticationToken [Principal=t76, Credentials=[PROTECTED], Authenticated=true, Details=eyJhbGciOiJIUzM4NCJ9.eyJzdWIiOiJ0NzYiLCJpYXQiOjE3NzQ5OTU1MDIsImV4cCI6MTc3NDk5NjQwMn0.D-qVNtyL1_L-tXi76md6kcxT-A3h7GPApbv8GWTLCd0bF9TYEy8-VCZykrpcvkGF, Granted Authorities=[USER]]
2026-04-01 00:18:26 [tomcat-handler-297] INFO  : Sending message to: 67682cb7-11d0-52f4-8740-c3e88a006752
2026-04-01 00:18:26 [tomcat-handler-297] INFO  : End of message processing - session: 8a26f43f-a4d1-2387-7f38-1714919979bb from: t76
2026-04-01 00:18:26 [tomcat-handler-298] INFO  : New message from user: t76
2026-04-01 00:18:26 [tomcat-handler-298] INFO  : /synchronizeData connected: User UsernamePasswordAuthenticationToken [Principal=t76, Credentials=[PROTECTED], Authenticated=true, Details=eyJhbGciOiJIUzM4NCJ9.eyJzdWIiOiJ0NzYiLCJpYXQiOjE3NzQ5OTU0OTcsImV4cCI6MTc3NDk5NjM5N30.2cqJreZgTxvHCozmw9DZ4gVZ0PQJGTFoDC6YtyUr2zRpvnJ0_lWBWllvYNwFnd5X, Granted Authorities=[USER]]
2026-04-01 00:18:26 [tomcat-handler-298] INFO  : Sending message to owner: 67682cb7-11d0-52f4-8740-c3e88a006752
2026-04-01 00:18:26 [tomcat-handler-298] INFO  : End of message processing - session: 67682cb7-11d0-52f4-8740-c3e88a006752 from: t76
2026-04-01 00:18:26 [tomcat-handler-299] INFO  : New message from user: t76
2026-04-01 00:18:26 [tomcat-handler-299] INFO  : /postShoppingItem connected: User UsernamePasswordAuthenticationToken [Principal=t76, Credentials=[PROTECTED], Authenticated=true, Details=eyJhbGciOiJIUzM4NCJ9.eyJzdWIiOiJ0NzYiLCJpYXQiOjE3NzQ5OTU1MDIsImV4cCI6MTc3NDk5NjQwMn0.D-qVNtyL1_L-tXi76md6kcxT-A3h7GPApbv8GWTLCd0bF9TYEy8-VCZykrpcvkGF, Granted Authorities=[USER]]
2026-04-01 00:18:26 [tomcat-handler-299] INFO  : Sending message to: 67682cb7-11d0-52f4-8740-c3e88a006752
2026-04-01 00:18:26 [tomcat-handler-299] INFO  : End of message processing - session: 8a26f43f-a4d1-2387-7f38-1714919979bb from: t76
2026-04-01 00:18:26 [tomcat-handler-300] INFO  : New message from user: t76
2026-04-01 00:18:26 [tomcat-handler-300] INFO  : /synchronizeData connected: User UsernamePasswordAuthenticationToken [Principal=t76, Credentials=[PROTECTED], Authenticated=true, Details=eyJhbGciOiJIUzM4NCJ9.eyJzdWIiOiJ0NzYiLCJpYXQiOjE3NzQ5OTU0OTcsImV4cCI6MTc3NDk5NjM5N30.2cqJreZgTxvHCozmw9DZ4gVZ0PQJGTFoDC6YtyUr2zRpvnJ0_lWBWllvYNwFnd5X, Granted Authorities=[USER]]
2026-04-01 00:18:26 [tomcat-handler-300] INFO  : Sending message to owner: 67682cb7-11d0-52f4-8740-c3e88a006752
2026-04-01 00:18:26 [tomcat-handler-300] INFO  : End of message processing - session: 67682cb7-11d0-52f4-8740-c3e88a006752 from: t76
2026-04-01 00:18:27 [tomcat-handler-301] INFO  : Session closing: 8a26f43f-a4d1-2387-7f38-1714919979bb - reason: null
2026-04-01 00:18:27 [tomcat-handler-302] INFO  : New session connected: 5ea74518-7551-c658-8354-a501894149a1, user: t76
2026-04-01 00:18:27 [tomcat-handler-303] INFO  : New message from user: t76
2026-04-01 00:18:27 [tomcat-handler-303] INFO  : End of message processing - session: 5ea74518-7551-c658-8354-a501894149a1 from: t76
2026-04-01 00:18:27 [tomcat-handler-303] INFO  : New message from user: t76
2026-04-01 00:18:27 [tomcat-handler-303] INFO  : End of message processing - session: 5ea74518-7551-c658-8354-a501894149a1 from: t76
2026-04-01 00:18:27 [tomcat-handler-303] INFO  : New message from user: t76
2026-04-01 00:18:27 [tomcat-handler-303] INFO  : End of message processing - session: 5ea74518-7551-c658-8354-a501894149a1 from: t76
2026-04-01 00:18:27 [tomcat-handler-303] INFO  : New message from user: t76
2026-04-01 00:18:27 [tomcat-handler-303] INFO  : End of message processing - session: 5ea74518-7551-c658-8354-a501894149a1 from: t76
2026-04-01 00:18:27 [tomcat-handler-303] INFO  : New message from user: t76
2026-04-01 00:18:27 [tomcat-handler-303] INFO  : End of message processing - session: 5ea74518-7551-c658-8354-a501894149a1 from: t76
2026-04-01 00:18:27 [tomcat-handler-303] INFO  : New message from user: t76
2026-04-01 00:18:27 [tomcat-handler-303] INFO  : End of message processing - session: 5ea74518-7551-c658-8354-a501894149a1 from: t76
2026-04-01 00:18:27 [tomcat-handler-303] INFO  : New message from user: t76
2026-04-01 00:18:27 [tomcat-handler-303] INFO  : End of message processing - session: 5ea74518-7551-c658-8354-a501894149a1 from: t76
2026-04-01 00:18:27 [tomcat-handler-303] INFO  : New message from user: t76
2026-04-01 00:18:27 [tomcat-handler-303] INFO  : End of message processing - session: 5ea74518-7551-c658-8354-a501894149a1 from: t76
2026-04-01 00:18:27 [tomcat-handler-303] INFO  : New message from user: t76
2026-04-01 00:18:27 [tomcat-handler-303] INFO  : End of message processing - session: 5ea74518-7551-c658-8354-a501894149a1 from: t76
2026-04-01 00:18:27 [tomcat-handler-303] INFO  : New message from user: t76
2026-04-01 00:18:27 [tomcat-handler-303] INFO  : End of message processing - session: 5ea74518-7551-c658-8354-a501894149a1 from: t76
2026-04-01 00:18:27 [tomcat-handler-303] INFO  : New message from user: t76
2026-04-01 00:18:27 [tomcat-handler-303] INFO  : End of message processing - session: 5ea74518-7551-c658-8354-a501894149a1 from: t76
2026-04-01 00:18:27 [tomcat-handler-303] INFO  : New message from user: t76
2026-04-01 00:18:27 [tomcat-handler-303] INFO  : End of message processing - session: 5ea74518-7551-c658-8354-a501894149a1 from: t76
2026-04-01 00:18:27 [tomcat-handler-303] INFO  : New message from user: t76
2026-04-01 00:18:27 [tomcat-handler-303] INFO  : /synchronizeData connected: User UsernamePasswordAuthenticationToken [Principal=t76, Credentials=[PROTECTED], Authenticated=true, Details=eyJhbGciOiJIUzM4NCJ9.eyJzdWIiOiJ0NzYiLCJpYXQiOjE3NzQ5OTU1MDIsImV4cCI6MTc3NDk5NjQwMn0.D-qVNtyL1_L-tXi76md6kcxT-A3h7GPApbv8GWTLCd0bF9TYEy8-VCZykrpcvkGF, Granted Authorities=[USER]]
2026-04-01 00:18:27 [tomcat-handler-303] INFO  : Sending message to owner: 5ea74518-7551-c658-8354-a501894149a1
2026-04-01 00:18:27 [tomcat-handler-303] INFO  : End of message processing - session: 5ea74518-7551-c658-8354-a501894149a1 from: t76
2026-04-01 00:18:34 [tomcat-handler-305] ERROR : Error null - session: fb01a3ea-8aa5-a347-0587-04e97c31bb05 from: t1
2026-04-01 00:18:34 [tomcat-handler-306] ERROR : Error null - session: 995140af-7616-b424-dce1-6be19ea9e09d from: t1
2026-04-01 00:18:34 [tomcat-handler-305] INFO  : Session closing: fb01a3ea-8aa5-a347-0587-04e97c31bb05 - reason: null
2026-04-01 00:18:34 [tomcat-handler-307] ERROR : Error null - session: 1e344adf-8aa3-1200-54da-96c2dec944b9 from: t76
2026-04-01 00:18:34 [tomcat-handler-306] INFO  : Session closing: 995140af-7616-b424-dce1-6be19ea9e09d - reason: null
2026-04-01 00:18:34 [tomcat-handler-307] INFO  : Session closing: 1e344adf-8aa3-1200-54da-96c2dec944b9 - reason: null
2026-04-01 00:18:34 [tomcat-handler-304] ERROR : Error null - session: 67682cb7-11d0-52f4-8740-c3e88a006752 from: t76
2026-04-01 00:18:34 [tomcat-handler-304] INFO  : Session closing: 67682cb7-11d0-52f4-8740-c3e88a006752 - reason: null
2026-04-01 00:37:17 [tomcat-handler-308] INFO  : New session connected: aa77506b-adb7-0401-06eb-2374b24db6e5, user: t76
2026-04-01 00:37:17 [tomcat-handler-309] INFO  : New message from user: t76
2026-04-01 00:37:17 [tomcat-handler-309] INFO  : End of message processing - session: aa77506b-adb7-0401-06eb-2374b24db6e5 from: t76
2026-04-01 00:37:17 [tomcat-handler-310] INFO  : New session connected: a9710124-0cbd-a643-2756-4a854179c8a2, user: t76
2026-04-01 00:37:17 [tomcat-handler-311] INFO  : New message from user: t76
2026-04-01 00:37:17 [tomcat-handler-311] INFO  : End of message processing - session: a9710124-0cbd-a643-2756-4a854179c8a2 from: t76
2026-04-01 00:37:17 [tomcat-handler-312] INFO  : New message from user: t76
2026-04-01 00:37:17 [tomcat-handler-312] INFO  : End of message processing - session: a9710124-0cbd-a643-2756-4a854179c8a2 from: t76
2026-04-01 00:37:17 [tomcat-handler-313] INFO  : New message from user: t76
2026-04-01 00:37:17 [tomcat-handler-313] INFO  : End of message processing - session: a9710124-0cbd-a643-2756-4a854179c8a2 from: t76
2026-04-01 00:37:17 [tomcat-handler-314] INFO  : New message from user: t76
2026-04-01 00:37:17 [tomcat-handler-314] INFO  : End of message processing - session: a9710124-0cbd-a643-2756-4a854179c8a2 from: t76
2026-04-01 00:37:17 [tomcat-handler-315] INFO  : New message from user: t76
2026-04-01 00:37:17 [tomcat-handler-315] INFO  : End of message processing - session: a9710124-0cbd-a643-2756-4a854179c8a2 from: t76
2026-04-01 00:37:17 [tomcat-handler-316] INFO  : New message from user: t76
2026-04-01 00:37:17 [tomcat-handler-316] INFO  : End of message processing - session: a9710124-0cbd-a643-2756-4a854179c8a2 from: t76
2026-04-01 00:37:17 [tomcat-handler-317] INFO  : New message from user: t76
2026-04-01 00:37:17 [tomcat-handler-317] INFO  : End of message processing - session: a9710124-0cbd-a643-2756-4a854179c8a2 from: t76
2026-04-01 00:37:17 [tomcat-handler-318] INFO  : New message from user: t76
2026-04-01 00:37:17 [tomcat-handler-318] INFO  : End of message processing - session: a9710124-0cbd-a643-2756-4a854179c8a2 from: t76
2026-04-01 00:37:17 [tomcat-handler-319] INFO  : New message from user: t76
2026-04-01 00:37:17 [tomcat-handler-319] INFO  : End of message processing - session: a9710124-0cbd-a643-2756-4a854179c8a2 from: t76
2026-04-01 00:37:17 [tomcat-handler-320] INFO  : New message from user: t76
2026-04-01 00:37:17 [tomcat-handler-320] INFO  : End of message processing - session: a9710124-0cbd-a643-2756-4a854179c8a2 from: t76
2026-04-01 00:37:17 [tomcat-handler-321] INFO  : New message from user: t76
2026-04-01 00:37:17 [tomcat-handler-321] INFO  : End of message processing - session: a9710124-0cbd-a643-2756-4a854179c8a2 from: t76
2026-04-01 00:37:17 [tomcat-handler-322] INFO  : New message from user: t76
2026-04-01 00:37:17 [tomcat-handler-322] INFO  : End of message processing - session: a9710124-0cbd-a643-2756-4a854179c8a2 from: t76
2026-04-01 00:37:17 [tomcat-handler-323] INFO  : New message from user: t76
2026-04-01 00:37:17 [tomcat-handler-323] INFO  : /synchronizeData connected: User UsernamePasswordAuthenticationToken [Principal=t76, Credentials=[PROTECTED], Authenticated=true, Details=eyJhbGciOiJIUzM4NCJ9.eyJzdWIiOiJ0NzYiLCJpYXQiOjE3NzQ5OTY2MzcsImV4cCI6MTc3NDk5NzUzN30.h-Xrdu6yoRLr7gQnexTqPdMWTFZwJn067tCp24xWZzpxCQTgsoU5U_ZCQCT1xGvv, Granted Authorities=[USER]]
2026-04-01 00:37:17 [tomcat-handler-323] INFO  : Sending message to owner: a9710124-0cbd-a643-2756-4a854179c8a2
2026-04-01 00:37:17 [tomcat-handler-323] INFO  : End of message processing - session: a9710124-0cbd-a643-2756-4a854179c8a2 from: t76
2026-04-01 00:37:22 [tomcat-handler-324] INFO  : Session closing: a9710124-0cbd-a643-2756-4a854179c8a2 - reason: finished
2026-04-01 00:37:22 [tomcat-handler-325] INFO  : New session connected: e242c91d-daac-4907-628a-5a409c00b2bc, user: t76
2026-04-01 00:37:22 [tomcat-handler-326] INFO  : New session connected: 9d8df123-4fdb-9df7-2557-daca64182589, user: t76
2026-04-01 00:37:22 [tomcat-handler-327] INFO  : New message from user: t76
2026-04-01 00:37:22 [tomcat-handler-327] INFO  : End of message processing - session: e242c91d-daac-4907-628a-5a409c00b2bc from: t76
2026-04-01 00:37:22 [tomcat-handler-328] INFO  : New message from user: t76
2026-04-01 00:37:22 [tomcat-handler-328] INFO  : End of message processing - session: 9d8df123-4fdb-9df7-2557-daca64182589 from: t76
2026-04-01 00:37:22 [tomcat-handler-329] INFO  : New message from user: t76
2026-04-01 00:37:22 [tomcat-handler-329] INFO  : End of message processing - session: 9d8df123-4fdb-9df7-2557-daca64182589 from: t76
2026-04-01 00:37:22 [tomcat-handler-330] INFO  : New message from user: t76
2026-04-01 00:37:22 [tomcat-handler-330] INFO  : End of message processing - session: 9d8df123-4fdb-9df7-2557-daca64182589 from: t76
2026-04-01 00:37:23 [tomcat-handler-331] INFO  : New message from user: t76
2026-04-01 00:37:23 [tomcat-handler-331] INFO  : End of message processing - session: 9d8df123-4fdb-9df7-2557-daca64182589 from: t76
2026-04-01 00:37:23 [tomcat-handler-332] INFO  : New message from user: t76
2026-04-01 00:37:23 [tomcat-handler-332] INFO  : End of message processing - session: 9d8df123-4fdb-9df7-2557-daca64182589 from: t76
2026-04-01 00:37:23 [tomcat-handler-333] INFO  : New message from user: t76
2026-04-01 00:37:23 [tomcat-handler-333] INFO  : End of message processing - session: 9d8df123-4fdb-9df7-2557-daca64182589 from: t76
2026-04-01 00:37:23 [tomcat-handler-334] INFO  : New message from user: t76
2026-04-01 00:37:23 [tomcat-handler-334] INFO  : End of message processing - session: 9d8df123-4fdb-9df7-2557-daca64182589 from: t76
2026-04-01 00:37:23 [tomcat-handler-335] INFO  : New message from user: t76
2026-04-01 00:37:23 [tomcat-handler-335] INFO  : End of message processing - session: 9d8df123-4fdb-9df7-2557-daca64182589 from: t76
2026-04-01 00:37:23 [tomcat-handler-336] INFO  : New message from user: t76
2026-04-01 00:37:23 [tomcat-handler-336] INFO  : End of message processing - session: 9d8df123-4fdb-9df7-2557-daca64182589 from: t76
2026-04-01 00:37:23 [tomcat-handler-337] INFO  : New message from user: t76
2026-04-01 00:37:23 [tomcat-handler-337] INFO  : End of message processing - session: 9d8df123-4fdb-9df7-2557-daca64182589 from: t76
2026-04-01 00:37:23 [tomcat-handler-338] INFO  : New message from user: t76
2026-04-01 00:37:23 [tomcat-handler-338] INFO  : End of message processing - session: 9d8df123-4fdb-9df7-2557-daca64182589 from: t76
2026-04-01 00:37:23 [tomcat-handler-339] INFO  : New message from user: t76
2026-04-01 00:37:23 [tomcat-handler-339] INFO  : End of message processing - session: 9d8df123-4fdb-9df7-2557-daca64182589 from: t76
2026-04-01 00:37:23 [tomcat-handler-340] INFO  : New message from user: t76
2026-04-01 00:37:23 [tomcat-handler-340] INFO  : /synchronizeData connected: User UsernamePasswordAuthenticationToken [Principal=t76, Credentials=[PROTECTED], Authenticated=true, Details=eyJhbGciOiJIUzM4NCJ9.eyJzdWIiOiJ0NzYiLCJpYXQiOjE3NzQ5OTY2NDIsImV4cCI6MTc3NDk5NzU0Mn0._MsKo67VHKsyiPM3t2kH3m_ELxsXCCyxxjQClLQx_ZcIxdx7jScsybrhFNxODvNF, Granted Authorities=[USER]]
2026-04-01 00:37:23 [tomcat-handler-340] INFO  : Sending message to owner: 9d8df123-4fdb-9df7-2557-daca64182589
2026-04-01 00:37:23 [tomcat-handler-340] INFO  : End of message processing - session: 9d8df123-4fdb-9df7-2557-daca64182589 from: t76
2026-04-01 00:37:26 [tomcat-handler-341] INFO  : Session closing: 9d8df123-4fdb-9df7-2557-daca64182589 - reason: finished
2026-04-01 00:37:26 [tomcat-handler-343] INFO  : New session connected: 359e9aef-a39c-47bd-e393-51f5e78a79b3, user: t76
2026-04-01 00:37:26 [tomcat-handler-342] INFO  : New session connected: 922d9e29-b550-dbf3-cbab-6648ac6819d5, user: t76
2026-04-01 00:37:26 [tomcat-handler-344] INFO  : New message from user: t76
2026-04-01 00:37:26 [tomcat-handler-344] INFO  : End of message processing - session: 922d9e29-b550-dbf3-cbab-6648ac6819d5 from: t76
2026-04-01 00:37:26 [tomcat-handler-345] INFO  : New message from user: t76
2026-04-01 00:37:26 [tomcat-handler-345] INFO  : End of message processing - session: 359e9aef-a39c-47bd-e393-51f5e78a79b3 from: t76
2026-04-01 00:37:26 [tomcat-handler-346] INFO  : New message from user: t76
2026-04-01 00:37:26 [tomcat-handler-346] INFO  : End of message processing - session: 359e9aef-a39c-47bd-e393-51f5e78a79b3 from: t76
2026-04-01 00:37:26 [tomcat-handler-347] INFO  : New message from user: t76
2026-04-01 00:37:26 [tomcat-handler-347] INFO  : End of message processing - session: 359e9aef-a39c-47bd-e393-51f5e78a79b3 from: t76
2026-04-01 00:37:26 [tomcat-handler-348] INFO  : New message from user: t76
2026-04-01 00:37:26 [tomcat-handler-348] INFO  : End of message processing - session: 359e9aef-a39c-47bd-e393-51f5e78a79b3 from: t76
2026-04-01 00:37:26 [tomcat-handler-349] INFO  : New message from user: t76
2026-04-01 00:37:26 [tomcat-handler-349] INFO  : End of message processing - session: 359e9aef-a39c-47bd-e393-51f5e78a79b3 from: t76
2026-04-01 00:37:26 [tomcat-handler-350] INFO  : New message from user: t76
2026-04-01 00:37:26 [tomcat-handler-350] INFO  : End of message processing - session: 359e9aef-a39c-47bd-e393-51f5e78a79b3 from: t76
2026-04-01 00:37:26 [tomcat-handler-351] INFO  : New message from user: t76
2026-04-01 00:37:26 [tomcat-handler-351] INFO  : End of message processing - session: 359e9aef-a39c-47bd-e393-51f5e78a79b3 from: t76
2026-04-01 00:37:26 [tomcat-handler-352] INFO  : New message from user: t76
2026-04-01 00:37:26 [tomcat-handler-352] INFO  : End of message processing - session: 359e9aef-a39c-47bd-e393-51f5e78a79b3 from: t76
2026-04-01 00:37:26 [tomcat-handler-352] INFO  : New message from user: t76
2026-04-01 00:37:26 [tomcat-handler-352] INFO  : End of message processing - session: 359e9aef-a39c-47bd-e393-51f5e78a79b3 from: t76
2026-04-01 00:37:26 [tomcat-handler-353] INFO  : New message from user: t76
2026-04-01 00:37:26 [tomcat-handler-353] INFO  : End of message processing - session: 359e9aef-a39c-47bd-e393-51f5e78a79b3 from: t76
2026-04-01 00:37:26 [tomcat-handler-354] INFO  : New message from user: t76
2026-04-01 00:37:26 [tomcat-handler-354] INFO  : End of message processing - session: 359e9aef-a39c-47bd-e393-51f5e78a79b3 from: t76
2026-04-01 00:37:26 [tomcat-handler-355] INFO  : New message from user: t76
2026-04-01 00:37:26 [tomcat-handler-355] INFO  : End of message processing - session: 359e9aef-a39c-47bd-e393-51f5e78a79b3 from: t76
2026-04-01 00:37:26 [tomcat-handler-356] INFO  : New message from user: t76
2026-04-01 00:37:26 [tomcat-handler-356] INFO  : /synchronizeData connected: User UsernamePasswordAuthenticationToken [Principal=t76, Credentials=[PROTECTED], Authenticated=true, Details=eyJhbGciOiJIUzM4NCJ9.eyJzdWIiOiJ0NzYiLCJpYXQiOjE3NzQ5OTY2NDYsImV4cCI6MTc3NDk5NzU0Nn0.L1vibAR_374exCxGgLhC9mw1IrvHgKS-Wx79g--AG2L36yweU_Wyh9fQLhOzq2Yb, Granted Authorities=[USER]]
2026-04-01 00:37:26 [tomcat-handler-356] INFO  : Sending message to owner: 359e9aef-a39c-47bd-e393-51f5e78a79b3
2026-04-01 00:37:26 [tomcat-handler-356] INFO  : End of message processing - session: 359e9aef-a39c-47bd-e393-51f5e78a79b3 from: t76
2026-04-01 00:37:29 [tomcat-handler-357] INFO  : Session closing: 359e9aef-a39c-47bd-e393-51f5e78a79b3 - reason: finished
2026-04-01 00:37:33 [tomcat-handler-358] INFO  : New session connected: 4c6ec6dc-ec03-2d9d-2b3e-ee1c29569e52, user: t1
2026-04-01 00:37:33 [tomcat-handler-359] INFO  : New message from user: t1
2026-04-01 00:37:33 [tomcat-handler-359] INFO  : End of message processing - session: 4c6ec6dc-ec03-2d9d-2b3e-ee1c29569e52 from: t1
2026-04-01 00:37:34 [tomcat-handler-361] ERROR : Error null - session: aa77506b-adb7-0401-06eb-2374b24db6e5 from: t76
2026-04-01 00:37:34 [tomcat-handler-361] INFO  : Session closing: aa77506b-adb7-0401-06eb-2374b24db6e5 - reason: null
2026-04-01 00:37:34 [tomcat-handler-362] ERROR : Error null - session: 922d9e29-b550-dbf3-cbab-6648ac6819d5 from: t76
2026-04-01 00:37:34 [tomcat-handler-364] ERROR : Error null - session: e242c91d-daac-4907-628a-5a409c00b2bc from: t76
2026-04-01 00:37:34 [tomcat-handler-362] INFO  : Session closing: 922d9e29-b550-dbf3-cbab-6648ac6819d5 - reason: null
2026-04-01 00:37:34 [tomcat-handler-364] INFO  : Session closing: e242c91d-daac-4907-628a-5a409c00b2bc - reason: null
2026-04-01 00:37:34 [tomcat-handler-363] ERROR : Error null - session: 4c6ec6dc-ec03-2d9d-2b3e-ee1c29569e52 from: t1
2026-04-01 00:37:34 [tomcat-handler-363] INFO  : Session closing: 4c6ec6dc-ec03-2d9d-2b3e-ee1c29569e52 - reason: null
2026-04-01 01:14:46 [tomcat-handler-366] INFO  : Session closing: 5ea74518-7551-c658-8354-a501894149a1 - reason: null
2026-04-01 01:14:48 [SpringApplicationShutdownHook] INFO  : Commencing graceful shutdown. Waiting for active requests to complete
2026-04-01 01:14:48 [tomcat-shutdown] INFO  : Graceful shutdown complete
2026-04-01 01:14:50 [SpringApplicationShutdownHook] INFO  : Closing JPA EntityManagerFactory for persistence unit 'default'
2026-04-01 01:14:50 [SpringApplicationShutdownHook] INFO  : HikariPool-1 - Shutdown initiated...
2026-04-01 01:14:50 [SpringApplicationShutdownHook] INFO  : HikariPool-1 - Shutdown completed.
