2024-08-28 00:24:11 [background-preinit] INFO  : HV000001: Hibernate Validator 8.0.1.Final
2024-08-28 00:24:11 [main] INFO  : Starting ShoppingListServiceApplication using Java 17.0.11 with PID 22316 (C:\Users\kjerz\Desktop\projekty\ShoppingListService\target\classes started by kjerz in C:\Users\kjerz\Desktop\projekty\ShoppingListService)
2024-08-28 00:24:11 [main] INFO  : No active profile set, falling back to 1 default profile: "default"
2024-08-28 00:24:11 [main] INFO  : Bootstrapping Spring Data JPA repositories in DEFAULT mode.
2024-08-28 00:24:11 [main] INFO  : Finished Spring Data repository scanning in 88 ms. Found 4 JPA repository interfaces.
2024-08-28 00:24:12 [main] INFO  : Tomcat initialized with port 8443 (https)
2024-08-28 00:24:12 [main] INFO  : Initializing ProtocolHandler ["https-jsse-nio-8443"]
2024-08-28 00:24:12 [main] INFO  : Starting service [Tomcat]
2024-08-28 00:24:12 [main] INFO  : Starting Servlet engine: [Apache Tomcat/10.1.25]
2024-08-28 00:24:12 [main] INFO  : Initializing Spring embedded WebApplicationContext
2024-08-28 00:24:12 [main] INFO  : Root WebApplicationContext: initialization completed in 1266 ms
2024-08-28 00:24:12 [main] INFO  : HHH000204: Processing PersistenceUnitInfo [name: default]
2024-08-28 00:24:12 [main] INFO  : HHH000412: Hibernate ORM core version 6.5.2.Final
2024-08-28 00:24:12 [main] INFO  : HHH000026: Second-level cache disabled
2024-08-28 00:24:12 [main] INFO  : No LoadTimeWeaver setup: ignoring JPA class transformer
2024-08-28 00:24:12 [main] WARN  : HikariPool-1 - idleTimeout has been set but has no effect because the pool is operating as a fixed size pool.
2024-08-28 00:24:12 [main] INFO  : HikariPool-1 - Starting...
2024-08-28 00:24:13 [main] INFO  : HikariPool-1 - Added connection com.mysql.cj.jdbc.ConnectionImpl@4be3de36
2024-08-28 00:24:13 [main] INFO  : HikariPool-1 - Start completed.
2024-08-28 00:24:13 [main] WARN  : HHH90000025: MySQLDialect does not need to be specified explicitly using 'hibernate.dialect' (remove the property setting and it will be selected by default)
2024-08-28 00:24:13 [main] INFO  : HHH000489: No JTA platform available (set 'hibernate.transaction.jta.platform' to enable JTA platform integration)
2024-08-28 00:24:13 [main] INFO  : Initialized JPA EntityManagerFactory for persistence unit 'default'
2024-08-28 00:24:14 [main] WARN  : spring.jpa.open-in-view is enabled by default. Therefore, database queries may be performed during view rendering. Explicitly configure spring.jpa.open-in-view to disable this warning
2024-08-28 00:24:14 [main] INFO  : Global AuthenticationManager configured with UserDetailsService bean with name userDetailService
2024-08-28 00:24:14 [main] INFO  : Exposing 1 endpoint beneath base path '/actuator'
2024-08-28 00:24:14 [main] INFO  : Starting ProtocolHandler ["https-jsse-nio-8443"]
2024-08-28 00:24:15 [main] INFO  : Connector [https-jsse-nio-8443], TLS virtual host [_default_], certificate type [UNDEFINED] configured from keystore [C:\Users\kjerz\.keystore] using alias [shoppingListKey] with trust store [null]
2024-08-28 00:24:15 [main] INFO  : Tomcat started on port 8443 (https) with context path '/'
2024-08-28 00:24:15 [main] INFO  : Starting...
2024-08-28 00:24:15 [main] INFO  : BrokerAvailabilityEvent[available=true, SimpleBrokerMessageHandler [org.springframework.messaging.simp.broker.DefaultSubscriptionRegistry@39d8240b]]
2024-08-28 00:24:15 [main] INFO  : Started.
2024-08-28 00:24:15 [main] INFO  : Started ShoppingListServiceApplication in 4.142 seconds (process running for 4.501)
2024-08-28 00:24:15 [RMI TCP Connection(2)-192.168.0.13] INFO  : Initializing Spring DispatcherServlet 'dispatcherServlet'
2024-08-28 00:24:15 [RMI TCP Connection(2)-192.168.0.13] INFO  : Initializing Servlet 'dispatcherServlet'
2024-08-28 00:24:15 [RMI TCP Connection(2)-192.168.0.13] INFO  : Completed initialization in 1 ms
2024-08-28 00:24:31 [https-jsse-nio-8443-exec-8] ERROR : Servlet.service() for servlet [dispatcherServlet] in context with path [] threw exception [Request processing failed: java.lang.ClassCastException: class java.lang.String cannot be cast to class org.springframework.security.core.userdetails.UserDetails (java.lang.String is in module java.base of loader 'bootstrap'; org.springframework.security.core.userdetails.UserDetails is in unnamed module of loader 'app')] with root cause
java.lang.ClassCastException: class java.lang.String cannot be cast to class org.springframework.security.core.userdetails.UserDetails (java.lang.String is in module java.base of loader 'bootstrap'; org.springframework.security.core.userdetails.UserDetails is in unnamed module of loader 'app')
	at pl.kamjer.shoppinglistservice.service.CustomService.getUserFromAuth(CustomService.java:25)
	at pl.kamjer.shoppinglistservice.service.ExceptionService.insertLog(ExceptionService.java:16)
	at pl.kamjer.shoppinglistservice.controller.ExceptionController.sendLog(ExceptionController.java:20)
	at java.base/jdk.internal.reflect.NativeMethodAccessorImpl.invoke0(Native Method)
	at java.base/jdk.internal.reflect.NativeMethodAccessorImpl.invoke(NativeMethodAccessorImpl.java:77)
	at java.base/jdk.internal.reflect.DelegatingMethodAccessorImpl.invoke(DelegatingMethodAccessorImpl.java:43)
	at java.base/java.lang.reflect.Method.invoke(Method.java:568)
	at org.springframework.web.method.support.InvocableHandlerMethod.doInvoke(InvocableHandlerMethod.java:255)
	at org.springframework.web.method.support.InvocableHandlerMethod.invokeForRequest(InvocableHandlerMethod.java:188)
	at org.springframework.web.servlet.mvc.method.annotation.ServletInvocableHandlerMethod.invokeAndHandle(ServletInvocableHandlerMethod.java:118)
	at org.springframework.web.servlet.mvc.method.annotation.RequestMappingHandlerAdapter.invokeHandlerMethod(RequestMappingHandlerAdapter.java:926)
	at org.springframework.web.servlet.mvc.method.annotation.RequestMappingHandlerAdapter.handleInternal(RequestMappingHandlerAdapter.java:831)
	at org.springframework.web.servlet.mvc.method.AbstractHandlerMethodAdapter.handle(AbstractHandlerMethodAdapter.java:87)
	at org.springframework.web.servlet.DispatcherServlet.doDispatch(DispatcherServlet.java:1089)
	at org.springframework.web.servlet.DispatcherServlet.doService(DispatcherServlet.java:979)
	at org.springframework.web.servlet.FrameworkServlet.processRequest(FrameworkServlet.java:1014)
	at org.springframework.web.servlet.FrameworkServlet.doPost(FrameworkServlet.java:914)
	at jakarta.servlet.http.HttpServlet.service(HttpServlet.java:590)
	at org.springframework.web.servlet.FrameworkServlet.service(FrameworkServlet.java:885)
	at jakarta.servlet.http.HttpServlet.service(HttpServlet.java:658)
	at org.apache.catalina.core.ApplicationFilterChain.internalDoFilter(ApplicationFilterChain.java:195)
	at org.apache.catalina.core.ApplicationFilterChain.doFilter(ApplicationFilterChain.java:140)
	at org.apache.tomcat.websocket.server.WsFilter.doFilter(WsFilter.java:51)
	at org.apache.catalina.core.ApplicationFilterChain.internalDoFilter(ApplicationFilterChain.java:164)
	at org.apache.catalina.core.ApplicationFilterChain.doFilter(ApplicationFilterChain.java:140)
	at org.springframework.web.filter.OncePerRequestFilter.doFilter(OncePerRequestFilter.java:110)
	at org.apache.catalina.core.ApplicationFilterChain.internalDoFilter(ApplicationFilterChain.java:164)
	at org.apache.catalina.core.ApplicationFilterChain.doFilter(ApplicationFilterChain.java:140)
	at org.springframework.web.filter.CompositeFilter$VirtualFilterChain.doFilter(CompositeFilter.java:108)
	at org.springframework.security.web.FilterChainProxy.lambda$doFilterInternal$3(FilterChainProxy.java:231)
	at org.springframework.security.web.ObservationFilterChainDecorator$FilterObservation$SimpleFilterObservation.lambda$wrap$1(ObservationFilterChainDecorator.java:479)
	at org.springframework.security.web.ObservationFilterChainDecorator$AroundFilterObservation$SimpleAroundFilterObservation.lambda$wrap$1(ObservationFilterChainDecorator.java:340)
	at org.springframework.security.web.ObservationFilterChainDecorator.lambda$wrapSecured$0(ObservationFilterChainDecorator.java:82)
	at org.springframework.security.web.ObservationFilterChainDecorator$VirtualFilterChain.doFilter(ObservationFilterChainDecorator.java:128)
	at org.springframework.security.web.access.intercept.AuthorizationFilter.doFilter(AuthorizationFilter.java:100)
	at org.springframework.security.web.ObservationFilterChainDecorator$ObservationFilter.wrapFilter(ObservationFilterChainDecorator.java:240)
	at org.springframework.security.web.ObservationFilterChainDecorator$ObservationFilter.doFilter(ObservationFilterChainDecorator.java:227)
	at org.springframework.security.web.ObservationFilterChainDecorator$VirtualFilterChain.doFilter(ObservationFilterChainDecorator.java:137)
	at org.springframework.security.web.access.ExceptionTranslationFilter.doFilter(ExceptionTranslationFilter.java:126)
	at org.springframework.security.web.access.ExceptionTranslationFilter.doFilter(ExceptionTranslationFilter.java:120)
	at org.springframework.security.web.ObservationFilterChainDecorator$ObservationFilter.wrapFilter(ObservationFilterChainDecorator.java:240)
	at org.springframework.security.web.ObservationFilterChainDecorator$ObservationFilter.doFilter(ObservationFilterChainDecorator.java:227)
	at org.springframework.security.web.ObservationFilterChainDecorator$VirtualFilterChain.doFilter(ObservationFilterChainDecorator.java:137)
	at org.springframework.security.web.authentication.AnonymousAuthenticationFilter.doFilter(AnonymousAuthenticationFilter.java:100)
	at org.springframework.security.web.ObservationFilterChainDecorator$ObservationFilter.wrapFilter(ObservationFilterChainDecorator.java:240)
	at org.springframework.security.web.ObservationFilterChainDecorator$ObservationFilter.doFilter(ObservationFilterChainDecorator.java:227)
	at org.springframework.security.web.ObservationFilterChainDecorator$VirtualFilterChain.doFilter(ObservationFilterChainDecorator.java:137)
	at org.springframework.security.web.servletapi.SecurityContextHolderAwareRequestFilter.doFilter(SecurityContextHolderAwareRequestFilter.java:179)
	at org.springframework.security.web.ObservationFilterChainDecorator$ObservationFilter.wrapFilter(ObservationFilterChainDecorator.java:240)
	at org.springframework.security.web.ObservationFilterChainDecorator$ObservationFilter.doFilter(ObservationFilterChainDecorator.java:227)
	at org.springframework.security.web.ObservationFilterChainDecorator$VirtualFilterChain.doFilter(ObservationFilterChainDecorator.java:137)
	at org.springframework.security.web.savedrequest.RequestCacheAwareFilter.doFilter(RequestCacheAwareFilter.java:63)
	at org.springframework.security.web.ObservationFilterChainDecorator$ObservationFilter.wrapFilter(ObservationFilterChainDecorator.java:240)
	at org.springframework.security.web.ObservationFilterChainDecorator$ObservationFilter.doFilter(ObservationFilterChainDecorator.java:227)
	at org.springframework.security.web.ObservationFilterChainDecorator$VirtualFilterChain.doFilter(ObservationFilterChainDecorator.java:137)
	at org.springframework.security.web.authentication.www.BasicAuthenticationFilter.doFilterInternal(BasicAuthenticationFilter.java:181)
	at org.springframework.web.filter.OncePerRequestFilter.doFilter(OncePerRequestFilter.java:116)
	at org.springframework.security.web.ObservationFilterChainDecorator$ObservationFilter.wrapFilter(ObservationFilterChainDecorator.java:240)
	at org.springframework.security.web.ObservationFilterChainDecorator$ObservationFilter.doFilter(ObservationFilterChainDecorator.java:227)
	at org.springframework.security.web.ObservationFilterChainDecorator$VirtualFilterChain.doFilter(ObservationFilterChainDecorator.java:137)
	at pl.kamjer.shoppinglistservice.config.components.SkipAuthorizationFilter.doFilterInternal(SkipAuthorizationFilter.java:30)
	at org.springframework.web.filter.OncePerRequestFilter.doFilter(OncePerRequestFilter.java:116)
	at org.springframework.security.web.ObservationFilterChainDecorator$ObservationFilter.wrapFilter(ObservationFilterChainDecorator.java:240)
	at org.springframework.security.web.ObservationFilterChainDecorator$ObservationFilter.doFilter(ObservationFilterChainDecorator.java:227)
	at org.springframework.security.web.ObservationFilterChainDecorator$VirtualFilterChain.doFilter(ObservationFilterChainDecorator.java:137)
	at org.springframework.security.web.authentication.logout.LogoutFilter.doFilter(LogoutFilter.java:107)
	at org.springframework.security.web.authentication.logout.LogoutFilter.doFilter(LogoutFilter.java:93)
	at org.springframework.security.web.ObservationFilterChainDecorator$ObservationFilter.wrapFilter(ObservationFilterChainDecorator.java:240)
	at org.springframework.security.web.ObservationFilterChainDecorator$ObservationFilter.doFilter(ObservationFilterChainDecorator.java:227)
	at org.springframework.security.web.ObservationFilterChainDecorator$VirtualFilterChain.doFilter(ObservationFilterChainDecorator.java:137)
	at org.springframework.web.filter.CorsFilter.doFilterInternal(CorsFilter.java:91)
	at org.springframework.web.filter.OncePerRequestFilter.doFilter(OncePerRequestFilter.java:116)
	at org.springframework.security.web.ObservationFilterChainDecorator$ObservationFilter.wrapFilter(ObservationFilterChainDecorator.java:240)
	at org.springframework.security.web.ObservationFilterChainDecorator$ObservationFilter.doFilter(ObservationFilterChainDecorator.java:227)
	at org.springframework.security.web.ObservationFilterChainDecorator$VirtualFilterChain.doFilter(ObservationFilterChainDecorator.java:137)
	at org.springframework.security.web.header.HeaderWriterFilter.doHeadersAfter(HeaderWriterFilter.java:90)
	at org.springframework.security.web.header.HeaderWriterFilter.doFilterInternal(HeaderWriterFilter.java:75)
	at org.springframework.web.filter.OncePerRequestFilter.doFilter(OncePerRequestFilter.java:116)
	at org.springframework.security.web.ObservationFilterChainDecorator$ObservationFilter.wrapFilter(ObservationFilterChainDecorator.java:240)
	at org.springframework.security.web.ObservationFilterChainDecorator$ObservationFilter.doFilter(ObservationFilterChainDecorator.java:227)
	at org.springframework.security.web.ObservationFilterChainDecorator$VirtualFilterChain.doFilter(ObservationFilterChainDecorator.java:137)
	at org.springframework.security.web.context.SecurityContextHolderFilter.doFilter(SecurityContextHolderFilter.java:82)
	at org.springframework.security.web.context.SecurityContextHolderFilter.doFilter(SecurityContextHolderFilter.java:69)
	at org.springframework.security.web.ObservationFilterChainDecorator$ObservationFilter.wrapFilter(ObservationFilterChainDecorator.java:240)
	at org.springframework.security.web.ObservationFilterChainDecorator$ObservationFilter.doFilter(ObservationFilterChainDecorator.java:227)
	at org.springframework.security.web.ObservationFilterChainDecorator$VirtualFilterChain.doFilter(ObservationFilterChainDecorator.java:137)
	at org.springframework.security.web.context.request.async.WebAsyncManagerIntegrationFilter.doFilterInternal(WebAsyncManagerIntegrationFilter.java:62)
	at org.springframework.web.filter.OncePerRequestFilter.doFilter(OncePerRequestFilter.java:116)
	at org.springframework.security.web.ObservationFilterChainDecorator$ObservationFilter.wrapFilter(ObservationFilterChainDecorator.java:240)
	at org.springframework.security.web.ObservationFilterChainDecorator$ObservationFilter.doFilter(ObservationFilterChainDecorator.java:227)
	at org.springframework.security.web.ObservationFilterChainDecorator$VirtualFilterChain.doFilter(ObservationFilterChainDecorator.java:137)
	at org.springframework.security.web.session.DisableEncodeUrlFilter.doFilterInternal(DisableEncodeUrlFilter.java:42)
	at org.springframework.web.filter.OncePerRequestFilter.doFilter(OncePerRequestFilter.java:116)
	at org.springframework.security.web.ObservationFilterChainDecorator$ObservationFilter.wrapFilter(ObservationFilterChainDecorator.java:240)
	at org.springframework.security.web.ObservationFilterChainDecorator$AroundFilterObservation$SimpleAroundFilterObservation.lambda$wrap$0(ObservationFilterChainDecorator.java:323)
	at org.springframework.security.web.ObservationFilterChainDecorator$ObservationFilter.doFilter(ObservationFilterChainDecorator.java:224)
	at org.springframework.security.web.ObservationFilterChainDecorator$VirtualFilterChain.doFilter(ObservationFilterChainDecorator.java:137)
	at org.springframework.security.web.FilterChainProxy.doFilterInternal(FilterChainProxy.java:233)
	at org.springframework.security.web.FilterChainProxy.doFilter(FilterChainProxy.java:191)
	at org.springframework.web.filter.CompositeFilter$VirtualFilterChain.doFilter(CompositeFilter.java:113)
	at org.springframework.web.servlet.handler.HandlerMappingIntrospector.lambda$createCacheFilter$3(HandlerMappingIntrospector.java:195)
	at org.springframework.web.filter.CompositeFilter$VirtualFilterChain.doFilter(CompositeFilter.java:113)
	at org.springframework.web.filter.CompositeFilter.doFilter(CompositeFilter.java:74)
	at org.springframework.security.config.annotation.web.configuration.WebMvcSecurityConfiguration$CompositeFilterChainProxy.doFilter(WebMvcSecurityConfiguration.java:230)
	at org.springframework.web.filter.DelegatingFilterProxy.invokeDelegate(DelegatingFilterProxy.java:352)
	at org.springframework.web.filter.DelegatingFilterProxy.doFilter(DelegatingFilterProxy.java:268)
	at org.apache.catalina.core.ApplicationFilterChain.internalDoFilter(ApplicationFilterChain.java:164)
	at org.apache.catalina.core.ApplicationFilterChain.doFilter(ApplicationFilterChain.java:140)
	at org.springframework.web.filter.RequestContextFilter.doFilterInternal(RequestContextFilter.java:100)
	at org.springframework.web.filter.OncePerRequestFilter.doFilter(OncePerRequestFilter.java:116)
	at org.apache.catalina.core.ApplicationFilterChain.internalDoFilter(ApplicationFilterChain.java:164)
	at org.apache.catalina.core.ApplicationFilterChain.doFilter(ApplicationFilterChain.java:140)
	at org.springframework.web.filter.FormContentFilter.doFilterInternal(FormContentFilter.java:93)
	at org.springframework.web.filter.OncePerRequestFilter.doFilter(OncePerRequestFilter.java:116)
	at org.apache.catalina.core.ApplicationFilterChain.internalDoFilter(ApplicationFilterChain.java:164)
	at org.apache.catalina.core.ApplicationFilterChain.doFilter(ApplicationFilterChain.java:140)
	at org.springframework.web.filter.ServerHttpObservationFilter.doFilterInternal(ServerHttpObservationFilter.java:107)
	at org.springframework.web.filter.OncePerRequestFilter.doFilter(OncePerRequestFilter.java:116)
	at org.apache.catalina.core.ApplicationFilterChain.internalDoFilter(ApplicationFilterChain.java:164)
	at org.apache.catalina.core.ApplicationFilterChain.doFilter(ApplicationFilterChain.java:140)
	at org.springframework.web.filter.CharacterEncodingFilter.doFilterInternal(CharacterEncodingFilter.java:201)
	at org.springframework.web.filter.OncePerRequestFilter.doFilter(OncePerRequestFilter.java:116)
	at org.apache.catalina.core.ApplicationFilterChain.internalDoFilter(ApplicationFilterChain.java:164)
	at org.apache.catalina.core.ApplicationFilterChain.doFilter(ApplicationFilterChain.java:140)
	at org.apache.catalina.core.StandardWrapperValve.invoke(StandardWrapperValve.java:167)
	at org.apache.catalina.core.StandardContextValve.invoke(StandardContextValve.java:90)
	at org.apache.catalina.authenticator.AuthenticatorBase.invoke(AuthenticatorBase.java:482)
	at org.apache.catalina.core.StandardHostValve.invoke(StandardHostValve.java:115)
	at org.apache.catalina.valves.ErrorReportValve.invoke(ErrorReportValve.java:93)
	at org.apache.catalina.core.StandardEngineValve.invoke(StandardEngineValve.java:74)
	at org.apache.catalina.connector.CoyoteAdapter.service(CoyoteAdapter.java:344)
	at org.apache.coyote.http11.Http11Processor.service(Http11Processor.java:389)
	at org.apache.coyote.AbstractProcessorLight.process(AbstractProcessorLight.java:63)
	at org.apache.coyote.AbstractProtocol$ConnectionHandler.process(AbstractProtocol.java:904)
	at org.apache.tomcat.util.net.NioEndpoint$SocketProcessor.doRun(NioEndpoint.java:1741)
	at org.apache.tomcat.util.net.SocketProcessorBase.run(SocketProcessorBase.java:52)
	at org.apache.tomcat.util.threads.ThreadPoolExecutor.runWorker(ThreadPoolExecutor.java:1190)
	at org.apache.tomcat.util.threads.ThreadPoolExecutor$Worker.run(ThreadPoolExecutor.java:659)
	at org.apache.tomcat.util.threads.TaskThread$WrappingRunnable.run(TaskThread.java:63)
	at java.base/java.lang.Thread.run(Thread.java:842)
2024-08-28 00:25:14 [MessageBroker-1] INFO  : WebSocketSession[0 current WS(0)-HttpStream(0)-HttpPoll(0), 0 total, 0 closed abnormally (0 connect failure, 0 send limit, 0 transport error)], stompSubProtocol[processed CONNECT(0)-CONNECTED(0)-DISCONNECT(0)], stompBrokerRelay[null], inboundChannel[pool size = 0, active threads = 0, queued tasks = 0, completed tasks = 0], outboundChannel[pool size = 0, active threads = 0, queued tasks = 0, completed tasks = 0], sockJsScheduler[pool size = 1, active threads = 1, queued tasks = 0, completed tasks = 0]
2024-08-28 00:37:24 [SpringApplicationShutdownHook] INFO  : Stopping...
2024-08-28 00:37:24 [SpringApplicationShutdownHook] INFO  : BrokerAvailabilityEvent[available=false, SimpleBrokerMessageHandler [org.springframework.messaging.simp.broker.DefaultSubscriptionRegistry@39d8240b]]
2024-08-28 00:37:24 [SpringApplicationShutdownHook] INFO  : Stopped.
2024-08-28 00:37:24 [SpringApplicationShutdownHook] INFO  : Closing JPA EntityManagerFactory for persistence unit 'default'
2024-08-28 00:37:24 [SpringApplicationShutdownHook] INFO  : HikariPool-1 - Shutdown initiated...
2024-08-28 00:37:24 [SpringApplicationShutdownHook] INFO  : HikariPool-1 - Shutdown completed.
2024-08-28 18:05:01 [background-preinit] INFO  : HV000001: Hibernate Validator 8.0.1.Final
2024-08-28 18:05:01 [main] INFO  : Starting ShoppingListServiceApplication using Java 17.0.11 with PID 17772 (C:\Users\kjerz\Desktop\projekty\ShoppingListService\target\classes started by kjerz in C:\Users\kjerz\Desktop\projekty\ShoppingListService)
2024-08-28 18:05:01 [main] INFO  : No active profile set, falling back to 1 default profile: "default"
2024-08-28 18:05:02 [main] INFO  : Bootstrapping Spring Data JPA repositories in DEFAULT mode.
2024-08-28 18:05:02 [main] INFO  : Finished Spring Data repository scanning in 105 ms. Found 4 JPA repository interfaces.
2024-08-28 18:05:03 [main] INFO  : Tomcat initialized with port 8443 (https)
2024-08-28 18:05:03 [main] INFO  : Initializing ProtocolHandler ["https-jsse-nio-8443"]
2024-08-28 18:05:03 [main] INFO  : Starting service [Tomcat]
2024-08-28 18:05:03 [main] INFO  : Starting Servlet engine: [Apache Tomcat/10.1.25]
2024-08-28 18:05:03 [main] INFO  : Initializing Spring embedded WebApplicationContext
2024-08-28 18:05:03 [main] INFO  : Root WebApplicationContext: initialization completed in 1394 ms
2024-08-28 18:05:03 [main] INFO  : HHH000204: Processing PersistenceUnitInfo [name: default]
2024-08-28 18:05:03 [main] INFO  : HHH000412: Hibernate ORM core version 6.5.2.Final
2024-08-28 18:05:03 [main] INFO  : HHH000026: Second-level cache disabled
2024-08-28 18:05:03 [main] INFO  : No LoadTimeWeaver setup: ignoring JPA class transformer
2024-08-28 18:05:03 [main] WARN  : HikariPool-1 - idleTimeout has been set but has no effect because the pool is operating as a fixed size pool.
2024-08-28 18:05:03 [main] INFO  : HikariPool-1 - Starting...
2024-08-28 18:05:03 [main] INFO  : HikariPool-1 - Added connection com.mysql.cj.jdbc.ConnectionImpl@5c03eb4e
2024-08-28 18:05:03 [main] INFO  : HikariPool-1 - Start completed.
2024-08-28 18:05:03 [main] WARN  : HHH90000025: MySQLDialect does not need to be specified explicitly using 'hibernate.dialect' (remove the property setting and it will be selected by default)
2024-08-28 18:05:04 [main] INFO  : HHH000489: No JTA platform available (set 'hibernate.transaction.jta.platform' to enable JTA platform integration)
2024-08-28 18:05:04 [main] INFO  : Initialized JPA EntityManagerFactory for persistence unit 'default'
2024-08-28 18:05:05 [main] WARN  : spring.jpa.open-in-view is enabled by default. Therefore, database queries may be performed during view rendering. Explicitly configure spring.jpa.open-in-view to disable this warning
2024-08-28 18:05:05 [main] INFO  : Global AuthenticationManager configured with UserDetailsService bean with name userDetailService
2024-08-28 18:05:05 [main] INFO  : Exposing 1 endpoint beneath base path '/actuator'
2024-08-28 18:05:05 [main] INFO  : Tomcat started on port 8443 (https) with context path '/'
2024-08-28 18:05:05 [main] INFO  : Starting...
2024-08-28 18:05:05 [main] INFO  : BrokerAvailabilityEvent[available=true, SimpleBrokerMessageHandler [org.springframework.messaging.simp.broker.DefaultSubscriptionRegistry@10009505]]
2024-08-28 18:05:05 [main] INFO  : Started.
2024-08-28 18:05:05 [main] INFO  : Started ShoppingListServiceApplication in 4.471 seconds (process running for 5.277)
2024-08-28 18:05:05 [SpringApplicationShutdownHook] INFO  : Stopping...
2024-08-28 18:05:05 [SpringApplicationShutdownHook] INFO  : BrokerAvailabilityEvent[available=false, SimpleBrokerMessageHandler [org.springframework.messaging.simp.broker.DefaultSubscriptionRegistry@10009505]]
2024-08-28 18:05:05 [SpringApplicationShutdownHook] INFO  : Stopped.
2024-08-28 18:05:06 [SpringApplicationShutdownHook] INFO  : Closing JPA EntityManagerFactory for persistence unit 'default'
2024-08-28 18:05:06 [SpringApplicationShutdownHook] INFO  : HikariPool-1 - Shutdown initiated...
2024-08-28 18:05:06 [SpringApplicationShutdownHook] INFO  : HikariPool-1 - Shutdown completed.
2024-08-28 18:05:48 [background-preinit] INFO  : HV000001: Hibernate Validator 8.0.1.Final
2024-08-28 18:05:48 [main] INFO  : Starting ShoppingListServiceApplication using Java 17.0.11 with PID 13168 (C:\Users\kjerz\Desktop\projekty\ShoppingListService\target\classes started by kjerz in C:\Users\kjerz\Desktop\projekty\ShoppingListService)
2024-08-28 18:05:48 [main] INFO  : No active profile set, falling back to 1 default profile: "default"
2024-08-28 18:05:49 [main] INFO  : Bootstrapping Spring Data JPA repositories in DEFAULT mode.
2024-08-28 18:05:49 [main] INFO  : Finished Spring Data repository scanning in 83 ms. Found 4 JPA repository interfaces.
2024-08-28 18:05:49 [main] INFO  : Tomcat initialized with port 8443 (https)
2024-08-28 18:05:49 [main] INFO  : Initializing ProtocolHandler ["https-jsse-nio-8443"]
2024-08-28 18:05:49 [main] INFO  : Starting service [Tomcat]
2024-08-28 18:05:49 [main] INFO  : Starting Servlet engine: [Apache Tomcat/10.1.25]
2024-08-28 18:05:49 [main] INFO  : Initializing Spring embedded WebApplicationContext
2024-08-28 18:05:49 [main] INFO  : Root WebApplicationContext: initialization completed in 1108 ms
2024-08-28 18:05:50 [main] INFO  : HHH000204: Processing PersistenceUnitInfo [name: default]
2024-08-28 18:05:50 [main] INFO  : HHH000412: Hibernate ORM core version 6.5.2.Final
2024-08-28 18:05:50 [main] INFO  : HHH000026: Second-level cache disabled
2024-08-28 18:05:50 [main] INFO  : No LoadTimeWeaver setup: ignoring JPA class transformer
2024-08-28 18:05:50 [main] WARN  : HikariPool-1 - idleTimeout has been set but has no effect because the pool is operating as a fixed size pool.
2024-08-28 18:05:50 [main] INFO  : HikariPool-1 - Starting...
2024-08-28 18:05:50 [main] INFO  : HikariPool-1 - Added connection com.mysql.cj.jdbc.ConnectionImpl@2d02a066
2024-08-28 18:05:50 [main] INFO  : HikariPool-1 - Start completed.
2024-08-28 18:05:50 [main] WARN  : HHH90000025: MySQLDialect does not need to be specified explicitly using 'hibernate.dialect' (remove the property setting and it will be selected by default)
2024-08-28 18:05:51 [main] INFO  : HHH000489: No JTA platform available (set 'hibernate.transaction.jta.platform' to enable JTA platform integration)
2024-08-28 18:05:51 [main] INFO  : Initialized JPA EntityManagerFactory for persistence unit 'default'
2024-08-28 18:05:51 [main] WARN  : spring.jpa.open-in-view is enabled by default. Therefore, database queries may be performed during view rendering. Explicitly configure spring.jpa.open-in-view to disable this warning
2024-08-28 18:05:51 [main] INFO  : Global AuthenticationManager configured with UserDetailsService bean with name userDetailService
2024-08-28 18:05:51 [main] INFO  : Exposing 1 endpoint beneath base path '/actuator'
2024-08-28 18:05:52 [main] INFO  : Starting ProtocolHandler ["https-jsse-nio-8443"]
2024-08-28 18:05:52 [main] INFO  : Connector [https-jsse-nio-8443], TLS virtual host [_default_], certificate type [UNDEFINED] configured from keystore [C:\Users\kjerz\.keystore] using alias [shoppingListKey] with trust store [null]
2024-08-28 18:05:52 [main] INFO  : Tomcat started on port 8443 (https) with context path '/'
2024-08-28 18:05:52 [main] INFO  : Starting...
2024-08-28 18:05:52 [main] INFO  : BrokerAvailabilityEvent[available=true, SimpleBrokerMessageHandler [org.springframework.messaging.simp.broker.DefaultSubscriptionRegistry@21b4a7d]]
2024-08-28 18:05:52 [main] INFO  : Started.
2024-08-28 18:05:52 [main] INFO  : Started ShoppingListServiceApplication in 3.664 seconds (process running for 4.004)
2024-08-28 18:05:52 [RMI TCP Connection(3)-192.168.0.13] INFO  : Initializing Spring DispatcherServlet 'dispatcherServlet'
2024-08-28 18:05:52 [RMI TCP Connection(3)-192.168.0.13] INFO  : Initializing Servlet 'dispatcherServlet'
2024-08-28 18:05:52 [RMI TCP Connection(3)-192.168.0.13] INFO  : Completed initialization in 1 ms
2024-08-28 18:05:55 [SpringApplicationShutdownHook] INFO  : Stopping...
2024-08-28 18:05:55 [SpringApplicationShutdownHook] INFO  : BrokerAvailabilityEvent[available=false, SimpleBrokerMessageHandler [org.springframework.messaging.simp.broker.DefaultSubscriptionRegistry@21b4a7d]]
2024-08-28 18:05:55 [SpringApplicationShutdownHook] INFO  : Stopped.
2024-08-28 18:05:55 [SpringApplicationShutdownHook] INFO  : Closing JPA EntityManagerFactory for persistence unit 'default'
2024-08-28 18:05:55 [SpringApplicationShutdownHook] INFO  : HikariPool-1 - Shutdown initiated...
2024-08-28 18:05:55 [SpringApplicationShutdownHook] INFO  : HikariPool-1 - Shutdown completed.
2024-08-28 18:06:04 [background-preinit] INFO  : HV000001: Hibernate Validator 8.0.1.Final
2024-08-28 18:06:04 [main] INFO  : Starting ShoppingListServiceApplication using Java 17.0.11 with PID 2752 (C:\Users\kjerz\Desktop\projekty\ShoppingListService\target\classes started by kjerz in C:\Users\kjerz\Desktop\projekty\ShoppingListService)
2024-08-28 18:06:04 [main] INFO  : No active profile set, falling back to 1 default profile: "default"
2024-08-28 18:06:05 [main] INFO  : Bootstrapping Spring Data JPA repositories in DEFAULT mode.
2024-08-28 18:06:05 [main] INFO  : Finished Spring Data repository scanning in 77 ms. Found 4 JPA repository interfaces.
2024-08-28 18:06:05 [main] INFO  : Tomcat initialized with port 8443 (https)
2024-08-28 18:06:05 [main] INFO  : Initializing ProtocolHandler ["https-jsse-nio-8443"]
2024-08-28 18:06:05 [main] INFO  : Starting service [Tomcat]
2024-08-28 18:06:05 [main] INFO  : Starting Servlet engine: [Apache Tomcat/10.1.25]
2024-08-28 18:06:05 [main] INFO  : Initializing Spring embedded WebApplicationContext
2024-08-28 18:06:05 [main] INFO  : Root WebApplicationContext: initialization completed in 1085 ms
2024-08-28 18:06:05 [main] INFO  : HHH000204: Processing PersistenceUnitInfo [name: default]
2024-08-28 18:06:05 [main] INFO  : HHH000412: Hibernate ORM core version 6.5.2.Final
2024-08-28 18:06:05 [main] INFO  : HHH000026: Second-level cache disabled
2024-08-28 18:06:06 [main] INFO  : No LoadTimeWeaver setup: ignoring JPA class transformer
2024-08-28 18:06:06 [main] WARN  : HikariPool-1 - idleTimeout has been set but has no effect because the pool is operating as a fixed size pool.
2024-08-28 18:06:06 [main] INFO  : HikariPool-1 - Starting...
2024-08-28 18:06:06 [main] INFO  : HikariPool-1 - Added connection com.mysql.cj.jdbc.ConnectionImpl@3922b297
2024-08-28 18:06:06 [main] INFO  : HikariPool-1 - Start completed.
2024-08-28 18:06:06 [main] WARN  : HHH90000025: MySQLDialect does not need to be specified explicitly using 'hibernate.dialect' (remove the property setting and it will be selected by default)
2024-08-28 18:06:06 [main] INFO  : HHH000489: No JTA platform available (set 'hibernate.transaction.jta.platform' to enable JTA platform integration)
2024-08-28 18:06:06 [main] INFO  : Initialized JPA EntityManagerFactory for persistence unit 'default'
2024-08-28 18:06:07 [main] WARN  : spring.jpa.open-in-view is enabled by default. Therefore, database queries may be performed during view rendering. Explicitly configure spring.jpa.open-in-view to disable this warning
2024-08-28 18:06:07 [main] INFO  : Global AuthenticationManager configured with UserDetailsService bean with name userDetailService
2024-08-28 18:06:07 [main] INFO  : Exposing 1 endpoint beneath base path '/actuator'
2024-08-28 18:06:07 [main] INFO  : Starting ProtocolHandler ["https-jsse-nio-8443"]
2024-08-28 18:06:07 [main] INFO  : Connector [https-jsse-nio-8443], TLS virtual host [_default_], certificate type [UNDEFINED] configured from keystore [C:\Users\kjerz\.keystore] using alias [shoppingListKey] with trust store [null]
2024-08-28 18:06:07 [main] INFO  : Tomcat started on port 8443 (https) with context path '/'
2024-08-28 18:06:07 [main] INFO  : Starting...
2024-08-28 18:06:07 [main] INFO  : BrokerAvailabilityEvent[available=true, SimpleBrokerMessageHandler [org.springframework.messaging.simp.broker.DefaultSubscriptionRegistry@351623d]]
2024-08-28 18:06:07 [main] INFO  : Started.
2024-08-28 18:06:07 [main] INFO  : Started ShoppingListServiceApplication in 3.631 seconds (process running for 3.944)
2024-08-28 18:06:08 [RMI TCP Connection(2)-192.168.0.13] INFO  : Initializing Spring DispatcherServlet 'dispatcherServlet'
2024-08-28 18:06:08 [RMI TCP Connection(2)-192.168.0.13] INFO  : Initializing Servlet 'dispatcherServlet'
2024-08-28 18:06:08 [RMI TCP Connection(2)-192.168.0.13] INFO  : Completed initialization in 1 ms
2024-08-28 18:07:07 [MessageBroker-1] INFO  : WebSocketSession[0 current WS(0)-HttpStream(0)-HttpPoll(0), 0 total, 0 closed abnormally (0 connect failure, 0 send limit, 0 transport error)], stompSubProtocol[processed CONNECT(0)-CONNECTED(0)-DISCONNECT(0)], stompBrokerRelay[null], inboundChannel[pool size = 0, active threads = 0, queued tasks = 0, completed tasks = 0], outboundChannel[pool size = 0, active threads = 0, queued tasks = 0, completed tasks = 0], sockJsScheduler[pool size = 1, active threads = 1, queued tasks = 0, completed tasks = 0]
2024-08-28 18:07:59 [https-jsse-nio-8443-exec-8] ERROR : User(userName=test, password=$2a$10$eoO5cOyKjyxjLwRgdoBQVu0j7ZIQJ0q.DgXvnnPTNkGV4Qwxz5uvm, savedTime=2024-08-27T23:26:12.390682): 
java.lang.Throwable: null
	at .synchronizeData(ShoppingServiceRepository.java:115)
	at .lambda$synchronizeData$4$pl-kamjer-shoppinglist-viewmodel-CustomViewModel(CustomViewModel.java:73)
	at .action(D8$$SyntheticClass:0)
	at .lambda$getAllDataAndAct$12$pl-kamjer-shoppinglist-repository-ShoppingRepository(ShoppingRepository.java:220)
	at .run(D8$$SyntheticClass:0)
	at .runWorker(ThreadPoolExecutor.java:1145)
	at .run(ThreadPoolExecutor.java:644)
	at .run(Thread.java:1012)
2024-08-28 18:37:07 [MessageBroker-1] INFO  : WebSocketSession[0 current WS(0)-HttpStream(0)-HttpPoll(0), 0 total, 0 closed abnormally (0 connect failure, 0 send limit, 0 transport error)], stompSubProtocol[processed CONNECT(0)-CONNECTED(0)-DISCONNECT(0)], stompBrokerRelay[null], inboundChannel[pool size = 0, active threads = 0, queued tasks = 0, completed tasks = 0], outboundChannel[pool size = 0, active threads = 0, queued tasks = 0, completed tasks = 0], sockJsScheduler[pool size = 2, active threads = 1, queued tasks = 0, completed tasks = 1]
2024-08-28 18:45:22 [SpringApplicationShutdownHook] INFO  : Stopping...
2024-08-28 18:45:22 [SpringApplicationShutdownHook] INFO  : BrokerAvailabilityEvent[available=false, SimpleBrokerMessageHandler [org.springframework.messaging.simp.broker.DefaultSubscriptionRegistry@351623d]]
2024-08-28 18:45:22 [SpringApplicationShutdownHook] INFO  : Stopped.
2024-08-28 18:45:23 [SpringApplicationShutdownHook] INFO  : Closing JPA EntityManagerFactory for persistence unit 'default'
2024-08-28 18:45:23 [SpringApplicationShutdownHook] INFO  : HikariPool-1 - Shutdown initiated...
2024-08-28 18:45:23 [SpringApplicationShutdownHook] INFO  : HikariPool-1 - Shutdown completed.
2024-08-28 18:45:26 [background-preinit] INFO  : HV000001: Hibernate Validator 8.0.1.Final
2024-08-28 18:45:26 [main] INFO  : Starting ShoppingListServiceApplication using Java 17.0.11 with PID 4864 (C:\Users\kjerz\Desktop\projekty\ShoppingListService\target\classes started by kjerz in C:\Users\kjerz\Desktop\projekty\ShoppingListService)
2024-08-28 18:45:26 [main] INFO  : No active profile set, falling back to 1 default profile: "default"
2024-08-28 18:45:27 [main] INFO  : Bootstrapping Spring Data JPA repositories in DEFAULT mode.
2024-08-28 18:45:27 [main] INFO  : Finished Spring Data repository scanning in 82 ms. Found 4 JPA repository interfaces.
2024-08-28 18:45:27 [main] INFO  : Tomcat initialized with port 8443 (https)
2024-08-28 18:45:27 [main] INFO  : Initializing ProtocolHandler ["https-jsse-nio-8443"]
2024-08-28 18:45:27 [main] INFO  : Starting service [Tomcat]
2024-08-28 18:45:27 [main] INFO  : Starting Servlet engine: [Apache Tomcat/10.1.25]
2024-08-28 18:45:27 [main] INFO  : Initializing Spring embedded WebApplicationContext
2024-08-28 18:45:27 [main] INFO  : Root WebApplicationContext: initialization completed in 1108 ms
2024-08-28 18:45:28 [main] INFO  : HHH000204: Processing PersistenceUnitInfo [name: default]
2024-08-28 18:45:28 [main] INFO  : HHH000412: Hibernate ORM core version 6.5.2.Final
2024-08-28 18:45:28 [main] INFO  : HHH000026: Second-level cache disabled
2024-08-28 18:45:28 [main] INFO  : No LoadTimeWeaver setup: ignoring JPA class transformer
2024-08-28 18:45:28 [main] WARN  : HikariPool-1 - idleTimeout has been set but has no effect because the pool is operating as a fixed size pool.
2024-08-28 18:45:28 [main] INFO  : HikariPool-1 - Starting...
2024-08-28 18:45:28 [main] INFO  : HikariPool-1 - Added connection com.mysql.cj.jdbc.ConnectionImpl@3922b297
2024-08-28 18:45:28 [main] INFO  : HikariPool-1 - Start completed.
2024-08-28 18:45:28 [main] WARN  : HHH90000025: MySQLDialect does not need to be specified explicitly using 'hibernate.dialect' (remove the property setting and it will be selected by default)
2024-08-28 18:45:29 [main] INFO  : HHH000489: No JTA platform available (set 'hibernate.transaction.jta.platform' to enable JTA platform integration)
2024-08-28 18:45:29 [main] INFO  : Initialized JPA EntityManagerFactory for persistence unit 'default'
2024-08-28 18:45:29 [main] WARN  : spring.jpa.open-in-view is enabled by default. Therefore, database queries may be performed during view rendering. Explicitly configure spring.jpa.open-in-view to disable this warning
2024-08-28 18:45:29 [main] INFO  : Global AuthenticationManager configured with UserDetailsService bean with name userDetailService
2024-08-28 18:45:29 [main] INFO  : Exposing 1 endpoint beneath base path '/actuator'
2024-08-28 18:45:30 [main] INFO  : Starting ProtocolHandler ["https-jsse-nio-8443"]
2024-08-28 18:45:30 [main] INFO  : Connector [https-jsse-nio-8443], TLS virtual host [_default_], certificate type [UNDEFINED] configured from keystore [C:\Users\kjerz\.keystore] using alias [shoppingListKey] with trust store [null]
2024-08-28 18:45:30 [main] INFO  : Tomcat started on port 8443 (https) with context path '/'
2024-08-28 18:45:30 [main] INFO  : Starting...
2024-08-28 18:45:30 [main] INFO  : BrokerAvailabilityEvent[available=true, SimpleBrokerMessageHandler [org.springframework.messaging.simp.broker.DefaultSubscriptionRegistry@21df2968]]
2024-08-28 18:45:30 [main] INFO  : Started.
2024-08-28 18:45:30 [main] INFO  : Started ShoppingListServiceApplication in 3.758 seconds (process running for 4.086)
2024-08-28 18:45:30 [RMI TCP Connection(2)-192.168.0.13] INFO  : Initializing Spring DispatcherServlet 'dispatcherServlet'
2024-08-28 18:45:30 [RMI TCP Connection(2)-192.168.0.13] INFO  : Initializing Servlet 'dispatcherServlet'
2024-08-28 18:45:30 [RMI TCP Connection(2)-192.168.0.13] INFO  : Completed initialization in 1 ms
2024-08-28 18:46:30 [MessageBroker-1] INFO  : WebSocketSession[0 current WS(0)-HttpStream(0)-HttpPoll(0), 0 total, 0 closed abnormally (0 connect failure, 0 send limit, 0 transport error)], stompSubProtocol[processed CONNECT(0)-CONNECTED(0)-DISCONNECT(0)], stompBrokerRelay[null], inboundChannel[pool size = 0, active threads = 0, queued tasks = 0, completed tasks = 0], outboundChannel[pool size = 0, active threads = 0, queued tasks = 0, completed tasks = 0], sockJsScheduler[pool size = 1, active threads = 1, queued tasks = 0, completed tasks = 0]
2024-08-28 18:46:44 [https-jsse-nio-8443-exec-10] ERROR : User(userName=test, password=$2a$10$eoO5cOyKjyxjLwRgdoBQVu0j7ZIQJ0q.DgXvnnPTNkGV4Qwxz5uvm, savedTime=2024-08-27T23:26:12.390682): 
pl.kamjer.shoppinglistservice.exception.LogException: Attempt to invoke interface method 'void retrofit2.Call.enqueue(retrofit2.Callback)' on a null object reference
	at .synchronizeData(ShoppingServiceRepository.java:116)
	at .lambda$synchronizeData$4$pl-kamjer-shoppinglist-viewmodel-CustomViewModel(CustomViewModel.java:73)
	at .action(D8$$SyntheticClass:0)
	at .lambda$getAllDataAndAct$12$pl-kamjer-shoppinglist-repository-ShoppingRepository(ShoppingRepository.java:220)
	at .run(D8$$SyntheticClass:0)
	at .runWorker(ThreadPoolExecutor.java:1145)
	at .run(ThreadPoolExecutor.java:644)
	at .run(Thread.java:1012)
2024-08-28 18:46:47 [https-jsse-nio-8443-exec-4] ERROR : User(userName=test, password=$2a$10$eoO5cOyKjyxjLwRgdoBQVu0j7ZIQJ0q.DgXvnnPTNkGV4Qwxz5uvm, savedTime=2024-08-27T23:26:12.390682): 
pl.kamjer.shoppinglistservice.exception.LogException: Attempt to invoke interface method 'void retrofit2.Call.enqueue(retrofit2.Callback)' on a null object reference
	at .synchronizeData(ShoppingServiceRepository.java:116)
	at .lambda$synchronizeData$4$pl-kamjer-shoppinglist-viewmodel-CustomViewModel(CustomViewModel.java:73)
	at .action(D8$$SyntheticClass:0)
	at .lambda$getAllDataAndAct$12$pl-kamjer-shoppinglist-repository-ShoppingRepository(ShoppingRepository.java:220)
	at .run(D8$$SyntheticClass:0)
	at .runWorker(ThreadPoolExecutor.java:1145)
	at .run(ThreadPoolExecutor.java:644)
	at .run(Thread.java:1012)
2024-08-28 18:47:04 [SpringApplicationShutdownHook] INFO  : Stopping...
2024-08-28 18:47:04 [SpringApplicationShutdownHook] INFO  : BrokerAvailabilityEvent[available=false, SimpleBrokerMessageHandler [org.springframework.messaging.simp.broker.DefaultSubscriptionRegistry@21df2968]]
2024-08-28 18:47:04 [SpringApplicationShutdownHook] INFO  : Stopped.
2024-08-28 18:47:04 [SpringApplicationShutdownHook] INFO  : Closing JPA EntityManagerFactory for persistence unit 'default'
2024-08-28 18:47:04 [SpringApplicationShutdownHook] INFO  : HikariPool-1 - Shutdown initiated...
2024-08-28 18:47:04 [SpringApplicationShutdownHook] INFO  : HikariPool-1 - Shutdown completed.
2024-08-28 18:48:01 [background-preinit] INFO  : HV000001: Hibernate Validator 8.0.1.Final
2024-08-28 18:48:01 [main] INFO  : Starting ShoppingListServiceApplication using Java 17.0.11 with PID 19452 (C:\Users\kjerz\Desktop\projekty\ShoppingListService\target\classes started by kjerz in C:\Users\kjerz\Desktop\projekty\ShoppingListService)
2024-08-28 18:48:01 [main] INFO  : No active profile set, falling back to 1 default profile: "default"
2024-08-28 18:48:02 [main] INFO  : Bootstrapping Spring Data JPA repositories in DEFAULT mode.
2024-08-28 18:48:02 [main] INFO  : Finished Spring Data repository scanning in 86 ms. Found 4 JPA repository interfaces.
2024-08-28 18:48:02 [main] INFO  : Tomcat initialized with port 8443 (https)
2024-08-28 18:48:02 [main] INFO  : Initializing ProtocolHandler ["https-jsse-nio-8443"]
2024-08-28 18:48:02 [main] INFO  : Starting service [Tomcat]
2024-08-28 18:48:02 [main] INFO  : Starting Servlet engine: [Apache Tomcat/10.1.25]
2024-08-28 18:48:02 [main] INFO  : Initializing Spring embedded WebApplicationContext
2024-08-28 18:48:02 [main] INFO  : Root WebApplicationContext: initialization completed in 1158 ms
2024-08-28 18:48:02 [main] INFO  : HHH000204: Processing PersistenceUnitInfo [name: default]
2024-08-28 18:48:02 [main] INFO  : HHH000412: Hibernate ORM core version 6.5.2.Final
2024-08-28 18:48:03 [main] INFO  : HHH000026: Second-level cache disabled
2024-08-28 18:48:03 [main] INFO  : No LoadTimeWeaver setup: ignoring JPA class transformer
2024-08-28 18:48:03 [main] WARN  : HikariPool-1 - idleTimeout has been set but has no effect because the pool is operating as a fixed size pool.
2024-08-28 18:48:03 [main] INFO  : HikariPool-1 - Starting...
2024-08-28 18:48:03 [main] INFO  : HikariPool-1 - Added connection com.mysql.cj.jdbc.ConnectionImpl@28ceb25e
2024-08-28 18:48:03 [main] INFO  : HikariPool-1 - Start completed.
2024-08-28 18:48:03 [main] WARN  : HHH90000025: MySQLDialect does not need to be specified explicitly using 'hibernate.dialect' (remove the property setting and it will be selected by default)
2024-08-28 18:48:03 [main] INFO  : HHH000489: No JTA platform available (set 'hibernate.transaction.jta.platform' to enable JTA platform integration)
2024-08-28 18:48:04 [main] INFO  : Initialized JPA EntityManagerFactory for persistence unit 'default'
2024-08-28 18:48:04 [main] WARN  : spring.jpa.open-in-view is enabled by default. Therefore, database queries may be performed during view rendering. Explicitly configure spring.jpa.open-in-view to disable this warning
2024-08-28 18:48:04 [main] INFO  : Global AuthenticationManager configured with UserDetailsService bean with name userDetailService
2024-08-28 18:48:04 [main] INFO  : Exposing 1 endpoint beneath base path '/actuator'
2024-08-28 18:48:05 [main] INFO  : Starting ProtocolHandler ["https-jsse-nio-8443"]
2024-08-28 18:48:05 [main] INFO  : Connector [https-jsse-nio-8443], TLS virtual host [_default_], certificate type [UNDEFINED] configured from keystore [C:\Users\kjerz\.keystore] using alias [shoppingListKey] with trust store [null]
2024-08-28 18:48:05 [main] INFO  : Tomcat started on port 8443 (https) with context path '/'
2024-08-28 18:48:05 [main] INFO  : Starting...
2024-08-28 18:48:05 [main] INFO  : BrokerAvailabilityEvent[available=true, SimpleBrokerMessageHandler [org.springframework.messaging.simp.broker.DefaultSubscriptionRegistry@3aef4650]]
2024-08-28 18:48:05 [main] INFO  : Started.
2024-08-28 18:48:05 [main] INFO  : Started ShoppingListServiceApplication in 3.943 seconds (process running for 4.297)
2024-08-28 18:48:05 [RMI TCP Connection(2)-192.168.0.13] INFO  : Initializing Spring DispatcherServlet 'dispatcherServlet'
2024-08-28 18:48:05 [RMI TCP Connection(2)-192.168.0.13] INFO  : Initializing Servlet 'dispatcherServlet'
2024-08-28 18:48:05 [RMI TCP Connection(2)-192.168.0.13] INFO  : Completed initialization in 1 ms
2024-08-28 18:49:05 [MessageBroker-1] INFO  : WebSocketSession[0 current WS(0)-HttpStream(0)-HttpPoll(0), 0 total, 0 closed abnormally (0 connect failure, 0 send limit, 0 transport error)], stompSubProtocol[processed CONNECT(0)-CONNECTED(0)-DISCONNECT(0)], stompBrokerRelay[null], inboundChannel[pool size = 0, active threads = 0, queued tasks = 0, completed tasks = 0], outboundChannel[pool size = 0, active threads = 0, queued tasks = 0, completed tasks = 0], sockJsScheduler[pool size = 1, active threads = 1, queued tasks = 0, completed tasks = 0]
2024-08-28 19:19:05 [MessageBroker-1] INFO  : WebSocketSession[0 current WS(0)-HttpStream(0)-HttpPoll(0), 0 total, 0 closed abnormally (0 connect failure, 0 send limit, 0 transport error)], stompSubProtocol[processed CONNECT(0)-CONNECTED(0)-DISCONNECT(0)], stompBrokerRelay[null], inboundChannel[pool size = 0, active threads = 0, queued tasks = 0, completed tasks = 0], outboundChannel[pool size = 0, active threads = 0, queued tasks = 0, completed tasks = 0], sockJsScheduler[pool size = 2, active threads = 1, queued tasks = 0, completed tasks = 1]
2024-08-28 19:49:05 [MessageBroker-2] INFO  : WebSocketSession[0 current WS(0)-HttpStream(0)-HttpPoll(0), 0 total, 0 closed abnormally (0 connect failure, 0 send limit, 0 transport error)], stompSubProtocol[processed CONNECT(0)-CONNECTED(0)-DISCONNECT(0)], stompBrokerRelay[null], inboundChannel[pool size = 0, active threads = 0, queued tasks = 0, completed tasks = 0], outboundChannel[pool size = 0, active threads = 0, queued tasks = 0, completed tasks = 0], sockJsScheduler[pool size = 3, active threads = 1, queued tasks = 0, completed tasks = 2]
2024-08-28 20:19:05 [MessageBroker-1] INFO  : WebSocketSession[0 current WS(0)-HttpStream(0)-HttpPoll(0), 0 total, 0 closed abnormally (0 connect failure, 0 send limit, 0 transport error)], stompSubProtocol[processed CONNECT(0)-CONNECTED(0)-DISCONNECT(0)], stompBrokerRelay[null], inboundChannel[pool size = 0, active threads = 0, queued tasks = 0, completed tasks = 0], outboundChannel[pool size = 0, active threads = 0, queued tasks = 0, completed tasks = 0], sockJsScheduler[pool size = 4, active threads = 1, queued tasks = 0, completed tasks = 3]
2024-08-28 20:25:28 [https-jsse-nio-8443-exec-3] ERROR : test: 
pl.kamjer.shoppinglistservice.exception.LogException: Attempt to invoke interface method 'void retrofit2.Call.enqueue(retrofit2.Callback)' on a null object reference
	at .synchronizeData(ShoppingServiceRepository.java:116)
	at .lambda$synchronizeData$4$pl-kamjer-shoppinglist-viewmodel-CustomViewModel(CustomViewModel.java:73)
	at .action(D8$$SyntheticClass:0)
	at .lambda$getAllDataAndAct$12$pl-kamjer-shoppinglist-repository-ShoppingRepository(ShoppingRepository.java:220)
	at .run(D8$$SyntheticClass:0)
	at .runWorker(ThreadPoolExecutor.java:1145)
	at .run(ThreadPoolExecutor.java:644)
	at .run(Thread.java:1012)
2024-08-28 20:25:28 [SpringApplicationShutdownHook] INFO  : Stopping...
2024-08-28 20:25:28 [SpringApplicationShutdownHook] INFO  : BrokerAvailabilityEvent[available=false, SimpleBrokerMessageHandler [org.springframework.messaging.simp.broker.DefaultSubscriptionRegistry@3aef4650]]
2024-08-28 20:25:28 [SpringApplicationShutdownHook] INFO  : Stopped.
2024-08-28 20:25:28 [SpringApplicationShutdownHook] INFO  : Closing JPA EntityManagerFactory for persistence unit 'default'
2024-08-28 20:25:28 [SpringApplicationShutdownHook] INFO  : HikariPool-1 - Shutdown initiated...
2024-08-28 20:25:28 [SpringApplicationShutdownHook] INFO  : HikariPool-1 - Shutdown completed.
2024-08-28 20:25:31 [background-preinit] INFO  : HV000001: Hibernate Validator 8.0.1.Final
2024-08-28 20:25:31 [main] INFO  : Starting ShoppingListServiceApplication using Java 17.0.11 with PID 12468 (C:\Users\kjerz\Desktop\projekty\ShoppingListService\target\classes started by kjerz in C:\Users\kjerz\Desktop\projekty\ShoppingListService)
2024-08-28 20:25:31 [main] INFO  : No active profile set, falling back to 1 default profile: "default"
2024-08-28 20:25:32 [main] INFO  : Bootstrapping Spring Data JPA repositories in DEFAULT mode.
2024-08-28 20:25:32 [main] INFO  : Finished Spring Data repository scanning in 84 ms. Found 4 JPA repository interfaces.
2024-08-28 20:25:33 [main] INFO  : Tomcat initialized with port 8443 (https)
2024-08-28 20:25:33 [main] INFO  : Initializing ProtocolHandler ["https-jsse-nio-8443"]
2024-08-28 20:25:33 [main] INFO  : Starting service [Tomcat]
2024-08-28 20:25:33 [main] INFO  : Starting Servlet engine: [Apache Tomcat/10.1.25]
2024-08-28 20:25:33 [main] INFO  : Initializing Spring embedded WebApplicationContext
2024-08-28 20:25:33 [main] INFO  : Root WebApplicationContext: initialization completed in 1213 ms
2024-08-28 20:25:33 [main] INFO  : HHH000204: Processing PersistenceUnitInfo [name: default]
2024-08-28 20:25:33 [main] INFO  : HHH000412: Hibernate ORM core version 6.5.2.Final
2024-08-28 20:25:33 [main] INFO  : HHH000026: Second-level cache disabled
2024-08-28 20:25:33 [main] INFO  : No LoadTimeWeaver setup: ignoring JPA class transformer
2024-08-28 20:25:33 [main] WARN  : HikariPool-1 - idleTimeout has been set but has no effect because the pool is operating as a fixed size pool.
2024-08-28 20:25:33 [main] INFO  : HikariPool-1 - Starting...
2024-08-28 20:25:33 [main] INFO  : HikariPool-1 - Added connection com.mysql.cj.jdbc.ConnectionImpl@72c1bf75
2024-08-28 20:25:33 [main] INFO  : HikariPool-1 - Start completed.
2024-08-28 20:25:33 [main] WARN  : HHH90000025: MySQLDialect does not need to be specified explicitly using 'hibernate.dialect' (remove the property setting and it will be selected by default)
2024-08-28 20:25:34 [main] INFO  : HHH000489: No JTA platform available (set 'hibernate.transaction.jta.platform' to enable JTA platform integration)
2024-08-28 20:25:34 [main] INFO  : Initialized JPA EntityManagerFactory for persistence unit 'default'
2024-08-28 20:25:34 [main] WARN  : spring.jpa.open-in-view is enabled by default. Therefore, database queries may be performed during view rendering. Explicitly configure spring.jpa.open-in-view to disable this warning
2024-08-28 20:25:34 [main] INFO  : Global AuthenticationManager configured with UserDetailsService bean with name userDetailService
2024-08-28 20:25:35 [main] INFO  : Exposing 1 endpoint beneath base path '/actuator'
2024-08-28 20:25:35 [main] INFO  : Starting ProtocolHandler ["https-jsse-nio-8443"]
2024-08-28 20:25:35 [main] INFO  : Connector [https-jsse-nio-8443], TLS virtual host [_default_], certificate type [UNDEFINED] configured from keystore [C:\Users\kjerz\.keystore] using alias [shoppingListKey] with trust store [null]
2024-08-28 20:25:35 [main] INFO  : Tomcat started on port 8443 (https) with context path '/'
2024-08-28 20:25:35 [main] INFO  : Starting...
2024-08-28 20:25:35 [main] INFO  : BrokerAvailabilityEvent[available=true, SimpleBrokerMessageHandler [org.springframework.messaging.simp.broker.DefaultSubscriptionRegistry@22351330]]
2024-08-28 20:25:35 [main] INFO  : Started.
2024-08-28 20:25:35 [main] INFO  : Started ShoppingListServiceApplication in 3.925 seconds (process running for 4.232)
2024-08-28 20:25:36 [RMI TCP Connection(1)-192.168.0.13] INFO  : Initializing Spring DispatcherServlet 'dispatcherServlet'
2024-08-28 20:25:36 [RMI TCP Connection(1)-192.168.0.13] INFO  : Initializing Servlet 'dispatcherServlet'
2024-08-28 20:25:36 [RMI TCP Connection(1)-192.168.0.13] INFO  : Completed initialization in 0 ms
2024-08-28 20:26:35 [MessageBroker-1] INFO  : WebSocketSession[0 current WS(0)-HttpStream(0)-HttpPoll(0), 0 total, 0 closed abnormally (0 connect failure, 0 send limit, 0 transport error)], stompSubProtocol[processed CONNECT(0)-CONNECTED(0)-DISCONNECT(0)], stompBrokerRelay[null], inboundChannel[pool size = 0, active threads = 0, queued tasks = 0, completed tasks = 0], outboundChannel[pool size = 0, active threads = 0, queued tasks = 0, completed tasks = 0], sockJsScheduler[pool size = 1, active threads = 1, queued tasks = 0, completed tasks = 0]
2024-08-28 20:56:35 [MessageBroker-1] INFO  : WebSocketSession[0 current WS(0)-HttpStream(0)-HttpPoll(0), 0 total, 0 closed abnormally (0 connect failure, 0 send limit, 0 transport error)], stompSubProtocol[processed CONNECT(0)-CONNECTED(0)-DISCONNECT(0)], stompBrokerRelay[null], inboundChannel[pool size = 0, active threads = 0, queued tasks = 0, completed tasks = 0], outboundChannel[pool size = 0, active threads = 0, queued tasks = 0, completed tasks = 0], sockJsScheduler[pool size = 2, active threads = 1, queued tasks = 0, completed tasks = 1]
2024-08-28 20:58:47 [https-jsse-nio-8443-exec-6] ERROR : test: 
pl.kamjer.shoppinglistservice.exception.LogException: Attempt to invoke interface method 'void retrofit2.Call.enqueue(retrofit2.Callback)' on a null object reference
	at .synchronizeData(ShoppingServiceRepository.java:116)
	at .lambda$synchronizeData$4$pl-kamjer-shoppinglist-viewmodel-CustomViewModel(CustomViewModel.java:73)
	at .action(D8$$SyntheticClass:0)
	at .lambda$getAllDataAndAct$12$pl-kamjer-shoppinglist-repository-ShoppingRepository(ShoppingRepository.java:219)
	at .run(D8$$SyntheticClass:0)
	at .runWorker(ThreadPoolExecutor.java:1145)
	at .run(ThreadPoolExecutor.java:644)
	at .run(Thread.java:1012)
2024-08-28 21:26:35 [MessageBroker-2] INFO  : WebSocketSession[0 current WS(0)-HttpStream(0)-HttpPoll(0), 0 total, 0 closed abnormally (0 connect failure, 0 send limit, 0 transport error)], stompSubProtocol[processed CONNECT(0)-CONNECTED(0)-DISCONNECT(0)], stompBrokerRelay[null], inboundChannel[pool size = 0, active threads = 0, queued tasks = 0, completed tasks = 0], outboundChannel[pool size = 0, active threads = 0, queued tasks = 0, completed tasks = 0], sockJsScheduler[pool size = 3, active threads = 1, queued tasks = 0, completed tasks = 2]
2024-08-28 21:56:35 [MessageBroker-1] INFO  : WebSocketSession[0 current WS(0)-HttpStream(0)-HttpPoll(0), 0 total, 0 closed abnormally (0 connect failure, 0 send limit, 0 transport error)], stompSubProtocol[processed CONNECT(0)-CONNECTED(0)-DISCONNECT(0)], stompBrokerRelay[null], inboundChannel[pool size = 0, active threads = 0, queued tasks = 0, completed tasks = 0], outboundChannel[pool size = 0, active threads = 0, queued tasks = 0, completed tasks = 0], sockJsScheduler[pool size = 4, active threads = 1, queued tasks = 0, completed tasks = 3]
2024-08-28 22:26:35 [MessageBroker-3] INFO  : WebSocketSession[0 current WS(0)-HttpStream(0)-HttpPoll(0), 0 total, 0 closed abnormally (0 connect failure, 0 send limit, 0 transport error)], stompSubProtocol[processed CONNECT(0)-CONNECTED(0)-DISCONNECT(0)], stompBrokerRelay[null], inboundChannel[pool size = 0, active threads = 0, queued tasks = 0, completed tasks = 0], outboundChannel[pool size = 0, active threads = 0, queued tasks = 0, completed tasks = 0], sockJsScheduler[pool size = 5, active threads = 1, queued tasks = 0, completed tasks = 4]
2024-08-28 22:36:20 [https-jsse-nio-8443-exec-2] ERROR : test: 
pl.kamjer.shoppinglistservice.exception.LogException: Attempt to invoke interface method 'void retrofit2.Call.enqueue(retrofit2.Callback)' on a null object reference
	at .synchronizeData(ShoppingServiceRepository.java:116)
	at .lambda$synchronizeData$4$pl-kamjer-shoppinglist-viewmodel-CustomViewModel(CustomViewModel.java:73)
	at .action(D8$$SyntheticClass:0)
	at .lambda$getAllDataAndAct$12$pl-kamjer-shoppinglist-repository-ShoppingRepository(ShoppingRepository.java:219)
	at .run(D8$$SyntheticClass:0)
	at .runWorker(ThreadPoolExecutor.java:1145)
	at .run(ThreadPoolExecutor.java:644)
	at .run(Thread.java:1012)
2024-08-28 22:36:29 [https-jsse-nio-8443-exec-5] ERROR : test: 
pl.kamjer.shoppinglistservice.exception.LogException: Attempt to invoke interface method 'void retrofit2.Call.enqueue(retrofit2.Callback)' on a null object reference
	at .synchronizeData(ShoppingServiceRepository.java:116)
	at .lambda$synchronizeData$4$pl-kamjer-shoppinglist-viewmodel-CustomViewModel(CustomViewModel.java:73)
	at .action(D8$$SyntheticClass:0)
	at .lambda$getAllDataAndAct$12$pl-kamjer-shoppinglist-repository-ShoppingRepository(ShoppingRepository.java:219)
	at .run(D8$$SyntheticClass:0)
	at .runWorker(ThreadPoolExecutor.java:1145)
	at .run(ThreadPoolExecutor.java:644)
	at .run(Thread.java:1012)
2024-08-28 22:36:35 [https-jsse-nio-8443-exec-6] ERROR : test: 
pl.kamjer.shoppinglistservice.exception.LogException: Attempt to invoke interface method 'void retrofit2.Call.enqueue(retrofit2.Callback)' on a null object reference
	at .synchronizeData(ShoppingServiceRepository.java:116)
	at .lambda$synchronizeData$4$pl-kamjer-shoppinglist-viewmodel-CustomViewModel(CustomViewModel.java:73)
	at .action(D8$$SyntheticClass:0)
	at .lambda$getAllDataAndAct$12$pl-kamjer-shoppinglist-repository-ShoppingRepository(ShoppingRepository.java:219)
	at .run(D8$$SyntheticClass:0)
	at .runWorker(ThreadPoolExecutor.java:1145)
	at .run(ThreadPoolExecutor.java:644)
	at .run(Thread.java:1012)
2024-08-28 22:39:12 [SpringApplicationShutdownHook] INFO  : Stopping...
2024-08-28 22:39:12 [SpringApplicationShutdownHook] INFO  : BrokerAvailabilityEvent[available=false, SimpleBrokerMessageHandler [org.springframework.messaging.simp.broker.DefaultSubscriptionRegistry@22351330]]
2024-08-28 22:39:12 [SpringApplicationShutdownHook] INFO  : Stopped.
2024-08-28 22:39:12 [SpringApplicationShutdownHook] INFO  : Closing JPA EntityManagerFactory for persistence unit 'default'
2024-08-28 22:39:12 [SpringApplicationShutdownHook] INFO  : HikariPool-1 - Shutdown initiated...
2024-08-28 22:39:12 [SpringApplicationShutdownHook] INFO  : HikariPool-1 - Shutdown completed.
2024-08-28 23:28:23 [background-preinit] INFO  : HV000001: Hibernate Validator 8.0.1.Final
2024-08-28 23:28:23 [main] INFO  : Starting ShoppingListServiceApplication using Java 17.0.11 with PID 8080 (C:\Users\kjerz\Desktop\projekty\ShoppingListService\target\classes started by kjerz in C:\Users\kjerz\Desktop\projekty\ShoppingListService)
2024-08-28 23:28:23 [main] INFO  : No active profile set, falling back to 1 default profile: "default"
2024-08-28 23:28:24 [main] INFO  : Bootstrapping Spring Data JPA repositories in DEFAULT mode.
2024-08-28 23:28:24 [main] INFO  : Finished Spring Data repository scanning in 88 ms. Found 4 JPA repository interfaces.
2024-08-28 23:28:24 [main] INFO  : Tomcat initialized with port 8443 (https)
2024-08-28 23:28:24 [main] INFO  : Initializing ProtocolHandler ["https-jsse-nio-8443"]
2024-08-28 23:28:24 [main] INFO  : Starting service [Tomcat]
2024-08-28 23:28:24 [main] INFO  : Starting Servlet engine: [Apache Tomcat/10.1.25]
2024-08-28 23:28:24 [main] INFO  : Initializing Spring embedded WebApplicationContext
2024-08-28 23:28:24 [main] INFO  : Root WebApplicationContext: initialization completed in 1229 ms
2024-08-28 23:28:25 [main] INFO  : HHH000204: Processing PersistenceUnitInfo [name: default]
2024-08-28 23:28:25 [main] INFO  : HHH000412: Hibernate ORM core version 6.5.2.Final
2024-08-28 23:28:25 [main] INFO  : HHH000026: Second-level cache disabled
2024-08-28 23:28:25 [main] INFO  : No LoadTimeWeaver setup: ignoring JPA class transformer
2024-08-28 23:28:25 [main] WARN  : HikariPool-1 - idleTimeout has been set but has no effect because the pool is operating as a fixed size pool.
2024-08-28 23:28:25 [main] INFO  : HikariPool-1 - Starting...
2024-08-28 23:28:25 [main] INFO  : HikariPool-1 - Added connection com.mysql.cj.jdbc.ConnectionImpl@2e09e367
2024-08-28 23:28:25 [main] INFO  : HikariPool-1 - Start completed.
2024-08-28 23:28:25 [main] WARN  : HHH90000025: MySQLDialect does not need to be specified explicitly using 'hibernate.dialect' (remove the property setting and it will be selected by default)
2024-08-28 23:28:26 [main] INFO  : HHH000489: No JTA platform available (set 'hibernate.transaction.jta.platform' to enable JTA platform integration)
2024-08-28 23:28:26 [main] INFO  : Initialized JPA EntityManagerFactory for persistence unit 'default'
2024-08-28 23:28:26 [main] WARN  : spring.jpa.open-in-view is enabled by default. Therefore, database queries may be performed during view rendering. Explicitly configure spring.jpa.open-in-view to disable this warning
2024-08-28 23:28:26 [main] INFO  : Global AuthenticationManager configured with UserDetailsService bean with name userDetailService
2024-08-28 23:28:26 [main] INFO  : Exposing 1 endpoint beneath base path '/actuator'
2024-08-28 23:28:27 [main] INFO  : Starting ProtocolHandler ["https-jsse-nio-8443"]
2024-08-28 23:28:27 [main] INFO  : Connector [https-jsse-nio-8443], TLS virtual host [_default_], certificate type [UNDEFINED] configured from keystore [C:\Users\kjerz\.keystore] using alias [shoppingListKey] with trust store [null]
2024-08-28 23:28:27 [main] INFO  : Tomcat started on port 8443 (https) with context path '/'
2024-08-28 23:28:27 [main] INFO  : Starting...
2024-08-28 23:28:27 [main] INFO  : BrokerAvailabilityEvent[available=true, SimpleBrokerMessageHandler [org.springframework.messaging.simp.broker.DefaultSubscriptionRegistry@669f2128]]
2024-08-28 23:28:27 [main] INFO  : Started.
2024-08-28 23:28:27 [main] INFO  : Started ShoppingListServiceApplication in 4.038 seconds (process running for 4.415)
2024-08-28 23:28:27 [RMI TCP Connection(3)-192.168.0.13] INFO  : Initializing Spring DispatcherServlet 'dispatcherServlet'
2024-08-28 23:28:27 [RMI TCP Connection(3)-192.168.0.13] INFO  : Initializing Servlet 'dispatcherServlet'
2024-08-28 23:28:27 [RMI TCP Connection(3)-192.168.0.13] INFO  : Completed initialization in 0 ms
2024-08-28 23:28:33 [https-jsse-nio-8443-exec-5] ERROR : test: 
pl.kamjer.shoppinglistservice.exception.LogException: Unable to start activity ComponentInfo{pl.kamjer.shoppinglist/pl.kamjer.shoppinglist.activity.shoppinglistactiviti.newshoppingitemdialog.NewShoppingItemDialog}: java.lang.NullPointerException: Attempt to invoke virtual method 'void androidx.lifecycle.LiveData.observe(androidx.lifecycle.LifecycleOwner, androidx.lifecycle.Observer)' on a null object reference
	at .performLaunchActivity(ActivityThread.java:3782)
	at .handleLaunchActivity(ActivityThread.java:3922)
	at .execute(LaunchActivityItem.java:103)
	at .executeCallbacks(TransactionExecutor.java:139)
	at .execute(TransactionExecutor.java:96)
	at .handleMessage(ActivityThread.java:2443)
	at .dispatchMessage(Handler.java:106)
	at .loopOnce(Looper.java:205)
	at .loop(Looper.java:294)
	at .main(ActivityThread.java:8177)
	at .invoke(Native Method)
	at .run(RuntimeInit.java:552)
	at .main(ZygoteInit.java:971)
2024-08-28 23:29:27 [MessageBroker-1] INFO  : WebSocketSession[0 current WS(0)-HttpStream(0)-HttpPoll(0), 0 total, 0 closed abnormally (0 connect failure, 0 send limit, 0 transport error)], stompSubProtocol[processed CONNECT(0)-CONNECTED(0)-DISCONNECT(0)], stompBrokerRelay[null], inboundChannel[pool size = 0, active threads = 0, queued tasks = 0, completed tasks = 0], outboundChannel[pool size = 0, active threads = 0, queued tasks = 0, completed tasks = 0], sockJsScheduler[pool size = 1, active threads = 1, queued tasks = 0, completed tasks = 0]
2024-08-28 23:34:48 [SpringApplicationShutdownHook] INFO  : Stopping...
2024-08-28 23:34:48 [SpringApplicationShutdownHook] INFO  : BrokerAvailabilityEvent[available=false, SimpleBrokerMessageHandler [org.springframework.messaging.simp.broker.DefaultSubscriptionRegistry@669f2128]]
2024-08-28 23:34:48 [SpringApplicationShutdownHook] INFO  : Stopped.
2024-08-28 23:34:48 [SpringApplicationShutdownHook] INFO  : Closing JPA EntityManagerFactory for persistence unit 'default'
2024-08-28 23:34:48 [SpringApplicationShutdownHook] INFO  : HikariPool-1 - Shutdown initiated...
2024-08-28 23:34:48 [SpringApplicationShutdownHook] INFO  : HikariPool-1 - Shutdown completed.
