2026-01-06 15:05:44 [background-preinit] INFO  : HV000001: Hibernate Validator 8.0.2.Final
2026-01-06 15:05:44 [main] INFO  : Starting ShoppingListServiceApplication using Java 21.0.3 with PID 6012 (C:\Users\kjerz\Desktop\programy programowanie\projekty\ShoppingListService\target\classes started by kjerz in C:\Users\kjerz\Desktop\programy programowanie\projekty\ShoppingListService)
2026-01-06 15:05:44 [main] INFO  : No active profile set, falling back to 1 default profile: "default"
2026-01-06 15:05:45 [main] INFO  : Bootstrapping Spring Data JPA repositories in DEFAULT mode.
2026-01-06 15:05:45 [main] INFO  : Finished Spring Data repository scanning in 116 ms. Found 3 JPA repository interfaces.
2026-01-06 15:05:46 [main] INFO  : Tomcat initialized with port 5443 (http)
2026-01-06 15:05:46 [main] INFO  : Initializing ProtocolHandler ["http-nio-5443"]
2026-01-06 15:05:46 [main] INFO  : Starting service [Tomcat]
2026-01-06 15:05:46 [main] INFO  : Starting Servlet engine: [Apache Tomcat/10.1.40]
2026-01-06 15:05:46 [main] INFO  : Initializing Spring embedded WebApplicationContext
2026-01-06 15:05:46 [main] INFO  : Root WebApplicationContext: initialization completed in 2065 ms
2026-01-06 15:05:47 [main] WARN  : Error: 1045-28000: Access denied for user 'kamil'@'localhost' (using password: YES)
2026-01-06 15:05:47 [main] WARN  : Exception encountered during context initialization - cancelling refresh attempt: org.springframework.beans.factory.BeanCreationException: Error creating bean with name 'entityManagerFactory' defined in class path resource [org/springframework/boot/autoconfigure/orm/jpa/HibernateJpaConfiguration.class]: Failed to initialize dependency 'flywayInitializer' of LoadTimeWeaverAware bean 'entityManagerFactory': Error creating bean with name 'flywayInitializer' defined in class path resource [org/springframework/boot/autoconfigure/flyway/FlywayAutoConfiguration$FlywayConfiguration.class]: Unable to obtain connection from database: (conn=170) Access denied for user 'kamil'@'localhost' (using password: YES)
----------------------------------------------------------------------------------------------------------------------
SQL State  : 28000
Error Code : 1045
Message    : (conn=170) Access denied for user 'kamil'@'localhost' (using password: YES)

2026-01-06 15:05:47 [main] INFO  : Stopping service [Tomcat]
2026-01-06 15:05:47 [main] INFO  : 

Error starting ApplicationContext. To display the condition evaluation report re-run your application with 'debug' enabled.
2026-01-06 15:05:47 [main] ERROR : Application run failed
org.springframework.beans.factory.BeanCreationException: Error creating bean with name 'entityManagerFactory' defined in class path resource [org/springframework/boot/autoconfigure/orm/jpa/HibernateJpaConfiguration.class]: Failed to initialize dependency 'flywayInitializer' of LoadTimeWeaverAware bean 'entityManagerFactory': Error creating bean with name 'flywayInitializer' defined in class path resource [org/springframework/boot/autoconfigure/flyway/FlywayAutoConfiguration$FlywayConfiguration.class]: Unable to obtain connection from database: (conn=170) Access denied for user 'kamil'@'localhost' (using password: YES)
----------------------------------------------------------------------------------------------------------------------
SQL State  : 28000
Error Code : 1045
Message    : (conn=170) Access denied for user 'kamil'@'localhost' (using password: YES)

	at org.springframework.beans.factory.support.AbstractBeanFactory.doGetBean(AbstractBeanFactory.java:328)
	at org.springframework.beans.factory.support.AbstractBeanFactory.getBean(AbstractBeanFactory.java:207)
	at org.springframework.context.support.AbstractApplicationContext.finishBeanFactoryInitialization(AbstractApplicationContext.java:970)
	at org.springframework.context.support.AbstractApplicationContext.refresh(AbstractApplicationContext.java:627)
	at org.springframework.boot.web.servlet.context.ServletWebServerApplicationContext.refresh(ServletWebServerApplicationContext.java:146)
	at org.springframework.boot.SpringApplication.refresh(SpringApplication.java:753)
	at org.springframework.boot.SpringApplication.refreshContext(SpringApplication.java:439)
	at org.springframework.boot.SpringApplication.run(SpringApplication.java:318)
	at org.springframework.boot.SpringApplication.run(SpringApplication.java:1362)
	at org.springframework.boot.SpringApplication.run(SpringApplication.java:1351)
	at pl.kamjer.shoppinglistservice.ShoppingListServiceApplication.main(ShoppingListServiceApplication.java:12)
Caused by: org.springframework.beans.factory.BeanCreationException: Error creating bean with name 'flywayInitializer' defined in class path resource [org/springframework/boot/autoconfigure/flyway/FlywayAutoConfiguration$FlywayConfiguration.class]: Unable to obtain connection from database: (conn=170) Access denied for user 'kamil'@'localhost' (using password: YES)
----------------------------------------------------------------------------------------------------------------------
SQL State  : 28000
Error Code : 1045
Message    : (conn=170) Access denied for user 'kamil'@'localhost' (using password: YES)

	at org.springframework.beans.factory.support.AbstractAutowireCapableBeanFactory.initializeBean(AbstractAutowireCapableBeanFactory.java:1818)
	at org.springframework.beans.factory.support.AbstractAutowireCapableBeanFactory.doCreateBean(AbstractAutowireCapableBeanFactory.java:607)
	at org.springframework.beans.factory.support.AbstractAutowireCapableBeanFactory.createBean(AbstractAutowireCapableBeanFactory.java:529)
	at org.springframework.beans.factory.support.AbstractBeanFactory.lambda$doGetBean$0(AbstractBeanFactory.java:339)
	at org.springframework.beans.factory.support.DefaultSingletonBeanRegistry.getSingleton(DefaultSingletonBeanRegistry.java:371)
	at org.springframework.beans.factory.support.AbstractBeanFactory.doGetBean(AbstractBeanFactory.java:337)
	at org.springframework.beans.factory.support.AbstractBeanFactory.getBean(AbstractBeanFactory.java:202)
	at org.springframework.beans.factory.support.AbstractBeanFactory.doGetBean(AbstractBeanFactory.java:315)
	... 10 common frames omitted
Caused by: org.flywaydb.core.internal.exception.FlywaySqlException: Unable to obtain connection from database: (conn=170) Access denied for user 'kamil'@'localhost' (using password: YES)
----------------------------------------------------------------------------------------------------------------------
SQL State  : 28000
Error Code : 1045
Message    : (conn=170) Access denied for user 'kamil'@'localhost' (using password: YES)

	at org.flywaydb.core.internal.jdbc.JdbcUtils.openConnection(JdbcUtils.java:71)
	at org.flywaydb.core.internal.jdbc.JdbcConnectionFactory.<init>(JdbcConnectionFactory.java:76)
	at org.flywaydb.core.FlywayExecutor.execute(FlywayExecutor.java:137)
	at org.flywaydb.core.Flyway.migrate(Flyway.java:176)
	at org.springframework.boot.autoconfigure.flyway.FlywayMigrationInitializer.afterPropertiesSet(FlywayMigrationInitializer.java:66)
	at org.springframework.beans.factory.support.AbstractAutowireCapableBeanFactory.invokeInitMethods(AbstractAutowireCapableBeanFactory.java:1865)
	at org.springframework.beans.factory.support.AbstractAutowireCapableBeanFactory.initializeBean(AbstractAutowireCapableBeanFactory.java:1814)
	... 17 common frames omitted
Caused by: java.sql.SQLInvalidAuthorizationSpecException: (conn=170) Access denied for user 'kamil'@'localhost' (using password: YES)
	at org.mariadb.jdbc.export.ExceptionFactory.createException(ExceptionFactory.java:293)
	at org.mariadb.jdbc.export.ExceptionFactory.create(ExceptionFactory.java:378)
	at org.mariadb.jdbc.client.impl.StandardClient.authenticationHandler(StandardClient.java:306)
	at org.mariadb.jdbc.client.impl.StandardClient.<init>(StandardClient.java:226)
	at org.mariadb.jdbc.Driver.connect(Driver.java:68)
	at org.mariadb.jdbc.Driver.connect(Driver.java:92)
	at org.mariadb.jdbc.Driver.connect(Driver.java:26)
	at org.springframework.jdbc.datasource.SimpleDriverDataSource.getConnectionFromDriver(SimpleDriverDataSource.java:144)
	at org.springframework.jdbc.datasource.AbstractDriverBasedDataSource.getConnectionFromDriver(AbstractDriverBasedDataSource.java:205)
	at org.springframework.jdbc.datasource.AbstractDriverBasedDataSource.getConnection(AbstractDriverBasedDataSource.java:169)
	at org.flywaydb.core.internal.jdbc.JdbcUtils.openConnection(JdbcUtils.java:59)
	... 23 common frames omitted
2026-01-06 15:06:21 [background-preinit] INFO  : HV000001: Hibernate Validator 8.0.2.Final
2026-01-06 15:06:21 [main] INFO  : Starting ShoppingListServiceApplication using Java 21.0.3 with PID 12932 (C:\Users\kjerz\Desktop\programy programowanie\projekty\ShoppingListService\target\classes started by kjerz in C:\Users\kjerz\Desktop\programy programowanie\projekty\ShoppingListService)
2026-01-06 15:06:21 [main] INFO  : No active profile set, falling back to 1 default profile: "default"
2026-01-06 15:06:22 [main] INFO  : Bootstrapping Spring Data JPA repositories in DEFAULT mode.
2026-01-06 15:06:22 [main] INFO  : Finished Spring Data repository scanning in 114 ms. Found 3 JPA repository interfaces.
2026-01-06 15:06:23 [main] INFO  : Tomcat initialized with port 5443 (http)
2026-01-06 15:06:23 [main] INFO  : Initializing ProtocolHandler ["http-nio-5443"]
2026-01-06 15:06:23 [main] INFO  : Starting service [Tomcat]
2026-01-06 15:06:23 [main] INFO  : Starting Servlet engine: [Apache Tomcat/10.1.40]
2026-01-06 15:06:23 [main] INFO  : Initializing Spring embedded WebApplicationContext
2026-01-06 15:06:23 [main] INFO  : Root WebApplicationContext: initialization completed in 2134 ms
2026-01-06 15:06:24 [main] WARN  : Error: 1193-HY000: Unknown system variable 'WSREP_ON'
2026-01-06 15:06:24 [main] INFO  : Database: jdbc:mariadb://localhost/shopping_list_db?user=root&password=******** (MariaDB 11.7)
2026-01-06 15:06:24 [main] WARN  : Flyway upgrade recommended: MariaDB 11.7 is newer than this version of Flyway and support has not been tested. The latest supported version of MariaDB is 11.2.
2026-01-06 15:06:24 [main] INFO  : Successfully validated 1 migration (execution time 00:00.014s)
2026-01-06 15:06:24 [main] INFO  : Current version of schema `shopping_list_db`: 2
2026-01-06 15:06:24 [main] ERROR : Schema `shopping_list_db` has version 2, but no migration could be resolved in the configured locations !
2026-01-06 15:06:24 [main] INFO  : Schema `shopping_list_db` is up to date. No migration necessary.
2026-01-06 15:06:24 [main] INFO  : HHH000204: Processing PersistenceUnitInfo [name: default]
2026-01-06 15:06:24 [main] INFO  : HHH000412: Hibernate ORM core version 6.5.2.Final
2026-01-06 15:06:24 [main] INFO  : HHH000026: Second-level cache disabled
2026-01-06 15:06:25 [main] INFO  : No LoadTimeWeaver setup: ignoring JPA class transformer
2026-01-06 15:06:25 [main] INFO  : HikariPool-1 - Starting...
2026-01-06 15:06:25 [main] INFO  : HikariPool-1 - Added connection org.mariadb.jdbc.Connection@f833223
2026-01-06 15:06:25 [main] INFO  : HikariPool-1 - Start completed.
2026-01-06 15:06:25 [main] WARN  : HHH90000025: MariaDBDialect does not need to be specified explicitly using 'hibernate.dialect' (remove the property setting and it will be selected by default)
2026-01-06 15:06:25 [main] INFO  : HHH000489: No JTA platform available (set 'hibernate.transaction.jta.platform' to enable JTA platform integration)
2026-01-06 15:06:25 [main] INFO  : Initialized JPA EntityManagerFactory for persistence unit 'default'
2026-01-06 15:06:26 [main] WARN  : spring.jpa.open-in-view is enabled by default. Therefore, database queries may be performed during view rendering. Explicitly configure spring.jpa.open-in-view to disable this warning
2026-01-06 15:06:26 [main] INFO  : Global AuthenticationManager configured with UserDetailsService bean with name userDetailService
2026-01-06 15:06:26 [main] INFO  : Exposing 0 endpoints beneath base path '/actuator'
2026-01-06 15:06:27 [main] INFO  : Starting ProtocolHandler ["http-nio-5443"]
2026-01-06 15:06:27 [main] INFO  : Tomcat started on port 5443 (http) with context path '/'
2026-01-06 15:06:27 [main] INFO  : Started ShoppingListServiceApplication in 6.243 seconds (process running for 6.583)
2026-01-06 15:27:01 [tomcat-handler-0] INFO  : Initializing Spring DispatcherServlet 'dispatcherServlet'
2026-01-06 15:27:01 [tomcat-handler-0] INFO  : Initializing Servlet 'dispatcherServlet'
2026-01-06 15:27:01 [tomcat-handler-0] INFO  : Completed initialization in 3 ms
2026-01-06 15:39:15 [HikariPool-1 housekeeper] WARN  : HikariPool-1 - Thread starvation or clock leap detected (housekeeper delta=49s260ms326µs600ns).
2026-01-06 15:40:02 [HikariPool-1 housekeeper] WARN  : HikariPool-1 - Thread starvation or clock leap detected (housekeeper delta=47s503ms766µs800ns).
2026-01-06 15:40:47 [SpringApplicationShutdownHook] INFO  : Commencing graceful shutdown. Waiting for active requests to complete
2026-01-06 15:40:47 [tomcat-shutdown] INFO  : Graceful shutdown complete
2026-01-06 15:40:49 [SpringApplicationShutdownHook] INFO  : Closing JPA EntityManagerFactory for persistence unit 'default'
2026-01-06 15:40:49 [SpringApplicationShutdownHook] INFO  : HikariPool-1 - Shutdown initiated...
2026-01-06 15:40:49 [SpringApplicationShutdownHook] INFO  : HikariPool-1 - Shutdown completed.
2026-01-06 15:50:17 [background-preinit] INFO  : HV000001: Hibernate Validator 8.0.2.Final
2026-01-06 15:50:17 [main] INFO  : Starting ShoppingListServiceApplication using Java 21.0.3 with PID 29656 (C:\Users\kjerz\Desktop\programy programowanie\projekty\ShoppingListService\target\classes started by kjerz in C:\Users\kjerz\Desktop\programy programowanie\projekty\ShoppingListService)
2026-01-06 15:50:17 [main] INFO  : No active profile set, falling back to 1 default profile: "default"
2026-01-06 15:50:17 [main] WARN  : Exception encountered during context initialization - cancelling refresh attempt: org.springframework.beans.factory.parsing.BeanDefinitionParsingException: Configuration problem: @Configuration class 'WebSecurityConfiguration' contains overloaded @Bean methods with name 'authenticationManager'. Use unique method names for separate bean definitions (with individual conditions etc) or switch '@Configuration.enforceUniqueMethods' to 'false'.
Offending resource: class path resource [pl/kamjer/shoppinglistservice/config/security/WebSecurityConfiguration.class]
2026-01-06 15:50:17 [main] INFO  : 

Error starting ApplicationContext. To display the condition evaluation report re-run your application with 'debug' enabled.
2026-01-06 15:50:17 [main] ERROR : Application run failed
org.springframework.beans.factory.parsing.BeanDefinitionParsingException: Configuration problem: @Configuration class 'WebSecurityConfiguration' contains overloaded @Bean methods with name 'authenticationManager'. Use unique method names for separate bean definitions (with individual conditions etc) or switch '@Configuration.enforceUniqueMethods' to 'false'.
Offending resource: class path resource [pl/kamjer/shoppinglistservice/config/security/WebSecurityConfiguration.class]
	at org.springframework.beans.factory.parsing.FailFastProblemReporter.error(FailFastProblemReporter.java:72)
	at org.springframework.context.annotation.ConfigurationClass.validate(ConfigurationClass.java:252)
	at org.springframework.context.annotation.ConfigurationClassParser.validate(ConfigurationClassParser.java:228)
	at org.springframework.context.annotation.ConfigurationClassPostProcessor.processConfigBeanDefinitions(ConfigurationClassPostProcessor.java:419)
	at org.springframework.context.annotation.ConfigurationClassPostProcessor.postProcessBeanDefinitionRegistry(ConfigurationClassPostProcessor.java:290)
	at org.springframework.context.support.PostProcessorRegistrationDelegate.invokeBeanDefinitionRegistryPostProcessors(PostProcessorRegistrationDelegate.java:349)
	at org.springframework.context.support.PostProcessorRegistrationDelegate.invokeBeanFactoryPostProcessors(PostProcessorRegistrationDelegate.java:118)
	at org.springframework.context.support.AbstractApplicationContext.invokeBeanFactoryPostProcessors(AbstractApplicationContext.java:791)
	at org.springframework.context.support.AbstractApplicationContext.refresh(AbstractApplicationContext.java:609)
	at org.springframework.boot.web.servlet.context.ServletWebServerApplicationContext.refresh(ServletWebServerApplicationContext.java:146)
	at org.springframework.boot.SpringApplication.refresh(SpringApplication.java:753)
	at org.springframework.boot.SpringApplication.refreshContext(SpringApplication.java:439)
	at org.springframework.boot.SpringApplication.run(SpringApplication.java:318)
	at org.springframework.boot.SpringApplication.run(SpringApplication.java:1362)
	at org.springframework.boot.SpringApplication.run(SpringApplication.java:1351)
	at pl.kamjer.shoppinglistservice.ShoppingListServiceApplication.main(ShoppingListServiceApplication.java:12)
2026-01-06 15:51:19 [background-preinit] INFO  : HV000001: Hibernate Validator 8.0.2.Final
2026-01-06 15:51:19 [main] INFO  : Starting ShoppingListServiceApplication using Java 21.0.3 with PID 3096 (C:\Users\kjerz\Desktop\programy programowanie\projekty\ShoppingListService\target\classes started by kjerz in C:\Users\kjerz\Desktop\programy programowanie\projekty\ShoppingListService)
2026-01-06 15:51:19 [main] INFO  : No active profile set, falling back to 1 default profile: "default"
2026-01-06 15:51:20 [main] INFO  : Bootstrapping Spring Data JPA repositories in DEFAULT mode.
2026-01-06 15:51:20 [main] INFO  : Finished Spring Data repository scanning in 120 ms. Found 3 JPA repository interfaces.
2026-01-06 15:51:21 [main] INFO  : Tomcat initialized with port 5443 (http)
2026-01-06 15:51:21 [main] INFO  : Initializing ProtocolHandler ["http-nio-5443"]
2026-01-06 15:51:21 [main] INFO  : Starting service [Tomcat]
2026-01-06 15:51:21 [main] INFO  : Starting Servlet engine: [Apache Tomcat/10.1.40]
2026-01-06 15:51:21 [main] INFO  : Initializing Spring embedded WebApplicationContext
2026-01-06 15:51:21 [main] INFO  : Root WebApplicationContext: initialization completed in 2203 ms
2026-01-06 15:51:22 [main] WARN  : Error: 1193-HY000: Unknown system variable 'WSREP_ON'
2026-01-06 15:51:22 [main] INFO  : Database: jdbc:mariadb://localhost/shopping_list_db?user=root&password=******** (MariaDB 11.7)
2026-01-06 15:51:22 [main] WARN  : Flyway upgrade recommended: MariaDB 11.7 is newer than this version of Flyway and support has not been tested. The latest supported version of MariaDB is 11.2.
2026-01-06 15:51:22 [main] INFO  : Successfully validated 1 migration (execution time 00:00.013s)
2026-01-06 15:51:22 [main] INFO  : Current version of schema `shopping_list_db`: 2
2026-01-06 15:51:22 [main] ERROR : Schema `shopping_list_db` has version 2, but no migration could be resolved in the configured locations !
2026-01-06 15:51:22 [main] INFO  : Schema `shopping_list_db` is up to date. No migration necessary.
2026-01-06 15:51:22 [main] INFO  : HHH000204: Processing PersistenceUnitInfo [name: default]
2026-01-06 15:51:22 [main] INFO  : HHH000412: Hibernate ORM core version 6.5.2.Final
2026-01-06 15:51:22 [main] INFO  : HHH000026: Second-level cache disabled
2026-01-06 15:51:22 [main] INFO  : No LoadTimeWeaver setup: ignoring JPA class transformer
2026-01-06 15:51:22 [main] INFO  : HikariPool-1 - Starting...
2026-01-06 15:51:22 [main] INFO  : HikariPool-1 - Added connection org.mariadb.jdbc.Connection@1361e880
2026-01-06 15:51:22 [main] INFO  : HikariPool-1 - Start completed.
2026-01-06 15:51:22 [main] WARN  : HHH90000025: MariaDBDialect does not need to be specified explicitly using 'hibernate.dialect' (remove the property setting and it will be selected by default)
2026-01-06 15:51:23 [main] INFO  : HHH000489: No JTA platform available (set 'hibernate.transaction.jta.platform' to enable JTA platform integration)
2026-01-06 15:51:23 [main] INFO  : Initialized JPA EntityManagerFactory for persistence unit 'default'
2026-01-06 15:51:24 [main] WARN  : spring.jpa.open-in-view is enabled by default. Therefore, database queries may be performed during view rendering. Explicitly configure spring.jpa.open-in-view to disable this warning
2026-01-06 15:51:24 [main] INFO  : Global AuthenticationManager configured with AuthenticationProvider bean with name remoteAuthProvider
2026-01-06 15:51:24 [main] WARN  : Global AuthenticationManager configured with an AuthenticationProvider bean. UserDetailsService beans will not be used by Spring Security for automatically configuring username/password login. Consider removing the AuthenticationProvider bean. Alternatively, consider using the UserDetailsService in a manually instantiated DaoAuthenticationProvider. If the current configuration is intentional, to turn off this warning, increase the logging level of 'org.springframework.security.config.annotation.authentication.configuration.InitializeUserDetailsBeanManagerConfigurer' to ERROR
2026-01-06 15:51:24 [main] INFO  : Exposing 0 endpoints beneath base path '/actuator'
2026-01-06 15:51:25 [main] INFO  : Starting ProtocolHandler ["http-nio-5443"]
2026-01-06 15:51:25 [main] INFO  : Tomcat started on port 5443 (http) with context path '/'
2026-01-06 15:51:25 [main] INFO  : Started ShoppingListServiceApplication in 6.58 seconds (process running for 6.933)
2026-01-06 15:51:33 [tomcat-handler-0] INFO  : Initializing Spring DispatcherServlet 'dispatcherServlet'
2026-01-06 15:51:33 [tomcat-handler-0] INFO  : Initializing Servlet 'dispatcherServlet'
2026-01-06 15:51:33 [tomcat-handler-0] INFO  : Completed initialization in 1 ms
2026-01-06 15:52:32 [SpringApplicationShutdownHook] INFO  : Commencing graceful shutdown. Waiting for active requests to complete
2026-01-06 15:52:32 [tomcat-shutdown] INFO  : Graceful shutdown complete
2026-01-06 15:52:34 [SpringApplicationShutdownHook] INFO  : Closing JPA EntityManagerFactory for persistence unit 'default'
2026-01-06 15:52:34 [SpringApplicationShutdownHook] INFO  : HikariPool-1 - Shutdown initiated...
2026-01-06 15:52:34 [SpringApplicationShutdownHook] INFO  : HikariPool-1 - Shutdown completed.
2026-01-06 15:52:50 [background-preinit] INFO  : HV000001: Hibernate Validator 8.0.2.Final
2026-01-06 15:52:50 [main] INFO  : Starting ShoppingListServiceApplication using Java 21.0.3 with PID 13320 (C:\Users\kjerz\Desktop\programy programowanie\projekty\ShoppingListService\target\classes started by kjerz in C:\Users\kjerz\Desktop\programy programowanie\projekty\ShoppingListService)
2026-01-06 15:52:50 [main] INFO  : No active profile set, falling back to 1 default profile: "default"
2026-01-06 15:52:51 [main] INFO  : Bootstrapping Spring Data JPA repositories in DEFAULT mode.
2026-01-06 15:52:51 [main] INFO  : Finished Spring Data repository scanning in 123 ms. Found 3 JPA repository interfaces.
2026-01-06 15:52:52 [main] INFO  : Tomcat initialized with port 5443 (http)
2026-01-06 15:52:52 [main] INFO  : Initializing ProtocolHandler ["http-nio-5443"]
2026-01-06 15:52:52 [main] INFO  : Starting service [Tomcat]
2026-01-06 15:52:52 [main] INFO  : Starting Servlet engine: [Apache Tomcat/10.1.40]
2026-01-06 15:52:52 [main] INFO  : Initializing Spring embedded WebApplicationContext
2026-01-06 15:52:52 [main] INFO  : Root WebApplicationContext: initialization completed in 2258 ms
2026-01-06 15:52:53 [main] WARN  : Error: 1193-HY000: Unknown system variable 'WSREP_ON'
2026-01-06 15:52:53 [main] INFO  : Database: jdbc:mariadb://localhost/shopping_list_db?user=root&password=******** (MariaDB 11.7)
2026-01-06 15:52:53 [main] WARN  : Flyway upgrade recommended: MariaDB 11.7 is newer than this version of Flyway and support has not been tested. The latest supported version of MariaDB is 11.2.
2026-01-06 15:52:53 [main] INFO  : Successfully validated 1 migration (execution time 00:00.012s)
2026-01-06 15:52:53 [main] INFO  : Current version of schema `shopping_list_db`: 2
2026-01-06 15:52:53 [main] ERROR : Schema `shopping_list_db` has version 2, but no migration could be resolved in the configured locations !
2026-01-06 15:52:53 [main] INFO  : Schema `shopping_list_db` is up to date. No migration necessary.
2026-01-06 15:52:53 [main] INFO  : HHH000204: Processing PersistenceUnitInfo [name: default]
2026-01-06 15:52:53 [main] INFO  : HHH000412: Hibernate ORM core version 6.5.2.Final
2026-01-06 15:52:53 [main] INFO  : HHH000026: Second-level cache disabled
2026-01-06 15:52:54 [main] INFO  : No LoadTimeWeaver setup: ignoring JPA class transformer
2026-01-06 15:52:54 [main] INFO  : HikariPool-1 - Starting...
2026-01-06 15:52:54 [main] INFO  : HikariPool-1 - Added connection org.mariadb.jdbc.Connection@1361e880
2026-01-06 15:52:54 [main] INFO  : HikariPool-1 - Start completed.
2026-01-06 15:52:54 [main] WARN  : HHH90000025: MariaDBDialect does not need to be specified explicitly using 'hibernate.dialect' (remove the property setting and it will be selected by default)
2026-01-06 15:52:55 [main] INFO  : HHH000489: No JTA platform available (set 'hibernate.transaction.jta.platform' to enable JTA platform integration)
2026-01-06 15:52:55 [main] INFO  : Initialized JPA EntityManagerFactory for persistence unit 'default'
2026-01-06 15:52:55 [main] WARN  : spring.jpa.open-in-view is enabled by default. Therefore, database queries may be performed during view rendering. Explicitly configure spring.jpa.open-in-view to disable this warning
2026-01-06 15:52:55 [main] INFO  : Global AuthenticationManager configured with AuthenticationProvider bean with name remoteAuthProvider
2026-01-06 15:52:55 [main] WARN  : Global AuthenticationManager configured with an AuthenticationProvider bean. UserDetailsService beans will not be used by Spring Security for automatically configuring username/password login. Consider removing the AuthenticationProvider bean. Alternatively, consider using the UserDetailsService in a manually instantiated DaoAuthenticationProvider. If the current configuration is intentional, to turn off this warning, increase the logging level of 'org.springframework.security.config.annotation.authentication.configuration.InitializeUserDetailsBeanManagerConfigurer' to ERROR
2026-01-06 15:52:56 [main] INFO  : Exposing 0 endpoints beneath base path '/actuator'
2026-01-06 15:52:56 [main] INFO  : Starting ProtocolHandler ["http-nio-5443"]
2026-01-06 15:52:56 [main] INFO  : Tomcat started on port 5443 (http) with context path '/'
2026-01-06 15:52:56 [main] INFO  : Started ShoppingListServiceApplication in 6.796 seconds (process running for 7.189)
2026-01-06 15:54:04 [tomcat-handler-0] INFO  : Initializing Spring DispatcherServlet 'dispatcherServlet'
2026-01-06 15:54:04 [tomcat-handler-0] INFO  : Initializing Servlet 'dispatcherServlet'
2026-01-06 15:54:04 [tomcat-handler-0] INFO  : Completed initialization in 1 ms
2026-01-06 15:54:50 [HikariPool-1 housekeeper] WARN  : HikariPool-1 - Thread starvation or clock leap detected (housekeeper delta=56s696ms303µs400ns).
2026-01-06 15:54:54 [tomcat-handler-0] INFO  : New session connected: b2560bf8-1007-d913-54d7-c5f0f3282d65, user: t1
2026-01-06 15:54:54 [tomcat-handler-0] ERROR : Error null - session: b2560bf8-1007-d913-54d7-c5f0f3282d65 from: UsernamePasswordAuthenticationToken [Principal=t1, Credentials=[PROTECTED], Authenticated=true, Details=WebAuthenticationDetails [RemoteIpAddress=192.168.0.13, SessionId=null], Granted Authorities=[ROLE_USER]]
2026-01-06 15:54:54 [tomcat-handler-0] INFO  : Session closing: b2560bf8-1007-d913-54d7-c5f0f3282d65 - reason: null
2026-01-06 15:55:29 [tomcat-handler-1] INFO  : New session connected: 2452b186-9e58-1f3d-44a9-01b1c2d3598a, user: t1
2026-01-06 15:55:29 [tomcat-handler-1] ERROR : Error null - session: 2452b186-9e58-1f3d-44a9-01b1c2d3598a from: UsernamePasswordAuthenticationToken [Principal=t1, Credentials=[PROTECTED], Authenticated=true, Details=WebAuthenticationDetails [RemoteIpAddress=192.168.0.13, SessionId=null], Granted Authorities=[ROLE_USER]]
2026-01-06 15:55:29 [tomcat-handler-1] INFO  : Session closing: 2452b186-9e58-1f3d-44a9-01b1c2d3598a - reason: null
2026-01-06 16:56:03 [tomcat-handler-2] INFO  : New session connected: e2908c8e-a7b7-db8a-5c01-a30bec5bc1fb, user: t1
2026-01-06 16:56:03 [tomcat-handler-3] INFO  : New message from user: t1
2026-01-06 16:56:03 [tomcat-handler-3] INFO  : End of message processing - session: e2908c8e-a7b7-db8a-5c01-a30bec5bc1fb from: UsernamePasswordAuthenticationToken [Principal=t1, Credentials=[PROTECTED], Authenticated=true, Details=WebAuthenticationDetails [RemoteIpAddress=192.168.0.13, SessionId=null], Granted Authorities=[ROLE_USER]]
2026-01-06 16:56:03 [tomcat-handler-4] INFO  : New message from user: t1
2026-01-06 16:56:03 [tomcat-handler-4] INFO  : End of message processing - session: e2908c8e-a7b7-db8a-5c01-a30bec5bc1fb from: UsernamePasswordAuthenticationToken [Principal=t1, Credentials=[PROTECTED], Authenticated=true, Details=WebAuthenticationDetails [RemoteIpAddress=192.168.0.13, SessionId=null], Granted Authorities=[ROLE_USER]]
2026-01-06 16:56:03 [tomcat-handler-5] INFO  : New message from user: t1
2026-01-06 16:56:03 [tomcat-handler-5] INFO  : End of message processing - session: e2908c8e-a7b7-db8a-5c01-a30bec5bc1fb from: UsernamePasswordAuthenticationToken [Principal=t1, Credentials=[PROTECTED], Authenticated=true, Details=WebAuthenticationDetails [RemoteIpAddress=192.168.0.13, SessionId=null], Granted Authorities=[ROLE_USER]]
2026-01-06 16:56:03 [tomcat-handler-6] INFO  : New message from user: t1
2026-01-06 16:56:03 [tomcat-handler-6] INFO  : End of message processing - session: e2908c8e-a7b7-db8a-5c01-a30bec5bc1fb from: UsernamePasswordAuthenticationToken [Principal=t1, Credentials=[PROTECTED], Authenticated=true, Details=WebAuthenticationDetails [RemoteIpAddress=192.168.0.13, SessionId=null], Granted Authorities=[ROLE_USER]]
2026-01-06 16:56:03 [tomcat-handler-7] INFO  : New message from user: t1
2026-01-06 16:56:03 [tomcat-handler-7] INFO  : End of message processing - session: e2908c8e-a7b7-db8a-5c01-a30bec5bc1fb from: UsernamePasswordAuthenticationToken [Principal=t1, Credentials=[PROTECTED], Authenticated=true, Details=WebAuthenticationDetails [RemoteIpAddress=192.168.0.13, SessionId=null], Granted Authorities=[ROLE_USER]]
2026-01-06 16:56:03 [tomcat-handler-8] INFO  : New message from user: t1
2026-01-06 16:56:03 [tomcat-handler-8] INFO  : End of message processing - session: e2908c8e-a7b7-db8a-5c01-a30bec5bc1fb from: UsernamePasswordAuthenticationToken [Principal=t1, Credentials=[PROTECTED], Authenticated=true, Details=WebAuthenticationDetails [RemoteIpAddress=192.168.0.13, SessionId=null], Granted Authorities=[ROLE_USER]]
2026-01-06 16:56:03 [tomcat-handler-9] INFO  : New message from user: t1
2026-01-06 16:56:03 [tomcat-handler-9] INFO  : End of message processing - session: e2908c8e-a7b7-db8a-5c01-a30bec5bc1fb from: UsernamePasswordAuthenticationToken [Principal=t1, Credentials=[PROTECTED], Authenticated=true, Details=WebAuthenticationDetails [RemoteIpAddress=192.168.0.13, SessionId=null], Granted Authorities=[ROLE_USER]]
2026-01-06 16:56:03 [tomcat-handler-10] INFO  : New message from user: t1
2026-01-06 16:56:03 [tomcat-handler-10] INFO  : End of message processing - session: e2908c8e-a7b7-db8a-5c01-a30bec5bc1fb from: UsernamePasswordAuthenticationToken [Principal=t1, Credentials=[PROTECTED], Authenticated=true, Details=WebAuthenticationDetails [RemoteIpAddress=192.168.0.13, SessionId=null], Granted Authorities=[ROLE_USER]]
2026-01-06 16:56:03 [tomcat-handler-11] INFO  : New message from user: t1
2026-01-06 16:56:03 [tomcat-handler-11] INFO  : End of message processing - session: e2908c8e-a7b7-db8a-5c01-a30bec5bc1fb from: UsernamePasswordAuthenticationToken [Principal=t1, Credentials=[PROTECTED], Authenticated=true, Details=WebAuthenticationDetails [RemoteIpAddress=192.168.0.13, SessionId=null], Granted Authorities=[ROLE_USER]]
2026-01-06 16:56:03 [tomcat-handler-12] INFO  : New message from user: t1
2026-01-06 16:56:03 [tomcat-handler-12] INFO  : End of message processing - session: e2908c8e-a7b7-db8a-5c01-a30bec5bc1fb from: UsernamePasswordAuthenticationToken [Principal=t1, Credentials=[PROTECTED], Authenticated=true, Details=WebAuthenticationDetails [RemoteIpAddress=192.168.0.13, SessionId=null], Granted Authorities=[ROLE_USER]]
2026-01-06 16:56:03 [tomcat-handler-13] INFO  : New message from user: t1
2026-01-06 16:56:03 [tomcat-handler-13] INFO  : End of message processing - session: e2908c8e-a7b7-db8a-5c01-a30bec5bc1fb from: UsernamePasswordAuthenticationToken [Principal=t1, Credentials=[PROTECTED], Authenticated=true, Details=WebAuthenticationDetails [RemoteIpAddress=192.168.0.13, SessionId=null], Granted Authorities=[ROLE_USER]]
2026-01-06 16:56:03 [tomcat-handler-14] INFO  : New message from user: t1
2026-01-06 16:56:03 [tomcat-handler-14] INFO  : End of message processing - session: e2908c8e-a7b7-db8a-5c01-a30bec5bc1fb from: UsernamePasswordAuthenticationToken [Principal=t1, Credentials=[PROTECTED], Authenticated=true, Details=WebAuthenticationDetails [RemoteIpAddress=192.168.0.13, SessionId=null], Granted Authorities=[ROLE_USER]]
2026-01-06 16:56:03 [tomcat-handler-15] INFO  : New message from user: t1
2026-01-06 16:56:03 [tomcat-handler-15] INFO  : /synchronizeData connected: User UsernamePasswordAuthenticationToken [Principal=t1, Credentials=[PROTECTED], Authenticated=true, Details=WebAuthenticationDetails [RemoteIpAddress=192.168.0.13, SessionId=null], Granted Authorities=[ROLE_USER]]
2026-01-06 16:56:05 [tomcat-handler-15] INFO  : Sending message to owner: e2908c8e-a7b7-db8a-5c01-a30bec5bc1fb
2026-01-06 16:56:05 [tomcat-handler-15] INFO  : End of message processing - session: e2908c8e-a7b7-db8a-5c01-a30bec5bc1fb from: UsernamePasswordAuthenticationToken [Principal=t1, Credentials=[PROTECTED], Authenticated=true, Details=WebAuthenticationDetails [RemoteIpAddress=192.168.0.13, SessionId=null], Granted Authorities=[ROLE_USER]]
2026-01-06 16:56:39 [tomcat-handler-16] INFO  : Session closing: e2908c8e-a7b7-db8a-5c01-a30bec5bc1fb - reason: finished
2026-01-06 16:56:54 [tomcat-handler-17] INFO  : New session connected: 001ec2f7-e4c8-1810-d4b8-11ca4d2022b8, user: t1
2026-01-06 16:56:54 [tomcat-handler-17] ERROR : Error null - session: 001ec2f7-e4c8-1810-d4b8-11ca4d2022b8 from: UsernamePasswordAuthenticationToken [Principal=t1, Credentials=[PROTECTED], Authenticated=true, Details=WebAuthenticationDetails [RemoteIpAddress=192.168.0.13, SessionId=null], Granted Authorities=[ROLE_USER]]
2026-01-06 16:56:54 [tomcat-handler-17] INFO  : Session closing: 001ec2f7-e4c8-1810-d4b8-11ca4d2022b8 - reason: null
2026-01-06 16:57:00 [tomcat-handler-18] INFO  : New session connected: c9c83940-3c93-adee-3e37-3ac36a7e7cb9, user: t1
2026-01-06 16:57:00 [tomcat-handler-19] INFO  : New message from user: t1
2026-01-06 16:57:00 [tomcat-handler-19] INFO  : End of message processing - session: c9c83940-3c93-adee-3e37-3ac36a7e7cb9 from: UsernamePasswordAuthenticationToken [Principal=t1, Credentials=[PROTECTED], Authenticated=true, Details=WebAuthenticationDetails [RemoteIpAddress=192.168.0.13, SessionId=null], Granted Authorities=[ROLE_USER]]
2026-01-06 16:57:00 [tomcat-handler-20] INFO  : New message from user: t1
2026-01-06 16:57:00 [tomcat-handler-20] INFO  : End of message processing - session: c9c83940-3c93-adee-3e37-3ac36a7e7cb9 from: UsernamePasswordAuthenticationToken [Principal=t1, Credentials=[PROTECTED], Authenticated=true, Details=WebAuthenticationDetails [RemoteIpAddress=192.168.0.13, SessionId=null], Granted Authorities=[ROLE_USER]]
2026-01-06 16:57:00 [tomcat-handler-21] INFO  : New message from user: t1
2026-01-06 16:57:00 [tomcat-handler-21] INFO  : End of message processing - session: c9c83940-3c93-adee-3e37-3ac36a7e7cb9 from: UsernamePasswordAuthenticationToken [Principal=t1, Credentials=[PROTECTED], Authenticated=true, Details=WebAuthenticationDetails [RemoteIpAddress=192.168.0.13, SessionId=null], Granted Authorities=[ROLE_USER]]
2026-01-06 16:57:00 [tomcat-handler-22] INFO  : New message from user: t1
2026-01-06 16:57:00 [tomcat-handler-22] INFO  : End of message processing - session: c9c83940-3c93-adee-3e37-3ac36a7e7cb9 from: UsernamePasswordAuthenticationToken [Principal=t1, Credentials=[PROTECTED], Authenticated=true, Details=WebAuthenticationDetails [RemoteIpAddress=192.168.0.13, SessionId=null], Granted Authorities=[ROLE_USER]]
2026-01-06 16:57:00 [tomcat-handler-23] INFO  : New message from user: t1
2026-01-06 16:57:00 [tomcat-handler-23] INFO  : End of message processing - session: c9c83940-3c93-adee-3e37-3ac36a7e7cb9 from: UsernamePasswordAuthenticationToken [Principal=t1, Credentials=[PROTECTED], Authenticated=true, Details=WebAuthenticationDetails [RemoteIpAddress=192.168.0.13, SessionId=null], Granted Authorities=[ROLE_USER]]
2026-01-06 16:57:00 [tomcat-handler-24] INFO  : New message from user: t1
2026-01-06 16:57:00 [tomcat-handler-24] INFO  : End of message processing - session: c9c83940-3c93-adee-3e37-3ac36a7e7cb9 from: UsernamePasswordAuthenticationToken [Principal=t1, Credentials=[PROTECTED], Authenticated=true, Details=WebAuthenticationDetails [RemoteIpAddress=192.168.0.13, SessionId=null], Granted Authorities=[ROLE_USER]]
2026-01-06 16:57:00 [tomcat-handler-25] INFO  : New message from user: t1
2026-01-06 16:57:00 [tomcat-handler-25] INFO  : End of message processing - session: c9c83940-3c93-adee-3e37-3ac36a7e7cb9 from: UsernamePasswordAuthenticationToken [Principal=t1, Credentials=[PROTECTED], Authenticated=true, Details=WebAuthenticationDetails [RemoteIpAddress=192.168.0.13, SessionId=null], Granted Authorities=[ROLE_USER]]
2026-01-06 16:57:00 [tomcat-handler-26] INFO  : New message from user: t1
2026-01-06 16:57:00 [tomcat-handler-26] INFO  : End of message processing - session: c9c83940-3c93-adee-3e37-3ac36a7e7cb9 from: UsernamePasswordAuthenticationToken [Principal=t1, Credentials=[PROTECTED], Authenticated=true, Details=WebAuthenticationDetails [RemoteIpAddress=192.168.0.13, SessionId=null], Granted Authorities=[ROLE_USER]]
2026-01-06 16:57:00 [tomcat-handler-27] INFO  : New message from user: t1
2026-01-06 16:57:00 [tomcat-handler-27] INFO  : End of message processing - session: c9c83940-3c93-adee-3e37-3ac36a7e7cb9 from: UsernamePasswordAuthenticationToken [Principal=t1, Credentials=[PROTECTED], Authenticated=true, Details=WebAuthenticationDetails [RemoteIpAddress=192.168.0.13, SessionId=null], Granted Authorities=[ROLE_USER]]
2026-01-06 16:57:00 [tomcat-handler-28] INFO  : New message from user: t1
2026-01-06 16:57:00 [tomcat-handler-28] INFO  : End of message processing - session: c9c83940-3c93-adee-3e37-3ac36a7e7cb9 from: UsernamePasswordAuthenticationToken [Principal=t1, Credentials=[PROTECTED], Authenticated=true, Details=WebAuthenticationDetails [RemoteIpAddress=192.168.0.13, SessionId=null], Granted Authorities=[ROLE_USER]]
2026-01-06 16:57:00 [tomcat-handler-29] INFO  : New message from user: t1
2026-01-06 16:57:00 [tomcat-handler-29] INFO  : End of message processing - session: c9c83940-3c93-adee-3e37-3ac36a7e7cb9 from: UsernamePasswordAuthenticationToken [Principal=t1, Credentials=[PROTECTED], Authenticated=true, Details=WebAuthenticationDetails [RemoteIpAddress=192.168.0.13, SessionId=null], Granted Authorities=[ROLE_USER]]
2026-01-06 16:57:00 [tomcat-handler-30] INFO  : New message from user: t1
2026-01-06 16:57:00 [tomcat-handler-30] INFO  : End of message processing - session: c9c83940-3c93-adee-3e37-3ac36a7e7cb9 from: UsernamePasswordAuthenticationToken [Principal=t1, Credentials=[PROTECTED], Authenticated=true, Details=WebAuthenticationDetails [RemoteIpAddress=192.168.0.13, SessionId=null], Granted Authorities=[ROLE_USER]]
2026-01-06 16:57:00 [tomcat-handler-31] INFO  : New message from user: t1
2026-01-06 16:57:00 [tomcat-handler-31] INFO  : /synchronizeData connected: User UsernamePasswordAuthenticationToken [Principal=t1, Credentials=[PROTECTED], Authenticated=true, Details=WebAuthenticationDetails [RemoteIpAddress=192.168.0.13, SessionId=null], Granted Authorities=[ROLE_USER]]
2026-01-06 16:57:00 [tomcat-handler-31] INFO  : Sending message to owner: c9c83940-3c93-adee-3e37-3ac36a7e7cb9
2026-01-06 16:57:00 [tomcat-handler-31] INFO  : End of message processing - session: c9c83940-3c93-adee-3e37-3ac36a7e7cb9 from: UsernamePasswordAuthenticationToken [Principal=t1, Credentials=[PROTECTED], Authenticated=true, Details=WebAuthenticationDetails [RemoteIpAddress=192.168.0.13, SessionId=null], Granted Authorities=[ROLE_USER]]
2026-01-06 16:57:08 [tomcat-handler-32] INFO  : Session closing: c9c83940-3c93-adee-3e37-3ac36a7e7cb9 - reason: finished
2026-01-06 16:57:11 [tomcat-handler-33] INFO  : New session connected: ce2a8158-480e-cd4d-b3b8-67aa8e6e05f3, user: t1
2026-01-06 16:57:11 [tomcat-handler-34] INFO  : New message from user: t1
2026-01-06 16:57:11 [tomcat-handler-34] INFO  : End of message processing - session: ce2a8158-480e-cd4d-b3b8-67aa8e6e05f3 from: UsernamePasswordAuthenticationToken [Principal=t1, Credentials=[PROTECTED], Authenticated=true, Details=WebAuthenticationDetails [RemoteIpAddress=192.168.0.13, SessionId=null], Granted Authorities=[ROLE_USER]]
2026-01-06 16:57:11 [tomcat-handler-35] INFO  : New message from user: t1
2026-01-06 16:57:12 [tomcat-handler-35] INFO  : End of message processing - session: ce2a8158-480e-cd4d-b3b8-67aa8e6e05f3 from: UsernamePasswordAuthenticationToken [Principal=t1, Credentials=[PROTECTED], Authenticated=true, Details=WebAuthenticationDetails [RemoteIpAddress=192.168.0.13, SessionId=null], Granted Authorities=[ROLE_USER]]
2026-01-06 16:57:12 [tomcat-handler-36] INFO  : New message from user: t1
2026-01-06 16:57:12 [tomcat-handler-36] INFO  : End of message processing - session: ce2a8158-480e-cd4d-b3b8-67aa8e6e05f3 from: UsernamePasswordAuthenticationToken [Principal=t1, Credentials=[PROTECTED], Authenticated=true, Details=WebAuthenticationDetails [RemoteIpAddress=192.168.0.13, SessionId=null], Granted Authorities=[ROLE_USER]]
2026-01-06 16:57:12 [tomcat-handler-37] INFO  : New message from user: t1
2026-01-06 16:57:12 [tomcat-handler-37] INFO  : End of message processing - session: ce2a8158-480e-cd4d-b3b8-67aa8e6e05f3 from: UsernamePasswordAuthenticationToken [Principal=t1, Credentials=[PROTECTED], Authenticated=true, Details=WebAuthenticationDetails [RemoteIpAddress=192.168.0.13, SessionId=null], Granted Authorities=[ROLE_USER]]
2026-01-06 16:57:12 [tomcat-handler-38] INFO  : New message from user: t1
2026-01-06 16:57:12 [tomcat-handler-38] INFO  : End of message processing - session: ce2a8158-480e-cd4d-b3b8-67aa8e6e05f3 from: UsernamePasswordAuthenticationToken [Principal=t1, Credentials=[PROTECTED], Authenticated=true, Details=WebAuthenticationDetails [RemoteIpAddress=192.168.0.13, SessionId=null], Granted Authorities=[ROLE_USER]]
2026-01-06 16:57:12 [tomcat-handler-39] INFO  : New message from user: t1
2026-01-06 16:57:12 [tomcat-handler-39] INFO  : End of message processing - session: ce2a8158-480e-cd4d-b3b8-67aa8e6e05f3 from: UsernamePasswordAuthenticationToken [Principal=t1, Credentials=[PROTECTED], Authenticated=true, Details=WebAuthenticationDetails [RemoteIpAddress=192.168.0.13, SessionId=null], Granted Authorities=[ROLE_USER]]
2026-01-06 16:57:12 [tomcat-handler-40] INFO  : New message from user: t1
2026-01-06 16:57:12 [tomcat-handler-40] INFO  : End of message processing - session: ce2a8158-480e-cd4d-b3b8-67aa8e6e05f3 from: UsernamePasswordAuthenticationToken [Principal=t1, Credentials=[PROTECTED], Authenticated=true, Details=WebAuthenticationDetails [RemoteIpAddress=192.168.0.13, SessionId=null], Granted Authorities=[ROLE_USER]]
2026-01-06 16:57:12 [tomcat-handler-41] INFO  : New message from user: t1
2026-01-06 16:57:12 [tomcat-handler-41] INFO  : End of message processing - session: ce2a8158-480e-cd4d-b3b8-67aa8e6e05f3 from: UsernamePasswordAuthenticationToken [Principal=t1, Credentials=[PROTECTED], Authenticated=true, Details=WebAuthenticationDetails [RemoteIpAddress=192.168.0.13, SessionId=null], Granted Authorities=[ROLE_USER]]
2026-01-06 16:57:12 [tomcat-handler-42] INFO  : New message from user: t1
2026-01-06 16:57:12 [tomcat-handler-42] INFO  : End of message processing - session: ce2a8158-480e-cd4d-b3b8-67aa8e6e05f3 from: UsernamePasswordAuthenticationToken [Principal=t1, Credentials=[PROTECTED], Authenticated=true, Details=WebAuthenticationDetails [RemoteIpAddress=192.168.0.13, SessionId=null], Granted Authorities=[ROLE_USER]]
2026-01-06 16:57:12 [tomcat-handler-43] INFO  : New message from user: t1
2026-01-06 16:57:12 [tomcat-handler-43] INFO  : End of message processing - session: ce2a8158-480e-cd4d-b3b8-67aa8e6e05f3 from: UsernamePasswordAuthenticationToken [Principal=t1, Credentials=[PROTECTED], Authenticated=true, Details=WebAuthenticationDetails [RemoteIpAddress=192.168.0.13, SessionId=null], Granted Authorities=[ROLE_USER]]
2026-01-06 16:57:12 [tomcat-handler-44] INFO  : New message from user: t1
2026-01-06 16:57:12 [tomcat-handler-44] INFO  : End of message processing - session: ce2a8158-480e-cd4d-b3b8-67aa8e6e05f3 from: UsernamePasswordAuthenticationToken [Principal=t1, Credentials=[PROTECTED], Authenticated=true, Details=WebAuthenticationDetails [RemoteIpAddress=192.168.0.13, SessionId=null], Granted Authorities=[ROLE_USER]]
2026-01-06 16:57:12 [tomcat-handler-45] INFO  : New message from user: t1
2026-01-06 16:57:12 [tomcat-handler-45] INFO  : End of message processing - session: ce2a8158-480e-cd4d-b3b8-67aa8e6e05f3 from: UsernamePasswordAuthenticationToken [Principal=t1, Credentials=[PROTECTED], Authenticated=true, Details=WebAuthenticationDetails [RemoteIpAddress=192.168.0.13, SessionId=null], Granted Authorities=[ROLE_USER]]
2026-01-06 16:57:12 [tomcat-handler-46] INFO  : New message from user: t1
2026-01-06 16:57:12 [tomcat-handler-46] INFO  : /synchronizeData connected: User UsernamePasswordAuthenticationToken [Principal=t1, Credentials=[PROTECTED], Authenticated=true, Details=WebAuthenticationDetails [RemoteIpAddress=192.168.0.13, SessionId=null], Granted Authorities=[ROLE_USER]]
2026-01-06 16:57:12 [tomcat-handler-46] INFO  : Sending message to owner: ce2a8158-480e-cd4d-b3b8-67aa8e6e05f3
2026-01-06 16:57:12 [tomcat-handler-46] INFO  : End of message processing - session: ce2a8158-480e-cd4d-b3b8-67aa8e6e05f3 from: UsernamePasswordAuthenticationToken [Principal=t1, Credentials=[PROTECTED], Authenticated=true, Details=WebAuthenticationDetails [RemoteIpAddress=192.168.0.13, SessionId=null], Granted Authorities=[ROLE_USER]]
2026-01-06 16:57:27 [tomcat-handler-47] ERROR : Error null - session: ce2a8158-480e-cd4d-b3b8-67aa8e6e05f3 from: UsernamePasswordAuthenticationToken [Principal=t1, Credentials=[PROTECTED], Authenticated=true, Details=WebAuthenticationDetails [RemoteIpAddress=192.168.0.13, SessionId=null], Granted Authorities=[ROLE_USER]]
2026-01-06 16:57:27 [tomcat-handler-47] INFO  : Session closing: ce2a8158-480e-cd4d-b3b8-67aa8e6e05f3 - reason: null
2026-01-06 17:07:02 [tomcat-handler-48] INFO  : New session connected: 417b90e5-1395-21da-4e43-c008353e64c8, user: t1
2026-01-06 17:07:02 [tomcat-handler-49] INFO  : New message from user: t1
2026-01-06 17:07:02 [tomcat-handler-49] INFO  : End of message processing - session: 417b90e5-1395-21da-4e43-c008353e64c8 from: UsernamePasswordAuthenticationToken [Principal=t1, Credentials=[PROTECTED], Authenticated=true, Details=WebAuthenticationDetails [RemoteIpAddress=192.168.0.13, SessionId=null], Granted Authorities=[ROLE_USER]]
2026-01-06 17:07:02 [tomcat-handler-50] INFO  : New message from user: t1
2026-01-06 17:07:02 [tomcat-handler-50] INFO  : End of message processing - session: 417b90e5-1395-21da-4e43-c008353e64c8 from: UsernamePasswordAuthenticationToken [Principal=t1, Credentials=[PROTECTED], Authenticated=true, Details=WebAuthenticationDetails [RemoteIpAddress=192.168.0.13, SessionId=null], Granted Authorities=[ROLE_USER]]
2026-01-06 17:07:02 [tomcat-handler-51] INFO  : New message from user: t1
2026-01-06 17:07:02 [tomcat-handler-51] INFO  : End of message processing - session: 417b90e5-1395-21da-4e43-c008353e64c8 from: UsernamePasswordAuthenticationToken [Principal=t1, Credentials=[PROTECTED], Authenticated=true, Details=WebAuthenticationDetails [RemoteIpAddress=192.168.0.13, SessionId=null], Granted Authorities=[ROLE_USER]]
2026-01-06 17:07:02 [tomcat-handler-52] INFO  : New message from user: t1
2026-01-06 17:07:02 [tomcat-handler-52] INFO  : End of message processing - session: 417b90e5-1395-21da-4e43-c008353e64c8 from: UsernamePasswordAuthenticationToken [Principal=t1, Credentials=[PROTECTED], Authenticated=true, Details=WebAuthenticationDetails [RemoteIpAddress=192.168.0.13, SessionId=null], Granted Authorities=[ROLE_USER]]
2026-01-06 17:07:02 [tomcat-handler-53] INFO  : New message from user: t1
2026-01-06 17:07:02 [tomcat-handler-53] INFO  : End of message processing - session: 417b90e5-1395-21da-4e43-c008353e64c8 from: UsernamePasswordAuthenticationToken [Principal=t1, Credentials=[PROTECTED], Authenticated=true, Details=WebAuthenticationDetails [RemoteIpAddress=192.168.0.13, SessionId=null], Granted Authorities=[ROLE_USER]]
2026-01-06 17:07:02 [tomcat-handler-54] INFO  : New message from user: t1
2026-01-06 17:07:02 [tomcat-handler-54] INFO  : End of message processing - session: 417b90e5-1395-21da-4e43-c008353e64c8 from: UsernamePasswordAuthenticationToken [Principal=t1, Credentials=[PROTECTED], Authenticated=true, Details=WebAuthenticationDetails [RemoteIpAddress=192.168.0.13, SessionId=null], Granted Authorities=[ROLE_USER]]
2026-01-06 17:07:02 [tomcat-handler-55] INFO  : New message from user: t1
2026-01-06 17:07:02 [tomcat-handler-55] INFO  : End of message processing - session: 417b90e5-1395-21da-4e43-c008353e64c8 from: UsernamePasswordAuthenticationToken [Principal=t1, Credentials=[PROTECTED], Authenticated=true, Details=WebAuthenticationDetails [RemoteIpAddress=192.168.0.13, SessionId=null], Granted Authorities=[ROLE_USER]]
2026-01-06 17:07:02 [tomcat-handler-56] INFO  : New message from user: t1
2026-01-06 17:07:02 [tomcat-handler-56] INFO  : End of message processing - session: 417b90e5-1395-21da-4e43-c008353e64c8 from: UsernamePasswordAuthenticationToken [Principal=t1, Credentials=[PROTECTED], Authenticated=true, Details=WebAuthenticationDetails [RemoteIpAddress=192.168.0.13, SessionId=null], Granted Authorities=[ROLE_USER]]
2026-01-06 17:07:02 [tomcat-handler-57] INFO  : New message from user: t1
2026-01-06 17:07:02 [tomcat-handler-57] INFO  : End of message processing - session: 417b90e5-1395-21da-4e43-c008353e64c8 from: UsernamePasswordAuthenticationToken [Principal=t1, Credentials=[PROTECTED], Authenticated=true, Details=WebAuthenticationDetails [RemoteIpAddress=192.168.0.13, SessionId=null], Granted Authorities=[ROLE_USER]]
2026-01-06 17:07:02 [tomcat-handler-58] INFO  : New message from user: t1
2026-01-06 17:07:02 [tomcat-handler-58] INFO  : End of message processing - session: 417b90e5-1395-21da-4e43-c008353e64c8 from: UsernamePasswordAuthenticationToken [Principal=t1, Credentials=[PROTECTED], Authenticated=true, Details=WebAuthenticationDetails [RemoteIpAddress=192.168.0.13, SessionId=null], Granted Authorities=[ROLE_USER]]
2026-01-06 17:07:02 [tomcat-handler-59] INFO  : New message from user: t1
2026-01-06 17:07:02 [tomcat-handler-59] INFO  : End of message processing - session: 417b90e5-1395-21da-4e43-c008353e64c8 from: UsernamePasswordAuthenticationToken [Principal=t1, Credentials=[PROTECTED], Authenticated=true, Details=WebAuthenticationDetails [RemoteIpAddress=192.168.0.13, SessionId=null], Granted Authorities=[ROLE_USER]]
2026-01-06 17:07:02 [tomcat-handler-60] INFO  : New message from user: t1
2026-01-06 17:07:02 [tomcat-handler-60] INFO  : End of message processing - session: 417b90e5-1395-21da-4e43-c008353e64c8 from: UsernamePasswordAuthenticationToken [Principal=t1, Credentials=[PROTECTED], Authenticated=true, Details=WebAuthenticationDetails [RemoteIpAddress=192.168.0.13, SessionId=null], Granted Authorities=[ROLE_USER]]
2026-01-06 17:07:02 [tomcat-handler-61] INFO  : New message from user: t1
2026-01-06 17:07:02 [tomcat-handler-61] INFO  : /synchronizeData connected: User UsernamePasswordAuthenticationToken [Principal=t1, Credentials=[PROTECTED], Authenticated=true, Details=WebAuthenticationDetails [RemoteIpAddress=192.168.0.13, SessionId=null], Granted Authorities=[ROLE_USER]]
2026-01-06 17:07:02 [tomcat-handler-61] INFO  : Sending message to owner: 417b90e5-1395-21da-4e43-c008353e64c8
2026-01-06 17:07:02 [tomcat-handler-61] INFO  : End of message processing - session: 417b90e5-1395-21da-4e43-c008353e64c8 from: UsernamePasswordAuthenticationToken [Principal=t1, Credentials=[PROTECTED], Authenticated=true, Details=WebAuthenticationDetails [RemoteIpAddress=192.168.0.13, SessionId=null], Granted Authorities=[ROLE_USER]]
2026-01-06 17:07:11 [tomcat-handler-62] INFO  : New message from user: t1
2026-01-06 17:07:11 [tomcat-handler-62] INFO  : /putShoppingItem connected: User UsernamePasswordAuthenticationToken [Principal=t1, Credentials=[PROTECTED], Authenticated=true, Details=WebAuthenticationDetails [RemoteIpAddress=192.168.0.13, SessionId=null], Granted Authorities=[ROLE_USER]]
2026-01-06 17:07:11 [tomcat-handler-62] INFO  : End of message processing - session: 417b90e5-1395-21da-4e43-c008353e64c8 from: UsernamePasswordAuthenticationToken [Principal=t1, Credentials=[PROTECTED], Authenticated=true, Details=WebAuthenticationDetails [RemoteIpAddress=192.168.0.13, SessionId=null], Granted Authorities=[ROLE_USER]]
2026-01-06 17:07:19 [tomcat-handler-63] INFO  : New message from user: t1
2026-01-06 17:07:19 [tomcat-handler-63] INFO  : /postShoppingItem connected: User UsernamePasswordAuthenticationToken [Principal=t1, Credentials=[PROTECTED], Authenticated=true, Details=WebAuthenticationDetails [RemoteIpAddress=192.168.0.13, SessionId=null], Granted Authorities=[ROLE_USER]]
2026-01-06 17:07:19 [tomcat-handler-63] INFO  : End of message processing - session: 417b90e5-1395-21da-4e43-c008353e64c8 from: UsernamePasswordAuthenticationToken [Principal=t1, Credentials=[PROTECTED], Authenticated=true, Details=WebAuthenticationDetails [RemoteIpAddress=192.168.0.13, SessionId=null], Granted Authorities=[ROLE_USER]]
2026-01-06 17:09:55 [tomcat-handler-64] ERROR : Error null - session: 417b90e5-1395-21da-4e43-c008353e64c8 from: UsernamePasswordAuthenticationToken [Principal=t1, Credentials=[PROTECTED], Authenticated=true, Details=WebAuthenticationDetails [RemoteIpAddress=192.168.0.13, SessionId=null], Granted Authorities=[ROLE_USER]]
2026-01-06 17:09:55 [tomcat-handler-64] INFO  : Session closing: 417b90e5-1395-21da-4e43-c008353e64c8 - reason: null
2026-01-06 17:10:02 [SpringApplicationShutdownHook] INFO  : Commencing graceful shutdown. Waiting for active requests to complete
2026-01-06 17:10:02 [tomcat-shutdown] INFO  : Graceful shutdown complete
2026-01-06 17:10:04 [SpringApplicationShutdownHook] INFO  : Closing JPA EntityManagerFactory for persistence unit 'default'
2026-01-06 17:10:04 [SpringApplicationShutdownHook] INFO  : HikariPool-1 - Shutdown initiated...
2026-01-06 17:10:04 [SpringApplicationShutdownHook] INFO  : HikariPool-1 - Shutdown completed.
