2026-03-17 00:03:33 [background-preinit] INFO  : HV000001: Hibernate Validator 8.0.2.Final
2026-03-17 00:03:33 [main] INFO  : Starting ShoppingListServiceApplication using Java 21.0.3 with PID 12840 (C:\Users\kjerz\Desktop\programy programowanie\projekty\ShoppingListService\target\classes started by kjerz in C:\Users\kjerz\Desktop\programy programowanie\projekty\ShoppingListService)
2026-03-17 00:03:33 [main] INFO  : The following 1 profile is active: "dev"
2026-03-17 00:03:34 [main] INFO  : Bootstrapping Spring Data JPA repositories in DEFAULT mode.
2026-03-17 00:03:34 [main] INFO  : Finished Spring Data repository scanning in 105 ms. Found 3 JPA repository interfaces.
2026-03-17 00:03:35 [main] INFO  : Tomcat initialized with port 5443 (http)
2026-03-17 00:03:35 [main] INFO  : Initializing ProtocolHandler ["http-nio-5443"]
2026-03-17 00:03:35 [main] INFO  : Starting service [Tomcat]
2026-03-17 00:03:35 [main] INFO  : Starting Servlet engine: [Apache Tomcat/10.1.40]
2026-03-17 00:03:35 [main] INFO  : Initializing Spring embedded WebApplicationContext
2026-03-17 00:03:35 [main] INFO  : Root WebApplicationContext: initialization completed in 1802 ms
2026-03-17 00:03:35 [main] WARN  : Error: 1193-HY000: Unknown system variable 'WSREP_ON'
2026-03-17 00:03:35 [main] INFO  : Database: jdbc:mariadb://localhost/shopping_list_db?user=root&password=******** (MariaDB 11.7)
2026-03-17 00:03:35 [main] WARN  : Flyway upgrade recommended: MariaDB 11.7 is newer than this version of Flyway and support has not been tested. The latest supported version of MariaDB is 11.2.
2026-03-17 00:03:35 [main] INFO  : Successfully validated 1 migration (execution time 00:00.023s)
2026-03-17 00:03:35 [main] INFO  : Current version of schema `shopping_list_db`: 1
2026-03-17 00:03:35 [main] INFO  : Schema `shopping_list_db` is up to date. No migration necessary.
2026-03-17 00:03:36 [main] INFO  : HHH000204: Processing PersistenceUnitInfo [name: default]
2026-03-17 00:03:36 [main] INFO  : HHH000412: Hibernate ORM core version 6.5.2.Final
2026-03-17 00:03:36 [main] INFO  : HHH000026: Second-level cache disabled
2026-03-17 00:03:36 [main] INFO  : No LoadTimeWeaver setup: ignoring JPA class transformer
2026-03-17 00:03:36 [main] INFO  : HikariPool-1 - Starting...
2026-03-17 00:03:36 [main] INFO  : HikariPool-1 - Added connection org.mariadb.jdbc.Connection@c14bbab
2026-03-17 00:03:36 [main] INFO  : HikariPool-1 - Start completed.
2026-03-17 00:03:36 [main] WARN  : HHH90000025: MariaDBDialect does not need to be specified explicitly using 'hibernate.dialect' (remove the property setting and it will be selected by default)
2026-03-17 00:03:37 [main] INFO  : HHH000489: No JTA platform available (set 'hibernate.transaction.jta.platform' to enable JTA platform integration)
2026-03-17 00:03:37 [main] INFO  : Initialized JPA EntityManagerFactory for persistence unit 'default'
2026-03-17 00:03:37 [main] WARN  : spring.jpa.open-in-view is enabled by default. Therefore, database queries may be performed during view rendering. Explicitly configure spring.jpa.open-in-view to disable this warning
2026-03-17 00:03:37 [main] INFO  : Global AuthenticationManager configured with AuthenticationProvider bean with name jwtAuthenticationProvider
2026-03-17 00:03:38 [main] INFO  : Exposing 0 endpoints beneath base path '/actuator'
2026-03-17 00:03:38 [main] INFO  : Starting ProtocolHandler ["http-nio-5443"]
2026-03-17 00:03:38 [main] INFO  : Tomcat started on port 5443 (http) with context path '/'
2026-03-17 00:03:38 [main] INFO  : Started ShoppingListServiceApplication in 5.536 seconds (process running for 7.105)
2026-03-17 00:03:39 [tomcat-handler-0] INFO  : Initializing Spring DispatcherServlet 'dispatcherServlet'
2026-03-17 00:03:39 [tomcat-handler-0] INFO  : Initializing Servlet 'dispatcherServlet'
2026-03-17 00:03:39 [tomcat-handler-0] INFO  : Completed initialization in 1 ms
2026-03-17 00:03:39 [tomcat-handler-0] INFO  : New session connected: f79438d4-f345-41cd-2919-79e22b623814, user: 
2026-03-17 00:03:51 [tomcat-handler-1] INFO  : New message from user: 
2026-03-17 00:03:58 [tomcat-handler-1] INFO  : End of message processing - session: f79438d4-f345-41cd-2919-79e22b623814 from: 
2026-03-17 00:04:06 [tomcat-handler-2] INFO  : New message from user: 
2026-03-17 00:04:12 [tomcat-handler-2] INFO  : End of message processing - session: f79438d4-f345-41cd-2919-79e22b623814 from: 
2026-03-17 00:04:37 [tomcat-handler-3] INFO  : New message from user: 
2026-03-17 00:04:47 [tomcat-handler-3] ERROR : java.lang.IllegalArgumentException: Couldn't find method for passed topic
2026-03-17 00:04:47 [tomcat-handler-3] INFO  : End of message processing - session: f79438d4-f345-41cd-2919-79e22b623814 from: 
2026-03-17 00:04:53 [tomcat-handler-4] INFO  : New message from user: 
2026-03-17 00:05:41 [HikariPool-1 housekeeper] WARN  : HikariPool-1 - Thread starvation or clock leap detected (housekeeper delta=1m5s22ms800µs700ns).
2026-03-17 00:05:41 [tomcat-handler-4] ERROR : java.lang.IllegalArgumentException: Couldn't find method for passed topic
2026-03-17 00:05:41 [tomcat-handler-4] INFO  : End of message processing - session: f79438d4-f345-41cd-2919-79e22b623814 from: 
2026-03-17 00:05:50 [tomcat-handler-5] INFO  : New message from user: 
2026-03-17 00:06:06 [tomcat-handler-5] ERROR : java.lang.IllegalArgumentException: Couldn't find method for passed topic
2026-03-17 00:06:06 [tomcat-handler-5] INFO  : End of message processing - session: f79438d4-f345-41cd-2919-79e22b623814 from: 
2026-03-17 00:09:27 [tomcat-handler-6] INFO  : New message from user: 
2026-03-17 00:09:29 [tomcat-handler-6] ERROR : java.lang.IllegalArgumentException: Couldn't find method for passed topic
2026-03-17 00:09:29 [tomcat-handler-6] INFO  : End of message processing - session: f79438d4-f345-41cd-2919-79e22b623814 from: 
2026-03-17 00:09:35 [tomcat-handler-7] INFO  : Session closing: f79438d4-f345-41cd-2919-79e22b623814 - reason: null
2026-03-17 00:09:42 [tomcat-handler-8] INFO  : New session connected: 7399a7a2-044c-8561-c8f7-62aa00e973c3, user: 
2026-03-17 00:09:52 [tomcat-handler-9] INFO  : New message from user: 
2026-03-17 00:09:52 [tomcat-handler-9] INFO  : Session closing: 7399a7a2-044c-8561-c8f7-62aa00e973c3 - reason: Invalid token
2026-03-17 00:09:52 [tomcat-handler-9] ERROR : java.lang.IllegalStateException: Message will not be sent because the WebSocket session has been closed
2026-03-17 00:09:52 [tomcat-handler-9] INFO  : End of message processing - session: 7399a7a2-044c-8561-c8f7-62aa00e973c3 from: 
2026-03-17 00:09:52 [tomcat-handler-9] ERROR : Closing session due to exception for StandardWebSocketSession[id=7399a7a2-044c-8561-c8f7-62aa00e973c3, uri=ws://localhost:5443/ws]
java.lang.IllegalStateException: The remote endpoint was in state [TEXT_PARTIAL_WRITING] which is an invalid state for called method
	at org.apache.tomcat.websocket.WsRemoteEndpointImplBase$StateMachine.checkState(WsRemoteEndpointImplBase.java:1250)
	at org.apache.tomcat.websocket.WsRemoteEndpointImplBase$StateMachine.textPartialStart(WsRemoteEndpointImplBase.java:1215)
	at org.apache.tomcat.websocket.WsRemoteEndpointImplBase.sendPartialString(WsRemoteEndpointImplBase.java:222)
	at org.apache.tomcat.websocket.WsRemoteEndpointBasic.sendText(WsRemoteEndpointBasic.java:48)
	at org.springframework.web.socket.adapter.standard.StandardWebSocketSession.sendTextMessage(StandardWebSocketSession.java:217)
	at org.springframework.web.socket.adapter.AbstractWebSocketSession.sendMessage(AbstractWebSocketSession.java:108)
	at pl.kamjer.shoppinglistservice.config.websocket.ConnectionBroker.handleException(ConnectionBroker.java:138)
	at pl.kamjer.shoppinglistservice.config.websocket.WebSocketHandler.handleMessage(WebSocketHandler.java:111)
	at org.springframework.web.socket.handler.WebSocketHandlerDecorator.handleMessage(WebSocketHandlerDecorator.java:75)
	at org.springframework.web.socket.handler.LoggingWebSocketHandlerDecorator.handleMessage(LoggingWebSocketHandlerDecorator.java:56)
	at org.springframework.web.socket.handler.ExceptionWebSocketHandlerDecorator.handleMessage(ExceptionWebSocketHandlerDecorator.java:58)
	at org.springframework.web.socket.adapter.standard.StandardWebSocketHandlerAdapter.handleTextMessage(StandardWebSocketHandlerAdapter.java:113)
	at org.springframework.web.socket.adapter.standard.StandardWebSocketHandlerAdapter$1.onMessage(StandardWebSocketHandlerAdapter.java:70)
	at org.springframework.web.socket.adapter.standard.StandardWebSocketHandlerAdapter$1.onMessage(StandardWebSocketHandlerAdapter.java:67)
	at org.apache.tomcat.websocket.WsFrameBase.sendMessageText(WsFrameBase.java:386)
	at org.apache.tomcat.websocket.server.WsFrameServer.sendMessageText(WsFrameServer.java:130)
	at org.apache.tomcat.websocket.WsFrameBase.processDataText(WsFrameBase.java:483)
	at org.apache.tomcat.websocket.WsFrameBase.processData(WsFrameBase.java:283)
	at org.apache.tomcat.websocket.WsFrameBase.processInputBuffer(WsFrameBase.java:129)
	at org.apache.tomcat.websocket.server.WsFrameServer.onDataAvailable(WsFrameServer.java:85)
	at org.apache.tomcat.websocket.server.WsFrameServer.doOnDataAvailable(WsFrameServer.java:184)
	at org.apache.tomcat.websocket.server.WsFrameServer.notifyDataAvailable(WsFrameServer.java:164)
	at org.apache.tomcat.websocket.server.WsHttpUpgradeHandler.upgradeDispatch(WsHttpUpgradeHandler.java:152)
	at org.apache.coyote.http11.upgrade.UpgradeProcessorInternal.dispatch(UpgradeProcessorInternal.java:60)
	at org.apache.coyote.AbstractProcessorLight.process(AbstractProcessorLight.java:57)
	at org.apache.coyote.AbstractProtocol$ConnectionHandler.process(AbstractProtocol.java:903)
	at org.apache.tomcat.util.net.NioEndpoint$SocketProcessor.doRun(NioEndpoint.java:1740)
	at org.apache.tomcat.util.net.SocketProcessorBase.run(SocketProcessorBase.java:52)
	at java.base/java.lang.VirtualThread.run(VirtualThread.java:309)
2026-03-17 00:26:48 [SpringApplicationShutdownHook] INFO  : Commencing graceful shutdown. Waiting for active requests to complete
2026-03-17 00:26:48 [tomcat-shutdown] INFO  : Graceful shutdown complete
2026-03-17 00:26:50 [SpringApplicationShutdownHook] INFO  : Closing JPA EntityManagerFactory for persistence unit 'default'
2026-03-17 00:26:50 [SpringApplicationShutdownHook] INFO  : HikariPool-1 - Shutdown initiated...
2026-03-17 00:26:50 [SpringApplicationShutdownHook] INFO  : HikariPool-1 - Shutdown completed.
2026-03-17 22:32:47 [background-preinit] INFO  : HV000001: Hibernate Validator 8.0.2.Final
2026-03-17 22:32:47 [main] INFO  : Starting ShoppingListServiceApplication using Java 21.0.3 with PID 20096 (C:\Users\kjerz\Desktop\programy programowanie\projekty\ShoppingListService\target\classes started by kjerz in C:\Users\kjerz\Desktop\programy programowanie\projekty\ShoppingListService)
2026-03-17 22:32:47 [main] INFO  : The following 1 profile is active: "dev"
2026-03-17 22:32:49 [main] INFO  : Bootstrapping Spring Data JPA repositories in DEFAULT mode.
2026-03-17 22:32:49 [main] INFO  : Finished Spring Data repository scanning in 129 ms. Found 3 JPA repository interfaces.
2026-03-17 22:32:50 [main] INFO  : Tomcat initialized with port 5443 (http)
2026-03-17 22:32:50 [main] INFO  : Initializing ProtocolHandler ["http-nio-5443"]
2026-03-17 22:32:50 [main] INFO  : Starting service [Tomcat]
2026-03-17 22:32:50 [main] INFO  : Starting Servlet engine: [Apache Tomcat/10.1.40]
2026-03-17 22:32:50 [main] INFO  : Initializing Spring embedded WebApplicationContext
2026-03-17 22:32:50 [main] INFO  : Root WebApplicationContext: initialization completed in 2172 ms
2026-03-17 22:32:50 [main] WARN  : Error: 1193-HY000: Unknown system variable 'WSREP_ON'
2026-03-17 22:32:50 [main] INFO  : Database: jdbc:mariadb://localhost/shopping_list_db?user=root&password=******** (MariaDB 11.7)
2026-03-17 22:32:50 [main] WARN  : Flyway upgrade recommended: MariaDB 11.7 is newer than this version of Flyway and support has not been tested. The latest supported version of MariaDB is 11.2.
2026-03-17 22:32:50 [main] INFO  : Successfully validated 1 migration (execution time 00:00.027s)
2026-03-17 22:32:50 [main] INFO  : Current version of schema `shopping_list_db`: 1
2026-03-17 22:32:50 [main] INFO  : Schema `shopping_list_db` is up to date. No migration necessary.
2026-03-17 22:32:51 [main] INFO  : HHH000204: Processing PersistenceUnitInfo [name: default]
2026-03-17 22:32:51 [main] INFO  : HHH000412: Hibernate ORM core version 6.5.2.Final
2026-03-17 22:32:51 [main] INFO  : HHH000026: Second-level cache disabled
2026-03-17 22:32:51 [main] INFO  : No LoadTimeWeaver setup: ignoring JPA class transformer
2026-03-17 22:32:51 [main] INFO  : HikariPool-1 - Starting...
2026-03-17 22:32:51 [main] INFO  : HikariPool-1 - Added connection org.mariadb.jdbc.Connection@f252762
2026-03-17 22:32:51 [main] INFO  : HikariPool-1 - Start completed.
2026-03-17 22:32:51 [main] WARN  : HHH90000025: MariaDBDialect does not need to be specified explicitly using 'hibernate.dialect' (remove the property setting and it will be selected by default)
2026-03-17 22:32:52 [main] INFO  : HHH000489: No JTA platform available (set 'hibernate.transaction.jta.platform' to enable JTA platform integration)
2026-03-17 22:32:52 [main] INFO  : Initialized JPA EntityManagerFactory for persistence unit 'default'
2026-03-17 22:32:53 [main] WARN  : spring.jpa.open-in-view is enabled by default. Therefore, database queries may be performed during view rendering. Explicitly configure spring.jpa.open-in-view to disable this warning
2026-03-17 22:32:53 [main] INFO  : Global AuthenticationManager configured with AuthenticationProvider bean with name jwtAuthenticationProvider
2026-03-17 22:32:53 [main] INFO  : Exposing 0 endpoints beneath base path '/actuator'
2026-03-17 22:32:53 [main] WARN  : Exception encountered during context initialization - cancelling refresh attempt: org.springframework.beans.factory.UnsatisfiedDependencyException: Error creating bean with name 'org.springframework.security.config.annotation.web.configuration.WebSecurityConfiguration': Unsatisfied dependency expressed through method 'setFilterChains' parameter 0: Error creating bean with name 'filterChain' defined in class path resource [pl/kamjer/shoppinglistservice/config/security/WebSecurityConfiguration.class]: Failed to instantiate [org.springframework.security.web.SecurityFilterChain]: Factory method 'filterChain' threw exception with message: This object has already been built
2026-03-17 22:32:53 [main] INFO  : Closing JPA EntityManagerFactory for persistence unit 'default'
2026-03-17 22:32:53 [main] INFO  : HikariPool-1 - Shutdown initiated...
2026-03-17 22:32:53 [main] INFO  : HikariPool-1 - Shutdown completed.
2026-03-17 22:32:53 [main] INFO  : Stopping service [Tomcat]
2026-03-17 22:32:53 [main] INFO  : 

Error starting ApplicationContext. To display the condition evaluation report re-run your application with 'debug' enabled.
2026-03-17 22:32:53 [main] ERROR : Application run failed
org.springframework.beans.factory.UnsatisfiedDependencyException: Error creating bean with name 'org.springframework.security.config.annotation.web.configuration.WebSecurityConfiguration': Unsatisfied dependency expressed through method 'setFilterChains' parameter 0: Error creating bean with name 'filterChain' defined in class path resource [pl/kamjer/shoppinglistservice/config/security/WebSecurityConfiguration.class]: Failed to instantiate [org.springframework.security.web.SecurityFilterChain]: Factory method 'filterChain' threw exception with message: This object has already been built
	at org.springframework.beans.factory.annotation.AutowiredAnnotationBeanPostProcessor$AutowiredMethodElement.resolveMethodArguments(AutowiredAnnotationBeanPostProcessor.java:896)
	at org.springframework.beans.factory.annotation.AutowiredAnnotationBeanPostProcessor$AutowiredMethodElement.inject(AutowiredAnnotationBeanPostProcessor.java:849)
	at org.springframework.beans.factory.annotation.InjectionMetadata.inject(InjectionMetadata.java:146)
	at org.springframework.beans.factory.annotation.AutowiredAnnotationBeanPostProcessor.postProcessProperties(AutowiredAnnotationBeanPostProcessor.java:509)
	at org.springframework.beans.factory.support.AbstractAutowireCapableBeanFactory.populateBean(AbstractAutowireCapableBeanFactory.java:1451)
	at org.springframework.beans.factory.support.AbstractAutowireCapableBeanFactory.doCreateBean(AbstractAutowireCapableBeanFactory.java:606)
	at org.springframework.beans.factory.support.AbstractAutowireCapableBeanFactory.createBean(AbstractAutowireCapableBeanFactory.java:529)
	at org.springframework.beans.factory.support.AbstractBeanFactory.lambda$doGetBean$0(AbstractBeanFactory.java:339)
	at org.springframework.beans.factory.support.DefaultSingletonBeanRegistry.getSingleton(DefaultSingletonBeanRegistry.java:371)
	at org.springframework.beans.factory.support.AbstractBeanFactory.doGetBean(AbstractBeanFactory.java:337)
	at org.springframework.beans.factory.support.AbstractBeanFactory.getBean(AbstractBeanFactory.java:202)
	at org.springframework.beans.factory.support.DefaultListableBeanFactory.instantiateSingleton(DefaultListableBeanFactory.java:1221)
	at org.springframework.beans.factory.support.DefaultListableBeanFactory.preInstantiateSingleton(DefaultListableBeanFactory.java:1187)
	at org.springframework.beans.factory.support.DefaultListableBeanFactory.preInstantiateSingletons(DefaultListableBeanFactory.java:1122)
	at org.springframework.context.support.AbstractApplicationContext.finishBeanFactoryInitialization(AbstractApplicationContext.java:987)
	at org.springframework.context.support.AbstractApplicationContext.refresh(AbstractApplicationContext.java:627)
	at org.springframework.boot.web.servlet.context.ServletWebServerApplicationContext.refresh(ServletWebServerApplicationContext.java:146)
	at org.springframework.boot.SpringApplication.refresh(SpringApplication.java:753)
	at org.springframework.boot.SpringApplication.refreshContext(SpringApplication.java:439)
	at org.springframework.boot.SpringApplication.run(SpringApplication.java:318)
	at org.springframework.boot.SpringApplication.run(SpringApplication.java:1362)
	at org.springframework.boot.SpringApplication.run(SpringApplication.java:1351)
	at pl.kamjer.shoppinglistservice.ShoppingListServiceApplication.main(ShoppingListServiceApplication.java:10)
Caused by: org.springframework.beans.factory.BeanCreationException: Error creating bean with name 'filterChain' defined in class path resource [pl/kamjer/shoppinglistservice/config/security/WebSecurityConfiguration.class]: Failed to instantiate [org.springframework.security.web.SecurityFilterChain]: Factory method 'filterChain' threw exception with message: This object has already been built
	at org.springframework.beans.factory.support.ConstructorResolver.instantiate(ConstructorResolver.java:657)
	at org.springframework.beans.factory.support.ConstructorResolver.instantiateUsingFactoryMethod(ConstructorResolver.java:645)
	at org.springframework.beans.factory.support.AbstractAutowireCapableBeanFactory.instantiateUsingFactoryMethod(AbstractAutowireCapableBeanFactory.java:1367)
	at org.springframework.beans.factory.support.AbstractAutowireCapableBeanFactory.createBeanInstance(AbstractAutowireCapableBeanFactory.java:1197)
	at org.springframework.beans.factory.support.AbstractAutowireCapableBeanFactory.doCreateBean(AbstractAutowireCapableBeanFactory.java:569)
	at org.springframework.beans.factory.support.AbstractAutowireCapableBeanFactory.createBean(AbstractAutowireCapableBeanFactory.java:529)
	at org.springframework.beans.factory.support.AbstractBeanFactory.lambda$doGetBean$0(AbstractBeanFactory.java:339)
	at org.springframework.beans.factory.support.DefaultSingletonBeanRegistry.getSingleton(DefaultSingletonBeanRegistry.java:371)
	at org.springframework.beans.factory.support.AbstractBeanFactory.doGetBean(AbstractBeanFactory.java:337)
	at org.springframework.beans.factory.support.AbstractBeanFactory.getBean(AbstractBeanFactory.java:202)
	at org.springframework.beans.factory.config.DependencyDescriptor.resolveCandidate(DependencyDescriptor.java:254)
	at org.springframework.beans.factory.support.DefaultListableBeanFactory.addCandidateEntry(DefaultListableBeanFactory.java:1991)
	at org.springframework.beans.factory.support.DefaultListableBeanFactory.findAutowireCandidates(DefaultListableBeanFactory.java:1955)
	at org.springframework.beans.factory.support.DefaultListableBeanFactory.resolveMultipleBeanCollection(DefaultListableBeanFactory.java:1845)
	at org.springframework.beans.factory.support.DefaultListableBeanFactory.resolveMultipleBeans(DefaultListableBeanFactory.java:1813)
	at org.springframework.beans.factory.support.DefaultListableBeanFactory.doResolveDependency(DefaultListableBeanFactory.java:1688)
	at org.springframework.beans.factory.support.DefaultListableBeanFactory.resolveDependency(DefaultListableBeanFactory.java:1627)
	at org.springframework.beans.factory.annotation.AutowiredAnnotationBeanPostProcessor$AutowiredMethodElement.resolveMethodArguments(AutowiredAnnotationBeanPostProcessor.java:888)
	... 22 common frames omitted
Caused by: org.springframework.beans.BeanInstantiationException: Failed to instantiate [org.springframework.security.web.SecurityFilterChain]: Factory method 'filterChain' threw exception with message: This object has already been built
	at org.springframework.beans.factory.support.SimpleInstantiationStrategy.lambda$instantiate$0(SimpleInstantiationStrategy.java:199)
	at org.springframework.beans.factory.support.SimpleInstantiationStrategy.instantiateWithFactoryMethod(SimpleInstantiationStrategy.java:88)
	at org.springframework.beans.factory.support.SimpleInstantiationStrategy.instantiate(SimpleInstantiationStrategy.java:168)
	at org.springframework.beans.factory.support.ConstructorResolver.instantiate(ConstructorResolver.java:653)
	... 39 common frames omitted
Caused by: org.springframework.security.config.annotation.AlreadyBuiltException: This object has already been built
	at org.springframework.security.config.annotation.AbstractSecurityBuilder.build(AbstractSecurityBuilder.java:41)
	at org.springframework.security.config.annotation.web.builders.HttpSecurity.beforeConfigure(HttpSecurity.java:3301)
	at org.springframework.security.config.annotation.AbstractConfiguredSecurityBuilder.doBuild(AbstractConfiguredSecurityBuilder.java:351)
	at org.springframework.security.config.annotation.AbstractSecurityBuilder.build(AbstractSecurityBuilder.java:38)
	at pl.kamjer.shoppinglistservice.config.security.WebSecurityConfiguration.filterChain(WebSecurityConfiguration.java:50)
	at pl.kamjer.shoppinglistservice.config.security.WebSecurityConfiguration$$SpringCGLIB$$0.CGLIB$filterChain$1(<generated>)
	at pl.kamjer.shoppinglistservice.config.security.WebSecurityConfiguration$$SpringCGLIB$$FastClass$$1.invoke(<generated>)
	at org.springframework.cglib.proxy.MethodProxy.invokeSuper(MethodProxy.java:258)
	at org.springframework.context.annotation.ConfigurationClassEnhancer$BeanMethodInterceptor.intercept(ConfigurationClassEnhancer.java:393)
	at pl.kamjer.shoppinglistservice.config.security.WebSecurityConfiguration$$SpringCGLIB$$0.filterChain(<generated>)
	at java.base/jdk.internal.reflect.DirectMethodHandleAccessor.invoke(DirectMethodHandleAccessor.java:103)
	at java.base/java.lang.reflect.Method.invoke(Method.java:580)
	at org.springframework.beans.factory.support.SimpleInstantiationStrategy.lambda$instantiate$0(SimpleInstantiationStrategy.java:171)
	... 42 common frames omitted
2026-03-17 22:39:07 [background-preinit] INFO  : HV000001: Hibernate Validator 8.0.2.Final
2026-03-17 22:39:07 [main] INFO  : Starting ShoppingListServiceApplication using Java 21.0.3 with PID 7232 (C:\Users\kjerz\Desktop\programy programowanie\projekty\ShoppingListService\target\classes started by kjerz in C:\Users\kjerz\Desktop\programy programowanie\projekty\ShoppingListService)
2026-03-17 22:39:07 [main] INFO  : The following 1 profile is active: "dev"
2026-03-17 22:39:08 [main] INFO  : Bootstrapping Spring Data JPA repositories in DEFAULT mode.
2026-03-17 22:39:08 [main] INFO  : Finished Spring Data repository scanning in 102 ms. Found 3 JPA repository interfaces.
2026-03-17 22:39:09 [main] INFO  : Tomcat initialized with port 5443 (http)
2026-03-17 22:39:09 [main] INFO  : Initializing ProtocolHandler ["http-nio-5443"]
2026-03-17 22:39:09 [main] INFO  : Starting service [Tomcat]
2026-03-17 22:39:09 [main] INFO  : Starting Servlet engine: [Apache Tomcat/10.1.40]
2026-03-17 22:39:09 [main] INFO  : Initializing Spring embedded WebApplicationContext
2026-03-17 22:39:09 [main] INFO  : Root WebApplicationContext: initialization completed in 1780 ms
2026-03-17 22:39:09 [main] WARN  : Error: 1193-HY000: Unknown system variable 'WSREP_ON'
2026-03-17 22:39:09 [main] INFO  : Database: jdbc:mariadb://localhost/shopping_list_db?user=root&password=******** (MariaDB 11.7)
2026-03-17 22:39:09 [main] WARN  : Flyway upgrade recommended: MariaDB 11.7 is newer than this version of Flyway and support has not been tested. The latest supported version of MariaDB is 11.2.
2026-03-17 22:39:09 [main] INFO  : Successfully validated 1 migration (execution time 00:00.023s)
2026-03-17 22:39:09 [main] INFO  : Current version of schema `shopping_list_db`: 1
2026-03-17 22:39:09 [main] INFO  : Schema `shopping_list_db` is up to date. No migration necessary.
2026-03-17 22:39:10 [main] INFO  : HHH000204: Processing PersistenceUnitInfo [name: default]
2026-03-17 22:39:10 [main] INFO  : HHH000412: Hibernate ORM core version 6.5.2.Final
2026-03-17 22:39:10 [main] INFO  : HHH000026: Second-level cache disabled
2026-03-17 22:39:10 [main] INFO  : No LoadTimeWeaver setup: ignoring JPA class transformer
2026-03-17 22:39:10 [main] INFO  : HikariPool-1 - Starting...
2026-03-17 22:39:10 [main] INFO  : HikariPool-1 - Added connection org.mariadb.jdbc.Connection@2aac87ab
2026-03-17 22:39:10 [main] INFO  : HikariPool-1 - Start completed.
2026-03-17 22:39:10 [main] WARN  : HHH90000025: MariaDBDialect does not need to be specified explicitly using 'hibernate.dialect' (remove the property setting and it will be selected by default)
2026-03-17 22:39:11 [main] INFO  : HHH000489: No JTA platform available (set 'hibernate.transaction.jta.platform' to enable JTA platform integration)
2026-03-17 22:39:11 [main] INFO  : Initialized JPA EntityManagerFactory for persistence unit 'default'
2026-03-17 22:39:11 [main] WARN  : Exception encountered during context initialization - cancelling refresh attempt: org.springframework.beans.factory.UnsatisfiedDependencyException: Error creating bean with name 'webSocketConfig' defined in file [C:\Users\kjerz\Desktop\programy programowanie\projekty\ShoppingListService\target\classes\pl\kamjer\shoppinglistservice\config\websocket\config\WebSocketConfig.class]: Unsatisfied dependency expressed through constructor parameter 0: Error creating bean with name 'webSocketHandler' defined in file [C:\Users\kjerz\Desktop\programy programowanie\projekty\ShoppingListService\target\classes\pl\kamjer\shoppinglistservice\config\websocket\WebSocketHandler.class]: Unsatisfied dependency expressed through constructor parameter 4: No qualifying bean of type 'org.springframework.security.authentication.AuthenticationManager' available: expected at least 1 bean which qualifies as autowire candidate. Dependency annotations: {}
2026-03-17 22:39:11 [main] INFO  : Closing JPA EntityManagerFactory for persistence unit 'default'
2026-03-17 22:39:11 [main] INFO  : HikariPool-1 - Shutdown initiated...
2026-03-17 22:39:11 [main] INFO  : HikariPool-1 - Shutdown completed.
2026-03-17 22:39:11 [main] INFO  : Stopping service [Tomcat]
2026-03-17 22:39:11 [main] INFO  : 

Error starting ApplicationContext. To display the condition evaluation report re-run your application with 'debug' enabled.
2026-03-17 22:39:11 [main] ERROR : 

***************************
APPLICATION FAILED TO START
***************************

Description:

Parameter 4 of constructor in pl.kamjer.shoppinglistservice.config.websocket.WebSocketHandler required a bean of type 'org.springframework.security.authentication.AuthenticationManager' that could not be found.


Action:

Consider defining a bean of type 'org.springframework.security.authentication.AuthenticationManager' in your configuration.

2026-03-17 22:39:49 [background-preinit] INFO  : HV000001: Hibernate Validator 8.0.2.Final
2026-03-17 22:39:49 [main] INFO  : Starting ShoppingListServiceApplication using Java 21.0.3 with PID 19104 (C:\Users\kjerz\Desktop\programy programowanie\projekty\ShoppingListService\target\classes started by kjerz in C:\Users\kjerz\Desktop\programy programowanie\projekty\ShoppingListService)
2026-03-17 22:39:49 [main] INFO  : The following 1 profile is active: "dev"
2026-03-17 22:39:50 [main] INFO  : Bootstrapping Spring Data JPA repositories in DEFAULT mode.
2026-03-17 22:39:50 [main] INFO  : Finished Spring Data repository scanning in 114 ms. Found 3 JPA repository interfaces.
2026-03-17 22:39:51 [main] INFO  : Tomcat initialized with port 5443 (http)
2026-03-17 22:39:51 [main] INFO  : Initializing ProtocolHandler ["http-nio-5443"]
2026-03-17 22:39:51 [main] INFO  : Starting service [Tomcat]
2026-03-17 22:39:51 [main] INFO  : Starting Servlet engine: [Apache Tomcat/10.1.40]
2026-03-17 22:39:51 [main] INFO  : Initializing Spring embedded WebApplicationContext
2026-03-17 22:39:51 [main] INFO  : Root WebApplicationContext: initialization completed in 1895 ms
2026-03-17 22:39:52 [main] WARN  : Error: 1193-HY000: Unknown system variable 'WSREP_ON'
2026-03-17 22:39:52 [main] INFO  : Database: jdbc:mariadb://localhost/shopping_list_db?user=root&password=******** (MariaDB 11.7)
2026-03-17 22:39:52 [main] WARN  : Flyway upgrade recommended: MariaDB 11.7 is newer than this version of Flyway and support has not been tested. The latest supported version of MariaDB is 11.2.
2026-03-17 22:39:52 [main] INFO  : Successfully validated 1 migration (execution time 00:00.021s)
2026-03-17 22:39:52 [main] INFO  : Current version of schema `shopping_list_db`: 1
2026-03-17 22:39:52 [main] INFO  : Schema `shopping_list_db` is up to date. No migration necessary.
2026-03-17 22:39:52 [main] INFO  : HHH000204: Processing PersistenceUnitInfo [name: default]
2026-03-17 22:39:52 [main] INFO  : HHH000412: Hibernate ORM core version 6.5.2.Final
2026-03-17 22:39:52 [main] INFO  : HHH000026: Second-level cache disabled
2026-03-17 22:39:52 [main] INFO  : No LoadTimeWeaver setup: ignoring JPA class transformer
2026-03-17 22:39:52 [main] INFO  : HikariPool-1 - Starting...
2026-03-17 22:39:52 [main] INFO  : HikariPool-1 - Added connection org.mariadb.jdbc.Connection@7ffc4195
2026-03-17 22:39:52 [main] INFO  : HikariPool-1 - Start completed.
2026-03-17 22:39:52 [main] WARN  : HHH90000025: MariaDBDialect does not need to be specified explicitly using 'hibernate.dialect' (remove the property setting and it will be selected by default)
2026-03-17 22:39:53 [main] INFO  : HHH000489: No JTA platform available (set 'hibernate.transaction.jta.platform' to enable JTA platform integration)
2026-03-17 22:39:53 [main] INFO  : Initialized JPA EntityManagerFactory for persistence unit 'default'
2026-03-17 22:39:54 [main] WARN  : spring.jpa.open-in-view is enabled by default. Therefore, database queries may be performed during view rendering. Explicitly configure spring.jpa.open-in-view to disable this warning
2026-03-17 22:39:54 [main] INFO  : Global AuthenticationManager configured with AuthenticationProvider bean with name jwtAuthenticationProvider
2026-03-17 22:39:54 [main] INFO  : Exposing 0 endpoints beneath base path '/actuator'
2026-03-17 22:39:54 [main] WARN  : Exception encountered during context initialization - cancelling refresh attempt: org.springframework.beans.factory.UnsatisfiedDependencyException: Error creating bean with name 'org.springframework.security.config.annotation.web.configuration.WebSecurityConfiguration': Unsatisfied dependency expressed through method 'setFilterChains' parameter 0: Error creating bean with name 'filterChain' defined in class path resource [pl/kamjer/shoppinglistservice/config/security/WebSecurityConfiguration.class]: Failed to instantiate [org.springframework.security.web.SecurityFilterChain]: Factory method 'filterChain' threw exception with message: This object has already been built
2026-03-17 22:39:54 [main] INFO  : Closing JPA EntityManagerFactory for persistence unit 'default'
2026-03-17 22:39:54 [main] INFO  : HikariPool-1 - Shutdown initiated...
2026-03-17 22:39:54 [main] INFO  : HikariPool-1 - Shutdown completed.
2026-03-17 22:39:54 [main] INFO  : Stopping service [Tomcat]
2026-03-17 22:39:54 [main] INFO  : 

Error starting ApplicationContext. To display the condition evaluation report re-run your application with 'debug' enabled.
2026-03-17 22:39:54 [main] ERROR : Application run failed
org.springframework.beans.factory.UnsatisfiedDependencyException: Error creating bean with name 'org.springframework.security.config.annotation.web.configuration.WebSecurityConfiguration': Unsatisfied dependency expressed through method 'setFilterChains' parameter 0: Error creating bean with name 'filterChain' defined in class path resource [pl/kamjer/shoppinglistservice/config/security/WebSecurityConfiguration.class]: Failed to instantiate [org.springframework.security.web.SecurityFilterChain]: Factory method 'filterChain' threw exception with message: This object has already been built
	at org.springframework.beans.factory.annotation.AutowiredAnnotationBeanPostProcessor$AutowiredMethodElement.resolveMethodArguments(AutowiredAnnotationBeanPostProcessor.java:896)
	at org.springframework.beans.factory.annotation.AutowiredAnnotationBeanPostProcessor$AutowiredMethodElement.inject(AutowiredAnnotationBeanPostProcessor.java:849)
	at org.springframework.beans.factory.annotation.InjectionMetadata.inject(InjectionMetadata.java:146)
	at org.springframework.beans.factory.annotation.AutowiredAnnotationBeanPostProcessor.postProcessProperties(AutowiredAnnotationBeanPostProcessor.java:509)
	at org.springframework.beans.factory.support.AbstractAutowireCapableBeanFactory.populateBean(AbstractAutowireCapableBeanFactory.java:1451)
	at org.springframework.beans.factory.support.AbstractAutowireCapableBeanFactory.doCreateBean(AbstractAutowireCapableBeanFactory.java:606)
	at org.springframework.beans.factory.support.AbstractAutowireCapableBeanFactory.createBean(AbstractAutowireCapableBeanFactory.java:529)
	at org.springframework.beans.factory.support.AbstractBeanFactory.lambda$doGetBean$0(AbstractBeanFactory.java:339)
	at org.springframework.beans.factory.support.DefaultSingletonBeanRegistry.getSingleton(DefaultSingletonBeanRegistry.java:371)
	at org.springframework.beans.factory.support.AbstractBeanFactory.doGetBean(AbstractBeanFactory.java:337)
	at org.springframework.beans.factory.support.AbstractBeanFactory.getBean(AbstractBeanFactory.java:202)
	at org.springframework.beans.factory.support.DefaultListableBeanFactory.instantiateSingleton(DefaultListableBeanFactory.java:1221)
	at org.springframework.beans.factory.support.DefaultListableBeanFactory.preInstantiateSingleton(DefaultListableBeanFactory.java:1187)
	at org.springframework.beans.factory.support.DefaultListableBeanFactory.preInstantiateSingletons(DefaultListableBeanFactory.java:1122)
	at org.springframework.context.support.AbstractApplicationContext.finishBeanFactoryInitialization(AbstractApplicationContext.java:987)
	at org.springframework.context.support.AbstractApplicationContext.refresh(AbstractApplicationContext.java:627)
	at org.springframework.boot.web.servlet.context.ServletWebServerApplicationContext.refresh(ServletWebServerApplicationContext.java:146)
	at org.springframework.boot.SpringApplication.refresh(SpringApplication.java:753)
	at org.springframework.boot.SpringApplication.refreshContext(SpringApplication.java:439)
	at org.springframework.boot.SpringApplication.run(SpringApplication.java:318)
	at org.springframework.boot.SpringApplication.run(SpringApplication.java:1362)
	at org.springframework.boot.SpringApplication.run(SpringApplication.java:1351)
	at pl.kamjer.shoppinglistservice.ShoppingListServiceApplication.main(ShoppingListServiceApplication.java:10)
Caused by: org.springframework.beans.factory.BeanCreationException: Error creating bean with name 'filterChain' defined in class path resource [pl/kamjer/shoppinglistservice/config/security/WebSecurityConfiguration.class]: Failed to instantiate [org.springframework.security.web.SecurityFilterChain]: Factory method 'filterChain' threw exception with message: This object has already been built
	at org.springframework.beans.factory.support.ConstructorResolver.instantiate(ConstructorResolver.java:657)
	at org.springframework.beans.factory.support.ConstructorResolver.instantiateUsingFactoryMethod(ConstructorResolver.java:645)
	at org.springframework.beans.factory.support.AbstractAutowireCapableBeanFactory.instantiateUsingFactoryMethod(AbstractAutowireCapableBeanFactory.java:1367)
	at org.springframework.beans.factory.support.AbstractAutowireCapableBeanFactory.createBeanInstance(AbstractAutowireCapableBeanFactory.java:1197)
	at org.springframework.beans.factory.support.AbstractAutowireCapableBeanFactory.doCreateBean(AbstractAutowireCapableBeanFactory.java:569)
	at org.springframework.beans.factory.support.AbstractAutowireCapableBeanFactory.createBean(AbstractAutowireCapableBeanFactory.java:529)
	at org.springframework.beans.factory.support.AbstractBeanFactory.lambda$doGetBean$0(AbstractBeanFactory.java:339)
	at org.springframework.beans.factory.support.DefaultSingletonBeanRegistry.getSingleton(DefaultSingletonBeanRegistry.java:371)
	at org.springframework.beans.factory.support.AbstractBeanFactory.doGetBean(AbstractBeanFactory.java:337)
	at org.springframework.beans.factory.support.AbstractBeanFactory.getBean(AbstractBeanFactory.java:202)
	at org.springframework.beans.factory.config.DependencyDescriptor.resolveCandidate(DependencyDescriptor.java:254)
	at org.springframework.beans.factory.support.DefaultListableBeanFactory.addCandidateEntry(DefaultListableBeanFactory.java:1991)
	at org.springframework.beans.factory.support.DefaultListableBeanFactory.findAutowireCandidates(DefaultListableBeanFactory.java:1955)
	at org.springframework.beans.factory.support.DefaultListableBeanFactory.resolveMultipleBeanCollection(DefaultListableBeanFactory.java:1845)
	at org.springframework.beans.factory.support.DefaultListableBeanFactory.resolveMultipleBeans(DefaultListableBeanFactory.java:1813)
	at org.springframework.beans.factory.support.DefaultListableBeanFactory.doResolveDependency(DefaultListableBeanFactory.java:1688)
	at org.springframework.beans.factory.support.DefaultListableBeanFactory.resolveDependency(DefaultListableBeanFactory.java:1627)
	at org.springframework.beans.factory.annotation.AutowiredAnnotationBeanPostProcessor$AutowiredMethodElement.resolveMethodArguments(AutowiredAnnotationBeanPostProcessor.java:888)
	... 22 common frames omitted
Caused by: org.springframework.beans.BeanInstantiationException: Failed to instantiate [org.springframework.security.web.SecurityFilterChain]: Factory method 'filterChain' threw exception with message: This object has already been built
	at org.springframework.beans.factory.support.SimpleInstantiationStrategy.lambda$instantiate$0(SimpleInstantiationStrategy.java:199)
	at org.springframework.beans.factory.support.SimpleInstantiationStrategy.instantiateWithFactoryMethod(SimpleInstantiationStrategy.java:88)
	at org.springframework.beans.factory.support.SimpleInstantiationStrategy.instantiate(SimpleInstantiationStrategy.java:168)
	at org.springframework.beans.factory.support.ConstructorResolver.instantiate(ConstructorResolver.java:653)
	... 39 common frames omitted
Caused by: org.springframework.security.config.annotation.AlreadyBuiltException: This object has already been built
	at org.springframework.security.config.annotation.AbstractSecurityBuilder.build(AbstractSecurityBuilder.java:41)
	at org.springframework.security.config.annotation.web.builders.HttpSecurity.beforeConfigure(HttpSecurity.java:3301)
	at org.springframework.security.config.annotation.AbstractConfiguredSecurityBuilder.doBuild(AbstractConfiguredSecurityBuilder.java:351)
	at org.springframework.security.config.annotation.AbstractSecurityBuilder.build(AbstractSecurityBuilder.java:38)
	at pl.kamjer.shoppinglistservice.config.security.WebSecurityConfiguration.filterChain(WebSecurityConfiguration.java:50)
	at pl.kamjer.shoppinglistservice.config.security.WebSecurityConfiguration$$SpringCGLIB$$0.CGLIB$filterChain$0(<generated>)
	at pl.kamjer.shoppinglistservice.config.security.WebSecurityConfiguration$$SpringCGLIB$$FastClass$$1.invoke(<generated>)
	at org.springframework.cglib.proxy.MethodProxy.invokeSuper(MethodProxy.java:258)
	at org.springframework.context.annotation.ConfigurationClassEnhancer$BeanMethodInterceptor.intercept(ConfigurationClassEnhancer.java:393)
	at pl.kamjer.shoppinglistservice.config.security.WebSecurityConfiguration$$SpringCGLIB$$0.filterChain(<generated>)
	at java.base/jdk.internal.reflect.DirectMethodHandleAccessor.invoke(DirectMethodHandleAccessor.java:103)
	at java.base/java.lang.reflect.Method.invoke(Method.java:580)
	at org.springframework.beans.factory.support.SimpleInstantiationStrategy.lambda$instantiate$0(SimpleInstantiationStrategy.java:171)
	... 42 common frames omitted
2026-03-17 22:45:27 [background-preinit] INFO  : HV000001: Hibernate Validator 8.0.2.Final
2026-03-17 22:45:27 [main] INFO  : Starting ShoppingListServiceApplication using Java 21.0.3 with PID 11236 (C:\Users\kjerz\Desktop\programy programowanie\projekty\ShoppingListService\target\classes started by kjerz in C:\Users\kjerz\Desktop\programy programowanie\projekty\ShoppingListService)
2026-03-17 22:45:27 [main] INFO  : The following 1 profile is active: "dev"
2026-03-17 22:45:28 [main] INFO  : Bootstrapping Spring Data JPA repositories in DEFAULT mode.
2026-03-17 22:45:28 [main] INFO  : Finished Spring Data repository scanning in 110 ms. Found 3 JPA repository interfaces.
2026-03-17 22:45:29 [main] INFO  : Tomcat initialized with port 5443 (http)
2026-03-17 22:45:29 [main] INFO  : Initializing ProtocolHandler ["http-nio-5443"]
2026-03-17 22:45:29 [main] INFO  : Starting service [Tomcat]
2026-03-17 22:45:29 [main] INFO  : Starting Servlet engine: [Apache Tomcat/10.1.40]
2026-03-17 22:45:29 [main] INFO  : Initializing Spring embedded WebApplicationContext
2026-03-17 22:45:29 [main] INFO  : Root WebApplicationContext: initialization completed in 2041 ms
2026-03-17 22:45:30 [main] WARN  : Error: 1193-HY000: Unknown system variable 'WSREP_ON'
2026-03-17 22:45:30 [main] INFO  : Database: jdbc:mariadb://localhost/shopping_list_db?user=root&password=******** (MariaDB 11.7)
2026-03-17 22:45:30 [main] WARN  : Flyway upgrade recommended: MariaDB 11.7 is newer than this version of Flyway and support has not been tested. The latest supported version of MariaDB is 11.2.
2026-03-17 22:45:30 [main] INFO  : Successfully validated 1 migration (execution time 00:00.036s)
2026-03-17 22:45:30 [main] INFO  : Current version of schema `shopping_list_db`: 1
2026-03-17 22:45:30 [main] INFO  : Schema `shopping_list_db` is up to date. No migration necessary.
2026-03-17 22:45:30 [main] INFO  : HHH000204: Processing PersistenceUnitInfo [name: default]
2026-03-17 22:45:30 [main] INFO  : HHH000412: Hibernate ORM core version 6.5.2.Final
2026-03-17 22:45:30 [main] INFO  : HHH000026: Second-level cache disabled
2026-03-17 22:45:30 [main] INFO  : No LoadTimeWeaver setup: ignoring JPA class transformer
2026-03-17 22:45:30 [main] INFO  : HikariPool-1 - Starting...
2026-03-17 22:45:30 [main] INFO  : HikariPool-1 - Added connection org.mariadb.jdbc.Connection@5b74bb75
2026-03-17 22:45:30 [main] INFO  : HikariPool-1 - Start completed.
2026-03-17 22:45:31 [main] WARN  : HHH90000025: MariaDBDialect does not need to be specified explicitly using 'hibernate.dialect' (remove the property setting and it will be selected by default)
2026-03-17 22:45:32 [main] INFO  : HHH000489: No JTA platform available (set 'hibernate.transaction.jta.platform' to enable JTA platform integration)
2026-03-17 22:45:32 [main] INFO  : Initialized JPA EntityManagerFactory for persistence unit 'default'
2026-03-17 22:45:33 [main] WARN  : spring.jpa.open-in-view is enabled by default. Therefore, database queries may be performed during view rendering. Explicitly configure spring.jpa.open-in-view to disable this warning
2026-03-17 22:45:33 [main] INFO  : Global AuthenticationManager configured with AuthenticationProvider bean with name jwtAuthenticationProvider
2026-03-17 22:45:33 [main] INFO  : Exposing 0 endpoints beneath base path '/actuator'
2026-03-17 22:45:33 [main] WARN  : Exception encountered during context initialization - cancelling refresh attempt: org.springframework.beans.factory.UnsatisfiedDependencyException: Error creating bean with name 'org.springframework.security.config.annotation.web.configuration.WebSecurityConfiguration': Unsatisfied dependency expressed through method 'setFilterChains' parameter 0: Error creating bean with name 'filterChain' defined in class path resource [pl/kamjer/shoppinglistservice/config/security/WebSecurityConfiguration.class]: Failed to instantiate [org.springframework.security.web.SecurityFilterChain]: Factory method 'filterChain' threw exception with message: This object has already been built
2026-03-17 22:45:33 [main] INFO  : Closing JPA EntityManagerFactory for persistence unit 'default'
2026-03-17 22:45:33 [main] INFO  : HikariPool-1 - Shutdown initiated...
2026-03-17 22:45:33 [main] INFO  : HikariPool-1 - Shutdown completed.
2026-03-17 22:45:33 [main] INFO  : Stopping service [Tomcat]
2026-03-17 22:45:33 [main] INFO  : 

Error starting ApplicationContext. To display the condition evaluation report re-run your application with 'debug' enabled.
2026-03-17 22:45:33 [main] ERROR : Application run failed
org.springframework.beans.factory.UnsatisfiedDependencyException: Error creating bean with name 'org.springframework.security.config.annotation.web.configuration.WebSecurityConfiguration': Unsatisfied dependency expressed through method 'setFilterChains' parameter 0: Error creating bean with name 'filterChain' defined in class path resource [pl/kamjer/shoppinglistservice/config/security/WebSecurityConfiguration.class]: Failed to instantiate [org.springframework.security.web.SecurityFilterChain]: Factory method 'filterChain' threw exception with message: This object has already been built
	at org.springframework.beans.factory.annotation.AutowiredAnnotationBeanPostProcessor$AutowiredMethodElement.resolveMethodArguments(AutowiredAnnotationBeanPostProcessor.java:896)
	at org.springframework.beans.factory.annotation.AutowiredAnnotationBeanPostProcessor$AutowiredMethodElement.inject(AutowiredAnnotationBeanPostProcessor.java:849)
	at org.springframework.beans.factory.annotation.InjectionMetadata.inject(InjectionMetadata.java:146)
	at org.springframework.beans.factory.annotation.AutowiredAnnotationBeanPostProcessor.postProcessProperties(AutowiredAnnotationBeanPostProcessor.java:509)
	at org.springframework.beans.factory.support.AbstractAutowireCapableBeanFactory.populateBean(AbstractAutowireCapableBeanFactory.java:1451)
	at org.springframework.beans.factory.support.AbstractAutowireCapableBeanFactory.doCreateBean(AbstractAutowireCapableBeanFactory.java:606)
	at org.springframework.beans.factory.support.AbstractAutowireCapableBeanFactory.createBean(AbstractAutowireCapableBeanFactory.java:529)
	at org.springframework.beans.factory.support.AbstractBeanFactory.lambda$doGetBean$0(AbstractBeanFactory.java:339)
	at org.springframework.beans.factory.support.DefaultSingletonBeanRegistry.getSingleton(DefaultSingletonBeanRegistry.java:371)
	at org.springframework.beans.factory.support.AbstractBeanFactory.doGetBean(AbstractBeanFactory.java:337)
	at org.springframework.beans.factory.support.AbstractBeanFactory.getBean(AbstractBeanFactory.java:202)
	at org.springframework.beans.factory.support.DefaultListableBeanFactory.instantiateSingleton(DefaultListableBeanFactory.java:1221)
	at org.springframework.beans.factory.support.DefaultListableBeanFactory.preInstantiateSingleton(DefaultListableBeanFactory.java:1187)
	at org.springframework.beans.factory.support.DefaultListableBeanFactory.preInstantiateSingletons(DefaultListableBeanFactory.java:1122)
	at org.springframework.context.support.AbstractApplicationContext.finishBeanFactoryInitialization(AbstractApplicationContext.java:987)
	at org.springframework.context.support.AbstractApplicationContext.refresh(AbstractApplicationContext.java:627)
	at org.springframework.boot.web.servlet.context.ServletWebServerApplicationContext.refresh(ServletWebServerApplicationContext.java:146)
	at org.springframework.boot.SpringApplication.refresh(SpringApplication.java:753)
	at org.springframework.boot.SpringApplication.refreshContext(SpringApplication.java:439)
	at org.springframework.boot.SpringApplication.run(SpringApplication.java:318)
	at org.springframework.boot.SpringApplication.run(SpringApplication.java:1362)
	at org.springframework.boot.SpringApplication.run(SpringApplication.java:1351)
	at pl.kamjer.shoppinglistservice.ShoppingListServiceApplication.main(ShoppingListServiceApplication.java:10)
Caused by: org.springframework.beans.factory.BeanCreationException: Error creating bean with name 'filterChain' defined in class path resource [pl/kamjer/shoppinglistservice/config/security/WebSecurityConfiguration.class]: Failed to instantiate [org.springframework.security.web.SecurityFilterChain]: Factory method 'filterChain' threw exception with message: This object has already been built
	at org.springframework.beans.factory.support.ConstructorResolver.instantiate(ConstructorResolver.java:657)
	at org.springframework.beans.factory.support.ConstructorResolver.instantiateUsingFactoryMethod(ConstructorResolver.java:645)
	at org.springframework.beans.factory.support.AbstractAutowireCapableBeanFactory.instantiateUsingFactoryMethod(AbstractAutowireCapableBeanFactory.java:1367)
	at org.springframework.beans.factory.support.AbstractAutowireCapableBeanFactory.createBeanInstance(AbstractAutowireCapableBeanFactory.java:1197)
	at org.springframework.beans.factory.support.AbstractAutowireCapableBeanFactory.doCreateBean(AbstractAutowireCapableBeanFactory.java:569)
	at org.springframework.beans.factory.support.AbstractAutowireCapableBeanFactory.createBean(AbstractAutowireCapableBeanFactory.java:529)
	at org.springframework.beans.factory.support.AbstractBeanFactory.lambda$doGetBean$0(AbstractBeanFactory.java:339)
	at org.springframework.beans.factory.support.DefaultSingletonBeanRegistry.getSingleton(DefaultSingletonBeanRegistry.java:371)
	at org.springframework.beans.factory.support.AbstractBeanFactory.doGetBean(AbstractBeanFactory.java:337)
	at org.springframework.beans.factory.support.AbstractBeanFactory.getBean(AbstractBeanFactory.java:202)
	at org.springframework.beans.factory.config.DependencyDescriptor.resolveCandidate(DependencyDescriptor.java:254)
	at org.springframework.beans.factory.support.DefaultListableBeanFactory.addCandidateEntry(DefaultListableBeanFactory.java:1991)
	at org.springframework.beans.factory.support.DefaultListableBeanFactory.findAutowireCandidates(DefaultListableBeanFactory.java:1955)
	at org.springframework.beans.factory.support.DefaultListableBeanFactory.resolveMultipleBeanCollection(DefaultListableBeanFactory.java:1845)
	at org.springframework.beans.factory.support.DefaultListableBeanFactory.resolveMultipleBeans(DefaultListableBeanFactory.java:1813)
	at org.springframework.beans.factory.support.DefaultListableBeanFactory.doResolveDependency(DefaultListableBeanFactory.java:1688)
	at org.springframework.beans.factory.support.DefaultListableBeanFactory.resolveDependency(DefaultListableBeanFactory.java:1627)
	at org.springframework.beans.factory.annotation.AutowiredAnnotationBeanPostProcessor$AutowiredMethodElement.resolveMethodArguments(AutowiredAnnotationBeanPostProcessor.java:888)
	... 22 common frames omitted
Caused by: org.springframework.beans.BeanInstantiationException: Failed to instantiate [org.springframework.security.web.SecurityFilterChain]: Factory method 'filterChain' threw exception with message: This object has already been built
	at org.springframework.beans.factory.support.SimpleInstantiationStrategy.lambda$instantiate$0(SimpleInstantiationStrategy.java:199)
	at org.springframework.beans.factory.support.SimpleInstantiationStrategy.instantiateWithFactoryMethod(SimpleInstantiationStrategy.java:88)
	at org.springframework.beans.factory.support.SimpleInstantiationStrategy.instantiate(SimpleInstantiationStrategy.java:168)
	at org.springframework.beans.factory.support.ConstructorResolver.instantiate(ConstructorResolver.java:653)
	... 39 common frames omitted
Caused by: org.springframework.security.config.annotation.AlreadyBuiltException: This object has already been built
	at org.springframework.security.config.annotation.AbstractSecurityBuilder.build(AbstractSecurityBuilder.java:41)
	at org.springframework.security.config.annotation.web.builders.HttpSecurity.beforeConfigure(HttpSecurity.java:3301)
	at org.springframework.security.config.annotation.AbstractConfiguredSecurityBuilder.doBuild(AbstractConfiguredSecurityBuilder.java:351)
	at org.springframework.security.config.annotation.AbstractSecurityBuilder.build(AbstractSecurityBuilder.java:38)
	at pl.kamjer.shoppinglistservice.config.security.WebSecurityConfiguration.filterChain(WebSecurityConfiguration.java:47)
	at pl.kamjer.shoppinglistservice.config.security.WebSecurityConfiguration$$SpringCGLIB$$0.CGLIB$filterChain$1(<generated>)
	at pl.kamjer.shoppinglistservice.config.security.WebSecurityConfiguration$$SpringCGLIB$$FastClass$$1.invoke(<generated>)
	at org.springframework.cglib.proxy.MethodProxy.invokeSuper(MethodProxy.java:258)
	at org.springframework.context.annotation.ConfigurationClassEnhancer$BeanMethodInterceptor.intercept(ConfigurationClassEnhancer.java:393)
	at pl.kamjer.shoppinglistservice.config.security.WebSecurityConfiguration$$SpringCGLIB$$0.filterChain(<generated>)
	at java.base/jdk.internal.reflect.DirectMethodHandleAccessor.invoke(DirectMethodHandleAccessor.java:103)
	at java.base/java.lang.reflect.Method.invoke(Method.java:580)
	at org.springframework.beans.factory.support.SimpleInstantiationStrategy.lambda$instantiate$0(SimpleInstantiationStrategy.java:171)
	... 42 common frames omitted
2026-03-17 22:51:46 [background-preinit] INFO  : HV000001: Hibernate Validator 8.0.2.Final
2026-03-17 22:51:46 [main] INFO  : Starting ShoppingListServiceApplication using Java 21.0.3 with PID 11120 (C:\Users\kjerz\Desktop\programy programowanie\projekty\ShoppingListService\target\classes started by kjerz in C:\Users\kjerz\Desktop\programy programowanie\projekty\ShoppingListService)
2026-03-17 22:51:46 [main] INFO  : The following 1 profile is active: "dev"
2026-03-17 22:51:47 [main] INFO  : Bootstrapping Spring Data JPA repositories in DEFAULT mode.
2026-03-17 22:51:48 [main] INFO  : Finished Spring Data repository scanning in 109 ms. Found 3 JPA repository interfaces.
2026-03-17 22:51:48 [main] INFO  : Tomcat initialized with port 5443 (http)
2026-03-17 22:51:48 [main] INFO  : Initializing ProtocolHandler ["http-nio-5443"]
2026-03-17 22:51:48 [main] INFO  : Starting service [Tomcat]
2026-03-17 22:51:48 [main] INFO  : Starting Servlet engine: [Apache Tomcat/10.1.40]
2026-03-17 22:51:49 [main] INFO  : Initializing Spring embedded WebApplicationContext
2026-03-17 22:51:49 [main] INFO  : Root WebApplicationContext: initialization completed in 2009 ms
2026-03-17 22:51:49 [main] WARN  : Error: 1193-HY000: Unknown system variable 'WSREP_ON'
2026-03-17 22:51:49 [main] INFO  : Database: jdbc:mariadb://localhost/shopping_list_db?user=root&password=******** (MariaDB 11.7)
2026-03-17 22:51:49 [main] WARN  : Flyway upgrade recommended: MariaDB 11.7 is newer than this version of Flyway and support has not been tested. The latest supported version of MariaDB is 11.2.
2026-03-17 22:51:49 [main] INFO  : Successfully validated 1 migration (execution time 00:00.025s)
2026-03-17 22:51:49 [main] INFO  : Current version of schema `shopping_list_db`: 1
2026-03-17 22:51:49 [main] INFO  : Schema `shopping_list_db` is up to date. No migration necessary.
2026-03-17 22:51:49 [main] INFO  : HHH000204: Processing PersistenceUnitInfo [name: default]
2026-03-17 22:51:49 [main] INFO  : HHH000412: Hibernate ORM core version 6.5.2.Final
2026-03-17 22:51:49 [main] INFO  : HHH000026: Second-level cache disabled
2026-03-17 22:51:50 [main] INFO  : No LoadTimeWeaver setup: ignoring JPA class transformer
2026-03-17 22:51:50 [main] INFO  : HikariPool-1 - Starting...
2026-03-17 22:51:50 [main] INFO  : HikariPool-1 - Added connection org.mariadb.jdbc.Connection@7ffc4195
2026-03-17 22:51:50 [main] INFO  : HikariPool-1 - Start completed.
2026-03-17 22:51:50 [main] WARN  : HHH90000025: MariaDBDialect does not need to be specified explicitly using 'hibernate.dialect' (remove the property setting and it will be selected by default)
2026-03-17 22:51:50 [main] INFO  : HHH000489: No JTA platform available (set 'hibernate.transaction.jta.platform' to enable JTA platform integration)
2026-03-17 22:51:50 [main] INFO  : Initialized JPA EntityManagerFactory for persistence unit 'default'
2026-03-17 22:51:51 [main] WARN  : spring.jpa.open-in-view is enabled by default. Therefore, database queries may be performed during view rendering. Explicitly configure spring.jpa.open-in-view to disable this warning
2026-03-17 22:51:51 [main] INFO  : Global AuthenticationManager configured with AuthenticationProvider bean with name jwtAuthenticationProvider
2026-03-17 22:51:51 [main] INFO  : Exposing 0 endpoints beneath base path '/actuator'
2026-03-17 22:51:52 [main] INFO  : Starting ProtocolHandler ["http-nio-5443"]
2026-03-17 22:51:52 [main] INFO  : Tomcat started on port 5443 (http) with context path '/'
2026-03-17 22:51:52 [main] INFO  : Started ShoppingListServiceApplication in 6.107 seconds (process running for 6.491)
2026-03-17 22:52:48 [tomcat-handler-0] INFO  : Initializing Spring DispatcherServlet 'dispatcherServlet'
2026-03-17 22:52:48 [tomcat-handler-0] INFO  : Initializing Servlet 'dispatcherServlet'
2026-03-17 22:52:48 [tomcat-handler-0] INFO  : Completed initialization in 1 ms
2026-03-17 23:02:49 [SpringApplicationShutdownHook] INFO  : Commencing graceful shutdown. Waiting for active requests to complete
2026-03-17 23:02:49 [tomcat-shutdown] INFO  : Graceful shutdown complete
2026-03-17 23:02:51 [SpringApplicationShutdownHook] INFO  : Closing JPA EntityManagerFactory for persistence unit 'default'
2026-03-17 23:02:51 [SpringApplicationShutdownHook] INFO  : HikariPool-1 - Shutdown initiated...
2026-03-17 23:02:51 [SpringApplicationShutdownHook] INFO  : HikariPool-1 - Shutdown completed.
2026-03-17 23:02:55 [background-preinit] INFO  : HV000001: Hibernate Validator 8.0.2.Final
2026-03-17 23:02:55 [main] INFO  : Starting ShoppingListServiceApplication using Java 21.0.3 with PID 15076 (C:\Users\kjerz\Desktop\programy programowanie\projekty\ShoppingListService\target\classes started by kjerz in C:\Users\kjerz\Desktop\programy programowanie\projekty\ShoppingListService)
2026-03-17 23:02:55 [main] INFO  : The following 1 profile is active: "dev"
2026-03-17 23:02:56 [main] INFO  : Bootstrapping Spring Data JPA repositories in DEFAULT mode.
2026-03-17 23:02:56 [main] INFO  : Finished Spring Data repository scanning in 117 ms. Found 3 JPA repository interfaces.
2026-03-17 23:02:57 [main] INFO  : Tomcat initialized with port 5443 (http)
2026-03-17 23:02:57 [main] INFO  : Initializing ProtocolHandler ["http-nio-5443"]
2026-03-17 23:02:57 [main] INFO  : Starting service [Tomcat]
2026-03-17 23:02:57 [main] INFO  : Starting Servlet engine: [Apache Tomcat/10.1.40]
2026-03-17 23:02:57 [main] INFO  : Initializing Spring embedded WebApplicationContext
2026-03-17 23:02:57 [main] INFO  : Root WebApplicationContext: initialization completed in 2318 ms
2026-03-17 23:02:58 [main] WARN  : Error: 1193-HY000: Unknown system variable 'WSREP_ON'
2026-03-17 23:02:58 [main] INFO  : Database: jdbc:mariadb://localhost/shopping_list_db?user=root&password=******** (MariaDB 11.7)
2026-03-17 23:02:58 [main] WARN  : Flyway upgrade recommended: MariaDB 11.7 is newer than this version of Flyway and support has not been tested. The latest supported version of MariaDB is 11.2.
2026-03-17 23:02:58 [main] INFO  : Successfully validated 1 migration (execution time 00:00.033s)
2026-03-17 23:02:58 [main] INFO  : Current version of schema `shopping_list_db`: 1
2026-03-17 23:02:58 [main] INFO  : Schema `shopping_list_db` is up to date. No migration necessary.
2026-03-17 23:02:58 [main] INFO  : HHH000204: Processing PersistenceUnitInfo [name: default]
2026-03-17 23:02:58 [main] INFO  : HHH000412: Hibernate ORM core version 6.5.2.Final
2026-03-17 23:02:58 [main] INFO  : HHH000026: Second-level cache disabled
2026-03-17 23:02:59 [main] INFO  : No LoadTimeWeaver setup: ignoring JPA class transformer
2026-03-17 23:02:59 [main] INFO  : HikariPool-1 - Starting...
2026-03-17 23:02:59 [main] INFO  : HikariPool-1 - Added connection org.mariadb.jdbc.Connection@c14bbab
2026-03-17 23:02:59 [main] INFO  : HikariPool-1 - Start completed.
2026-03-17 23:02:59 [main] WARN  : HHH90000025: MariaDBDialect does not need to be specified explicitly using 'hibernate.dialect' (remove the property setting and it will be selected by default)
2026-03-17 23:03:00 [main] INFO  : HHH000489: No JTA platform available (set 'hibernate.transaction.jta.platform' to enable JTA platform integration)
2026-03-17 23:03:00 [main] INFO  : Initialized JPA EntityManagerFactory for persistence unit 'default'
2026-03-17 23:03:01 [main] WARN  : spring.jpa.open-in-view is enabled by default. Therefore, database queries may be performed during view rendering. Explicitly configure spring.jpa.open-in-view to disable this warning
2026-03-17 23:03:01 [main] INFO  : Global AuthenticationManager configured with AuthenticationProvider bean with name jwtAuthenticationProvider
2026-03-17 23:03:02 [main] INFO  : Exposing 0 endpoints beneath base path '/actuator'
2026-03-17 23:03:03 [main] INFO  : Starting ProtocolHandler ["http-nio-5443"]
2026-03-17 23:03:03 [main] INFO  : Tomcat started on port 5443 (http) with context path '/'
2026-03-17 23:03:04 [main] INFO  : Started ShoppingListServiceApplication in 9.198 seconds (process running for 9.532)
2026-03-17 23:03:16 [tomcat-handler-0] INFO  : Initializing Spring DispatcherServlet 'dispatcherServlet'
2026-03-17 23:03:16 [tomcat-handler-0] INFO  : Initializing Servlet 'dispatcherServlet'
2026-03-17 23:03:16 [tomcat-handler-0] INFO  : Completed initialization in 0 ms
2026-03-17 23:04:09 [tomcat-handler-5] INFO  : New session connected: 82b30fb4-c4a7-719b-2353-d2727d6300aa, user: t1
2026-03-17 23:04:09 [SpringApplicationShutdownHook] INFO  : Commencing graceful shutdown. Waiting for active requests to complete
2026-03-17 23:04:09 [tomcat-shutdown] INFO  : Graceful shutdown complete
2026-03-17 23:04:11 [SpringApplicationShutdownHook] INFO  : Closing JPA EntityManagerFactory for persistence unit 'default'
2026-03-17 23:04:11 [SpringApplicationShutdownHook] INFO  : HikariPool-1 - Shutdown initiated...
2026-03-17 23:04:11 [SpringApplicationShutdownHook] INFO  : HikariPool-1 - Shutdown completed.
2026-03-17 23:04:11 [SpringApplicationShutdownHook] ERROR : Error java.nio.channels.ClosedChannelException - session: 82b30fb4-c4a7-719b-2353-d2727d6300aa from: t1
2026-03-17 23:04:17 [background-preinit] INFO  : HV000001: Hibernate Validator 8.0.2.Final
2026-03-17 23:04:17 [main] INFO  : Starting ShoppingListServiceApplication using Java 21.0.3 with PID 11596 (C:\Users\kjerz\Desktop\programy programowanie\projekty\ShoppingListService\target\classes started by kjerz in C:\Users\kjerz\Desktop\programy programowanie\projekty\ShoppingListService)
2026-03-17 23:04:17 [main] INFO  : The following 1 profile is active: "dev"
2026-03-17 23:04:18 [main] INFO  : Bootstrapping Spring Data JPA repositories in DEFAULT mode.
2026-03-17 23:04:18 [main] INFO  : Finished Spring Data repository scanning in 105 ms. Found 3 JPA repository interfaces.
2026-03-17 23:04:19 [main] INFO  : Tomcat initialized with port 5443 (http)
2026-03-17 23:04:19 [main] INFO  : Initializing ProtocolHandler ["http-nio-5443"]
2026-03-17 23:04:19 [main] INFO  : Starting service [Tomcat]
2026-03-17 23:04:19 [main] INFO  : Starting Servlet engine: [Apache Tomcat/10.1.40]
2026-03-17 23:04:19 [main] INFO  : Initializing Spring embedded WebApplicationContext
2026-03-17 23:04:19 [main] INFO  : Root WebApplicationContext: initialization completed in 1989 ms
2026-03-17 23:04:20 [main] WARN  : Error: 1193-HY000: Unknown system variable 'WSREP_ON'
2026-03-17 23:04:20 [main] INFO  : Database: jdbc:mariadb://localhost/shopping_list_db?user=root&password=******** (MariaDB 11.7)
2026-03-17 23:04:20 [main] WARN  : Flyway upgrade recommended: MariaDB 11.7 is newer than this version of Flyway and support has not been tested. The latest supported version of MariaDB is 11.2.
2026-03-17 23:04:20 [main] INFO  : Successfully validated 1 migration (execution time 00:00.028s)
2026-03-17 23:04:20 [main] INFO  : Current version of schema `shopping_list_db`: 1
2026-03-17 23:04:20 [main] INFO  : Schema `shopping_list_db` is up to date. No migration necessary.
2026-03-17 23:04:20 [main] INFO  : HHH000204: Processing PersistenceUnitInfo [name: default]
2026-03-17 23:04:20 [main] INFO  : HHH000412: Hibernate ORM core version 6.5.2.Final
2026-03-17 23:04:20 [main] INFO  : HHH000026: Second-level cache disabled
2026-03-17 23:04:21 [main] INFO  : No LoadTimeWeaver setup: ignoring JPA class transformer
2026-03-17 23:04:21 [main] INFO  : HikariPool-1 - Starting...
2026-03-17 23:04:21 [main] INFO  : HikariPool-1 - Added connection org.mariadb.jdbc.Connection@c14bbab
2026-03-17 23:04:21 [main] INFO  : HikariPool-1 - Start completed.
2026-03-17 23:04:21 [main] WARN  : HHH90000025: MariaDBDialect does not need to be specified explicitly using 'hibernate.dialect' (remove the property setting and it will be selected by default)
2026-03-17 23:04:22 [main] INFO  : HHH000489: No JTA platform available (set 'hibernate.transaction.jta.platform' to enable JTA platform integration)
2026-03-17 23:04:22 [main] INFO  : Initialized JPA EntityManagerFactory for persistence unit 'default'
2026-03-17 23:04:22 [main] WARN  : spring.jpa.open-in-view is enabled by default. Therefore, database queries may be performed during view rendering. Explicitly configure spring.jpa.open-in-view to disable this warning
2026-03-17 23:04:22 [main] INFO  : Global AuthenticationManager configured with AuthenticationProvider bean with name jwtAuthenticationProvider
2026-03-17 23:04:23 [main] INFO  : Exposing 0 endpoints beneath base path '/actuator'
2026-03-17 23:04:23 [main] INFO  : Starting ProtocolHandler ["http-nio-5443"]
2026-03-17 23:04:23 [main] INFO  : Tomcat started on port 5443 (http) with context path '/'
2026-03-17 23:04:23 [main] INFO  : Started ShoppingListServiceApplication in 6.313 seconds (process running for 6.637)
2026-03-17 23:04:27 [tomcat-handler-0] INFO  : Initializing Spring DispatcherServlet 'dispatcherServlet'
2026-03-17 23:04:27 [tomcat-handler-0] INFO  : Initializing Servlet 'dispatcherServlet'
2026-03-17 23:04:27 [tomcat-handler-0] INFO  : Completed initialization in 1 ms
2026-03-17 23:04:28 [tomcat-handler-0] INFO  : New session connected: d0e7e984-28d9-181f-a54f-6abd4e06d4b4, user: t1
2026-03-17 23:04:31 [tomcat-handler-1] INFO  : New message from user: t1
2026-03-17 23:04:33 [tomcat-handler-1] INFO  : End of message processing - session: d0e7e984-28d9-181f-a54f-6abd4e06d4b4 from: t1
2026-03-17 23:04:53 [SpringApplicationShutdownHook] INFO  : Commencing graceful shutdown. Waiting for active requests to complete
2026-03-17 23:04:53 [tomcat-shutdown] INFO  : Graceful shutdown complete
2026-03-17 23:04:55 [SpringApplicationShutdownHook] INFO  : Closing JPA EntityManagerFactory for persistence unit 'default'
2026-03-17 23:04:55 [SpringApplicationShutdownHook] INFO  : HikariPool-1 - Shutdown initiated...
2026-03-17 23:04:55 [SpringApplicationShutdownHook] INFO  : HikariPool-1 - Shutdown completed.
2026-03-17 23:04:55 [SpringApplicationShutdownHook] ERROR : Error java.nio.channels.ClosedChannelException - session: d0e7e984-28d9-181f-a54f-6abd4e06d4b4 from: t1
2026-03-17 23:04:55 [SpringApplicationShutdownHook] ERROR : Closing session due to exception for StandardWebSocketSession[id=d0e7e984-28d9-181f-a54f-6abd4e06d4b4, uri=ws://localhost:5443/ws?token=eyJhbGciOiJIUzI1NiJ9.eyJzdWIiOiJ0MSIsImlhdCI6MTc3Mzc4NTAyOSwiZXhwIjoxNzczNzg1MzI5fQ.SDteCPRax-Hed4uDoVmIHSr1hHaeMIbR5-zcRi9fG_o]
java.io.IOException: The transformer has been closed and may no longer be used
	at org.apache.tomcat.websocket.PerMessageDeflate.sendMessagePart(PerMessageDeflate.java:358)
	at org.apache.tomcat.websocket.WsRemoteEndpointImplBase.sendMessageBlockInternal(WsRemoteEndpointImplBase.java:288)
	at org.apache.tomcat.websocket.WsRemoteEndpointImplBase.sendMessageBlock(WsRemoteEndpointImplBase.java:266)
	at org.apache.tomcat.websocket.WsRemoteEndpointImplBase.sendMessageBlock(WsRemoteEndpointImplBase.java:250)
	at org.apache.tomcat.websocket.WsRemoteEndpointImplBase.sendPartialString(WsRemoteEndpointImplBase.java:223)
	at org.apache.tomcat.websocket.WsRemoteEndpointBasic.sendText(WsRemoteEndpointBasic.java:48)
	at org.springframework.web.socket.adapter.standard.StandardWebSocketSession.sendTextMessage(StandardWebSocketSession.java:217)
	at org.springframework.web.socket.adapter.AbstractWebSocketSession.sendMessage(AbstractWebSocketSession.java:108)
	at pl.kamjer.shoppinglistservice.config.websocket.ConnectionBroker.handleException(ConnectionBroker.java:138)
	at pl.kamjer.shoppinglistservice.config.websocket.WebSocketHandler.handleTransportError(WebSocketHandler.java:123)
	at org.springframework.web.socket.handler.WebSocketHandlerDecorator.handleTransportError(WebSocketHandlerDecorator.java:80)
	at org.springframework.web.socket.handler.LoggingWebSocketHandlerDecorator.handleTransportError(LoggingWebSocketHandlerDecorator.java:64)
	at org.springframework.web.socket.handler.ExceptionWebSocketHandlerDecorator.handleTransportError(ExceptionWebSocketHandlerDecorator.java:68)
	at org.springframework.web.socket.adapter.standard.StandardWebSocketHandlerAdapter.onError(StandardWebSocketHandlerAdapter.java:156)
	at org.apache.tomcat.websocket.WsSession.sendCloseMessage(WsSession.java:793)
	at org.apache.tomcat.websocket.WsSession.doClose(WsSession.java:575)
	at org.apache.tomcat.websocket.WsSession.doClose(WsSession.java:542)
	at org.apache.tomcat.websocket.WsSession.close(WsSession.java:530)
	at org.apache.tomcat.websocket.WsWebSocketContainer.destroy(WsWebSocketContainer.java:1022)
	at org.apache.tomcat.websocket.server.WsContextListener.contextDestroyed(WsContextListener.java:46)
	at org.apache.catalina.core.StandardContext.listenerStop(StandardContext.java:4090)
	at org.apache.catalina.core.StandardContext.stopInternal(StandardContext.java:4700)
	at org.apache.catalina.util.LifecycleBase.stop(LifecycleBase.java:235)
	at org.apache.catalina.core.ContainerBase$StopChild.call(ContainerBase.java:1219)
	at org.apache.catalina.core.ContainerBase$StopChild.call(ContainerBase.java:1208)
	at java.base/java.util.concurrent.FutureTask.run$$$capture(FutureTask.java:317)
	at java.base/java.util.concurrent.FutureTask.run(FutureTask.java)
	at org.apache.tomcat.util.threads.InlineExecutorService.execute(InlineExecutorService.java:75)
	at java.base/java.util.concurrent.AbstractExecutorService.submit(AbstractExecutorService.java:145)
	at org.apache.catalina.core.ContainerBase.stopInternal(ContainerBase.java:814)
	at org.apache.catalina.util.LifecycleBase.stop(LifecycleBase.java:235)
	at org.apache.catalina.core.ContainerBase$StopChild.call(ContainerBase.java:1219)
	at org.apache.catalina.core.ContainerBase$StopChild.call(ContainerBase.java:1208)
	at java.base/java.util.concurrent.FutureTask.run$$$capture(FutureTask.java:317)
	at java.base/java.util.concurrent.FutureTask.run(FutureTask.java)
	at org.apache.tomcat.util.threads.InlineExecutorService.execute(InlineExecutorService.java:75)
	at java.base/java.util.concurrent.AbstractExecutorService.submit(AbstractExecutorService.java:145)
	at org.apache.catalina.core.ContainerBase.stopInternal(ContainerBase.java:814)
	at org.apache.catalina.util.LifecycleBase.stop(LifecycleBase.java:235)
	at org.apache.catalina.core.StandardService.stopInternal(StandardService.java:468)
	at org.apache.catalina.util.LifecycleBase.stop(LifecycleBase.java:235)
	at org.apache.catalina.core.StandardServer.stopInternal(StandardServer.java:915)
	at org.apache.catalina.util.LifecycleBase.stop(LifecycleBase.java:235)
	at org.apache.catalina.startup.Tomcat.stop(Tomcat.java:448)
	at org.springframework.boot.web.embedded.tomcat.TomcatWebServer.stopTomcat(TomcatWebServer.java:301)
	at org.springframework.boot.web.embedded.tomcat.TomcatWebServer.destroy(TomcatWebServer.java:374)
	at org.springframework.boot.web.servlet.context.ServletWebServerApplicationContext.doClose(ServletWebServerApplicationContext.java:182)
	at org.springframework.context.support.AbstractApplicationContext.close(AbstractApplicationContext.java:1126)
	at org.springframework.boot.SpringApplicationShutdownHook.closeAndWait(SpringApplicationShutdownHook.java:147)
	at java.base/java.lang.Iterable.forEach(Iterable.java:75)
	at org.springframework.boot.SpringApplicationShutdownHook.run(SpringApplicationShutdownHook.java:116)
	at java.base/java.lang.Thread.run(Thread.java:1583)
Caused by: java.lang.NullPointerException: Deflater has been closed
	at java.base/java.util.zip.Deflater.ensureOpen(Deflater.java:902)
	at java.base/java.util.zip.Deflater.deflate(Deflater.java:564)
	at org.apache.tomcat.websocket.PerMessageDeflate.sendMessagePart(PerMessageDeflate.java:353)
	... 51 common frames omitted
2026-03-17 23:04:55 [SpringApplicationShutdownHook] INFO  : Session closing: d0e7e984-28d9-181f-a54f-6abd4e06d4b4 - reason: The web application is stopping
2026-03-17 23:17:31 [background-preinit] INFO  : HV000001: Hibernate Validator 8.0.2.Final
2026-03-17 23:17:31 [main] INFO  : Starting ShoppingListServiceApplication using Java 21.0.3 with PID 20024 (C:\Users\kjerz\Desktop\programy programowanie\projekty\ShoppingListService\target\classes started by kjerz in C:\Users\kjerz\Desktop\programy programowanie\projekty\ShoppingListService)
2026-03-17 23:17:31 [main] INFO  : The following 1 profile is active: "dev"
2026-03-17 23:17:32 [main] INFO  : Bootstrapping Spring Data JPA repositories in DEFAULT mode.
2026-03-17 23:17:32 [main] INFO  : Finished Spring Data repository scanning in 106 ms. Found 3 JPA repository interfaces.
2026-03-17 23:17:33 [main] INFO  : Tomcat initialized with port 5443 (http)
2026-03-17 23:17:33 [main] INFO  : Initializing ProtocolHandler ["http-nio-5443"]
2026-03-17 23:17:33 [main] INFO  : Starting service [Tomcat]
2026-03-17 23:17:33 [main] INFO  : Starting Servlet engine: [Apache Tomcat/10.1.40]
2026-03-17 23:17:33 [main] INFO  : Initializing Spring embedded WebApplicationContext
2026-03-17 23:17:33 [main] INFO  : Root WebApplicationContext: initialization completed in 1951 ms
2026-03-17 23:17:33 [main] WARN  : Error: 1193-HY000: Unknown system variable 'WSREP_ON'
2026-03-17 23:17:33 [main] INFO  : Database: jdbc:mariadb://localhost/shopping_list_db?user=root&password=******** (MariaDB 11.7)
2026-03-17 23:17:33 [main] WARN  : Flyway upgrade recommended: MariaDB 11.7 is newer than this version of Flyway and support has not been tested. The latest supported version of MariaDB is 11.2.
2026-03-17 23:17:33 [main] INFO  : Successfully validated 1 migration (execution time 00:00.023s)
2026-03-17 23:17:33 [main] INFO  : Current version of schema `shopping_list_db`: 1
2026-03-17 23:17:33 [main] INFO  : Schema `shopping_list_db` is up to date. No migration necessary.
2026-03-17 23:17:33 [main] INFO  : HHH000204: Processing PersistenceUnitInfo [name: default]
2026-03-17 23:17:33 [main] INFO  : HHH000412: Hibernate ORM core version 6.5.2.Final
2026-03-17 23:17:34 [main] INFO  : HHH000026: Second-level cache disabled
2026-03-17 23:17:34 [main] INFO  : No LoadTimeWeaver setup: ignoring JPA class transformer
2026-03-17 23:17:34 [main] INFO  : HikariPool-1 - Starting...
2026-03-17 23:17:34 [main] INFO  : HikariPool-1 - Added connection org.mariadb.jdbc.Connection@f252762
2026-03-17 23:17:34 [main] INFO  : HikariPool-1 - Start completed.
2026-03-17 23:17:34 [main] WARN  : HHH90000025: MariaDBDialect does not need to be specified explicitly using 'hibernate.dialect' (remove the property setting and it will be selected by default)
2026-03-17 23:17:35 [main] INFO  : HHH000489: No JTA platform available (set 'hibernate.transaction.jta.platform' to enable JTA platform integration)
2026-03-17 23:17:35 [main] INFO  : Initialized JPA EntityManagerFactory for persistence unit 'default'
2026-03-17 23:17:35 [main] WARN  : spring.jpa.open-in-view is enabled by default. Therefore, database queries may be performed during view rendering. Explicitly configure spring.jpa.open-in-view to disable this warning
2026-03-17 23:17:35 [main] INFO  : Global AuthenticationManager configured with AuthenticationProvider bean with name jwtAuthenticationProvider
2026-03-17 23:17:36 [main] INFO  : Exposing 0 endpoints beneath base path '/actuator'
2026-03-17 23:17:36 [main] INFO  : Starting ProtocolHandler ["http-nio-5443"]
2026-03-17 23:17:36 [main] INFO  : Tomcat started on port 5443 (http) with context path '/'
2026-03-17 23:17:36 [main] INFO  : Started ShoppingListServiceApplication in 6.134 seconds (process running for 6.606)
2026-03-17 23:28:57 [tomcat-handler-0] INFO  : Initializing Spring DispatcherServlet 'dispatcherServlet'
2026-03-17 23:28:57 [tomcat-handler-0] INFO  : Initializing Servlet 'dispatcherServlet'
2026-03-17 23:28:57 [tomcat-handler-0] INFO  : Completed initialization in 1 ms
2026-03-17 23:29:03 [SpringApplicationShutdownHook] INFO  : Commencing graceful shutdown. Waiting for active requests to complete
2026-03-17 23:29:03 [tomcat-shutdown] INFO  : Graceful shutdown complete
2026-03-17 23:29:05 [SpringApplicationShutdownHook] INFO  : Closing JPA EntityManagerFactory for persistence unit 'default'
2026-03-17 23:29:05 [SpringApplicationShutdownHook] INFO  : HikariPool-1 - Shutdown initiated...
2026-03-17 23:29:05 [SpringApplicationShutdownHook] INFO  : HikariPool-1 - Shutdown completed.
2026-03-17 23:30:45 [background-preinit] INFO  : HV000001: Hibernate Validator 8.0.2.Final
2026-03-17 23:30:45 [main] INFO  : Starting ShoppingListServiceApplication using Java 21.0.3 with PID 13012 (C:\Users\kjerz\Desktop\programy programowanie\projekty\ShoppingListService\target\classes started by kjerz in C:\Users\kjerz\Desktop\programy programowanie\projekty\ShoppingListService)
2026-03-17 23:30:45 [main] INFO  : The following 1 profile is active: "dev"
2026-03-17 23:30:46 [main] INFO  : Bootstrapping Spring Data JPA repositories in DEFAULT mode.
2026-03-17 23:30:46 [main] INFO  : Finished Spring Data repository scanning in 138 ms. Found 3 JPA repository interfaces.
2026-03-17 23:30:48 [main] INFO  : Tomcat initialized with port 5443 (http)
2026-03-17 23:30:48 [main] INFO  : Initializing ProtocolHandler ["http-nio-5443"]
2026-03-17 23:30:48 [main] INFO  : Starting service [Tomcat]
2026-03-17 23:30:48 [main] INFO  : Starting Servlet engine: [Apache Tomcat/10.1.40]
2026-03-17 23:30:48 [main] INFO  : Initializing Spring embedded WebApplicationContext
2026-03-17 23:30:48 [main] INFO  : Root WebApplicationContext: initialization completed in 2761 ms
2026-03-17 23:30:49 [main] WARN  : Error: 1193-HY000: Unknown system variable 'WSREP_ON'
2026-03-17 23:30:49 [main] INFO  : Database: jdbc:mariadb://localhost/shopping_list_db?user=root&password=******** (MariaDB 11.7)
2026-03-17 23:30:49 [main] WARN  : Flyway upgrade recommended: MariaDB 11.7 is newer than this version of Flyway and support has not been tested. The latest supported version of MariaDB is 11.2.
2026-03-17 23:30:49 [main] INFO  : Successfully validated 1 migration (execution time 00:00.027s)
2026-03-17 23:30:49 [main] INFO  : Current version of schema `shopping_list_db`: 1
2026-03-17 23:30:49 [main] INFO  : Schema `shopping_list_db` is up to date. No migration necessary.
2026-03-17 23:30:49 [main] INFO  : HHH000204: Processing PersistenceUnitInfo [name: default]
2026-03-17 23:30:50 [main] INFO  : HHH000412: Hibernate ORM core version 6.5.2.Final
2026-03-17 23:30:50 [main] INFO  : HHH000026: Second-level cache disabled
2026-03-17 23:30:50 [main] INFO  : No LoadTimeWeaver setup: ignoring JPA class transformer
2026-03-17 23:30:50 [main] INFO  : HikariPool-1 - Starting...
2026-03-17 23:30:50 [main] INFO  : HikariPool-1 - Added connection org.mariadb.jdbc.Connection@f252762
2026-03-17 23:30:50 [main] INFO  : HikariPool-1 - Start completed.
2026-03-17 23:30:50 [main] WARN  : HHH90000025: MariaDBDialect does not need to be specified explicitly using 'hibernate.dialect' (remove the property setting and it will be selected by default)
2026-03-17 23:30:51 [main] INFO  : HHH000489: No JTA platform available (set 'hibernate.transaction.jta.platform' to enable JTA platform integration)
2026-03-17 23:30:51 [main] INFO  : Initialized JPA EntityManagerFactory for persistence unit 'default'
2026-03-17 23:30:52 [main] WARN  : spring.jpa.open-in-view is enabled by default. Therefore, database queries may be performed during view rendering. Explicitly configure spring.jpa.open-in-view to disable this warning
2026-03-17 23:30:52 [main] INFO  : Global AuthenticationManager configured with AuthenticationProvider bean with name jwtAuthenticationProvider
2026-03-17 23:30:52 [main] INFO  : Exposing 0 endpoints beneath base path '/actuator'
2026-03-17 23:30:54 [main] INFO  : Starting ProtocolHandler ["http-nio-5443"]
2026-03-17 23:30:54 [main] INFO  : Tomcat started on port 5443 (http) with context path '/'
2026-03-17 23:30:54 [main] INFO  : Started ShoppingListServiceApplication in 8.946 seconds (process running for 9.488)
