2026-03-26 00:00:12 [HikariPool-1 housekeeper] WARN  : HikariPool-1 - Thread starvation or clock leap detected (housekeeper delta=54s753ms715µs600ns).
2026-03-26 00:03:26 [HikariPool-1 housekeeper] WARN  : HikariPool-1 - Thread starvation or clock leap detected (housekeeper delta=1m13s452ms171µs900ns).
2026-03-26 00:05:21 [tomcat-handler-96] ERROR : java.lang.IllegalArgumentException: Couldn't find method for passed topic
2026-03-26 00:05:21 [tomcat-handler-96] INFO  : End of message processing - session: d035e3df-55ca-401a-2601-4154161c78b4 from: t1
2026-03-26 00:05:21 [tomcat-handler-96] INFO  : Session closing: d035e3df-55ca-401a-2601-4154161c78b4 - reason: null
2026-03-26 00:05:21 [tomcat-handler-97] INFO  : New session connected: a70adef6-7f3a-f3cb-c8c5-c4d7a17bb452, user: t1
2026-03-26 00:05:21 [tomcat-handler-98] INFO  : New message from user: t1
2026-03-26 00:05:21 [tomcat-handler-98] INFO  : End of message processing - session: a70adef6-7f3a-f3cb-c8c5-c4d7a17bb452 from: t1
2026-03-26 00:05:21 [tomcat-handler-98] INFO  : New message from user: t1
2026-03-26 00:05:21 [tomcat-handler-98] INFO  : End of message processing - session: a70adef6-7f3a-f3cb-c8c5-c4d7a17bb452 from: t1
2026-03-26 00:05:21 [tomcat-handler-98] INFO  : New message from user: t1
2026-03-26 00:05:21 [tomcat-handler-98] ERROR : java.lang.IllegalArgumentException: Wrong amount of parameters
2026-03-26 00:05:21 [tomcat-handler-98] INFO  : End of message processing - session: a70adef6-7f3a-f3cb-c8c5-c4d7a17bb452 from: t1
2026-03-26 00:05:21 [tomcat-handler-99] INFO  : New message from user: t1
2026-03-26 00:05:25 [tomcat-handler-99] INFO  : /synchronizeData connected: User UsernamePasswordAuthenticationToken [Principal=t1, Credentials=[PROTECTED], Authenticated=true, Details=eyJhbGciOiJIUzM4NCJ9.eyJzdWIiOiJ0MSIsImlhdCI6MTc3NDQ3OTMwMiwiZXhwIjoxNzc0NDgwMjAyfQ.JO7BQRlVtaC_B76rpNfdAp8JihqPfKBIDrm_R-hoKGOgdoTvCLh7LwVDMsSCGeNF, Granted Authorities=[USER]]
2026-03-26 00:05:25 [tomcat-handler-99] INFO  : Sending message to owner: a70adef6-7f3a-f3cb-c8c5-c4d7a17bb452
2026-03-26 00:05:25 [tomcat-handler-99] INFO  : End of message processing - session: a70adef6-7f3a-f3cb-c8c5-c4d7a17bb452 from: t1
2026-03-26 00:05:31 [tomcat-handler-100] INFO  : Session closing: a70adef6-7f3a-f3cb-c8c5-c4d7a17bb452 - reason: null
2026-03-26 00:05:34 [tomcat-handler-101] INFO  : New session connected: 394f580e-7044-8d0a-f5ef-40e1ad86f60d, user: t1
2026-03-26 00:05:34 [tomcat-handler-102] INFO  : New message from user: t1
2026-03-26 00:05:34 [tomcat-handler-102] INFO  : End of message processing - session: 394f580e-7044-8d0a-f5ef-40e1ad86f60d from: t1
2026-03-26 00:05:34 [tomcat-handler-102] INFO  : New message from user: t1
2026-03-26 00:05:34 [tomcat-handler-102] INFO  : End of message processing - session: 394f580e-7044-8d0a-f5ef-40e1ad86f60d from: t1
2026-03-26 00:05:34 [tomcat-handler-102] INFO  : New message from user: t1
2026-03-26 00:05:34 [tomcat-handler-102] ERROR : java.lang.IllegalArgumentException: Wrong amount of parameters
2026-03-26 00:05:34 [tomcat-handler-102] INFO  : End of message processing - session: 394f580e-7044-8d0a-f5ef-40e1ad86f60d from: t1
2026-03-26 00:05:34 [tomcat-handler-102] INFO  : New message from user: t1
2026-03-26 00:05:34 [tomcat-handler-102] INFO  : /synchronizeData connected: User UsernamePasswordAuthenticationToken [Principal=t1, Credentials=[PROTECTED], Authenticated=true, Details=eyJhbGciOiJIUzM4NCJ9.eyJzdWIiOiJ0MSIsImlhdCI6MTc3NDQ3OTkzNCwiZXhwIjoxNzc0NDgwODM0fQ.KPJn4mOd_fsfi2eqe27eGtgpJX2xyPPmt91Q4Hm-PUOmgjTEzvPX18In3mBs0vM-, Granted Authorities=[USER]]
2026-03-26 00:05:34 [tomcat-handler-102] INFO  : Sending message to owner: 394f580e-7044-8d0a-f5ef-40e1ad86f60d
2026-03-26 00:05:34 [tomcat-handler-102] INFO  : End of message processing - session: 394f580e-7044-8d0a-f5ef-40e1ad86f60d from: t1
2026-03-26 00:05:38 [tomcat-handler-103] INFO  : New message from user: t1
2026-03-26 00:05:38 [tomcat-handler-103] INFO  : /postShoppingItem connected: User UsernamePasswordAuthenticationToken [Principal=t1, Credentials=[PROTECTED], Authenticated=true, Details=eyJhbGciOiJIUzM4NCJ9.eyJzdWIiOiJ0MSIsImlhdCI6MTc3NDQ3OTkzNCwiZXhwIjoxNzc0NDgwODM0fQ.KPJn4mOd_fsfi2eqe27eGtgpJX2xyPPmt91Q4Hm-PUOmgjTEzvPX18In3mBs0vM-, Granted Authorities=[USER]]
2026-03-26 00:05:39 [tomcat-handler-103] INFO  : Sending message to: ede14091-2721-272f-c427-2e043a0c3418
2026-03-26 00:05:39 [tomcat-handler-103] ERROR : pl.kamjer.shoppinglistservice.exception.NoResourcesFoundException: No such topic exists
2026-03-26 00:05:39 [tomcat-handler-103] INFO  : End of message processing - session: 394f580e-7044-8d0a-f5ef-40e1ad86f60d from: t1
2026-03-26 00:05:39 [tomcat-handler-104] INFO  : New message from user: t1
2026-03-26 00:05:39 [tomcat-handler-104] INFO  : /synchronizeData connected: User UsernamePasswordAuthenticationToken [Principal=t1, Credentials=[PROTECTED], Authenticated=true, Details=eyJhbGciOiJIUzM4NCJ9.eyJzdWIiOiJ0MSIsImlhdCI6MTc3NDQ3OTI4OSwiZXhwIjoxNzc0NDgwMTg5fQ.pftCt70SXwczjTjQb0UMHPVgj6l__D_MfXMOOov0yHGKHKIKCdLqpe855zkVNt7Z, Granted Authorities=[USER]]
2026-03-26 00:05:39 [tomcat-handler-104] INFO  : Sending message to owner: ede14091-2721-272f-c427-2e043a0c3418
2026-03-26 00:05:39 [tomcat-handler-104] INFO  : End of message processing - session: ede14091-2721-272f-c427-2e043a0c3418 from: t1
2026-03-26 00:06:22 [tomcat-handler-105] INFO  : New message from user: t1
2026-03-26 00:06:22 [tomcat-handler-105] INFO  : /postShoppingItem connected: User UsernamePasswordAuthenticationToken [Principal=t1, Credentials=[PROTECTED], Authenticated=true, Details=eyJhbGciOiJIUzM4NCJ9.eyJzdWIiOiJ0MSIsImlhdCI6MTc3NDQ3OTkzNCwiZXhwIjoxNzc0NDgwODM0fQ.KPJn4mOd_fsfi2eqe27eGtgpJX2xyPPmt91Q4Hm-PUOmgjTEzvPX18In3mBs0vM-, Granted Authorities=[USER]]
2026-03-26 00:07:40 [HikariPool-1 housekeeper] WARN  : HikariPool-1 - Thread starvation or clock leap detected (housekeeper delta=1m21s416ms123µs100ns).
2026-03-26 00:07:40 [tomcat-handler-105] INFO  : Sending message to: ede14091-2721-272f-c427-2e043a0c3418
2026-03-26 00:07:54 [tomcat-handler-105] ERROR : pl.kamjer.shoppinglistservice.exception.NoResourcesFoundException: No such topic exists
2026-03-26 00:07:54 [tomcat-handler-107] INFO  : New message from user: t1
2026-03-26 00:07:54 [tomcat-handler-105] INFO  : End of message processing - session: 394f580e-7044-8d0a-f5ef-40e1ad86f60d from: t1
2026-03-26 00:07:54 [tomcat-handler-105] INFO  : Session closing: 394f580e-7044-8d0a-f5ef-40e1ad86f60d - reason: null
2026-03-26 00:07:54 [tomcat-handler-107] INFO  : /synchronizeData connected: User UsernamePasswordAuthenticationToken [Principal=t1, Credentials=[PROTECTED], Authenticated=true, Details=eyJhbGciOiJIUzM4NCJ9.eyJzdWIiOiJ0MSIsImlhdCI6MTc3NDQ3OTI4OSwiZXhwIjoxNzc0NDgwMTg5fQ.pftCt70SXwczjTjQb0UMHPVgj6l__D_MfXMOOov0yHGKHKIKCdLqpe855zkVNt7Z, Granted Authorities=[USER]]
2026-03-26 00:07:54 [tomcat-handler-106] INFO  : New session connected: 5e9f38fd-e651-035c-5f50-8dab0687240f, user: t1
2026-03-26 00:07:54 [tomcat-handler-108] INFO  : New message from user: t1
2026-03-26 00:07:54 [tomcat-handler-108] INFO  : End of message processing - session: 5e9f38fd-e651-035c-5f50-8dab0687240f from: t1
2026-03-26 00:07:54 [tomcat-handler-108] INFO  : New message from user: t1
2026-03-26 00:07:57 [tomcat-handler-108] INFO  : End of message processing - session: 5e9f38fd-e651-035c-5f50-8dab0687240f from: t1
2026-03-26 00:07:57 [tomcat-handler-108] INFO  : New message from user: t1
2026-03-26 00:07:57 [tomcat-handler-108] ERROR : java.lang.IllegalArgumentException: Wrong amount of parameters
2026-03-26 00:07:57 [tomcat-handler-108] INFO  : End of message processing - session: 5e9f38fd-e651-035c-5f50-8dab0687240f from: t1
2026-03-26 00:07:57 [tomcat-handler-108] INFO  : New message from user: t1
2026-03-26 00:07:57 [tomcat-handler-108] INFO  : /synchronizeData connected: User UsernamePasswordAuthenticationToken [Principal=t1, Credentials=[PROTECTED], Authenticated=true, Details=eyJhbGciOiJIUzM4NCJ9.eyJzdWIiOiJ0MSIsImlhdCI6MTc3NDQ4MDA1NiwiZXhwIjoxNzc0NDgwOTU2fQ.JHv__Nl7qMY2Vd4hfveHizDS6r4Iooqv2H82olO-QVeDyxxwxCXpSCmMpFxduAcE, Granted Authorities=[USER]]
2026-03-26 00:07:57 [tomcat-handler-108] INFO  : Sending message to owner: 5e9f38fd-e651-035c-5f50-8dab0687240f
2026-03-26 00:07:57 [tomcat-handler-108] INFO  : End of message processing - session: 5e9f38fd-e651-035c-5f50-8dab0687240f from: t1
2026-03-26 00:07:57 [tomcat-handler-107] INFO  : Sending message to owner: ede14091-2721-272f-c427-2e043a0c3418
2026-03-26 00:07:57 [tomcat-handler-107] INFO  : End of message processing - session: ede14091-2721-272f-c427-2e043a0c3418 from: t1
2026-03-26 00:07:57 [tomcat-handler-107] INFO  : New message from user: t1
2026-03-26 00:07:57 [tomcat-handler-107] INFO  : /postShoppingItem connected: User UsernamePasswordAuthenticationToken [Principal=t1, Credentials=[PROTECTED], Authenticated=true, Details=eyJhbGciOiJIUzM4NCJ9.eyJzdWIiOiJ0MSIsImlhdCI6MTc3NDQ3OTI4OSwiZXhwIjoxNzc0NDgwMTg5fQ.pftCt70SXwczjTjQb0UMHPVgj6l__D_MfXMOOov0yHGKHKIKCdLqpe855zkVNt7Z, Granted Authorities=[USER]]
2026-03-26 00:08:04 [tomcat-handler-107] INFO  : Sending message to: 5e9f38fd-e651-035c-5f50-8dab0687240f
2026-03-26 00:08:05 [tomcat-handler-107] ERROR : pl.kamjer.shoppinglistservice.exception.NoResourcesFoundException: No such topic exists
2026-03-26 00:08:05 [tomcat-handler-107] INFO  : End of message processing - session: ede14091-2721-272f-c427-2e043a0c3418 from: t1
2026-03-26 00:08:06 [tomcat-handler-109] ERROR : Error null - session: ede14091-2721-272f-c427-2e043a0c3418 from: t1
2026-03-26 00:08:06 [tomcat-handler-109] INFO  : Session closing: ede14091-2721-272f-c427-2e043a0c3418 - reason: null
2026-03-26 00:08:06 [tomcat-handler-110] ERROR : Error null - session: 2f81a233-505c-91fc-1f8c-da749b46cedc from: t1
2026-03-26 00:08:06 [tomcat-handler-110] INFO  : Session closing: 2f81a233-505c-91fc-1f8c-da749b46cedc - reason: null
2026-03-26 00:08:06 [tomcat-handler-111] ERROR : Error null - session: 8662951a-0755-642e-af6d-380be5e78a87 from: t1
2026-03-26 00:08:06 [tomcat-handler-111] INFO  : Session closing: 8662951a-0755-642e-af6d-380be5e78a87 - reason: null
2026-03-26 00:08:09 [SpringApplicationShutdownHook] INFO  : Commencing graceful shutdown. Waiting for active requests to complete
2026-03-26 00:08:09 [tomcat-shutdown] INFO  : Graceful shutdown complete
2026-03-26 00:08:11 [SpringApplicationShutdownHook] INFO  : Closing JPA EntityManagerFactory for persistence unit 'default'
2026-03-26 00:08:11 [SpringApplicationShutdownHook] INFO  : HikariPool-1 - Shutdown initiated...
2026-03-26 00:08:11 [SpringApplicationShutdownHook] INFO  : HikariPool-1 - Shutdown completed.
2026-03-26 00:08:11 [SpringApplicationShutdownHook] ERROR : Error java.nio.channels.ClosedChannelException - session: 5e9f38fd-e651-035c-5f50-8dab0687240f from: t1
2026-03-26 00:08:11 [SpringApplicationShutdownHook] ERROR : Closing session due to exception for StandardWebSocketSession[id=5e9f38fd-e651-035c-5f50-8dab0687240f, uri=ws://localhost:5443/ws?token=eyJhbGciOiJIUzM4NCJ9.eyJzdWIiOiJ0MSIsImlhdCI6MTc3NDQ4MDA1NiwiZXhwIjoxNzc0NDgwOTU2fQ.JHv__Nl7qMY2Vd4hfveHizDS6r4Iooqv2H82olO-QVeDyxxwxCXpSCmMpFxduAcE]
java.io.IOException: The transformer has been closed and may no longer be used
	at org.apache.tomcat.websocket.PerMessageDeflate.sendMessagePart(PerMessageDeflate.java:358)
	at org.apache.tomcat.websocket.WsRemoteEndpointImplBase.sendMessageBlockInternal(WsRemoteEndpointImplBase.java:288)
	at org.apache.tomcat.websocket.WsRemoteEndpointImplBase.sendMessageBlock(WsRemoteEndpointImplBase.java:266)
	at org.apache.tomcat.websocket.WsRemoteEndpointImplBase.sendMessageBlock(WsRemoteEndpointImplBase.java:250)
	at org.apache.tomcat.websocket.WsRemoteEndpointImplBase.sendPartialString(WsRemoteEndpointImplBase.java:223)
	at org.apache.tomcat.websocket.WsRemoteEndpointBasic.sendText(WsRemoteEndpointBasic.java:48)
	at org.springframework.web.socket.adapter.standard.StandardWebSocketSession.sendTextMessage(StandardWebSocketSession.java:217)
	at org.springframework.web.socket.adapter.AbstractWebSocketSession.sendMessage(AbstractWebSocketSession.java:108)
	at pl.kamjer.shoppinglistservice.config.websocket.ConnectionBroker.handleException(ConnectionBroker.java:138)
	at pl.kamjer.shoppinglistservice.config.websocket.WebSocketHandler.handleTransportError(WebSocketHandler.java:106)
	at org.springframework.web.socket.handler.WebSocketHandlerDecorator.handleTransportError(WebSocketHandlerDecorator.java:80)
	at org.springframework.web.socket.handler.LoggingWebSocketHandlerDecorator.handleTransportError(LoggingWebSocketHandlerDecorator.java:64)
	at org.springframework.web.socket.handler.ExceptionWebSocketHandlerDecorator.handleTransportError(ExceptionWebSocketHandlerDecorator.java:68)
	at org.springframework.web.socket.adapter.standard.StandardWebSocketHandlerAdapter.onError(StandardWebSocketHandlerAdapter.java:156)
	at org.apache.tomcat.websocket.WsSession.sendCloseMessage(WsSession.java:793)
	at org.apache.tomcat.websocket.WsSession.doClose(WsSession.java:575)
	at org.apache.tomcat.websocket.WsSession.doClose(WsSession.java:542)
	at org.apache.tomcat.websocket.WsSession.close(WsSession.java:530)
	at org.apache.tomcat.websocket.WsWebSocketContainer.destroy(WsWebSocketContainer.java:1022)
	at org.apache.tomcat.websocket.server.WsContextListener.contextDestroyed(WsContextListener.java:46)
	at org.apache.catalina.core.StandardContext.listenerStop(StandardContext.java:4090)
	at org.apache.catalina.core.StandardContext.stopInternal(StandardContext.java:4700)
	at org.apache.catalina.util.LifecycleBase.stop(LifecycleBase.java:235)
	at org.apache.catalina.core.ContainerBase$StopChild.call(ContainerBase.java:1219)
	at org.apache.catalina.core.ContainerBase$StopChild.call(ContainerBase.java:1208)
	at java.base/java.util.concurrent.FutureTask.run$$$capture(FutureTask.java:317)
	at java.base/java.util.concurrent.FutureTask.run(FutureTask.java)
	at org.apache.tomcat.util.threads.InlineExecutorService.execute(InlineExecutorService.java:75)
	at java.base/java.util.concurrent.AbstractExecutorService.submit(AbstractExecutorService.java:145)
	at org.apache.catalina.core.ContainerBase.stopInternal(ContainerBase.java:814)
	at org.apache.catalina.util.LifecycleBase.stop(LifecycleBase.java:235)
	at org.apache.catalina.core.ContainerBase$StopChild.call(ContainerBase.java:1219)
	at org.apache.catalina.core.ContainerBase$StopChild.call(ContainerBase.java:1208)
	at java.base/java.util.concurrent.FutureTask.run$$$capture(FutureTask.java:317)
	at java.base/java.util.concurrent.FutureTask.run(FutureTask.java)
	at org.apache.tomcat.util.threads.InlineExecutorService.execute(InlineExecutorService.java:75)
	at java.base/java.util.concurrent.AbstractExecutorService.submit(AbstractExecutorService.java:145)
	at org.apache.catalina.core.ContainerBase.stopInternal(ContainerBase.java:814)
	at org.apache.catalina.util.LifecycleBase.stop(LifecycleBase.java:235)
	at org.apache.catalina.core.StandardService.stopInternal(StandardService.java:468)
	at org.apache.catalina.util.LifecycleBase.stop(LifecycleBase.java:235)
	at org.apache.catalina.core.StandardServer.stopInternal(StandardServer.java:915)
	at org.apache.catalina.util.LifecycleBase.stop(LifecycleBase.java:235)
	at org.apache.catalina.startup.Tomcat.stop(Tomcat.java:448)
	at org.springframework.boot.web.embedded.tomcat.TomcatWebServer.stopTomcat(TomcatWebServer.java:301)
	at org.springframework.boot.web.embedded.tomcat.TomcatWebServer.destroy(TomcatWebServer.java:374)
	at org.springframework.boot.web.servlet.context.ServletWebServerApplicationContext.doClose(ServletWebServerApplicationContext.java:182)
	at org.springframework.context.support.AbstractApplicationContext.close(AbstractApplicationContext.java:1126)
	at org.springframework.boot.SpringApplicationShutdownHook.closeAndWait(SpringApplicationShutdownHook.java:147)
	at java.base/java.lang.Iterable.forEach(Iterable.java:75)
	at org.springframework.boot.SpringApplicationShutdownHook.run(SpringApplicationShutdownHook.java:116)
	at java.base/java.lang.Thread.run(Thread.java:1583)
Caused by: java.lang.NullPointerException: Deflater has been closed
	at java.base/java.util.zip.Deflater.ensureOpen(Deflater.java:902)
	at java.base/java.util.zip.Deflater.deflate(Deflater.java:564)
	at org.apache.tomcat.websocket.PerMessageDeflate.sendMessagePart(PerMessageDeflate.java:353)
	... 51 common frames omitted
2026-03-26 00:08:11 [SpringApplicationShutdownHook] INFO  : Session closing: 5e9f38fd-e651-035c-5f50-8dab0687240f - reason: The web application is stopping
2026-03-26 00:08:19 [background-preinit] INFO  : HV000001: Hibernate Validator 8.0.2.Final
2026-03-26 00:08:19 [main] INFO  : Starting ShoppingListServiceApplication using Java 21.0.3 with PID 16712 (C:\Users\kjerz\Desktop\programy programowanie\projekty\ShoppingListService\target\classes started by kjerz in C:\Users\kjerz\Desktop\programy programowanie\projekty\ShoppingListService)
2026-03-26 00:08:19 [main] INFO  : The following 1 profile is active: "dev"
2026-03-26 00:08:21 [main] INFO  : Bootstrapping Spring Data JPA repositories in DEFAULT mode.
2026-03-26 00:08:21 [main] INFO  : Finished Spring Data repository scanning in 145 ms. Found 3 JPA repository interfaces.
2026-03-26 00:08:22 [main] INFO  : Tomcat initialized with port 5443 (http)
2026-03-26 00:08:22 [main] INFO  : Initializing ProtocolHandler ["http-nio-5443"]
2026-03-26 00:08:22 [main] INFO  : Starting service [Tomcat]
2026-03-26 00:08:22 [main] INFO  : Starting Servlet engine: [Apache Tomcat/10.1.40]
2026-03-26 00:08:22 [main] INFO  : Initializing Spring embedded WebApplicationContext
2026-03-26 00:08:22 [main] INFO  : Root WebApplicationContext: initialization completed in 2748 ms
2026-03-26 00:08:23 [main] WARN  : Error: 1193-HY000: Unknown system variable 'WSREP_ON'
2026-03-26 00:08:23 [main] INFO  : Database: jdbc:mariadb://localhost/shopping_list_db?user=root&password=******** (MariaDB 11.7)
2026-03-26 00:08:23 [main] WARN  : Flyway upgrade recommended: MariaDB 11.7 is newer than this version of Flyway and support has not been tested. The latest supported version of MariaDB is 11.2.
2026-03-26 00:08:23 [main] INFO  : Successfully validated 1 migration (execution time 00:00.030s)
2026-03-26 00:08:23 [main] INFO  : Current version of schema `shopping_list_db`: 1
2026-03-26 00:08:23 [main] INFO  : Schema `shopping_list_db` is up to date. No migration necessary.
2026-03-26 00:08:23 [main] INFO  : HHH000204: Processing PersistenceUnitInfo [name: default]
2026-03-26 00:08:23 [main] INFO  : HHH000412: Hibernate ORM core version 6.5.2.Final
2026-03-26 00:08:24 [main] INFO  : HHH000026: Second-level cache disabled
2026-03-26 00:08:24 [main] INFO  : No LoadTimeWeaver setup: ignoring JPA class transformer
2026-03-26 00:08:24 [main] INFO  : HikariPool-1 - Starting...
2026-03-26 00:08:24 [main] INFO  : HikariPool-1 - Added connection org.mariadb.jdbc.Connection@7a17ffee
2026-03-26 00:08:24 [main] INFO  : HikariPool-1 - Start completed.
2026-03-26 00:08:24 [main] WARN  : HHH90000025: MariaDBDialect does not need to be specified explicitly using 'hibernate.dialect' (remove the property setting and it will be selected by default)
2026-03-26 00:08:25 [main] INFO  : HHH000489: No JTA platform available (set 'hibernate.transaction.jta.platform' to enable JTA platform integration)
2026-03-26 00:08:25 [main] INFO  : Initialized JPA EntityManagerFactory for persistence unit 'default'
2026-03-26 00:08:25 [main] WARN  : spring.jpa.open-in-view is enabled by default. Therefore, database queries may be performed during view rendering. Explicitly configure spring.jpa.open-in-view to disable this warning
2026-03-26 00:08:25 [main] INFO  : Global AuthenticationManager configured with AuthenticationProvider bean with name jwtAuthenticationProvider
2026-03-26 00:08:27 [main] INFO  : Exposing 0 endpoints beneath base path '/actuator'
2026-03-26 00:08:27 [main] INFO  : Starting ProtocolHandler ["http-nio-5443"]
2026-03-26 00:08:27 [main] INFO  : Tomcat started on port 5443 (http) with context path '/'
2026-03-26 00:08:27 [main] INFO  : Started ShoppingListServiceApplication in 9.094 seconds (process running for 9.715)
2026-03-26 00:24:00 [tomcat-handler-0] INFO  : Initializing Spring DispatcherServlet 'dispatcherServlet'
2026-03-26 00:24:00 [tomcat-handler-0] INFO  : Initializing Servlet 'dispatcherServlet'
2026-03-26 00:24:00 [tomcat-handler-0] INFO  : Completed initialization in 1 ms
2026-03-26 00:24:01 [tomcat-handler-0] INFO  : New session connected: 1a5379a5-d968-005f-cf5a-228a00a4d939, user: t1
2026-03-26 00:24:01 [tomcat-handler-0] INFO  : New message from user: t1
2026-03-26 00:24:01 [tomcat-handler-0] INFO  : End of message processing - session: 1a5379a5-d968-005f-cf5a-228a00a4d939 from: t1
2026-03-26 00:24:01 [tomcat-handler-0] INFO  : New message from user: t1
2026-03-26 00:24:09 [tomcat-handler-0] INFO  : End of message processing - session: 1a5379a5-d968-005f-cf5a-228a00a4d939 from: t1
2026-03-26 00:24:09 [tomcat-handler-0] INFO  : New message from user: t1
2026-03-26 00:24:09 [tomcat-handler-0] ERROR : java.lang.IllegalArgumentException: Wrong amount of parameters
2026-03-26 00:24:09 [tomcat-handler-0] INFO  : End of message processing - session: 1a5379a5-d968-005f-cf5a-228a00a4d939 from: t1
2026-03-26 00:24:09 [tomcat-handler-0] INFO  : New message from user: t1
2026-03-26 00:24:10 [tomcat-handler-0] INFO  : /synchronizeData connected: User UsernamePasswordAuthenticationToken [Principal=t1, Credentials=[PROTECTED], Authenticated=true, Details=eyJhbGciOiJIUzM4NCJ9.eyJzdWIiOiJ0MSIsImlhdCI6MTc3NDQ4MTA0MCwiZXhwIjoxNzc0NDgxOTQwfQ.Qxyjx3-XTxHvVADtaRppfq_IUZy6m7FC81lkR-NKyfKRlpIiCcjhQ7UGQqSVpkh0, Granted Authorities=[USER]]
2026-03-26 00:24:10 [tomcat-handler-0] INFO  : Sending message to owner: 1a5379a5-d968-005f-cf5a-228a00a4d939
2026-03-26 00:24:10 [tomcat-handler-0] INFO  : End of message processing - session: 1a5379a5-d968-005f-cf5a-228a00a4d939 from: t1
2026-03-26 00:24:14 [tomcat-handler-1] INFO  : New message from user: t1
2026-03-26 00:24:14 [tomcat-handler-1] INFO  : /postShoppingItem connected: User UsernamePasswordAuthenticationToken [Principal=t1, Credentials=[PROTECTED], Authenticated=true, Details=eyJhbGciOiJIUzM4NCJ9.eyJzdWIiOiJ0MSIsImlhdCI6MTc3NDQ4MTA0MCwiZXhwIjoxNzc0NDgxOTQwfQ.Qxyjx3-XTxHvVADtaRppfq_IUZy6m7FC81lkR-NKyfKRlpIiCcjhQ7UGQqSVpkh0, Granted Authorities=[USER]]
2026-03-26 00:24:27 [tomcat-handler-1] ERROR : pl.kamjer.shoppinglistservice.exception.NoResourcesFoundException: No such topic exists
2026-03-26 00:24:27 [tomcat-handler-1] INFO  : End of message processing - session: 1a5379a5-d968-005f-cf5a-228a00a4d939 from: t1
2026-03-26 00:24:37 [tomcat-handler-2] INFO  : New message from user: t1
2026-03-26 00:24:37 [tomcat-handler-2] INFO  : /postShoppingItem connected: User UsernamePasswordAuthenticationToken [Principal=t1, Credentials=[PROTECTED], Authenticated=true, Details=eyJhbGciOiJIUzM4NCJ9.eyJzdWIiOiJ0MSIsImlhdCI6MTc3NDQ4MTA0MCwiZXhwIjoxNzc0NDgxOTQwfQ.Qxyjx3-XTxHvVADtaRppfq_IUZy6m7FC81lkR-NKyfKRlpIiCcjhQ7UGQqSVpkh0, Granted Authorities=[USER]]
2026-03-26 00:24:40 [tomcat-handler-2] ERROR : pl.kamjer.shoppinglistservice.exception.NoResourcesFoundException: No such topic exists
2026-03-26 00:24:40 [tomcat-handler-2] INFO  : End of message processing - session: 1a5379a5-d968-005f-cf5a-228a00a4d939 from: t1
2026-03-26 00:24:49 [tomcat-handler-3] INFO  : New session connected: 93df06b6-ac14-78e8-0f83-4cf0dd091755, user: t1
2026-03-26 00:24:49 [tomcat-handler-4] INFO  : New message from user: t1
2026-03-26 00:24:49 [tomcat-handler-4] INFO  : End of message processing - session: 93df06b6-ac14-78e8-0f83-4cf0dd091755 from: t1
2026-03-26 00:24:49 [tomcat-handler-5] INFO  : New session connected: 525bf83b-6b5e-b515-f9bc-3d156c32123a, user: t1
2026-03-26 00:24:49 [tomcat-handler-6] INFO  : New message from user: t1
2026-03-26 00:24:49 [tomcat-handler-6] INFO  : End of message processing - session: 525bf83b-6b5e-b515-f9bc-3d156c32123a from: t1
2026-03-26 00:24:49 [tomcat-handler-7] INFO  : New message from user: t1
2026-03-26 00:24:49 [tomcat-handler-7] INFO  : End of message processing - session: 525bf83b-6b5e-b515-f9bc-3d156c32123a from: t1
2026-03-26 00:24:49 [tomcat-handler-8] INFO  : New message from user: t1
2026-03-26 00:24:49 [tomcat-handler-8] INFO  : End of message processing - session: 525bf83b-6b5e-b515-f9bc-3d156c32123a from: t1
2026-03-26 00:24:49 [tomcat-handler-9] INFO  : New message from user: t1
2026-03-26 00:24:49 [tomcat-handler-9] INFO  : End of message processing - session: 525bf83b-6b5e-b515-f9bc-3d156c32123a from: t1
2026-03-26 00:24:49 [tomcat-handler-10] INFO  : New message from user: t1
2026-03-26 00:24:49 [tomcat-handler-10] INFO  : End of message processing - session: 525bf83b-6b5e-b515-f9bc-3d156c32123a from: t1
2026-03-26 00:24:49 [tomcat-handler-11] INFO  : New message from user: t1
2026-03-26 00:24:49 [tomcat-handler-11] INFO  : End of message processing - session: 525bf83b-6b5e-b515-f9bc-3d156c32123a from: t1
2026-03-26 00:24:49 [tomcat-handler-12] INFO  : New message from user: t1
2026-03-26 00:24:49 [tomcat-handler-12] INFO  : End of message processing - session: 525bf83b-6b5e-b515-f9bc-3d156c32123a from: t1
2026-03-26 00:24:49 [tomcat-handler-13] INFO  : New message from user: t1
2026-03-26 00:24:49 [tomcat-handler-13] INFO  : End of message processing - session: 525bf83b-6b5e-b515-f9bc-3d156c32123a from: t1
2026-03-26 00:24:49 [tomcat-handler-14] INFO  : New message from user: t1
2026-03-26 00:24:49 [tomcat-handler-14] INFO  : End of message processing - session: 525bf83b-6b5e-b515-f9bc-3d156c32123a from: t1
2026-03-26 00:24:49 [tomcat-handler-15] INFO  : New message from user: t1
2026-03-26 00:24:49 [tomcat-handler-15] INFO  : End of message processing - session: 525bf83b-6b5e-b515-f9bc-3d156c32123a from: t1
2026-03-26 00:24:49 [tomcat-handler-16] INFO  : New message from user: t1
2026-03-26 00:24:49 [tomcat-handler-16] INFO  : End of message processing - session: 525bf83b-6b5e-b515-f9bc-3d156c32123a from: t1
2026-03-26 00:24:49 [tomcat-handler-17] INFO  : New message from user: t1
2026-03-26 00:24:49 [tomcat-handler-17] INFO  : End of message processing - session: 525bf83b-6b5e-b515-f9bc-3d156c32123a from: t1
2026-03-26 00:24:49 [tomcat-handler-18] INFO  : New message from user: t1
2026-03-26 00:24:49 [tomcat-handler-18] INFO  : /synchronizeData connected: User UsernamePasswordAuthenticationToken [Principal=t1, Credentials=[PROTECTED], Authenticated=true, Details=eyJhbGciOiJIUzM4NCJ9.eyJzdWIiOiJ0MSIsImlhdCI6MTc3NDQ4MTA4OCwiZXhwIjoxNzc0NDgxOTg4fQ.MvgbY2WUYCdG2_z_fO2rldIpvEEeYxXOiNGF1hsE1zX9YAGL6bTJ0AJb-BEKOoGy, Granted Authorities=[USER]]
2026-03-26 00:24:50 [tomcat-handler-18] INFO  : Sending message to owner: 525bf83b-6b5e-b515-f9bc-3d156c32123a
2026-03-26 00:24:50 [tomcat-handler-18] INFO  : End of message processing - session: 525bf83b-6b5e-b515-f9bc-3d156c32123a from: t1
2026-03-26 00:24:52 [tomcat-handler-19] INFO  : New message from user: t1
2026-03-26 00:24:52 [tomcat-handler-19] INFO  : /postShoppingItem connected: User UsernamePasswordAuthenticationToken [Principal=t1, Credentials=[PROTECTED], Authenticated=true, Details=eyJhbGciOiJIUzM4NCJ9.eyJzdWIiOiJ0MSIsImlhdCI6MTc3NDQ4MTA0MCwiZXhwIjoxNzc0NDgxOTQwfQ.Qxyjx3-XTxHvVADtaRppfq_IUZy6m7FC81lkR-NKyfKRlpIiCcjhQ7UGQqSVpkh0, Granted Authorities=[USER]]
2026-03-26 00:24:52 [tomcat-handler-19] INFO  : Sending message to: 525bf83b-6b5e-b515-f9bc-3d156c32123a
2026-03-26 00:24:52 [tomcat-handler-19] INFO  : End of message processing - session: 1a5379a5-d968-005f-cf5a-228a00a4d939 from: t1
2026-03-26 00:24:52 [tomcat-handler-20] INFO  : New message from user: t1
2026-03-26 00:24:52 [tomcat-handler-20] INFO  : /synchronizeData connected: User UsernamePasswordAuthenticationToken [Principal=t1, Credentials=[PROTECTED], Authenticated=true, Details=eyJhbGciOiJIUzM4NCJ9.eyJzdWIiOiJ0MSIsImlhdCI6MTc3NDQ4MTA4OCwiZXhwIjoxNzc0NDgxOTg4fQ.MvgbY2WUYCdG2_z_fO2rldIpvEEeYxXOiNGF1hsE1zX9YAGL6bTJ0AJb-BEKOoGy, Granted Authorities=[USER]]
2026-03-26 00:24:52 [tomcat-handler-20] INFO  : Sending message to owner: 525bf83b-6b5e-b515-f9bc-3d156c32123a
2026-03-26 00:24:52 [tomcat-handler-20] INFO  : End of message processing - session: 525bf83b-6b5e-b515-f9bc-3d156c32123a from: t1
2026-03-26 00:24:55 [tomcat-handler-21] INFO  : New message from user: t1
2026-03-26 00:24:55 [tomcat-handler-21] INFO  : /postShoppingItem connected: User UsernamePasswordAuthenticationToken [Principal=t1, Credentials=[PROTECTED], Authenticated=true, Details=eyJhbGciOiJIUzM4NCJ9.eyJzdWIiOiJ0MSIsImlhdCI6MTc3NDQ4MTA0MCwiZXhwIjoxNzc0NDgxOTQwfQ.Qxyjx3-XTxHvVADtaRppfq_IUZy6m7FC81lkR-NKyfKRlpIiCcjhQ7UGQqSVpkh0, Granted Authorities=[USER]]
2026-03-26 00:24:55 [tomcat-handler-21] INFO  : Sending message to: 525bf83b-6b5e-b515-f9bc-3d156c32123a
2026-03-26 00:24:55 [tomcat-handler-21] INFO  : End of message processing - session: 1a5379a5-d968-005f-cf5a-228a00a4d939 from: t1
2026-03-26 00:24:55 [tomcat-handler-22] INFO  : New message from user: t1
2026-03-26 00:24:55 [tomcat-handler-22] INFO  : /synchronizeData connected: User UsernamePasswordAuthenticationToken [Principal=t1, Credentials=[PROTECTED], Authenticated=true, Details=eyJhbGciOiJIUzM4NCJ9.eyJzdWIiOiJ0MSIsImlhdCI6MTc3NDQ4MTA4OCwiZXhwIjoxNzc0NDgxOTg4fQ.MvgbY2WUYCdG2_z_fO2rldIpvEEeYxXOiNGF1hsE1zX9YAGL6bTJ0AJb-BEKOoGy, Granted Authorities=[USER]]
2026-03-26 00:24:55 [tomcat-handler-22] INFO  : Sending message to owner: 525bf83b-6b5e-b515-f9bc-3d156c32123a
2026-03-26 00:24:55 [tomcat-handler-22] INFO  : End of message processing - session: 525bf83b-6b5e-b515-f9bc-3d156c32123a from: t1
2026-03-26 00:24:56 [tomcat-handler-23] INFO  : New message from user: t1
2026-03-26 00:24:56 [tomcat-handler-23] INFO  : /postShoppingItem connected: User UsernamePasswordAuthenticationToken [Principal=t1, Credentials=[PROTECTED], Authenticated=true, Details=eyJhbGciOiJIUzM4NCJ9.eyJzdWIiOiJ0MSIsImlhdCI6MTc3NDQ4MTA0MCwiZXhwIjoxNzc0NDgxOTQwfQ.Qxyjx3-XTxHvVADtaRppfq_IUZy6m7FC81lkR-NKyfKRlpIiCcjhQ7UGQqSVpkh0, Granted Authorities=[USER]]
2026-03-26 00:24:56 [tomcat-handler-23] INFO  : Sending message to: 525bf83b-6b5e-b515-f9bc-3d156c32123a
2026-03-26 00:24:56 [tomcat-handler-23] INFO  : End of message processing - session: 1a5379a5-d968-005f-cf5a-228a00a4d939 from: t1
2026-03-26 00:24:56 [tomcat-handler-24] INFO  : New message from user: t1
2026-03-26 00:24:56 [tomcat-handler-24] INFO  : /synchronizeData connected: User UsernamePasswordAuthenticationToken [Principal=t1, Credentials=[PROTECTED], Authenticated=true, Details=eyJhbGciOiJIUzM4NCJ9.eyJzdWIiOiJ0MSIsImlhdCI6MTc3NDQ4MTA4OCwiZXhwIjoxNzc0NDgxOTg4fQ.MvgbY2WUYCdG2_z_fO2rldIpvEEeYxXOiNGF1hsE1zX9YAGL6bTJ0AJb-BEKOoGy, Granted Authorities=[USER]]
2026-03-26 00:24:56 [tomcat-handler-24] INFO  : Sending message to owner: 525bf83b-6b5e-b515-f9bc-3d156c32123a
2026-03-26 00:24:56 [tomcat-handler-24] INFO  : End of message processing - session: 525bf83b-6b5e-b515-f9bc-3d156c32123a from: t1
2026-03-26 00:24:58 [tomcat-handler-25] INFO  : New message from user: t1
2026-03-26 00:24:58 [tomcat-handler-25] INFO  : /postShoppingItem connected: User UsernamePasswordAuthenticationToken [Principal=t1, Credentials=[PROTECTED], Authenticated=true, Details=eyJhbGciOiJIUzM4NCJ9.eyJzdWIiOiJ0MSIsImlhdCI6MTc3NDQ4MTA0MCwiZXhwIjoxNzc0NDgxOTQwfQ.Qxyjx3-XTxHvVADtaRppfq_IUZy6m7FC81lkR-NKyfKRlpIiCcjhQ7UGQqSVpkh0, Granted Authorities=[USER]]
2026-03-26 00:24:58 [tomcat-handler-25] INFO  : Sending message to: 525bf83b-6b5e-b515-f9bc-3d156c32123a
2026-03-26 00:24:58 [tomcat-handler-25] INFO  : End of message processing - session: 1a5379a5-d968-005f-cf5a-228a00a4d939 from: t1
2026-03-26 00:24:58 [tomcat-handler-26] INFO  : New message from user: t1
2026-03-26 00:24:58 [tomcat-handler-26] INFO  : /synchronizeData connected: User UsernamePasswordAuthenticationToken [Principal=t1, Credentials=[PROTECTED], Authenticated=true, Details=eyJhbGciOiJIUzM4NCJ9.eyJzdWIiOiJ0MSIsImlhdCI6MTc3NDQ4MTA4OCwiZXhwIjoxNzc0NDgxOTg4fQ.MvgbY2WUYCdG2_z_fO2rldIpvEEeYxXOiNGF1hsE1zX9YAGL6bTJ0AJb-BEKOoGy, Granted Authorities=[USER]]
2026-03-26 00:24:58 [tomcat-handler-26] INFO  : Sending message to owner: 525bf83b-6b5e-b515-f9bc-3d156c32123a
2026-03-26 00:24:58 [tomcat-handler-26] INFO  : End of message processing - session: 525bf83b-6b5e-b515-f9bc-3d156c32123a from: t1
2026-03-26 00:25:01 [tomcat-handler-27] INFO  : New message from user: t1
2026-03-26 00:25:01 [tomcat-handler-27] INFO  : /postShoppingItem connected: User UsernamePasswordAuthenticationToken [Principal=t1, Credentials=[PROTECTED], Authenticated=true, Details=eyJhbGciOiJIUzM4NCJ9.eyJzdWIiOiJ0MSIsImlhdCI6MTc3NDQ4MTA0MCwiZXhwIjoxNzc0NDgxOTQwfQ.Qxyjx3-XTxHvVADtaRppfq_IUZy6m7FC81lkR-NKyfKRlpIiCcjhQ7UGQqSVpkh0, Granted Authorities=[USER]]
2026-03-26 00:25:01 [tomcat-handler-27] INFO  : Sending message to: 525bf83b-6b5e-b515-f9bc-3d156c32123a
2026-03-26 00:25:01 [tomcat-handler-27] INFO  : End of message processing - session: 1a5379a5-d968-005f-cf5a-228a00a4d939 from: t1
2026-03-26 00:25:01 [tomcat-handler-28] INFO  : New message from user: t1
2026-03-26 00:25:01 [tomcat-handler-28] INFO  : /synchronizeData connected: User UsernamePasswordAuthenticationToken [Principal=t1, Credentials=[PROTECTED], Authenticated=true, Details=eyJhbGciOiJIUzM4NCJ9.eyJzdWIiOiJ0MSIsImlhdCI6MTc3NDQ4MTA4OCwiZXhwIjoxNzc0NDgxOTg4fQ.MvgbY2WUYCdG2_z_fO2rldIpvEEeYxXOiNGF1hsE1zX9YAGL6bTJ0AJb-BEKOoGy, Granted Authorities=[USER]]
2026-03-26 00:25:01 [tomcat-handler-28] INFO  : Sending message to owner: 525bf83b-6b5e-b515-f9bc-3d156c32123a
2026-03-26 00:25:01 [tomcat-handler-28] INFO  : End of message processing - session: 525bf83b-6b5e-b515-f9bc-3d156c32123a from: t1
2026-03-26 00:25:02 [tomcat-handler-29] INFO  : New message from user: t1
2026-03-26 00:25:02 [tomcat-handler-29] INFO  : /postShoppingItem connected: User UsernamePasswordAuthenticationToken [Principal=t1, Credentials=[PROTECTED], Authenticated=true, Details=eyJhbGciOiJIUzM4NCJ9.eyJzdWIiOiJ0MSIsImlhdCI6MTc3NDQ4MTA0MCwiZXhwIjoxNzc0NDgxOTQwfQ.Qxyjx3-XTxHvVADtaRppfq_IUZy6m7FC81lkR-NKyfKRlpIiCcjhQ7UGQqSVpkh0, Granted Authorities=[USER]]
2026-03-26 00:25:02 [tomcat-handler-29] INFO  : Sending message to: 525bf83b-6b5e-b515-f9bc-3d156c32123a
2026-03-26 00:25:02 [tomcat-handler-29] INFO  : End of message processing - session: 1a5379a5-d968-005f-cf5a-228a00a4d939 from: t1
2026-03-26 00:25:02 [tomcat-handler-30] INFO  : New message from user: t1
2026-03-26 00:25:02 [tomcat-handler-30] INFO  : /synchronizeData connected: User UsernamePasswordAuthenticationToken [Principal=t1, Credentials=[PROTECTED], Authenticated=true, Details=eyJhbGciOiJIUzM4NCJ9.eyJzdWIiOiJ0MSIsImlhdCI6MTc3NDQ4MTA4OCwiZXhwIjoxNzc0NDgxOTg4fQ.MvgbY2WUYCdG2_z_fO2rldIpvEEeYxXOiNGF1hsE1zX9YAGL6bTJ0AJb-BEKOoGy, Granted Authorities=[USER]]
2026-03-26 00:25:02 [tomcat-handler-30] INFO  : Sending message to owner: 525bf83b-6b5e-b515-f9bc-3d156c32123a
2026-03-26 00:25:02 [tomcat-handler-30] INFO  : End of message processing - session: 525bf83b-6b5e-b515-f9bc-3d156c32123a from: t1
2026-03-26 00:25:06 [tomcat-handler-31] ERROR : Error null - session: 93df06b6-ac14-78e8-0f83-4cf0dd091755 from: t1
2026-03-26 00:25:06 [tomcat-handler-32] ERROR : Error null - session: 525bf83b-6b5e-b515-f9bc-3d156c32123a from: t1
2026-03-26 00:25:06 [tomcat-handler-31] INFO  : Session closing: 93df06b6-ac14-78e8-0f83-4cf0dd091755 - reason: null
2026-03-26 00:25:06 [tomcat-handler-32] INFO  : Session closing: 525bf83b-6b5e-b515-f9bc-3d156c32123a - reason: null
2026-03-26 00:35:34 [tomcat-handler-33] INFO  : Session closing: 1a5379a5-d968-005f-cf5a-228a00a4d939 - reason: null
2026-03-26 01:03:06 [SpringApplicationShutdownHook] INFO  : Commencing graceful shutdown. Waiting for active requests to complete
2026-03-26 01:03:06 [tomcat-shutdown] INFO  : Graceful shutdown complete
2026-03-26 01:03:08 [SpringApplicationShutdownHook] INFO  : Closing JPA EntityManagerFactory for persistence unit 'default'
2026-03-26 01:03:08 [SpringApplicationShutdownHook] INFO  : HikariPool-1 - Shutdown initiated...
2026-03-26 01:03:08 [SpringApplicationShutdownHook] INFO  : HikariPool-1 - Shutdown completed.
2026-03-26 22:21:28 [background-preinit] INFO  : HV000001: Hibernate Validator 8.0.2.Final
2026-03-26 22:21:28 [main] INFO  : Starting ShoppingListServiceApplication using Java 21.0.3 with PID 10544 (C:\Users\kjerz\Desktop\programy programowanie\projekty\ShoppingListService\target\classes started by kjerz in C:\Users\kjerz\Desktop\programy programowanie\projekty\ShoppingListService)
2026-03-26 22:21:28 [main] INFO  : The following 1 profile is active: "dev"
2026-03-26 22:21:29 [main] INFO  : Bootstrapping Spring Data JPA repositories in DEFAULT mode.
2026-03-26 22:21:29 [main] INFO  : Finished Spring Data repository scanning in 117 ms. Found 3 JPA repository interfaces.
2026-03-26 22:21:30 [main] INFO  : Tomcat initialized with port 5443 (http)
2026-03-26 22:21:30 [main] INFO  : Initializing ProtocolHandler ["http-nio-5443"]
2026-03-26 22:21:30 [main] INFO  : Starting service [Tomcat]
2026-03-26 22:21:30 [main] INFO  : Starting Servlet engine: [Apache Tomcat/10.1.40]
2026-03-26 22:21:30 [main] INFO  : Initializing Spring embedded WebApplicationContext
2026-03-26 22:21:30 [main] INFO  : Root WebApplicationContext: initialization completed in 1930 ms
2026-03-26 22:21:31 [main] WARN  : Error: 1193-HY000: Unknown system variable 'WSREP_ON'
2026-03-26 22:21:31 [main] INFO  : Database: jdbc:mariadb://localhost/shopping_list_db?user=root&password=******** (MariaDB 11.7)
2026-03-26 22:21:31 [main] WARN  : Flyway upgrade recommended: MariaDB 11.7 is newer than this version of Flyway and support has not been tested. The latest supported version of MariaDB is 11.2.
2026-03-26 22:21:31 [main] INFO  : Successfully validated 1 migration (execution time 00:00.029s)
2026-03-26 22:21:31 [main] INFO  : Current version of schema `shopping_list_db`: 1
2026-03-26 22:21:31 [main] INFO  : Schema `shopping_list_db` is up to date. No migration necessary.
2026-03-26 22:21:31 [main] INFO  : HHH000204: Processing PersistenceUnitInfo [name: default]
2026-03-26 22:21:31 [main] INFO  : HHH000412: Hibernate ORM core version 6.5.2.Final
2026-03-26 22:21:31 [main] INFO  : HHH000026: Second-level cache disabled
2026-03-26 22:21:32 [main] INFO  : No LoadTimeWeaver setup: ignoring JPA class transformer
2026-03-26 22:21:32 [main] INFO  : HikariPool-1 - Starting...
2026-03-26 22:21:32 [main] INFO  : HikariPool-1 - Added connection org.mariadb.jdbc.Connection@7ce760af
2026-03-26 22:21:32 [main] INFO  : HikariPool-1 - Start completed.
2026-03-26 22:21:32 [main] WARN  : HHH90000025: MariaDBDialect does not need to be specified explicitly using 'hibernate.dialect' (remove the property setting and it will be selected by default)
2026-03-26 22:21:32 [main] INFO  : HHH000489: No JTA platform available (set 'hibernate.transaction.jta.platform' to enable JTA platform integration)
2026-03-26 22:21:32 [main] INFO  : Initialized JPA EntityManagerFactory for persistence unit 'default'
2026-03-26 22:21:33 [main] WARN  : spring.jpa.open-in-view is enabled by default. Therefore, database queries may be performed during view rendering. Explicitly configure spring.jpa.open-in-view to disable this warning
2026-03-26 22:21:33 [main] INFO  : Global AuthenticationManager configured with AuthenticationProvider bean with name jwtAuthenticationProvider
2026-03-26 22:21:33 [main] INFO  : Exposing 0 endpoints beneath base path '/actuator'
2026-03-26 22:21:34 [main] INFO  : Starting ProtocolHandler ["http-nio-5443"]
2026-03-26 22:21:34 [main] INFO  : Tomcat started on port 5443 (http) with context path '/'
2026-03-26 22:21:34 [main] INFO  : Started ShoppingListServiceApplication in 6.031 seconds (process running for 6.566)
2026-03-26 22:24:30 [tomcat-handler-0] INFO  : Initializing Spring DispatcherServlet 'dispatcherServlet'
2026-03-26 22:24:30 [tomcat-handler-0] INFO  : Initializing Servlet 'dispatcherServlet'
2026-03-26 22:24:30 [tomcat-handler-0] INFO  : Completed initialization in 1 ms
2026-03-26 22:24:30 [tomcat-handler-0] INFO  : New session connected: a9bc0d47-3cbb-5317-2e24-9a3fdc437cfe, user: t1
2026-03-26 22:24:30 [tomcat-handler-0] INFO  : New message from user: t1
2026-03-26 22:24:30 [tomcat-handler-0] INFO  : End of message processing - session: a9bc0d47-3cbb-5317-2e24-9a3fdc437cfe from: t1
2026-03-26 22:24:30 [tomcat-handler-0] INFO  : New message from user: t1
2026-03-26 22:24:30 [tomcat-handler-0] INFO  : End of message processing - session: a9bc0d47-3cbb-5317-2e24-9a3fdc437cfe from: t1
2026-03-26 22:24:30 [tomcat-handler-0] INFO  : New message from user: t1
2026-03-26 22:24:30 [tomcat-handler-0] ERROR : java.lang.IllegalArgumentException: Wrong amount of parameters
2026-03-26 22:24:30 [tomcat-handler-0] INFO  : End of message processing - session: a9bc0d47-3cbb-5317-2e24-9a3fdc437cfe from: t1
2026-03-26 22:24:30 [tomcat-handler-0] INFO  : New message from user: t1
2026-03-26 22:24:30 [tomcat-handler-0] INFO  : /synchronizeData connected: User UsernamePasswordAuthenticationToken [Principal=t1, Credentials=[PROTECTED], Authenticated=true, Details=eyJhbGciOiJIUzM4NCJ9.eyJzdWIiOiJ0MSIsImlhdCI6MTc3NDU2MDI3MCwiZXhwIjoxNzc0NTYxMTcwfQ.YJCrJteeqVxNG4w5XKuDBuVGxoy7UHiqEWRYybkTUTpn8oIHcaAWWgoUS_BUg-hf, Granted Authorities=[USER]]
2026-03-26 22:24:30 [tomcat-handler-0] INFO  : Sending message to owner: a9bc0d47-3cbb-5317-2e24-9a3fdc437cfe
2026-03-26 22:24:30 [tomcat-handler-0] INFO  : End of message processing - session: a9bc0d47-3cbb-5317-2e24-9a3fdc437cfe from: t1
2026-03-26 22:24:33 [tomcat-handler-1] INFO  : Session closing: a9bc0d47-3cbb-5317-2e24-9a3fdc437cfe - reason: null
2026-03-26 22:24:33 [tomcat-handler-2] INFO  : New session connected: ff82a54f-efb9-7257-9ed8-975cab82d832, user: t1
2026-03-26 22:24:33 [tomcat-handler-3] INFO  : New message from user: t1
2026-03-26 22:24:33 [tomcat-handler-3] INFO  : End of message processing - session: ff82a54f-efb9-7257-9ed8-975cab82d832 from: t1
2026-03-26 22:24:33 [tomcat-handler-3] INFO  : New message from user: t1
2026-03-26 22:24:33 [tomcat-handler-3] INFO  : End of message processing - session: ff82a54f-efb9-7257-9ed8-975cab82d832 from: t1
2026-03-26 22:24:33 [tomcat-handler-3] INFO  : New message from user: t1
2026-03-26 22:24:33 [tomcat-handler-3] ERROR : java.lang.IllegalArgumentException: Wrong amount of parameters
2026-03-26 22:24:33 [tomcat-handler-3] INFO  : End of message processing - session: ff82a54f-efb9-7257-9ed8-975cab82d832 from: t1
2026-03-26 22:24:33 [tomcat-handler-3] INFO  : New message from user: t1
2026-03-26 22:24:33 [tomcat-handler-3] INFO  : /synchronizeData connected: User UsernamePasswordAuthenticationToken [Principal=t1, Credentials=[PROTECTED], Authenticated=true, Details=eyJhbGciOiJIUzM4NCJ9.eyJzdWIiOiJ0MSIsImlhdCI6MTc3NDU2MDI3MCwiZXhwIjoxNzc0NTYxMTcwfQ.YJCrJteeqVxNG4w5XKuDBuVGxoy7UHiqEWRYybkTUTpn8oIHcaAWWgoUS_BUg-hf, Granted Authorities=[USER]]
2026-03-26 22:24:33 [tomcat-handler-3] INFO  : Sending message to owner: ff82a54f-efb9-7257-9ed8-975cab82d832
2026-03-26 22:24:33 [tomcat-handler-3] INFO  : End of message processing - session: ff82a54f-efb9-7257-9ed8-975cab82d832 from: t1
2026-03-26 22:24:35 [tomcat-handler-4] INFO  : New message from user: t1
2026-03-26 22:24:35 [tomcat-handler-4] INFO  : /postShoppingItem connected: User UsernamePasswordAuthenticationToken [Principal=t1, Credentials=[PROTECTED], Authenticated=true, Details=eyJhbGciOiJIUzM4NCJ9.eyJzdWIiOiJ0MSIsImlhdCI6MTc3NDU2MDI3MCwiZXhwIjoxNzc0NTYxMTcwfQ.YJCrJteeqVxNG4w5XKuDBuVGxoy7UHiqEWRYybkTUTpn8oIHcaAWWgoUS_BUg-hf, Granted Authorities=[USER]]
2026-03-26 22:24:35 [tomcat-handler-4] ERROR : pl.kamjer.shoppinglistservice.exception.NoResourcesFoundException: No such topic exists
2026-03-26 22:24:35 [tomcat-handler-4] INFO  : End of message processing - session: ff82a54f-efb9-7257-9ed8-975cab82d832 from: t1
2026-03-26 22:24:35 [tomcat-handler-5] INFO  : New message from user: t1
2026-03-26 22:24:35 [tomcat-handler-5] INFO  : /postShoppingItem connected: User UsernamePasswordAuthenticationToken [Principal=t1, Credentials=[PROTECTED], Authenticated=true, Details=eyJhbGciOiJIUzM4NCJ9.eyJzdWIiOiJ0MSIsImlhdCI6MTc3NDU2MDI3MCwiZXhwIjoxNzc0NTYxMTcwfQ.YJCrJteeqVxNG4w5XKuDBuVGxoy7UHiqEWRYybkTUTpn8oIHcaAWWgoUS_BUg-hf, Granted Authorities=[USER]]
2026-03-26 22:24:35 [tomcat-handler-5] ERROR : pl.kamjer.shoppinglistservice.exception.NoResourcesFoundException: No such topic exists
2026-03-26 22:24:35 [tomcat-handler-5] INFO  : End of message processing - session: ff82a54f-efb9-7257-9ed8-975cab82d832 from: t1
2026-03-26 22:24:36 [tomcat-handler-6] INFO  : New message from user: t1
2026-03-26 22:24:36 [tomcat-handler-6] INFO  : /postShoppingItem connected: User UsernamePasswordAuthenticationToken [Principal=t1, Credentials=[PROTECTED], Authenticated=true, Details=eyJhbGciOiJIUzM4NCJ9.eyJzdWIiOiJ0MSIsImlhdCI6MTc3NDU2MDI3MCwiZXhwIjoxNzc0NTYxMTcwfQ.YJCrJteeqVxNG4w5XKuDBuVGxoy7UHiqEWRYybkTUTpn8oIHcaAWWgoUS_BUg-hf, Granted Authorities=[USER]]
2026-03-26 22:24:36 [tomcat-handler-6] ERROR : pl.kamjer.shoppinglistservice.exception.NoResourcesFoundException: No such topic exists
2026-03-26 22:24:36 [tomcat-handler-6] INFO  : End of message processing - session: ff82a54f-efb9-7257-9ed8-975cab82d832 from: t1
2026-03-26 22:24:36 [tomcat-handler-7] INFO  : New message from user: t1
2026-03-26 22:24:36 [tomcat-handler-7] INFO  : /postShoppingItem connected: User UsernamePasswordAuthenticationToken [Principal=t1, Credentials=[PROTECTED], Authenticated=true, Details=eyJhbGciOiJIUzM4NCJ9.eyJzdWIiOiJ0MSIsImlhdCI6MTc3NDU2MDI3MCwiZXhwIjoxNzc0NTYxMTcwfQ.YJCrJteeqVxNG4w5XKuDBuVGxoy7UHiqEWRYybkTUTpn8oIHcaAWWgoUS_BUg-hf, Granted Authorities=[USER]]
2026-03-26 22:24:36 [tomcat-handler-7] ERROR : pl.kamjer.shoppinglistservice.exception.NoResourcesFoundException: No such topic exists
2026-03-26 22:24:36 [tomcat-handler-7] INFO  : End of message processing - session: ff82a54f-efb9-7257-9ed8-975cab82d832 from: t1
2026-03-26 22:24:37 [tomcat-handler-8] INFO  : New message from user: t1
2026-03-26 22:24:37 [tomcat-handler-8] INFO  : /postShoppingItem connected: User UsernamePasswordAuthenticationToken [Principal=t1, Credentials=[PROTECTED], Authenticated=true, Details=eyJhbGciOiJIUzM4NCJ9.eyJzdWIiOiJ0MSIsImlhdCI6MTc3NDU2MDI3MCwiZXhwIjoxNzc0NTYxMTcwfQ.YJCrJteeqVxNG4w5XKuDBuVGxoy7UHiqEWRYybkTUTpn8oIHcaAWWgoUS_BUg-hf, Granted Authorities=[USER]]
2026-03-26 22:24:37 [tomcat-handler-8] ERROR : pl.kamjer.shoppinglistservice.exception.NoResourcesFoundException: No such topic exists
2026-03-26 22:24:37 [tomcat-handler-8] INFO  : End of message processing - session: ff82a54f-efb9-7257-9ed8-975cab82d832 from: t1
2026-03-26 22:25:34 [tomcat-handler-9] INFO  : New message from user: t1
2026-03-26 22:25:34 [tomcat-handler-9] INFO  : /postShoppingItem connected: User UsernamePasswordAuthenticationToken [Principal=t1, Credentials=[PROTECTED], Authenticated=true, Details=eyJhbGciOiJIUzM4NCJ9.eyJzdWIiOiJ0MSIsImlhdCI6MTc3NDU2MDI3MCwiZXhwIjoxNzc0NTYxMTcwfQ.YJCrJteeqVxNG4w5XKuDBuVGxoy7UHiqEWRYybkTUTpn8oIHcaAWWgoUS_BUg-hf, Granted Authorities=[USER]]
2026-03-26 22:25:35 [tomcat-handler-9] ERROR : pl.kamjer.shoppinglistservice.exception.NoResourcesFoundException: No such topic exists
2026-03-26 22:25:35 [tomcat-handler-9] INFO  : End of message processing - session: ff82a54f-efb9-7257-9ed8-975cab82d832 from: t1
2026-03-26 22:25:35 [tomcat-handler-10] INFO  : New message from user: t1
2026-03-26 22:25:35 [tomcat-handler-10] INFO  : /postShoppingItem connected: User UsernamePasswordAuthenticationToken [Principal=t1, Credentials=[PROTECTED], Authenticated=true, Details=eyJhbGciOiJIUzM4NCJ9.eyJzdWIiOiJ0MSIsImlhdCI6MTc3NDU2MDI3MCwiZXhwIjoxNzc0NTYxMTcwfQ.YJCrJteeqVxNG4w5XKuDBuVGxoy7UHiqEWRYybkTUTpn8oIHcaAWWgoUS_BUg-hf, Granted Authorities=[USER]]
2026-03-26 22:25:35 [tomcat-handler-10] ERROR : pl.kamjer.shoppinglistservice.exception.NoResourcesFoundException: No such topic exists
2026-03-26 22:25:35 [tomcat-handler-10] INFO  : End of message processing - session: ff82a54f-efb9-7257-9ed8-975cab82d832 from: t1
2026-03-26 22:32:00 [tomcat-handler-11] INFO  : Session closing: ff82a54f-efb9-7257-9ed8-975cab82d832 - reason: null
2026-03-26 22:32:00 [tomcat-handler-12] INFO  : New session connected: 1cbae928-7e33-f0d9-5c0e-68085ed6b4e6, user: t1
2026-03-26 22:32:00 [tomcat-handler-13] INFO  : New message from user: t1
2026-03-26 22:32:00 [tomcat-handler-13] INFO  : End of message processing - session: 1cbae928-7e33-f0d9-5c0e-68085ed6b4e6 from: t1
2026-03-26 22:32:00 [tomcat-handler-13] INFO  : New message from user: t1
2026-03-26 22:32:00 [tomcat-handler-13] INFO  : End of message processing - session: 1cbae928-7e33-f0d9-5c0e-68085ed6b4e6 from: t1
2026-03-26 22:32:00 [tomcat-handler-13] INFO  : New message from user: t1
2026-03-26 22:32:00 [tomcat-handler-13] ERROR : java.lang.IllegalArgumentException: Wrong amount of parameters
2026-03-26 22:32:00 [tomcat-handler-13] INFO  : End of message processing - session: 1cbae928-7e33-f0d9-5c0e-68085ed6b4e6 from: t1
2026-03-26 22:32:00 [tomcat-handler-13] INFO  : New message from user: t1
2026-03-26 22:32:00 [tomcat-handler-13] INFO  : /synchronizeData connected: User UsernamePasswordAuthenticationToken [Principal=t1, Credentials=[PROTECTED], Authenticated=true, Details=eyJhbGciOiJIUzM4NCJ9.eyJzdWIiOiJ0MSIsImlhdCI6MTc3NDU2MDI3MCwiZXhwIjoxNzc0NTYxMTcwfQ.YJCrJteeqVxNG4w5XKuDBuVGxoy7UHiqEWRYybkTUTpn8oIHcaAWWgoUS_BUg-hf, Granted Authorities=[USER]]
2026-03-26 22:32:00 [tomcat-handler-13] INFO  : Sending message to owner: 1cbae928-7e33-f0d9-5c0e-68085ed6b4e6
2026-03-26 22:32:00 [tomcat-handler-13] INFO  : End of message processing - session: 1cbae928-7e33-f0d9-5c0e-68085ed6b4e6 from: t1
2026-03-26 22:32:01 [tomcat-handler-14] INFO  : New message from user: t1
2026-03-26 22:32:01 [tomcat-handler-14] INFO  : /postShoppingItem connected: User UsernamePasswordAuthenticationToken [Principal=t1, Credentials=[PROTECTED], Authenticated=true, Details=eyJhbGciOiJIUzM4NCJ9.eyJzdWIiOiJ0MSIsImlhdCI6MTc3NDU2MDI3MCwiZXhwIjoxNzc0NTYxMTcwfQ.YJCrJteeqVxNG4w5XKuDBuVGxoy7UHiqEWRYybkTUTpn8oIHcaAWWgoUS_BUg-hf, Granted Authorities=[USER]]
2026-03-26 22:32:01 [tomcat-handler-14] ERROR : pl.kamjer.shoppinglistservice.exception.NoResourcesFoundException: No such topic exists
2026-03-26 22:32:01 [tomcat-handler-14] INFO  : End of message processing - session: 1cbae928-7e33-f0d9-5c0e-68085ed6b4e6 from: t1
2026-03-26 22:32:02 [tomcat-handler-15] INFO  : New message from user: t1
2026-03-26 22:32:02 [tomcat-handler-15] INFO  : /postShoppingItem connected: User UsernamePasswordAuthenticationToken [Principal=t1, Credentials=[PROTECTED], Authenticated=true, Details=eyJhbGciOiJIUzM4NCJ9.eyJzdWIiOiJ0MSIsImlhdCI6MTc3NDU2MDI3MCwiZXhwIjoxNzc0NTYxMTcwfQ.YJCrJteeqVxNG4w5XKuDBuVGxoy7UHiqEWRYybkTUTpn8oIHcaAWWgoUS_BUg-hf, Granted Authorities=[USER]]
2026-03-26 22:32:02 [tomcat-handler-15] ERROR : pl.kamjer.shoppinglistservice.exception.NoResourcesFoundException: No such topic exists
2026-03-26 22:32:02 [tomcat-handler-15] INFO  : End of message processing - session: 1cbae928-7e33-f0d9-5c0e-68085ed6b4e6 from: t1
2026-03-26 22:32:02 [tomcat-handler-16] INFO  : New message from user: t1
2026-03-26 22:32:02 [tomcat-handler-16] INFO  : /postShoppingItem connected: User UsernamePasswordAuthenticationToken [Principal=t1, Credentials=[PROTECTED], Authenticated=true, Details=eyJhbGciOiJIUzM4NCJ9.eyJzdWIiOiJ0MSIsImlhdCI6MTc3NDU2MDI3MCwiZXhwIjoxNzc0NTYxMTcwfQ.YJCrJteeqVxNG4w5XKuDBuVGxoy7UHiqEWRYybkTUTpn8oIHcaAWWgoUS_BUg-hf, Granted Authorities=[USER]]
2026-03-26 22:32:02 [tomcat-handler-16] ERROR : pl.kamjer.shoppinglistservice.exception.NoResourcesFoundException: No such topic exists
2026-03-26 22:32:02 [tomcat-handler-16] INFO  : End of message processing - session: 1cbae928-7e33-f0d9-5c0e-68085ed6b4e6 from: t1
2026-03-26 22:32:05 [tomcat-handler-17] INFO  : New message from user: t1
2026-03-26 22:32:05 [tomcat-handler-17] INFO  : /postShoppingItem connected: User UsernamePasswordAuthenticationToken [Principal=t1, Credentials=[PROTECTED], Authenticated=true, Details=eyJhbGciOiJIUzM4NCJ9.eyJzdWIiOiJ0MSIsImlhdCI6MTc3NDU2MDI3MCwiZXhwIjoxNzc0NTYxMTcwfQ.YJCrJteeqVxNG4w5XKuDBuVGxoy7UHiqEWRYybkTUTpn8oIHcaAWWgoUS_BUg-hf, Granted Authorities=[USER]]
2026-03-26 22:32:05 [tomcat-handler-17] ERROR : pl.kamjer.shoppinglistservice.exception.NoResourcesFoundException: No such topic exists
2026-03-26 22:32:05 [tomcat-handler-17] INFO  : End of message processing - session: 1cbae928-7e33-f0d9-5c0e-68085ed6b4e6 from: t1
2026-03-26 22:32:06 [tomcat-handler-18] INFO  : New message from user: t1
2026-03-26 22:32:06 [tomcat-handler-18] INFO  : /postShoppingItem connected: User UsernamePasswordAuthenticationToken [Principal=t1, Credentials=[PROTECTED], Authenticated=true, Details=eyJhbGciOiJIUzM4NCJ9.eyJzdWIiOiJ0MSIsImlhdCI6MTc3NDU2MDI3MCwiZXhwIjoxNzc0NTYxMTcwfQ.YJCrJteeqVxNG4w5XKuDBuVGxoy7UHiqEWRYybkTUTpn8oIHcaAWWgoUS_BUg-hf, Granted Authorities=[USER]]
2026-03-26 22:32:06 [tomcat-handler-18] ERROR : pl.kamjer.shoppinglistservice.exception.NoResourcesFoundException: No such topic exists
2026-03-26 22:32:06 [tomcat-handler-18] INFO  : End of message processing - session: 1cbae928-7e33-f0d9-5c0e-68085ed6b4e6 from: t1
2026-03-26 22:32:07 [tomcat-handler-19] INFO  : New message from user: t1
2026-03-26 22:32:07 [tomcat-handler-19] INFO  : /postShoppingItem connected: User UsernamePasswordAuthenticationToken [Principal=t1, Credentials=[PROTECTED], Authenticated=true, Details=eyJhbGciOiJIUzM4NCJ9.eyJzdWIiOiJ0MSIsImlhdCI6MTc3NDU2MDI3MCwiZXhwIjoxNzc0NTYxMTcwfQ.YJCrJteeqVxNG4w5XKuDBuVGxoy7UHiqEWRYybkTUTpn8oIHcaAWWgoUS_BUg-hf, Granted Authorities=[USER]]
2026-03-26 22:32:07 [tomcat-handler-19] ERROR : pl.kamjer.shoppinglistservice.exception.NoResourcesFoundException: No such topic exists
2026-03-26 22:32:07 [tomcat-handler-19] INFO  : End of message processing - session: 1cbae928-7e33-f0d9-5c0e-68085ed6b4e6 from: t1
2026-03-26 22:33:03 [tomcat-handler-20] INFO  : Session closing: 1cbae928-7e33-f0d9-5c0e-68085ed6b4e6 - reason: null
2026-03-26 22:33:14 [tomcat-handler-21] INFO  : New session connected: c12da32f-b20a-6ca8-f964-eb00f79a9a00, user: t1
2026-03-26 22:33:14 [tomcat-handler-22] INFO  : New message from user: t1
2026-03-26 22:33:14 [tomcat-handler-22] INFO  : End of message processing - session: c12da32f-b20a-6ca8-f964-eb00f79a9a00 from: t1
2026-03-26 22:33:14 [tomcat-handler-22] INFO  : New message from user: t1
2026-03-26 22:33:14 [tomcat-handler-22] INFO  : End of message processing - session: c12da32f-b20a-6ca8-f964-eb00f79a9a00 from: t1
2026-03-26 22:33:14 [tomcat-handler-22] INFO  : New message from user: t1
2026-03-26 22:33:14 [tomcat-handler-22] ERROR : java.lang.IllegalArgumentException: Wrong amount of parameters
2026-03-26 22:33:14 [tomcat-handler-22] INFO  : End of message processing - session: c12da32f-b20a-6ca8-f964-eb00f79a9a00 from: t1
2026-03-26 22:33:14 [tomcat-handler-23] INFO  : New message from user: t1
2026-03-26 22:33:14 [tomcat-handler-23] INFO  : /synchronizeData connected: User UsernamePasswordAuthenticationToken [Principal=t1, Credentials=[PROTECTED], Authenticated=true, Details=eyJhbGciOiJIUzM4NCJ9.eyJzdWIiOiJ0MSIsImlhdCI6MTc3NDU2MDI3MCwiZXhwIjoxNzc0NTYxMTcwfQ.YJCrJteeqVxNG4w5XKuDBuVGxoy7UHiqEWRYybkTUTpn8oIHcaAWWgoUS_BUg-hf, Granted Authorities=[USER]]
2026-03-26 22:33:14 [tomcat-handler-23] INFO  : Sending message to owner: c12da32f-b20a-6ca8-f964-eb00f79a9a00
2026-03-26 22:33:14 [tomcat-handler-23] INFO  : End of message processing - session: c12da32f-b20a-6ca8-f964-eb00f79a9a00 from: t1
2026-03-26 23:13:45 [tomcat-handler-24] ERROR : Error null - session: c12da32f-b20a-6ca8-f964-eb00f79a9a00 from: t1
2026-03-26 23:13:45 [tomcat-handler-24] INFO  : Session closing: c12da32f-b20a-6ca8-f964-eb00f79a9a00 - reason: null
