2024-08-31 00:14:01 [MessageBroker-5] INFO  : WebSocketSession[0 current WS(0)-HttpStream(0)-HttpPoll(0), 0 total, 0 closed abnormally (0 connect failure, 0 send limit, 0 transport error)], stompSubProtocol[processed CONNECT(0)-CONNECTED(0)-DISCONNECT(0)], stompBrokerRelay[null], inboundChannel[pool size = 0, active threads = 0, queued tasks = 0, completed tasks = 0], outboundChannel[pool size = 0, active threads = 0, queued tasks = 0, completed tasks = 0], sockJsScheduler[pool size = 9, active threads = 1, queued tasks = 0, completed tasks = 8]
2024-08-31 00:26:35 [SpringApplicationShutdownHook] INFO  : Stopping...
2024-08-31 00:26:35 [SpringApplicationShutdownHook] INFO  : BrokerAvailabilityEvent[available=false, SimpleBrokerMessageHandler [org.springframework.messaging.simp.broker.DefaultSubscriptionRegistry@3aef4650]]
2024-08-31 00:26:35 [SpringApplicationShutdownHook] INFO  : Stopped.
2024-08-31 00:26:35 [SpringApplicationShutdownHook] INFO  : Closing JPA EntityManagerFactory for persistence unit 'default'
2024-08-31 00:26:35 [SpringApplicationShutdownHook] INFO  : HikariPool-1 - Shutdown initiated...
2024-08-31 00:26:35 [SpringApplicationShutdownHook] INFO  : HikariPool-1 - Shutdown completed.
2024-08-31 11:28:30 [background-preinit] INFO  : HV000001: Hibernate Validator 8.0.1.Final
2024-08-31 11:28:30 [main] INFO  : Starting ShoppingListServiceApplication using Java 17.0.11 with PID 11412 (C:\Users\kjerz\Desktop\projekty\ShoppingListService\target\classes started by kjerz in C:\Users\kjerz\Desktop\projekty\ShoppingListService)
2024-08-31 11:28:30 [main] INFO  : No active profile set, falling back to 1 default profile: "default"
2024-08-31 11:28:30 [main] INFO  : Bootstrapping Spring Data JPA repositories in DEFAULT mode.
2024-08-31 11:28:30 [main] INFO  : Finished Spring Data repository scanning in 115 ms. Found 4 JPA repository interfaces.
2024-08-31 11:28:31 [main] INFO  : Tomcat initialized with port 8443 (https)
2024-08-31 11:28:31 [main] INFO  : Initializing ProtocolHandler ["https-jsse-nio-8443"]
2024-08-31 11:28:31 [main] INFO  : Starting service [Tomcat]
2024-08-31 11:28:31 [main] INFO  : Starting Servlet engine: [Apache Tomcat/10.1.25]
2024-08-31 11:28:31 [main] INFO  : Initializing Spring embedded WebApplicationContext
2024-08-31 11:28:31 [main] INFO  : Root WebApplicationContext: initialization completed in 1374 ms
2024-08-31 11:28:31 [main] INFO  : HHH000204: Processing PersistenceUnitInfo [name: default]
2024-08-31 11:28:31 [main] INFO  : HHH000412: Hibernate ORM core version 6.5.2.Final
2024-08-31 11:28:31 [main] INFO  : HHH000026: Second-level cache disabled
2024-08-31 11:28:31 [main] INFO  : No LoadTimeWeaver setup: ignoring JPA class transformer
2024-08-31 11:28:31 [main] WARN  : HikariPool-1 - idleTimeout has been set but has no effect because the pool is operating as a fixed size pool.
2024-08-31 11:28:31 [main] INFO  : HikariPool-1 - Starting...
2024-08-31 11:28:32 [main] INFO  : HikariPool-1 - Added connection com.mysql.cj.jdbc.ConnectionImpl@6fb219dd
2024-08-31 11:28:32 [main] INFO  : HikariPool-1 - Start completed.
2024-08-31 11:28:32 [main] WARN  : HHH90000025: MySQLDialect does not need to be specified explicitly using 'hibernate.dialect' (remove the property setting and it will be selected by default)
2024-08-31 11:28:32 [main] INFO  : HHH000489: No JTA platform available (set 'hibernate.transaction.jta.platform' to enable JTA platform integration)
2024-08-31 11:28:32 [main] INFO  : Initialized JPA EntityManagerFactory for persistence unit 'default'
2024-08-31 11:28:33 [main] WARN  : spring.jpa.open-in-view is enabled by default. Therefore, database queries may be performed during view rendering. Explicitly configure spring.jpa.open-in-view to disable this warning
2024-08-31 11:28:33 [main] INFO  : Global AuthenticationManager configured with UserDetailsService bean with name userDetailService
2024-08-31 11:28:33 [main] INFO  : Exposing 1 endpoint beneath base path '/actuator'
2024-08-31 11:28:34 [main] INFO  : Starting ProtocolHandler ["https-jsse-nio-8443"]
2024-08-31 11:28:34 [main] INFO  : Connector [https-jsse-nio-8443], TLS virtual host [_default_], certificate type [UNDEFINED] configured from keystore [C:\Users\kjerz\.keystore] using alias [shoppingListKey] with trust store [null]
2024-08-31 11:28:34 [main] INFO  : Tomcat started on port 8443 (https) with context path '/'
2024-08-31 11:28:34 [main] INFO  : Starting...
2024-08-31 11:28:34 [main] INFO  : BrokerAvailabilityEvent[available=true, SimpleBrokerMessageHandler [org.springframework.messaging.simp.broker.DefaultSubscriptionRegistry@41e35358]]
2024-08-31 11:28:34 [main] INFO  : Started.
2024-08-31 11:28:34 [main] INFO  : Started ShoppingListServiceApplication in 4.459 seconds (process running for 5.355)
2024-08-31 11:28:34 [RMI TCP Connection(2)-192.168.0.13] INFO  : Initializing Spring DispatcherServlet 'dispatcherServlet'
2024-08-31 11:28:34 [RMI TCP Connection(2)-192.168.0.13] INFO  : Initializing Servlet 'dispatcherServlet'
2024-08-31 11:28:34 [RMI TCP Connection(2)-192.168.0.13] INFO  : Completed initialization in 1 ms
2024-08-31 11:29:34 [MessageBroker-1] INFO  : WebSocketSession[0 current WS(0)-HttpStream(0)-HttpPoll(0), 0 total, 0 closed abnormally (0 connect failure, 0 send limit, 0 transport error)], stompSubProtocol[processed CONNECT(0)-CONNECTED(0)-DISCONNECT(0)], stompBrokerRelay[null], inboundChannel[pool size = 0, active threads = 0, queued tasks = 0, completed tasks = 0], outboundChannel[pool size = 0, active threads = 0, queued tasks = 0, completed tasks = 0], sockJsScheduler[pool size = 1, active threads = 1, queued tasks = 0, completed tasks = 0]
2024-08-31 12:58:11 [HikariPool-1 housekeeper] WARN  : HikariPool-1 - Thread starvation or clock leap detected (housekeeper delta=1h17m9s365ms869µs500ns).
2024-08-31 13:16:13 [MessageBroker-1] INFO  : WebSocketSession[0 current WS(0)-HttpStream(0)-HttpPoll(0), 0 total, 0 closed abnormally (0 connect failure, 0 send limit, 0 transport error)], stompSubProtocol[processed CONNECT(0)-CONNECTED(0)-DISCONNECT(0)], stompBrokerRelay[null], inboundChannel[pool size = 0, active threads = 0, queued tasks = 0, completed tasks = 0], outboundChannel[pool size = 0, active threads = 0, queued tasks = 0, completed tasks = 0], sockJsScheduler[pool size = 2, active threads = 1, queued tasks = 0, completed tasks = 1]
2024-08-31 13:46:13 [MessageBroker-2] INFO  : WebSocketSession[0 current WS(0)-HttpStream(0)-HttpPoll(0), 0 total, 0 closed abnormally (0 connect failure, 0 send limit, 0 transport error)], stompSubProtocol[processed CONNECT(0)-CONNECTED(0)-DISCONNECT(0)], stompBrokerRelay[null], inboundChannel[pool size = 0, active threads = 0, queued tasks = 0, completed tasks = 0], outboundChannel[pool size = 0, active threads = 0, queued tasks = 0, completed tasks = 0], sockJsScheduler[pool size = 3, active threads = 1, queued tasks = 0, completed tasks = 2]
2024-08-31 14:16:13 [MessageBroker-1] INFO  : WebSocketSession[0 current WS(0)-HttpStream(0)-HttpPoll(0), 0 total, 0 closed abnormally (0 connect failure, 0 send limit, 0 transport error)], stompSubProtocol[processed CONNECT(0)-CONNECTED(0)-DISCONNECT(0)], stompBrokerRelay[null], inboundChannel[pool size = 0, active threads = 0, queued tasks = 0, completed tasks = 0], outboundChannel[pool size = 0, active threads = 0, queued tasks = 0, completed tasks = 0], sockJsScheduler[pool size = 4, active threads = 1, queued tasks = 0, completed tasks = 3]
2024-08-31 14:46:13 [MessageBroker-3] INFO  : WebSocketSession[0 current WS(0)-HttpStream(0)-HttpPoll(0), 0 total, 0 closed abnormally (0 connect failure, 0 send limit, 0 transport error)], stompSubProtocol[processed CONNECT(0)-CONNECTED(0)-DISCONNECT(0)], stompBrokerRelay[null], inboundChannel[pool size = 0, active threads = 0, queued tasks = 0, completed tasks = 0], outboundChannel[pool size = 0, active threads = 0, queued tasks = 0, completed tasks = 0], sockJsScheduler[pool size = 5, active threads = 1, queued tasks = 0, completed tasks = 4]
2024-08-31 15:07:01 [HikariPool-1 housekeeper] WARN  : HikariPool-1 - Thread starvation or clock leap detected (housekeeper delta=6m18s28ms672µs400ns).
2024-08-31 15:22:01 [MessageBroker-2] INFO  : WebSocketSession[0 current WS(0)-HttpStream(0)-HttpPoll(0), 0 total, 0 closed abnormally (0 connect failure, 0 send limit, 0 transport error)], stompSubProtocol[processed CONNECT(0)-CONNECTED(0)-DISCONNECT(0)], stompBrokerRelay[null], inboundChannel[pool size = 0, active threads = 0, queued tasks = 0, completed tasks = 0], outboundChannel[pool size = 0, active threads = 0, queued tasks = 0, completed tasks = 0], sockJsScheduler[pool size = 6, active threads = 1, queued tasks = 0, completed tasks = 5]
2024-08-31 15:29:27 [https-jsse-nio-8443-exec-7] ERROR : test: 
pl.kamjer.shoppinglistservice.exception.LogException: Unable to find explicit activity class {pl.kamjer.shoppinglist/pl.kamjer.shoppinglist.activity.amounttypelist.AmountTypeDeleteConflictDialog}; have you declared this activity in your AndroidManifest.xml, or does your intent not match its declared <intent-filter>?
	at .checkStartActivityResult(Instrumentation.java:2236)
	at .execStartActivity(Instrumentation.java:1878)
	at .startActivityForResult(Activity.java:5589)
	at .startActivityForResult(ComponentActivity.java:780)
	at .startActivityForResult(Activity.java:5547)
	at .startActivityForResult(ComponentActivity.java:761)
	at .startActivity(Activity.java:6045)
	at .startActivity(Activity.java:6012)
	at .lambda$new$1$pl-kamjer-shoppinglist-activity-amounttypelist-AmountTypeListActivity(AmountTypeListActivity.java:49)
	at .onChanged(D8$$SyntheticClass:0)
	at .considerNotify(LiveData.java:133)
	at .dispatchingValue(LiveData.java:151)
	at .setValue(LiveData.java:309)
	at .run(LiveData.java:93)
	at .handleCallback(Handler.java:958)
	at .dispatchMessage(Handler.java:99)
	at .loopOnce(Looper.java:205)
	at .loop(Looper.java:294)
	at .main(ActivityThread.java:8177)
	at .invoke(Native Method)
	at .run(RuntimeInit.java:552)
	at .main(ZygoteInit.java:971)
2024-08-31 15:30:50 [https-jsse-nio-8443-exec-1] ERROR : test: 
pl.kamjer.shoppinglistservice.exception.LogException: No ShoppingItem found for that id: 57
	at .lambda$getLocalShoppingItemIdForShoppingItem$14(UtilDao.java:171)
	at .get(D8$$SyntheticClass:0)
	at .orElseThrow(Optional.java:404)
	at .getLocalShoppingItemIdForShoppingItem(UtilDao.java:171)
	at .lambda$deleteAllElements$5(UtilDao.java:96)
	at .accept(D8$$SyntheticClass:0)
	at .forEach(ArrayList.java:1528)
	at .deleteAllElements(UtilDao.java:93)
	at .deleteAllElements(UtilDao_Impl.java:414)
	at .synchronizeData(UtilDao.java:141)
	at .synchronizeData(UtilDao_Impl.java:439)
	at .lambda$synchronizeData$15$pl-kamjer-shoppinglist-repository-ShoppingRepository(ShoppingRepository.java:244)
	at .run(D8$$SyntheticClass:0)
	at .runWorker(ThreadPoolExecutor.java:1145)
	at .run(ThreadPoolExecutor.java:644)
	at .run(Thread.java:1012)
2024-08-31 15:30:50 [https-jsse-nio-8443-exec-10] ERROR : test: 
pl.kamjer.shoppinglistservice.exception.LogException: No ShoppingItem found for that id: 57
	at .lambda$getLocalShoppingItemIdForShoppingItem$14(UtilDao.java:171)
	at .get(D8$$SyntheticClass:0)
	at .orElseThrow(Optional.java:404)
	at .getLocalShoppingItemIdForShoppingItem(UtilDao.java:171)
	at .lambda$deleteAllElements$5(UtilDao.java:96)
	at .accept(D8$$SyntheticClass:0)
	at .forEach(ArrayList.java:1528)
	at .deleteAllElements(UtilDao.java:93)
	at .deleteAllElements(UtilDao_Impl.java:414)
	at .synchronizeData(UtilDao.java:141)
	at .synchronizeData(UtilDao_Impl.java:439)
	at .lambda$synchronizeData$15$pl-kamjer-shoppinglist-repository-ShoppingRepository(ShoppingRepository.java:244)
	at .run(D8$$SyntheticClass:0)
	at .runWorker(ThreadPoolExecutor.java:1145)
	at .run(ThreadPoolExecutor.java:644)
	at .run(Thread.java:1012)
2024-08-31 15:30:50 [https-jsse-nio-8443-exec-9] ERROR : test: 
pl.kamjer.shoppinglistservice.exception.LogException: No AmountType found for that id: 1
	at .lambda$getLocalAmountTypeId$16(UtilDao.java:180)
	at .get(D8$$SyntheticClass:0)
	at .orElseThrow(Optional.java:404)
	at .getLocalAmountTypeId(UtilDao.java:180)
	at .lambda$deleteAllElements$3(UtilDao.java:86)
	at .accept(D8$$SyntheticClass:0)
	at .forEach(ArrayList.java:1528)
	at .deleteAllElements(UtilDao.java:85)
	at .deleteAllElements(UtilDao_Impl.java:414)
	at .synchronizeData(UtilDao.java:141)
	at .synchronizeData(UtilDao_Impl.java:439)
	at .lambda$synchronizeData$15$pl-kamjer-shoppinglist-repository-ShoppingRepository(ShoppingRepository.java:244)
	at .run(D8$$SyntheticClass:0)
	at .runWorker(ThreadPoolExecutor.java:1145)
	at .run(ThreadPoolExecutor.java:644)
	at .run(Thread.java:1012)
2024-08-31 15:52:01 [MessageBroker-4] INFO  : WebSocketSession[0 current WS(0)-HttpStream(0)-HttpPoll(0), 0 total, 0 closed abnormally (0 connect failure, 0 send limit, 0 transport error)], stompSubProtocol[processed CONNECT(0)-CONNECTED(0)-DISCONNECT(0)], stompBrokerRelay[null], inboundChannel[pool size = 0, active threads = 0, queued tasks = 0, completed tasks = 0], outboundChannel[pool size = 0, active threads = 0, queued tasks = 0, completed tasks = 0], sockJsScheduler[pool size = 7, active threads = 1, queued tasks = 0, completed tasks = 6]
2024-08-31 15:54:47 [https-jsse-nio-8443-exec-10] ERROR : test: 
pl.kamjer.shoppinglistservice.exception.LogException: No ShoppingItem found for that id: 203
	at .lambda$getLocalShoppingItemIdForShoppingItem$14(UtilDao.java:171)
	at .get(D8$$SyntheticClass:0)
	at .orElseThrow(Optional.java:404)
	at .getLocalShoppingItemIdForShoppingItem(UtilDao.java:171)
	at .lambda$deleteAllElements$5(UtilDao.java:96)
	at .accept(D8$$SyntheticClass:0)
	at .forEach(ArrayList.java:1528)
	at .deleteAllElements(UtilDao.java:93)
	at .deleteAllElements(UtilDao_Impl.java:414)
	at .synchronizeData(UtilDao.java:141)
	at .synchronizeData(UtilDao_Impl.java:439)
	at .lambda$synchronizeData$15$pl-kamjer-shoppinglist-repository-ShoppingRepository(ShoppingRepository.java:244)
	at .run(D8$$SyntheticClass:0)
	at .runWorker(ThreadPoolExecutor.java:1145)
	at .run(ThreadPoolExecutor.java:644)
	at .run(Thread.java:1012)
2024-08-31 15:54:47 [https-jsse-nio-8443-exec-4] ERROR : test: 
pl.kamjer.shoppinglistservice.exception.LogException: No ShoppingItem found for that id: 203
	at .lambda$getLocalShoppingItemIdForShoppingItem$14(UtilDao.java:171)
	at .get(D8$$SyntheticClass:0)
	at .orElseThrow(Optional.java:404)
	at .getLocalShoppingItemIdForShoppingItem(UtilDao.java:171)
	at .lambda$deleteAllElements$5(UtilDao.java:96)
	at .accept(D8$$SyntheticClass:0)
	at .forEach(ArrayList.java:1528)
	at .deleteAllElements(UtilDao.java:93)
	at .deleteAllElements(UtilDao_Impl.java:414)
	at .synchronizeData(UtilDao.java:141)
	at .synchronizeData(UtilDao_Impl.java:439)
	at .lambda$synchronizeData$15$pl-kamjer-shoppinglist-repository-ShoppingRepository(ShoppingRepository.java:244)
	at .run(D8$$SyntheticClass:0)
	at .runWorker(ThreadPoolExecutor.java:1145)
	at .run(ThreadPoolExecutor.java:644)
	at .run(Thread.java:1012)
2024-08-31 15:54:47 [https-jsse-nio-8443-exec-9] ERROR : test: 
pl.kamjer.shoppinglistservice.exception.LogException: No AmountType found for that id: 2
	at .lambda$getLocalAmountTypeId$16(UtilDao.java:180)
	at .get(D8$$SyntheticClass:0)
	at .orElseThrow(Optional.java:404)
	at .getLocalAmountTypeId(UtilDao.java:180)
	at .lambda$deleteAllElements$3(UtilDao.java:86)
	at .accept(D8$$SyntheticClass:0)
	at .forEach(ArrayList.java:1528)
	at .deleteAllElements(UtilDao.java:85)
	at .deleteAllElements(UtilDao_Impl.java:414)
	at .synchronizeData(UtilDao.java:141)
	at .synchronizeData(UtilDao_Impl.java:439)
	at .lambda$synchronizeData$15$pl-kamjer-shoppinglist-repository-ShoppingRepository(ShoppingRepository.java:244)
	at .run(D8$$SyntheticClass:0)
	at .runWorker(ThreadPoolExecutor.java:1145)
	at .run(ThreadPoolExecutor.java:644)
	at .run(Thread.java:1012)
2024-08-31 15:57:44 [https-jsse-nio-8443-exec-7] ERROR : test: 
pl.kamjer.shoppinglistservice.exception.LogException: No ShoppingItem found for that id: 206
	at .lambda$getLocalShoppingItemIdForShoppingItem$14(UtilDao.java:171)
	at .get(D8$$SyntheticClass:0)
	at .orElseThrow(Optional.java:404)
	at .getLocalShoppingItemIdForShoppingItem(UtilDao.java:171)
	at .lambda$deleteAllElements$5(UtilDao.java:96)
	at .accept(D8$$SyntheticClass:0)
	at .forEach(ArrayList.java:1528)
	at .deleteAllElements(UtilDao.java:93)
	at .deleteAllElements(UtilDao_Impl.java:414)
	at .synchronizeData(UtilDao.java:141)
	at .synchronizeData(UtilDao_Impl.java:439)
	at .lambda$synchronizeData$15$pl-kamjer-shoppinglist-repository-ShoppingRepository(ShoppingRepository.java:244)
	at .run(D8$$SyntheticClass:0)
	at .runWorker(ThreadPoolExecutor.java:1145)
	at .run(ThreadPoolExecutor.java:644)
	at .run(Thread.java:1012)
2024-08-31 15:57:44 [https-jsse-nio-8443-exec-1] ERROR : test: 
pl.kamjer.shoppinglistservice.exception.LogException: No ShoppingItem found for that id: 206
	at .lambda$getLocalShoppingItemIdForShoppingItem$14(UtilDao.java:171)
	at .get(D8$$SyntheticClass:0)
	at .orElseThrow(Optional.java:404)
	at .getLocalShoppingItemIdForShoppingItem(UtilDao.java:171)
	at .lambda$deleteAllElements$5(UtilDao.java:96)
	at .accept(D8$$SyntheticClass:0)
	at .forEach(ArrayList.java:1528)
	at .deleteAllElements(UtilDao.java:93)
	at .deleteAllElements(UtilDao_Impl.java:414)
	at .synchronizeData(UtilDao.java:141)
	at .synchronizeData(UtilDao_Impl.java:439)
	at .lambda$synchronizeData$15$pl-kamjer-shoppinglist-repository-ShoppingRepository(ShoppingRepository.java:244)
	at .run(D8$$SyntheticClass:0)
	at .runWorker(ThreadPoolExecutor.java:1145)
	at .run(ThreadPoolExecutor.java:644)
	at .run(Thread.java:1012)
2024-08-31 15:59:59 [https-jsse-nio-8443-exec-9] ERROR : test: 
pl.kamjer.shoppinglistservice.exception.LogException: No ShoppingItem found for that id: 207
	at .lambda$getLocalShoppingItemIdForShoppingItem$14(UtilDao.java:171)
	at .get(D8$$SyntheticClass:0)
	at .orElseThrow(Optional.java:404)
	at .getLocalShoppingItemIdForShoppingItem(UtilDao.java:171)
	at .lambda$deleteAllElements$5(UtilDao.java:96)
	at .accept(D8$$SyntheticClass:0)
	at .forEach(ArrayList.java:1528)
	at .deleteAllElements(UtilDao.java:93)
	at .deleteAllElements(UtilDao_Impl.java:414)
	at .synchronizeData(UtilDao.java:141)
	at .synchronizeData(UtilDao_Impl.java:439)
	at .lambda$synchronizeData$15$pl-kamjer-shoppinglist-repository-ShoppingRepository(ShoppingRepository.java:244)
	at .run(D8$$SyntheticClass:0)
	at .runWorker(ThreadPoolExecutor.java:1145)
	at .run(ThreadPoolExecutor.java:644)
	at .run(Thread.java:1012)
2024-08-31 15:59:59 [https-jsse-nio-8443-exec-7] ERROR : test: 
pl.kamjer.shoppinglistservice.exception.LogException: No ShoppingItem found for that id: 207
	at .lambda$getLocalShoppingItemIdForShoppingItem$14(UtilDao.java:171)
	at .get(D8$$SyntheticClass:0)
	at .orElseThrow(Optional.java:404)
	at .getLocalShoppingItemIdForShoppingItem(UtilDao.java:171)
	at .lambda$deleteAllElements$5(UtilDao.java:96)
	at .accept(D8$$SyntheticClass:0)
	at .forEach(ArrayList.java:1528)
	at .deleteAllElements(UtilDao.java:93)
	at .deleteAllElements(UtilDao_Impl.java:414)
	at .synchronizeData(UtilDao.java:141)
	at .synchronizeData(UtilDao_Impl.java:439)
	at .lambda$synchronizeData$15$pl-kamjer-shoppinglist-repository-ShoppingRepository(ShoppingRepository.java:244)
	at .run(D8$$SyntheticClass:0)
	at .runWorker(ThreadPoolExecutor.java:1145)
	at .run(ThreadPoolExecutor.java:644)
	at .run(Thread.java:1012)
2024-08-31 15:59:59 [https-jsse-nio-8443-exec-1] ERROR : test: 
pl.kamjer.shoppinglistservice.exception.LogException: No AmountType found for that id: 4
	at .lambda$getLocalAmountTypeId$16(UtilDao.java:180)
	at .get(D8$$SyntheticClass:0)
	at .orElseThrow(Optional.java:404)
	at .getLocalAmountTypeId(UtilDao.java:180)
	at .lambda$deleteAllElements$3(UtilDao.java:86)
	at .accept(D8$$SyntheticClass:0)
	at .forEach(ArrayList.java:1528)
	at .deleteAllElements(UtilDao.java:85)
	at .deleteAllElements(UtilDao_Impl.java:414)
	at .synchronizeData(UtilDao.java:141)
	at .synchronizeData(UtilDao_Impl.java:439)
	at .lambda$synchronizeData$15$pl-kamjer-shoppinglist-repository-ShoppingRepository(ShoppingRepository.java:244)
	at .run(D8$$SyntheticClass:0)
	at .runWorker(ThreadPoolExecutor.java:1145)
	at .run(ThreadPoolExecutor.java:644)
	at .run(Thread.java:1012)
2024-08-31 16:22:01 [MessageBroker-1] INFO  : WebSocketSession[0 current WS(0)-HttpStream(0)-HttpPoll(0), 0 total, 0 closed abnormally (0 connect failure, 0 send limit, 0 transport error)], stompSubProtocol[processed CONNECT(0)-CONNECTED(0)-DISCONNECT(0)], stompBrokerRelay[null], inboundChannel[pool size = 0, active threads = 0, queued tasks = 0, completed tasks = 0], outboundChannel[pool size = 0, active threads = 0, queued tasks = 0, completed tasks = 0], sockJsScheduler[pool size = 8, active threads = 1, queued tasks = 0, completed tasks = 7]
2024-08-31 16:52:01 [MessageBroker-5] INFO  : WebSocketSession[0 current WS(0)-HttpStream(0)-HttpPoll(0), 0 total, 0 closed abnormally (0 connect failure, 0 send limit, 0 transport error)], stompSubProtocol[processed CONNECT(0)-CONNECTED(0)-DISCONNECT(0)], stompBrokerRelay[null], inboundChannel[pool size = 0, active threads = 0, queued tasks = 0, completed tasks = 0], outboundChannel[pool size = 0, active threads = 0, queued tasks = 0, completed tasks = 0], sockJsScheduler[pool size = 9, active threads = 1, queued tasks = 0, completed tasks = 8]
2024-08-31 17:22:01 [MessageBroker-3] INFO  : WebSocketSession[0 current WS(0)-HttpStream(0)-HttpPoll(0), 0 total, 0 closed abnormally (0 connect failure, 0 send limit, 0 transport error)], stompSubProtocol[processed CONNECT(0)-CONNECTED(0)-DISCONNECT(0)], stompBrokerRelay[null], inboundChannel[pool size = 0, active threads = 0, queued tasks = 0, completed tasks = 0], outboundChannel[pool size = 0, active threads = 0, queued tasks = 0, completed tasks = 0], sockJsScheduler[pool size = 10, active threads = 1, queued tasks = 0, completed tasks = 9]
2024-08-31 17:23:00 [https-jsse-nio-8443-exec-2] ERROR : test: 
pl.kamjer.shoppinglistservice.exception.LogException: No ShoppingItem found for that id: 208
	at .lambda$getLocalShoppingItemIdForShoppingItem$14(UtilDao.java:171)
	at .get(D8$$SyntheticClass:0)
	at .orElseThrow(Optional.java:404)
	at .getLocalShoppingItemIdForShoppingItem(UtilDao.java:171)
	at .lambda$deleteAllElements$5(UtilDao.java:96)
	at .accept(D8$$SyntheticClass:0)
	at .forEach(ArrayList.java:1528)
	at .deleteAllElements(UtilDao.java:93)
	at .deleteAllElements(UtilDao_Impl.java:414)
	at .synchronizeData(UtilDao.java:141)
	at .synchronizeData(UtilDao_Impl.java:439)
	at .lambda$synchronizeData$15$pl-kamjer-shoppinglist-repository-ShoppingRepository(ShoppingRepository.java:243)
	at .run(D8$$SyntheticClass:0)
	at .runWorker(ThreadPoolExecutor.java:1145)
	at .run(ThreadPoolExecutor.java:644)
	at .run(Thread.java:1012)
2024-08-31 17:25:08 [SpringApplicationShutdownHook] INFO  : Stopping...
2024-08-31 17:25:08 [SpringApplicationShutdownHook] INFO  : BrokerAvailabilityEvent[available=false, SimpleBrokerMessageHandler [org.springframework.messaging.simp.broker.DefaultSubscriptionRegistry@41e35358]]
2024-08-31 17:25:08 [SpringApplicationShutdownHook] INFO  : Stopped.
2024-08-31 17:25:08 [SpringApplicationShutdownHook] INFO  : Closing JPA EntityManagerFactory for persistence unit 'default'
2024-08-31 17:25:08 [SpringApplicationShutdownHook] INFO  : HikariPool-1 - Shutdown initiated...
2024-08-31 17:25:08 [SpringApplicationShutdownHook] INFO  : HikariPool-1 - Shutdown completed.
2024-08-31 17:28:12 [background-preinit] INFO  : HV000001: Hibernate Validator 8.0.1.Final
2024-08-31 17:28:12 [main] INFO  : Starting ShoppingListServiceApplication using Java 17.0.11 with PID 3568 (C:\Users\kjerz\Desktop\projekty\ShoppingListService\target\classes started by kjerz in C:\Users\kjerz\Desktop\projekty\ShoppingListService)
2024-08-31 17:28:12 [main] INFO  : No active profile set, falling back to 1 default profile: "default"
2024-08-31 17:28:13 [main] INFO  : Bootstrapping Spring Data JPA repositories in DEFAULT mode.
2024-08-31 17:28:13 [main] INFO  : Finished Spring Data repository scanning in 104 ms. Found 4 JPA repository interfaces.
2024-08-31 17:28:14 [main] INFO  : Tomcat initialized with port 8443 (https)
2024-08-31 17:28:14 [main] INFO  : Initializing ProtocolHandler ["https-jsse-nio-8443"]
2024-08-31 17:28:14 [main] INFO  : Starting service [Tomcat]
2024-08-31 17:28:14 [main] INFO  : Starting Servlet engine: [Apache Tomcat/10.1.25]
2024-08-31 17:28:14 [main] INFO  : Initializing Spring embedded WebApplicationContext
2024-08-31 17:28:14 [main] INFO  : Root WebApplicationContext: initialization completed in 1475 ms
2024-08-31 17:28:14 [main] INFO  : HHH000204: Processing PersistenceUnitInfo [name: default]
2024-08-31 17:28:14 [main] INFO  : HHH000412: Hibernate ORM core version 6.5.2.Final
2024-08-31 17:28:14 [main] INFO  : HHH000026: Second-level cache disabled
2024-08-31 17:28:14 [main] INFO  : No LoadTimeWeaver setup: ignoring JPA class transformer
2024-08-31 17:28:15 [main] WARN  : HikariPool-1 - idleTimeout has been set but has no effect because the pool is operating as a fixed size pool.
2024-08-31 17:28:15 [main] INFO  : HikariPool-1 - Starting...
2024-08-31 17:28:15 [main] INFO  : HikariPool-1 - Added connection com.mysql.cj.jdbc.ConnectionImpl@2d02a066
2024-08-31 17:28:15 [main] INFO  : HikariPool-1 - Start completed.
2024-08-31 17:28:15 [main] WARN  : HHH90000025: MySQLDialect does not need to be specified explicitly using 'hibernate.dialect' (remove the property setting and it will be selected by default)
2024-08-31 17:28:15 [main] INFO  : HHH000489: No JTA platform available (set 'hibernate.transaction.jta.platform' to enable JTA platform integration)
2024-08-31 17:28:15 [main] INFO  : Initialized JPA EntityManagerFactory for persistence unit 'default'
2024-08-31 17:28:16 [main] WARN  : spring.jpa.open-in-view is enabled by default. Therefore, database queries may be performed during view rendering. Explicitly configure spring.jpa.open-in-view to disable this warning
2024-08-31 17:28:16 [main] INFO  : Global AuthenticationManager configured with UserDetailsService bean with name userDetailService
2024-08-31 17:28:16 [main] INFO  : Exposing 1 endpoint beneath base path '/actuator'
2024-08-31 17:28:17 [main] INFO  : Starting ProtocolHandler ["https-jsse-nio-8443"]
2024-08-31 17:28:17 [main] INFO  : Connector [https-jsse-nio-8443], TLS virtual host [_default_], certificate type [UNDEFINED] configured from keystore [C:\Users\kjerz\.keystore] using alias [shoppingListKey] with trust store [null]
2024-08-31 17:28:17 [main] INFO  : Tomcat started on port 8443 (https) with context path '/'
2024-08-31 17:28:17 [main] INFO  : Starting...
2024-08-31 17:28:17 [main] INFO  : BrokerAvailabilityEvent[available=true, SimpleBrokerMessageHandler [org.springframework.messaging.simp.broker.DefaultSubscriptionRegistry@40a923e6]]
2024-08-31 17:28:17 [main] INFO  : Started.
2024-08-31 17:28:17 [main] INFO  : Started ShoppingListServiceApplication in 4.65 seconds (process running for 5.077)
2024-08-31 17:28:17 [RMI TCP Connection(2)-192.168.0.13] INFO  : Initializing Spring DispatcherServlet 'dispatcherServlet'
2024-08-31 17:28:17 [RMI TCP Connection(2)-192.168.0.13] INFO  : Initializing Servlet 'dispatcherServlet'
2024-08-31 17:28:17 [RMI TCP Connection(2)-192.168.0.13] INFO  : Completed initialization in 1 ms
2024-08-31 17:29:17 [MessageBroker-1] INFO  : WebSocketSession[0 current WS(0)-HttpStream(0)-HttpPoll(0), 0 total, 0 closed abnormally (0 connect failure, 0 send limit, 0 transport error)], stompSubProtocol[processed CONNECT(0)-CONNECTED(0)-DISCONNECT(0)], stompBrokerRelay[null], inboundChannel[pool size = 0, active threads = 0, queued tasks = 0, completed tasks = 0], outboundChannel[pool size = 0, active threads = 0, queued tasks = 0, completed tasks = 0], sockJsScheduler[pool size = 1, active threads = 1, queued tasks = 0, completed tasks = 0]
2024-08-31 17:29:22 [https-jsse-nio-8443-exec-8] ERROR : test: 
pl.kamjer.shoppinglistservice.exception.LogException: No ShoppingItem found for that id: 252
	at .lambda$getLocalShoppingItemIdForShoppingItem$14(UtilDao.java:172)
	at .get(D8$$SyntheticClass:0)
	at .orElseThrow(Optional.java:404)
	at .getLocalShoppingItemIdForShoppingItem(UtilDao.java:172)
	at .lambda$deleteAllElements$3(UtilDao.java:88)
	at .accept(D8$$SyntheticClass:0)
	at .forEach(ArrayList.java:1528)
	at .deleteAllElements(UtilDao.java:85)
	at .deleteAllElements(UtilDao_Impl.java:414)
	at .synchronizeData(UtilDao.java:142)
	at .synchronizeData(UtilDao_Impl.java:439)
	at .lambda$synchronizeData$15$pl-kamjer-shoppinglist-repository-ShoppingRepository(ShoppingRepository.java:243)
	at .run(D8$$SyntheticClass:0)
	at .runWorker(ThreadPoolExecutor.java:1145)
	at .run(ThreadPoolExecutor.java:644)
	at .run(Thread.java:1012)
2024-08-31 17:29:22 [https-jsse-nio-8443-exec-7] ERROR : test: 
pl.kamjer.shoppinglistservice.exception.LogException: No ShoppingItem found for that id: 252
	at .lambda$getLocalShoppingItemIdForShoppingItem$14(UtilDao.java:172)
	at .get(D8$$SyntheticClass:0)
	at .orElseThrow(Optional.java:404)
	at .getLocalShoppingItemIdForShoppingItem(UtilDao.java:172)
	at .lambda$deleteAllElements$3(UtilDao.java:88)
	at .accept(D8$$SyntheticClass:0)
	at .forEach(ArrayList.java:1528)
	at .deleteAllElements(UtilDao.java:85)
	at .deleteAllElements(UtilDao_Impl.java:414)
	at .synchronizeData(UtilDao.java:142)
	at .synchronizeData(UtilDao_Impl.java:439)
	at .lambda$synchronizeData$15$pl-kamjer-shoppinglist-repository-ShoppingRepository(ShoppingRepository.java:243)
	at .run(D8$$SyntheticClass:0)
	at .runWorker(ThreadPoolExecutor.java:1145)
	at .run(ThreadPoolExecutor.java:644)
	at .run(Thread.java:1012)
2024-08-31 17:59:17 [MessageBroker-1] INFO  : WebSocketSession[0 current WS(0)-HttpStream(0)-HttpPoll(0), 0 total, 0 closed abnormally (0 connect failure, 0 send limit, 0 transport error)], stompSubProtocol[processed CONNECT(0)-CONNECTED(0)-DISCONNECT(0)], stompBrokerRelay[null], inboundChannel[pool size = 0, active threads = 0, queued tasks = 0, completed tasks = 0], outboundChannel[pool size = 0, active threads = 0, queued tasks = 0, completed tasks = 0], sockJsScheduler[pool size = 2, active threads = 1, queued tasks = 0, completed tasks = 1]
2024-08-31 18:21:27 [https-jsse-nio-8443-exec-10] ERROR : test: 
pl.kamjer.shoppinglistservice.exception.LogException: No ShoppingItem found for that id: 253
	at .lambda$getLocalShoppingItemIdForShoppingItem$14(UtilDao.java:172)
	at .get(D8$$SyntheticClass:0)
	at .orElseThrow(Optional.java:404)
	at .getLocalShoppingItemIdForShoppingItem(UtilDao.java:172)
	at .lambda$deleteAllElements$3(UtilDao.java:88)
	at .accept(D8$$SyntheticClass:0)
	at .forEach(ArrayList.java:1528)
	at .deleteAllElements(UtilDao.java:85)
	at .deleteAllElements(UtilDao_Impl.java:414)
	at .synchronizeData(UtilDao.java:142)
	at .synchronizeData(UtilDao_Impl.java:439)
	at .lambda$synchronizeData$15$pl-kamjer-shoppinglist-repository-ShoppingRepository(ShoppingRepository.java:243)
	at .run(D8$$SyntheticClass:0)
	at .runWorker(ThreadPoolExecutor.java:1145)
	at .run(ThreadPoolExecutor.java:644)
	at .run(Thread.java:1012)
2024-08-31 18:23:12 [https-jsse-nio-8443-exec-4] ERROR : test: 
pl.kamjer.shoppinglistservice.exception.LogException: No ShoppingItem found for that id: 254
	at .lambda$getLocalShoppingItemIdForShoppingItem$14(UtilDao.java:172)
	at .get(D8$$SyntheticClass:0)
	at .orElseThrow(Optional.java:404)
	at .getLocalShoppingItemIdForShoppingItem(UtilDao.java:172)
	at .lambda$deleteAllElements$3(UtilDao.java:88)
	at .accept(D8$$SyntheticClass:0)
	at .forEach(ArrayList.java:1528)
	at .deleteAllElements(UtilDao.java:85)
	at .deleteAllElements(UtilDao_Impl.java:414)
	at .synchronizeData(UtilDao.java:142)
	at .synchronizeData(UtilDao_Impl.java:439)
	at .lambda$synchronizeData$15$pl-kamjer-shoppinglist-repository-ShoppingRepository(ShoppingRepository.java:243)
	at .run(D8$$SyntheticClass:0)
	at .runWorker(ThreadPoolExecutor.java:1145)
	at .run(ThreadPoolExecutor.java:644)
	at .run(Thread.java:1012)
2024-08-31 18:29:17 [MessageBroker-2] INFO  : WebSocketSession[0 current WS(0)-HttpStream(0)-HttpPoll(0), 0 total, 0 closed abnormally (0 connect failure, 0 send limit, 0 transport error)], stompSubProtocol[processed CONNECT(0)-CONNECTED(0)-DISCONNECT(0)], stompBrokerRelay[null], inboundChannel[pool size = 0, active threads = 0, queued tasks = 0, completed tasks = 0], outboundChannel[pool size = 0, active threads = 0, queued tasks = 0, completed tasks = 0], sockJsScheduler[pool size = 3, active threads = 1, queued tasks = 0, completed tasks = 2]
2024-08-31 18:59:17 [MessageBroker-1] INFO  : WebSocketSession[0 current WS(0)-HttpStream(0)-HttpPoll(0), 0 total, 0 closed abnormally (0 connect failure, 0 send limit, 0 transport error)], stompSubProtocol[processed CONNECT(0)-CONNECTED(0)-DISCONNECT(0)], stompBrokerRelay[null], inboundChannel[pool size = 0, active threads = 0, queued tasks = 0, completed tasks = 0], outboundChannel[pool size = 0, active threads = 0, queued tasks = 0, completed tasks = 0], sockJsScheduler[pool size = 4, active threads = 1, queued tasks = 0, completed tasks = 3]
2024-08-31 19:29:17 [MessageBroker-3] INFO  : WebSocketSession[0 current WS(0)-HttpStream(0)-HttpPoll(0), 0 total, 0 closed abnormally (0 connect failure, 0 send limit, 0 transport error)], stompSubProtocol[processed CONNECT(0)-CONNECTED(0)-DISCONNECT(0)], stompBrokerRelay[null], inboundChannel[pool size = 0, active threads = 0, queued tasks = 0, completed tasks = 0], outboundChannel[pool size = 0, active threads = 0, queued tasks = 0, completed tasks = 0], sockJsScheduler[pool size = 5, active threads = 1, queued tasks = 0, completed tasks = 4]
2024-08-31 19:59:17 [MessageBroker-2] INFO  : WebSocketSession[0 current WS(0)-HttpStream(0)-HttpPoll(0), 0 total, 0 closed abnormally (0 connect failure, 0 send limit, 0 transport error)], stompSubProtocol[processed CONNECT(0)-CONNECTED(0)-DISCONNECT(0)], stompBrokerRelay[null], inboundChannel[pool size = 0, active threads = 0, queued tasks = 0, completed tasks = 0], outboundChannel[pool size = 0, active threads = 0, queued tasks = 0, completed tasks = 0], sockJsScheduler[pool size = 6, active threads = 1, queued tasks = 0, completed tasks = 5]
2024-08-31 20:29:17 [MessageBroker-4] INFO  : WebSocketSession[0 current WS(0)-HttpStream(0)-HttpPoll(0), 0 total, 0 closed abnormally (0 connect failure, 0 send limit, 0 transport error)], stompSubProtocol[processed CONNECT(0)-CONNECTED(0)-DISCONNECT(0)], stompBrokerRelay[null], inboundChannel[pool size = 0, active threads = 0, queued tasks = 0, completed tasks = 0], outboundChannel[pool size = 0, active threads = 0, queued tasks = 0, completed tasks = 0], sockJsScheduler[pool size = 7, active threads = 1, queued tasks = 0, completed tasks = 6]
2024-08-31 20:59:17 [MessageBroker-1] INFO  : WebSocketSession[0 current WS(0)-HttpStream(0)-HttpPoll(0), 0 total, 0 closed abnormally (0 connect failure, 0 send limit, 0 transport error)], stompSubProtocol[processed CONNECT(0)-CONNECTED(0)-DISCONNECT(0)], stompBrokerRelay[null], inboundChannel[pool size = 0, active threads = 0, queued tasks = 0, completed tasks = 0], outboundChannel[pool size = 0, active threads = 0, queued tasks = 0, completed tasks = 0], sockJsScheduler[pool size = 8, active threads = 1, queued tasks = 0, completed tasks = 7]
2024-08-31 21:29:17 [MessageBroker-5] INFO  : WebSocketSession[0 current WS(0)-HttpStream(0)-HttpPoll(0), 0 total, 0 closed abnormally (0 connect failure, 0 send limit, 0 transport error)], stompSubProtocol[processed CONNECT(0)-CONNECTED(0)-DISCONNECT(0)], stompBrokerRelay[null], inboundChannel[pool size = 0, active threads = 0, queued tasks = 0, completed tasks = 0], outboundChannel[pool size = 0, active threads = 0, queued tasks = 0, completed tasks = 0], sockJsScheduler[pool size = 9, active threads = 1, queued tasks = 0, completed tasks = 8]
2024-08-31 21:59:17 [MessageBroker-3] INFO  : WebSocketSession[0 current WS(0)-HttpStream(0)-HttpPoll(0), 0 total, 0 closed abnormally (0 connect failure, 0 send limit, 0 transport error)], stompSubProtocol[processed CONNECT(0)-CONNECTED(0)-DISCONNECT(0)], stompBrokerRelay[null], inboundChannel[pool size = 0, active threads = 0, queued tasks = 0, completed tasks = 0], outboundChannel[pool size = 0, active threads = 0, queued tasks = 0, completed tasks = 0], sockJsScheduler[pool size = 10, active threads = 1, queued tasks = 0, completed tasks = 9]
2024-08-31 22:29:17 [MessageBroker-6] INFO  : WebSocketSession[0 current WS(0)-HttpStream(0)-HttpPoll(0), 0 total, 0 closed abnormally (0 connect failure, 0 send limit, 0 transport error)], stompSubProtocol[processed CONNECT(0)-CONNECTED(0)-DISCONNECT(0)], stompBrokerRelay[null], inboundChannel[pool size = 0, active threads = 0, queued tasks = 0, completed tasks = 0], outboundChannel[pool size = 0, active threads = 0, queued tasks = 0, completed tasks = 0], sockJsScheduler[pool size = 11, active threads = 1, queued tasks = 0, completed tasks = 10]
2024-08-31 22:31:40 [https-jsse-nio-8443-exec-10] ERROR : test: 
pl.kamjer.shoppinglistservice.exception.LogException: No AmountType found for that id: 57
	at .lambda$getLocalAmountTypeIdForShoppingItem$10(UtilDao.java:154)
	at .get(D8$$SyntheticClass:0)
	at .orElseThrow(Optional.java:404)
	at .getLocalAmountTypeIdForShoppingItem(UtilDao.java:154)
	at .lambda$deleteAllElements$3(UtilDao.java:86)
	at .accept(D8$$SyntheticClass:0)
	at .forEach(ArrayList.java:1528)
	at .deleteAllElements(UtilDao.java:85)
	at .deleteAllElements(UtilDao_Impl.java:414)
	at .synchronizeData(UtilDao.java:142)
	at .synchronizeData(UtilDao_Impl.java:439)
	at .lambda$synchronizeData$15$pl-kamjer-shoppinglist-repository-ShoppingRepository(ShoppingRepository.java:243)
	at .run(D8$$SyntheticClass:0)
	at .runWorker(ThreadPoolExecutor.java:1145)
	at .run(ThreadPoolExecutor.java:644)
	at .run(Thread.java:1012)
2024-08-31 22:34:32 [https-jsse-nio-8443-exec-9] ERROR : test: 
pl.kamjer.shoppinglistservice.exception.LogException: No ShoppingItem found for that id: 258
	at .lambda$getLocalShoppingItemIdForShoppingItem$14(UtilDao.java:172)
	at .get(D8$$SyntheticClass:0)
	at .orElseThrow(Optional.java:404)
	at .getLocalShoppingItemIdForShoppingItem(UtilDao.java:172)
	at .lambda$deleteAllElements$3(UtilDao.java:88)
	at .accept(D8$$SyntheticClass:0)
	at .forEach(ArrayList.java:1528)
	at .deleteAllElements(UtilDao.java:85)
	at .deleteAllElements(UtilDao_Impl.java:414)
	at .synchronizeData(UtilDao.java:142)
	at .synchronizeData(UtilDao_Impl.java:439)
	at .lambda$synchronizeData$15$pl-kamjer-shoppinglist-repository-ShoppingRepository(ShoppingRepository.java:243)
	at .run(D8$$SyntheticClass:0)
	at .runWorker(ThreadPoolExecutor.java:1145)
	at .run(ThreadPoolExecutor.java:644)
	at .run(Thread.java:1012)
2024-08-31 22:34:32 [https-jsse-nio-8443-exec-5] ERROR : test: 
pl.kamjer.shoppinglistservice.exception.LogException: No ShoppingItem found for that id: 258
	at .lambda$getLocalShoppingItemIdForShoppingItem$14(UtilDao.java:172)
	at .get(D8$$SyntheticClass:0)
	at .orElseThrow(Optional.java:404)
	at .getLocalShoppingItemIdForShoppingItem(UtilDao.java:172)
	at .lambda$deleteAllElements$3(UtilDao.java:88)
	at .accept(D8$$SyntheticClass:0)
	at .forEach(ArrayList.java:1528)
	at .deleteAllElements(UtilDao.java:85)
	at .deleteAllElements(UtilDao_Impl.java:414)
	at .synchronizeData(UtilDao.java:142)
	at .synchronizeData(UtilDao_Impl.java:439)
	at .lambda$synchronizeData$15$pl-kamjer-shoppinglist-repository-ShoppingRepository(ShoppingRepository.java:243)
	at .run(D8$$SyntheticClass:0)
	at .runWorker(ThreadPoolExecutor.java:1145)
	at .run(ThreadPoolExecutor.java:644)
	at .run(Thread.java:1012)
2024-08-31 22:49:09 [https-jsse-nio-8443-exec-1] ERROR : test: 
pl.kamjer.shoppinglistservice.exception.LogException: No ShoppingItem found for that id: 259
	at .lambda$getLocalShoppingItemIdForShoppingItem$14(UtilDao.java:172)
	at .get(D8$$SyntheticClass:0)
	at .orElseThrow(Optional.java:404)
	at .getLocalShoppingItemIdForShoppingItem(UtilDao.java:172)
	at .lambda$deleteAllElements$3(UtilDao.java:88)
	at .accept(D8$$SyntheticClass:0)
	at .forEach(ArrayList.java:1528)
	at .deleteAllElements(UtilDao.java:85)
	at .deleteAllElements(UtilDao_Impl.java:414)
	at .synchronizeData(UtilDao.java:142)
	at .synchronizeData(UtilDao_Impl.java:439)
	at .lambda$synchronizeData$15$pl-kamjer-shoppinglist-repository-ShoppingRepository(ShoppingRepository.java:243)
	at .run(D8$$SyntheticClass:0)
	at .runWorker(ThreadPoolExecutor.java:1145)
	at .run(ThreadPoolExecutor.java:644)
	at .run(Thread.java:1012)
2024-08-31 22:49:48 [https-jsse-nio-8443-exec-10] ERROR : test: 
pl.kamjer.shoppinglistservice.exception.LogException: Attempt to invoke virtual method 'java.lang.String java.lang.Double.toString()' on a null object reference
	at .bind(ShoppingItemViewHolder.java:43)
	at .onBindViewHolder(ShoppingItemRecyclerViewAdapter.java:40)
	at .onBindViewHolder(ShoppingItemRecyclerViewAdapter.java:20)
	at .onBindViewHolder(RecyclerView.java:7065)
	at .bindViewHolder(RecyclerView.java:7107)
	at .tryBindViewHolderByDeadline(RecyclerView.java:6012)
	at .tryGetViewHolderForPositionByDeadline(RecyclerView.java:6279)
	at .getViewForPosition(RecyclerView.java:6118)
	at .getViewForPosition(RecyclerView.java:6114)
	at .next(LinearLayoutManager.java:2303)
	at .layoutChunk(LinearLayoutManager.java:1627)
	at .fill(LinearLayoutManager.java:1587)
	at .onLayoutChildren(LinearLayoutManager.java:665)
	at .dispatchLayoutStep2(RecyclerView.java:4134)
	at .onMeasure(RecyclerView.java:3540)
	at .measure(View.java:27122)
	at .measure(ConstraintLayout.java:763)
	at .measure(BasicMeasure.java:426)
	at .measureChildren(BasicMeasure.java:105)
	at .solverMeasure(BasicMeasure.java:247)
	at .measure(ConstraintWidgetContainer.java:117)
	at .resolveSystem(ConstraintLayout.java:1532)
	at .onMeasure(ConstraintLayout.java:1607)
	at .measure(View.java:27122)
	at .measureChildWithMargins(RecyclerView.java:9384)
	at .layoutChunk(LinearLayoutManager.java:1653)
	at .fill(LinearLayoutManager.java:1587)
	at .onLayoutChildren(LinearLayoutManager.java:665)
	at .dispatchLayoutStep2(RecyclerView.java:4134)
	at .onMeasure(RecyclerView.java:3540)
	at .measure(View.java:27122)
	at .measure(ConstraintLayout.java:763)
	at .measure(BasicMeasure.java:426)
	at .measureChildren(BasicMeasure.java:105)
	at .solverMeasure(BasicMeasure.java:247)
	at .measure(ConstraintWidgetContainer.java:117)
	at .resolveSystem(ConstraintLayout.java:1532)
	at .onMeasure(ConstraintLayout.java:1607)
	at .measure(View.java:27122)
	at .measureChildWithMargins(ScrollView.java:1482)
	at .onMeasure(FrameLayout.java:194)
	at .onMeasure(ScrollView.java:466)
	at .measure(View.java:27122)
	at .measureChildWithMargins(ViewGroup.java:7008)
	at .onMeasure(FrameLayout.java:194)
	at .onMeasure(ContentFrameLayout.java:141)
	at .measure(View.java:27122)
	at .measureChildWithMargins(ViewGroup.java:7008)
	at .measureChildBeforeLayout(LinearLayout.java:1608)
	at .measureVertical(LinearLayout.java:878)
	at .onMeasure(LinearLayout.java:721)
	at .measure(View.java:27122)
	at .measureChildWithMargins(ViewGroup.java:7008)
	at .onMeasure(FrameLayout.java:194)
	at .measure(View.java:27122)
	at .measureChildWithMargins(ViewGroup.java:7008)
	at .measureChildBeforeLayout(LinearLayout.java:1608)
	at .measureVertical(LinearLayout.java:878)
	at .onMeasure(LinearLayout.java:721)
	at .measure(View.java:27122)
	at .measureChildWithMargins(ViewGroup.java:7008)
	at .onMeasure(FrameLayout.java:194)
	at .onMeasure(DecorView.java:750)
	at .measure(View.java:27122)
	at .performMeasure(ViewRootImpl.java:4182)
	at .measureHierarchy(ViewRootImpl.java:2759)
	at .performTraversals(ViewRootImpl.java:3086)
	at .doTraversal(ViewRootImpl.java:2465)
	at .run(ViewRootImpl.java:9305)
	at .run(Choreographer.java:1339)
	at .run(Choreographer.java:1348)
	at .doCallbacks(Choreographer.java:952)
	at .doFrame(Choreographer.java:882)
	at .run(Choreographer.java:1322)
	at .handleCallback(Handler.java:958)
	at .dispatchMessage(Handler.java:99)
	at .loopOnce(Looper.java:205)
	at .loop(Looper.java:294)
	at .main(ActivityThread.java:8177)
	at .invoke(Native Method)
	at .run(RuntimeInit.java:552)
	at .main(ZygoteInit.java:971)
2024-08-31 22:50:33 [https-jsse-nio-8443-exec-10] ERROR : test: 
pl.kamjer.shoppinglistservice.exception.LogException: Attempt to invoke virtual method 'java.lang.String java.lang.Double.toString()' on a null object reference
	at .bind(ShoppingItemViewHolder.java:43)
	at .onBindViewHolder(ShoppingItemRecyclerViewAdapter.java:40)
	at .onBindViewHolder(ShoppingItemRecyclerViewAdapter.java:20)
	at .onBindViewHolder(RecyclerView.java:7065)
	at .bindViewHolder(RecyclerView.java:7107)
	at .tryBindViewHolderByDeadline(RecyclerView.java:6012)
	at .tryGetViewHolderForPositionByDeadline(RecyclerView.java:6279)
	at .getViewForPosition(RecyclerView.java:6118)
	at .getViewForPosition(RecyclerView.java:6114)
	at .next(LinearLayoutManager.java:2303)
	at .layoutChunk(LinearLayoutManager.java:1627)
	at .fill(LinearLayoutManager.java:1587)
	at .onLayoutChildren(LinearLayoutManager.java:665)
	at .dispatchLayoutStep2(RecyclerView.java:4134)
	at .onMeasure(RecyclerView.java:3540)
	at .measure(View.java:27122)
	at .measure(ConstraintLayout.java:763)
	at .measure(BasicMeasure.java:426)
	at .measureChildren(BasicMeasure.java:105)
	at .solverMeasure(BasicMeasure.java:247)
	at .measure(ConstraintWidgetContainer.java:117)
	at .resolveSystem(ConstraintLayout.java:1532)
	at .onMeasure(ConstraintLayout.java:1607)
	at .measure(View.java:27122)
	at .measureChildWithMargins(RecyclerView.java:9384)
	at .layoutChunk(LinearLayoutManager.java:1653)
	at .fill(LinearLayoutManager.java:1587)
	at .onLayoutChildren(LinearLayoutManager.java:665)
	at .dispatchLayoutStep2(RecyclerView.java:4134)
	at .onMeasure(RecyclerView.java:3540)
	at .measure(View.java:27122)
	at .measure(ConstraintLayout.java:763)
	at .measure(BasicMeasure.java:426)
	at .measureChildren(BasicMeasure.java:105)
	at .solverMeasure(BasicMeasure.java:247)
	at .measure(ConstraintWidgetContainer.java:117)
	at .resolveSystem(ConstraintLayout.java:1532)
	at .onMeasure(ConstraintLayout.java:1607)
	at .measure(View.java:27122)
	at .measureChildWithMargins(ScrollView.java:1482)
	at .onMeasure(FrameLayout.java:194)
	at .onMeasure(ScrollView.java:466)
	at .measure(View.java:27122)
	at .measureChildWithMargins(ViewGroup.java:7008)
	at .onMeasure(FrameLayout.java:194)
	at .onMeasure(ContentFrameLayout.java:141)
	at .measure(View.java:27122)
	at .measureChildWithMargins(ViewGroup.java:7008)
	at .measureChildBeforeLayout(LinearLayout.java:1608)
	at .measureVertical(LinearLayout.java:878)
	at .onMeasure(LinearLayout.java:721)
	at .measure(View.java:27122)
	at .measureChildWithMargins(ViewGroup.java:7008)
	at .onMeasure(FrameLayout.java:194)
	at .measure(View.java:27122)
	at .measureChildWithMargins(ViewGroup.java:7008)
	at .measureChildBeforeLayout(LinearLayout.java:1608)
	at .measureVertical(LinearLayout.java:878)
	at .onMeasure(LinearLayout.java:721)
	at .measure(View.java:27122)
	at .measureChildWithMargins(ViewGroup.java:7008)
	at .onMeasure(FrameLayout.java:194)
	at .onMeasure(DecorView.java:750)
	at .measure(View.java:27122)
	at .performMeasure(ViewRootImpl.java:4182)
	at .measureHierarchy(ViewRootImpl.java:2759)
	at .performTraversals(ViewRootImpl.java:3086)
	at .doTraversal(ViewRootImpl.java:2465)
	at .run(ViewRootImpl.java:9305)
	at .run(Choreographer.java:1339)
	at .run(Choreographer.java:1348)
	at .doCallbacks(Choreographer.java:952)
	at .doFrame(Choreographer.java:882)
	at .run(Choreographer.java:1322)
	at .handleCallback(Handler.java:958)
	at .dispatchMessage(Handler.java:99)
	at .loopOnce(Looper.java:205)
	at .loop(Looper.java:294)
	at .main(ActivityThread.java:8177)
	at .invoke(Native Method)
	at .run(RuntimeInit.java:552)
	at .main(ZygoteInit.java:971)
2024-08-31 22:51:01 [https-jsse-nio-8443-exec-5] ERROR : test: 
pl.kamjer.shoppinglistservice.exception.LogException: Attempt to invoke virtual method 'java.lang.String java.lang.Double.toString()' on a null object reference
	at .bind(ShoppingItemViewHolder.java:43)
	at .onBindViewHolder(ShoppingItemRecyclerViewAdapter.java:40)
	at .onBindViewHolder(ShoppingItemRecyclerViewAdapter.java:20)
	at .onBindViewHolder(RecyclerView.java:7065)
	at .bindViewHolder(RecyclerView.java:7107)
	at .tryBindViewHolderByDeadline(RecyclerView.java:6012)
	at .tryGetViewHolderForPositionByDeadline(RecyclerView.java:6279)
	at .getViewForPosition(RecyclerView.java:6118)
	at .getViewForPosition(RecyclerView.java:6114)
	at .next(LinearLayoutManager.java:2303)
	at .layoutChunk(LinearLayoutManager.java:1627)
	at .fill(LinearLayoutManager.java:1587)
	at .onLayoutChildren(LinearLayoutManager.java:665)
	at .dispatchLayoutStep2(RecyclerView.java:4134)
	at .onMeasure(RecyclerView.java:3540)
	at .measure(View.java:27122)
	at .measure(ConstraintLayout.java:763)
	at .measure(BasicMeasure.java:426)
	at .measureChildren(BasicMeasure.java:105)
	at .solverMeasure(BasicMeasure.java:247)
	at .measure(ConstraintWidgetContainer.java:117)
	at .resolveSystem(ConstraintLayout.java:1532)
	at .onMeasure(ConstraintLayout.java:1607)
	at .measure(View.java:27122)
	at .measureChildWithMargins(RecyclerView.java:9384)
	at .layoutChunk(LinearLayoutManager.java:1653)
	at .fill(LinearLayoutManager.java:1587)
	at .onLayoutChildren(LinearLayoutManager.java:665)
	at .dispatchLayoutStep2(RecyclerView.java:4134)
	at .onMeasure(RecyclerView.java:3540)
	at .measure(View.java:27122)
	at .measure(ConstraintLayout.java:763)
	at .measure(BasicMeasure.java:426)
	at .measureChildren(BasicMeasure.java:105)
	at .solverMeasure(BasicMeasure.java:247)
	at .measure(ConstraintWidgetContainer.java:117)
	at .resolveSystem(ConstraintLayout.java:1532)
	at .onMeasure(ConstraintLayout.java:1607)
	at .measure(View.java:27122)
	at .measureChildWithMargins(ScrollView.java:1482)
	at .onMeasure(FrameLayout.java:194)
	at .onMeasure(ScrollView.java:466)
	at .measure(View.java:27122)
	at .measureChildWithMargins(ViewGroup.java:7008)
	at .onMeasure(FrameLayout.java:194)
	at .onMeasure(ContentFrameLayout.java:141)
	at .measure(View.java:27122)
	at .measureChildWithMargins(ViewGroup.java:7008)
	at .measureChildBeforeLayout(LinearLayout.java:1608)
	at .measureVertical(LinearLayout.java:878)
	at .onMeasure(LinearLayout.java:721)
	at .measure(View.java:27122)
	at .measureChildWithMargins(ViewGroup.java:7008)
	at .onMeasure(FrameLayout.java:194)
	at .measure(View.java:27122)
	at .measureChildWithMargins(ViewGroup.java:7008)
	at .measureChildBeforeLayout(LinearLayout.java:1608)
	at .measureVertical(LinearLayout.java:878)
	at .onMeasure(LinearLayout.java:721)
	at .measure(View.java:27122)
	at .measureChildWithMargins(ViewGroup.java:7008)
	at .onMeasure(FrameLayout.java:194)
	at .onMeasure(DecorView.java:750)
	at .measure(View.java:27122)
	at .performMeasure(ViewRootImpl.java:4182)
	at .measureHierarchy(ViewRootImpl.java:2759)
	at .performTraversals(ViewRootImpl.java:3086)
	at .doTraversal(ViewRootImpl.java:2465)
	at .run(ViewRootImpl.java:9305)
	at .run(Choreographer.java:1339)
	at .run(Choreographer.java:1348)
	at .doCallbacks(Choreographer.java:952)
	at .doFrame(Choreographer.java:882)
	at .run(Choreographer.java:1322)
	at .handleCallback(Handler.java:958)
	at .dispatchMessage(Handler.java:99)
	at .loopOnce(Looper.java:205)
	at .loop(Looper.java:294)
	at .main(ActivityThread.java:8177)
	at .invoke(Native Method)
	at .run(RuntimeInit.java:552)
	at .main(ZygoteInit.java:971)
2024-08-31 22:59:17 [MessageBroker-6] INFO  : WebSocketSession[0 current WS(0)-HttpStream(0)-HttpPoll(0), 0 total, 0 closed abnormally (0 connect failure, 0 send limit, 0 transport error)], stompSubProtocol[processed CONNECT(0)-CONNECTED(0)-DISCONNECT(0)], stompBrokerRelay[null], inboundChannel[pool size = 0, active threads = 0, queued tasks = 0, completed tasks = 0], outboundChannel[pool size = 0, active threads = 0, queued tasks = 0, completed tasks = 0], sockJsScheduler[pool size = 12, active threads = 1, queued tasks = 0, completed tasks = 11]
2024-08-31 23:05:14 [https-jsse-nio-8443-exec-2] ERROR : test: 
pl.kamjer.shoppinglistservice.exception.LogException: Attempt to invoke virtual method 'java.lang.String java.lang.Double.toString()' on a null object reference
	at .bind(ShoppingItemViewHolder.java:43)
	at .onBindViewHolder(ShoppingItemRecyclerViewAdapter.java:40)
	at .onBindViewHolder(ShoppingItemRecyclerViewAdapter.java:20)
	at .onBindViewHolder(RecyclerView.java:7065)
	at .bindViewHolder(RecyclerView.java:7107)
	at .tryBindViewHolderByDeadline(RecyclerView.java:6012)
	at .tryGetViewHolderForPositionByDeadline(RecyclerView.java:6279)
	at .getViewForPosition(RecyclerView.java:6118)
	at .getViewForPosition(RecyclerView.java:6114)
	at .next(LinearLayoutManager.java:2303)
	at .layoutChunk(LinearLayoutManager.java:1627)
	at .fill(LinearLayoutManager.java:1587)
	at .onLayoutChildren(LinearLayoutManager.java:665)
	at .dispatchLayoutStep2(RecyclerView.java:4134)
	at .onMeasure(RecyclerView.java:3540)
	at .measure(View.java:27122)
	at .measure(ConstraintLayout.java:763)
	at .measure(BasicMeasure.java:426)
	at .measureChildren(BasicMeasure.java:105)
	at .solverMeasure(BasicMeasure.java:247)
	at .measure(ConstraintWidgetContainer.java:117)
	at .resolveSystem(ConstraintLayout.java:1532)
	at .onMeasure(ConstraintLayout.java:1607)
	at .measure(View.java:27122)
	at .measureChildWithMargins(RecyclerView.java:9384)
	at .layoutChunk(LinearLayoutManager.java:1653)
	at .fill(LinearLayoutManager.java:1587)
	at .onLayoutChildren(LinearLayoutManager.java:665)
	at .dispatchLayoutStep2(RecyclerView.java:4134)
	at .onMeasure(RecyclerView.java:3540)
	at .measure(View.java:27122)
	at .measure(ConstraintLayout.java:763)
	at .measure(BasicMeasure.java:426)
	at .measureChildren(BasicMeasure.java:105)
	at .solverMeasure(BasicMeasure.java:247)
	at .measure(ConstraintWidgetContainer.java:117)
	at .resolveSystem(ConstraintLayout.java:1532)
	at .onMeasure(ConstraintLayout.java:1607)
	at .measure(View.java:27122)
	at .measureChildWithMargins(ScrollView.java:1482)
	at .onMeasure(FrameLayout.java:194)
	at .onMeasure(ScrollView.java:466)
	at .measure(View.java:27122)
	at .measureChildWithMargins(ViewGroup.java:7008)
	at .onMeasure(FrameLayout.java:194)
	at .onMeasure(ContentFrameLayout.java:141)
	at .measure(View.java:27122)
	at .measureChildWithMargins(ViewGroup.java:7008)
	at .measureChildBeforeLayout(LinearLayout.java:1608)
	at .measureVertical(LinearLayout.java:878)
	at .onMeasure(LinearLayout.java:721)
	at .measure(View.java:27122)
	at .measureChildWithMargins(ViewGroup.java:7008)
	at .onMeasure(FrameLayout.java:194)
	at .measure(View.java:27122)
	at .measureChildWithMargins(ViewGroup.java:7008)
	at .measureChildBeforeLayout(LinearLayout.java:1608)
	at .measureVertical(LinearLayout.java:878)
	at .onMeasure(LinearLayout.java:721)
	at .measure(View.java:27122)
	at .measureChildWithMargins(ViewGroup.java:7008)
	at .onMeasure(FrameLayout.java:194)
	at .onMeasure(DecorView.java:750)
	at .measure(View.java:27122)
	at .performMeasure(ViewRootImpl.java:4182)
	at .measureHierarchy(ViewRootImpl.java:2759)
	at .performTraversals(ViewRootImpl.java:3086)
	at .doTraversal(ViewRootImpl.java:2465)
	at .run(ViewRootImpl.java:9305)
	at .run(Choreographer.java:1339)
	at .run(Choreographer.java:1348)
	at .doCallbacks(Choreographer.java:952)
	at .doFrame(Choreographer.java:882)
	at .run(Choreographer.java:1322)
	at .handleCallback(Handler.java:958)
	at .dispatchMessage(Handler.java:99)
	at .loopOnce(Looper.java:205)
	at .loop(Looper.java:294)
	at .main(ActivityThread.java:8177)
	at .invoke(Native Method)
	at .run(RuntimeInit.java:552)
	at .main(ZygoteInit.java:971)
2024-08-31 23:05:41 [https-jsse-nio-8443-exec-2] ERROR : test: 
pl.kamjer.shoppinglistservice.exception.LogException: Attempt to invoke virtual method 'java.lang.String java.lang.Double.toString()' on a null object reference
	at .bind(ShoppingItemViewHolder.java:43)
	at .onBindViewHolder(ShoppingItemRecyclerViewAdapter.java:40)
	at .onBindViewHolder(ShoppingItemRecyclerViewAdapter.java:20)
	at .onBindViewHolder(RecyclerView.java:7065)
	at .bindViewHolder(RecyclerView.java:7107)
	at .tryBindViewHolderByDeadline(RecyclerView.java:6012)
	at .tryGetViewHolderForPositionByDeadline(RecyclerView.java:6279)
	at .getViewForPosition(RecyclerView.java:6118)
	at .getViewForPosition(RecyclerView.java:6114)
	at .next(LinearLayoutManager.java:2303)
	at .layoutChunk(LinearLayoutManager.java:1627)
	at .fill(LinearLayoutManager.java:1587)
	at .onLayoutChildren(LinearLayoutManager.java:665)
	at .dispatchLayoutStep2(RecyclerView.java:4134)
	at .onMeasure(RecyclerView.java:3540)
	at .measure(View.java:27122)
	at .measure(ConstraintLayout.java:763)
	at .measure(BasicMeasure.java:426)
	at .measureChildren(BasicMeasure.java:105)
	at .solverMeasure(BasicMeasure.java:247)
	at .measure(ConstraintWidgetContainer.java:117)
	at .resolveSystem(ConstraintLayout.java:1532)
	at .onMeasure(ConstraintLayout.java:1607)
	at .measure(View.java:27122)
	at .measureChildWithMargins(RecyclerView.java:9384)
	at .layoutChunk(LinearLayoutManager.java:1653)
	at .fill(LinearLayoutManager.java:1587)
	at .onLayoutChildren(LinearLayoutManager.java:665)
	at .dispatchLayoutStep2(RecyclerView.java:4134)
	at .onMeasure(RecyclerView.java:3540)
	at .measure(View.java:27122)
	at .measure(ConstraintLayout.java:763)
	at .measure(BasicMeasure.java:426)
	at .measureChildren(BasicMeasure.java:105)
	at .solverMeasure(BasicMeasure.java:247)
	at .measure(ConstraintWidgetContainer.java:117)
	at .resolveSystem(ConstraintLayout.java:1532)
	at .onMeasure(ConstraintLayout.java:1607)
	at .measure(View.java:27122)
	at .measureChildWithMargins(ScrollView.java:1482)
	at .onMeasure(FrameLayout.java:194)
	at .onMeasure(ScrollView.java:466)
	at .measure(View.java:27122)
	at .measureChildWithMargins(ViewGroup.java:7008)
	at .onMeasure(FrameLayout.java:194)
	at .onMeasure(ContentFrameLayout.java:141)
	at .measure(View.java:27122)
	at .measureChildWithMargins(ViewGroup.java:7008)
	at .measureChildBeforeLayout(LinearLayout.java:1608)
	at .measureVertical(LinearLayout.java:878)
	at .onMeasure(LinearLayout.java:721)
	at .measure(View.java:27122)
	at .measureChildWithMargins(ViewGroup.java:7008)
	at .onMeasure(FrameLayout.java:194)
	at .measure(View.java:27122)
	at .measureChildWithMargins(ViewGroup.java:7008)
	at .measureChildBeforeLayout(LinearLayout.java:1608)
	at .measureVertical(LinearLayout.java:878)
	at .onMeasure(LinearLayout.java:721)
	at .measure(View.java:27122)
	at .measureChildWithMargins(ViewGroup.java:7008)
	at .onMeasure(FrameLayout.java:194)
	at .onMeasure(DecorView.java:750)
	at .measure(View.java:27122)
	at .performMeasure(ViewRootImpl.java:4182)
	at .measureHierarchy(ViewRootImpl.java:2759)
	at .performTraversals(ViewRootImpl.java:3086)
	at .doTraversal(ViewRootImpl.java:2465)
	at .run(ViewRootImpl.java:9305)
	at .run(Choreographer.java:1339)
	at .run(Choreographer.java:1348)
	at .doCallbacks(Choreographer.java:952)
	at .doFrame(Choreographer.java:882)
	at .run(Choreographer.java:1322)
	at .handleCallback(Handler.java:958)
	at .dispatchMessage(Handler.java:99)
	at .loopOnce(Looper.java:205)
	at .loop(Looper.java:294)
	at .main(ActivityThread.java:8177)
	at .invoke(Native Method)
	at .run(RuntimeInit.java:552)
	at .main(ZygoteInit.java:971)
2024-08-31 23:29:17 [MessageBroker-7] INFO  : WebSocketSession[0 current WS(0)-HttpStream(0)-HttpPoll(0), 0 total, 0 closed abnormally (0 connect failure, 0 send limit, 0 transport error)], stompSubProtocol[processed CONNECT(0)-CONNECTED(0)-DISCONNECT(0)], stompBrokerRelay[null], inboundChannel[pool size = 0, active threads = 0, queued tasks = 0, completed tasks = 0], outboundChannel[pool size = 0, active threads = 0, queued tasks = 0, completed tasks = 0], sockJsScheduler[pool size = 13, active threads = 1, queued tasks = 0, completed tasks = 12]
2024-08-31 23:41:03 [SpringApplicationShutdownHook] INFO  : Stopping...
2024-08-31 23:41:03 [SpringApplicationShutdownHook] INFO  : BrokerAvailabilityEvent[available=false, SimpleBrokerMessageHandler [org.springframework.messaging.simp.broker.DefaultSubscriptionRegistry@40a923e6]]
2024-08-31 23:41:03 [SpringApplicationShutdownHook] INFO  : Stopped.
2024-08-31 23:41:03 [SpringApplicationShutdownHook] INFO  : Closing JPA EntityManagerFactory for persistence unit 'default'
2024-08-31 23:41:03 [SpringApplicationShutdownHook] INFO  : HikariPool-1 - Shutdown initiated...
2024-08-31 23:41:03 [SpringApplicationShutdownHook] INFO  : HikariPool-1 - Shutdown completed.
