2026-03-21 19:56:25 [background-preinit] INFO  : HV000001: Hibernate Validator 8.0.2.Final
2026-03-21 19:56:25 [main] INFO  : Starting ShoppingListServiceApplication using Java 21.0.3 with PID 4328 (C:\Users\kjerz\Desktop\programy programowanie\projekty\ShoppingListService\target\classes started by kjerz in C:\Users\kjerz\Desktop\programy programowanie\projekty\ShoppingListService)
2026-03-21 19:56:25 [main] INFO  : The following 1 profile is active: "dev"
2026-03-21 19:56:27 [main] INFO  : Bootstrapping Spring Data JPA repositories in DEFAULT mode.
2026-03-21 19:56:28 [main] INFO  : Finished Spring Data repository scanning in 616 ms. Found 3 JPA repository interfaces.
2026-03-21 19:56:32 [main] INFO  : Tomcat initialized with port 5443 (http)
2026-03-21 19:56:33 [main] INFO  : Initializing ProtocolHandler ["http-nio-5443"]
2026-03-21 19:56:33 [main] INFO  : Starting service [Tomcat]
2026-03-21 19:56:33 [main] INFO  : Starting Servlet engine: [Apache Tomcat/10.1.40]
2026-03-21 19:56:33 [main] INFO  : Initializing Spring embedded WebApplicationContext
2026-03-21 19:56:33 [main] INFO  : Root WebApplicationContext: initialization completed in 8211 ms
2026-03-21 19:56:37 [main] WARN  : Error: 1193-HY000: Unknown system variable 'WSREP_ON'
2026-03-21 19:56:37 [main] INFO  : Database: jdbc:mariadb://localhost/shopping_list_db?user=root&password=******** (MariaDB 11.7)
2026-03-21 19:56:37 [main] WARN  : Flyway upgrade recommended: MariaDB 11.7 is newer than this version of Flyway and support has not been tested. The latest supported version of MariaDB is 11.2.
2026-03-21 19:56:37 [main] INFO  : Successfully validated 1 migration (execution time 00:00.082s)
2026-03-21 19:56:37 [main] INFO  : Current version of schema `shopping_list_db`: 1
2026-03-21 19:56:37 [main] INFO  : Schema `shopping_list_db` is up to date. No migration necessary.
2026-03-21 19:56:38 [main] INFO  : HHH000204: Processing PersistenceUnitInfo [name: default]
2026-03-21 19:56:39 [main] INFO  : HHH000412: Hibernate ORM core version 6.5.2.Final
2026-03-21 19:56:39 [main] INFO  : HHH000026: Second-level cache disabled
2026-03-21 19:56:39 [main] INFO  : No LoadTimeWeaver setup: ignoring JPA class transformer
2026-03-21 19:56:39 [main] INFO  : HikariPool-1 - Starting...
2026-03-21 19:56:39 [main] INFO  : HikariPool-1 - Added connection org.mariadb.jdbc.Connection@2123a61c
2026-03-21 19:56:39 [main] INFO  : HikariPool-1 - Start completed.
2026-03-21 19:56:40 [main] WARN  : HHH90000025: MariaDBDialect does not need to be specified explicitly using 'hibernate.dialect' (remove the property setting and it will be selected by default)
2026-03-21 19:56:43 [main] INFO  : HHH000489: No JTA platform available (set 'hibernate.transaction.jta.platform' to enable JTA platform integration)
2026-03-21 19:56:43 [main] INFO  : Initialized JPA EntityManagerFactory for persistence unit 'default'
2026-03-21 19:56:45 [main] WARN  : spring.jpa.open-in-view is enabled by default. Therefore, database queries may be performed during view rendering. Explicitly configure spring.jpa.open-in-view to disable this warning
2026-03-21 19:56:46 [main] INFO  : Global AuthenticationManager configured with AuthenticationProvider bean with name jwtAuthenticationProvider
2026-03-21 19:56:47 [main] INFO  : Exposing 0 endpoints beneath base path '/actuator'
2026-03-21 19:56:49 [main] INFO  : Starting ProtocolHandler ["http-nio-5443"]
2026-03-21 19:56:50 [main] INFO  : Tomcat started on port 5443 (http) with context path '/'
2026-03-21 19:56:50 [main] INFO  : Started ShoppingListServiceApplication in 25.996 seconds (process running for 27.608)
2026-03-21 20:00:39 [SpringApplicationShutdownHook] INFO  : Commencing graceful shutdown. Waiting for active requests to complete
2026-03-21 20:00:39 [tomcat-shutdown] INFO  : Graceful shutdown complete
2026-03-21 20:00:39 [SpringApplicationShutdownHook] INFO  : Closing JPA EntityManagerFactory for persistence unit 'default'
2026-03-21 20:00:39 [SpringApplicationShutdownHook] INFO  : HikariPool-1 - Shutdown initiated...
2026-03-21 20:00:39 [SpringApplicationShutdownHook] INFO  : HikariPool-1 - Shutdown completed.
2026-03-21 20:00:45 [background-preinit] INFO  : HV000001: Hibernate Validator 8.0.2.Final
2026-03-21 20:00:45 [main] INFO  : Starting ShoppingListServiceApplication using Java 21.0.3 with PID 7784 (C:\Users\kjerz\Desktop\programy programowanie\projekty\ShoppingListService\target\classes started by kjerz in C:\Users\kjerz\Desktop\programy programowanie\projekty\ShoppingListService)
2026-03-21 20:00:45 [main] INFO  : The following 1 profile is active: "dev"
2026-03-21 20:00:47 [main] INFO  : Bootstrapping Spring Data JPA repositories in DEFAULT mode.
2026-03-21 20:00:47 [main] INFO  : Finished Spring Data repository scanning in 165 ms. Found 3 JPA repository interfaces.
2026-03-21 20:00:48 [main] INFO  : Tomcat initialized with port 5443 (http)
2026-03-21 20:00:48 [main] INFO  : Initializing ProtocolHandler ["http-nio-5443"]
2026-03-21 20:00:48 [main] INFO  : Starting service [Tomcat]
2026-03-21 20:00:48 [main] INFO  : Starting Servlet engine: [Apache Tomcat/10.1.40]
2026-03-21 20:00:48 [main] INFO  : Initializing Spring embedded WebApplicationContext
2026-03-21 20:00:48 [main] INFO  : Root WebApplicationContext: initialization completed in 3008 ms
2026-03-21 20:00:50 [main] WARN  : Error: 1193-HY000: Unknown system variable 'WSREP_ON'
2026-03-21 20:00:50 [main] INFO  : Database: jdbc:mariadb://localhost/shopping_list_db?user=root&password=******** (MariaDB 11.7)
2026-03-21 20:00:50 [main] WARN  : Flyway upgrade recommended: MariaDB 11.7 is newer than this version of Flyway and support has not been tested. The latest supported version of MariaDB is 11.2.
2026-03-21 20:00:50 [main] INFO  : Successfully validated 1 migration (execution time 00:00.122s)
2026-03-21 20:00:50 [main] INFO  : Current version of schema `shopping_list_db`: 1
2026-03-21 20:00:50 [main] INFO  : Schema `shopping_list_db` is up to date. No migration necessary.
2026-03-21 20:00:50 [main] INFO  : HHH000204: Processing PersistenceUnitInfo [name: default]
2026-03-21 20:00:50 [main] INFO  : HHH000412: Hibernate ORM core version 6.5.2.Final
2026-03-21 20:00:50 [main] INFO  : HHH000026: Second-level cache disabled
2026-03-21 20:00:51 [main] INFO  : No LoadTimeWeaver setup: ignoring JPA class transformer
2026-03-21 20:00:51 [main] INFO  : HikariPool-1 - Starting...
2026-03-21 20:00:51 [main] INFO  : HikariPool-1 - Added connection org.mariadb.jdbc.Connection@2aac87ab
2026-03-21 20:00:51 [main] INFO  : HikariPool-1 - Start completed.
2026-03-21 20:00:51 [main] WARN  : HHH90000025: MariaDBDialect does not need to be specified explicitly using 'hibernate.dialect' (remove the property setting and it will be selected by default)
2026-03-21 20:00:52 [main] INFO  : HHH000489: No JTA platform available (set 'hibernate.transaction.jta.platform' to enable JTA platform integration)
2026-03-21 20:00:52 [main] INFO  : Initialized JPA EntityManagerFactory for persistence unit 'default'
2026-03-21 20:00:52 [main] WARN  : spring.jpa.open-in-view is enabled by default. Therefore, database queries may be performed during view rendering. Explicitly configure spring.jpa.open-in-view to disable this warning
2026-03-21 20:00:53 [main] INFO  : Global AuthenticationManager configured with AuthenticationProvider bean with name jwtAuthenticationProvider
2026-03-21 20:00:53 [main] INFO  : Exposing 0 endpoints beneath base path '/actuator'
2026-03-21 20:00:54 [main] INFO  : Starting ProtocolHandler ["http-nio-5443"]
2026-03-21 20:00:54 [main] INFO  : Tomcat started on port 5443 (http) with context path '/'
2026-03-21 20:00:54 [main] INFO  : Started ShoppingListServiceApplication in 9.018 seconds (process running for 9.539)
2026-03-21 20:02:17 [SpringApplicationShutdownHook] INFO  : Commencing graceful shutdown. Waiting for active requests to complete
2026-03-21 20:02:17 [tomcat-shutdown] INFO  : Graceful shutdown complete
2026-03-21 20:02:18 [SpringApplicationShutdownHook] INFO  : Closing JPA EntityManagerFactory for persistence unit 'default'
2026-03-21 20:02:18 [SpringApplicationShutdownHook] INFO  : HikariPool-1 - Shutdown initiated...
2026-03-21 20:02:18 [SpringApplicationShutdownHook] INFO  : HikariPool-1 - Shutdown completed.
2026-03-21 20:02:28 [background-preinit] INFO  : HV000001: Hibernate Validator 8.0.2.Final
2026-03-21 20:02:28 [main] INFO  : Starting ShoppingListServiceApplication using Java 21.0.3 with PID 19264 (C:\Users\kjerz\Desktop\programy programowanie\projekty\ShoppingListService\target\classes started by kjerz in C:\Users\kjerz\Desktop\programy programowanie\projekty\ShoppingListService)
2026-03-21 20:02:28 [main] INFO  : The following 1 profile is active: "dev"
2026-03-21 20:02:29 [main] INFO  : Bootstrapping Spring Data JPA repositories in DEFAULT mode.
2026-03-21 20:02:30 [main] INFO  : Finished Spring Data repository scanning in 154 ms. Found 3 JPA repository interfaces.
2026-03-21 20:02:31 [main] INFO  : Tomcat initialized with port 5443 (http)
2026-03-21 20:02:31 [main] INFO  : Initializing ProtocolHandler ["http-nio-5443"]
2026-03-21 20:02:31 [main] INFO  : Starting service [Tomcat]
2026-03-21 20:02:31 [main] INFO  : Starting Servlet engine: [Apache Tomcat/10.1.40]
2026-03-21 20:02:31 [main] INFO  : Initializing Spring embedded WebApplicationContext
2026-03-21 20:02:31 [main] INFO  : Root WebApplicationContext: initialization completed in 2812 ms
2026-03-21 20:02:32 [main] WARN  : Error: 1193-HY000: Unknown system variable 'WSREP_ON'
2026-03-21 20:02:32 [main] INFO  : Database: jdbc:mariadb://localhost/shopping_list_db?user=root&password=******** (MariaDB 11.7)
2026-03-21 20:02:32 [main] WARN  : Flyway upgrade recommended: MariaDB 11.7 is newer than this version of Flyway and support has not been tested. The latest supported version of MariaDB is 11.2.
2026-03-21 20:02:32 [main] INFO  : Successfully validated 1 migration (execution time 00:00.037s)
2026-03-21 20:02:32 [main] INFO  : Current version of schema `shopping_list_db`: 1
2026-03-21 20:02:32 [main] INFO  : Schema `shopping_list_db` is up to date. No migration necessary.
2026-03-21 20:02:32 [main] INFO  : HHH000204: Processing PersistenceUnitInfo [name: default]
2026-03-21 20:02:32 [main] INFO  : HHH000412: Hibernate ORM core version 6.5.2.Final
2026-03-21 20:02:32 [main] INFO  : HHH000026: Second-level cache disabled
2026-03-21 20:02:32 [main] INFO  : No LoadTimeWeaver setup: ignoring JPA class transformer
2026-03-21 20:02:32 [main] INFO  : HikariPool-1 - Starting...
2026-03-21 20:02:32 [main] INFO  : HikariPool-1 - Added connection org.mariadb.jdbc.Connection@2123a61c
2026-03-21 20:02:32 [main] INFO  : HikariPool-1 - Start completed.
2026-03-21 20:02:33 [main] WARN  : HHH90000025: MariaDBDialect does not need to be specified explicitly using 'hibernate.dialect' (remove the property setting and it will be selected by default)
2026-03-21 20:02:33 [main] INFO  : HHH000489: No JTA platform available (set 'hibernate.transaction.jta.platform' to enable JTA platform integration)
2026-03-21 20:02:33 [main] INFO  : Initialized JPA EntityManagerFactory for persistence unit 'default'
2026-03-21 20:02:34 [main] WARN  : spring.jpa.open-in-view is enabled by default. Therefore, database queries may be performed during view rendering. Explicitly configure spring.jpa.open-in-view to disable this warning
2026-03-21 20:02:34 [main] INFO  : Global AuthenticationManager configured with AuthenticationProvider bean with name jwtAuthenticationProvider
2026-03-21 20:02:34 [main] INFO  : Exposing 0 endpoints beneath base path '/actuator'
2026-03-21 20:02:35 [main] INFO  : Starting ProtocolHandler ["http-nio-5443"]
2026-03-21 20:02:35 [main] INFO  : Tomcat started on port 5443 (http) with context path '/'
2026-03-21 20:02:35 [main] INFO  : Started ShoppingListServiceApplication in 8.118 seconds (process running for 8.665)
2026-03-21 20:14:35 [SpringApplicationShutdownHook] INFO  : Commencing graceful shutdown. Waiting for active requests to complete
2026-03-21 20:14:35 [tomcat-shutdown] INFO  : Graceful shutdown complete
2026-03-21 20:14:35 [SpringApplicationShutdownHook] INFO  : Closing JPA EntityManagerFactory for persistence unit 'default'
2026-03-21 20:14:35 [SpringApplicationShutdownHook] INFO  : HikariPool-1 - Shutdown initiated...
2026-03-21 20:14:35 [SpringApplicationShutdownHook] INFO  : HikariPool-1 - Shutdown completed.
2026-03-21 20:15:24 [background-preinit] INFO  : HV000001: Hibernate Validator 8.0.2.Final
2026-03-21 20:15:24 [main] INFO  : Starting ShoppingListServiceApplication using Java 21.0.3 with PID 18708 (C:\Users\kjerz\Desktop\programy programowanie\projekty\ShoppingListService\target\classes started by kjerz in C:\Users\kjerz\Desktop\programy programowanie\projekty\ShoppingListService)
2026-03-21 20:15:24 [main] INFO  : The following 1 profile is active: "dev"
2026-03-21 20:15:25 [main] INFO  : Bootstrapping Spring Data JPA repositories in DEFAULT mode.
2026-03-21 20:15:26 [main] INFO  : Finished Spring Data repository scanning in 147 ms. Found 3 JPA repository interfaces.
2026-03-21 20:15:27 [main] INFO  : Tomcat initialized with port 5443 (http)
2026-03-21 20:15:27 [main] INFO  : Initializing ProtocolHandler ["http-nio-5443"]
2026-03-21 20:15:27 [main] INFO  : Starting service [Tomcat]
2026-03-21 20:15:27 [main] INFO  : Starting Servlet engine: [Apache Tomcat/10.1.40]
2026-03-21 20:15:27 [main] INFO  : Initializing Spring embedded WebApplicationContext
2026-03-21 20:15:27 [main] INFO  : Root WebApplicationContext: initialization completed in 2629 ms
2026-03-21 20:15:27 [main] WARN  : Error: 1193-HY000: Unknown system variable 'WSREP_ON'
2026-03-21 20:15:27 [main] INFO  : Database: jdbc:mariadb://localhost/shopping_list_db?user=root&password=******** (MariaDB 11.7)
2026-03-21 20:15:27 [main] WARN  : Flyway upgrade recommended: MariaDB 11.7 is newer than this version of Flyway and support has not been tested. The latest supported version of MariaDB is 11.2.
2026-03-21 20:15:28 [main] INFO  : Successfully validated 1 migration (execution time 00:00.039s)
2026-03-21 20:15:28 [main] INFO  : Current version of schema `shopping_list_db`: 1
2026-03-21 20:15:28 [main] INFO  : Schema `shopping_list_db` is up to date. No migration necessary.
2026-03-21 20:15:28 [main] INFO  : HHH000204: Processing PersistenceUnitInfo [name: default]
2026-03-21 20:15:28 [main] INFO  : HHH000412: Hibernate ORM core version 6.5.2.Final
2026-03-21 20:15:28 [main] INFO  : HHH000026: Second-level cache disabled
2026-03-21 20:15:28 [main] INFO  : No LoadTimeWeaver setup: ignoring JPA class transformer
2026-03-21 20:15:28 [main] INFO  : HikariPool-1 - Starting...
2026-03-21 20:15:28 [main] INFO  : HikariPool-1 - Added connection org.mariadb.jdbc.Connection@5b74bb75
2026-03-21 20:15:28 [main] INFO  : HikariPool-1 - Start completed.
2026-03-21 20:15:28 [main] WARN  : HHH90000025: MariaDBDialect does not need to be specified explicitly using 'hibernate.dialect' (remove the property setting and it will be selected by default)
2026-03-21 20:15:29 [main] INFO  : HHH000489: No JTA platform available (set 'hibernate.transaction.jta.platform' to enable JTA platform integration)
2026-03-21 20:15:29 [main] INFO  : Initialized JPA EntityManagerFactory for persistence unit 'default'
2026-03-21 20:15:30 [main] WARN  : spring.jpa.open-in-view is enabled by default. Therefore, database queries may be performed during view rendering. Explicitly configure spring.jpa.open-in-view to disable this warning
2026-03-21 20:15:30 [main] INFO  : Global AuthenticationManager configured with AuthenticationProvider bean with name jwtAuthenticationProvider
2026-03-21 20:15:30 [main] INFO  : Exposing 0 endpoints beneath base path '/actuator'
2026-03-21 20:15:31 [main] INFO  : Starting ProtocolHandler ["http-nio-5443"]
2026-03-21 20:15:31 [main] INFO  : Tomcat started on port 5443 (http) with context path '/'
2026-03-21 20:15:31 [main] INFO  : Started ShoppingListServiceApplication in 7.598 seconds (process running for 8.159)
2026-03-21 20:15:51 [SpringApplicationShutdownHook] INFO  : Commencing graceful shutdown. Waiting for active requests to complete
2026-03-21 20:15:51 [tomcat-shutdown] INFO  : Graceful shutdown complete
2026-03-21 20:15:52 [SpringApplicationShutdownHook] INFO  : Closing JPA EntityManagerFactory for persistence unit 'default'
2026-03-21 20:15:52 [SpringApplicationShutdownHook] INFO  : HikariPool-1 - Shutdown initiated...
2026-03-21 20:15:52 [SpringApplicationShutdownHook] INFO  : HikariPool-1 - Shutdown completed.
2026-03-21 20:19:41 [background-preinit] INFO  : HV000001: Hibernate Validator 8.0.2.Final
2026-03-21 20:19:41 [main] INFO  : Starting ShoppingListServiceApplication using Java 21.0.3 with PID 5244 (C:\Users\kjerz\Desktop\programy programowanie\projekty\ShoppingListService\target\classes started by kjerz in C:\Users\kjerz\Desktop\programy programowanie\projekty\ShoppingListService)
2026-03-21 20:19:41 [main] INFO  : The following 1 profile is active: "dev"
2026-03-21 20:19:42 [main] INFO  : Bootstrapping Spring Data JPA repositories in DEFAULT mode.
2026-03-21 20:19:42 [main] INFO  : Finished Spring Data repository scanning in 131 ms. Found 3 JPA repository interfaces.
2026-03-21 20:19:44 [main] INFO  : Tomcat initialized with port 5443 (http)
2026-03-21 20:19:44 [main] INFO  : Initializing ProtocolHandler ["http-nio-5443"]
2026-03-21 20:19:44 [main] INFO  : Starting service [Tomcat]
2026-03-21 20:19:44 [main] INFO  : Starting Servlet engine: [Apache Tomcat/10.1.40]
2026-03-21 20:19:44 [main] INFO  : Initializing Spring embedded WebApplicationContext
2026-03-21 20:19:44 [main] INFO  : Root WebApplicationContext: initialization completed in 2846 ms
2026-03-21 20:19:45 [main] WARN  : Error: 1193-HY000: Unknown system variable 'WSREP_ON'
2026-03-21 20:19:45 [main] INFO  : Database: jdbc:mariadb://localhost/shopping_list_db?user=root&password=******** (MariaDB 11.7)
2026-03-21 20:19:45 [main] WARN  : Flyway upgrade recommended: MariaDB 11.7 is newer than this version of Flyway and support has not been tested. The latest supported version of MariaDB is 11.2.
2026-03-21 20:19:45 [main] INFO  : Successfully validated 1 migration (execution time 00:00.026s)
2026-03-21 20:19:45 [main] INFO  : Current version of schema `shopping_list_db`: 1
2026-03-21 20:19:45 [main] INFO  : Schema `shopping_list_db` is up to date. No migration necessary.
2026-03-21 20:19:45 [main] INFO  : HHH000204: Processing PersistenceUnitInfo [name: default]
2026-03-21 20:19:45 [main] INFO  : HHH000412: Hibernate ORM core version 6.5.2.Final
2026-03-21 20:19:45 [main] INFO  : HHH000026: Second-level cache disabled
2026-03-21 20:19:45 [main] INFO  : No LoadTimeWeaver setup: ignoring JPA class transformer
2026-03-21 20:19:45 [main] INFO  : HikariPool-1 - Starting...
2026-03-21 20:19:45 [main] INFO  : HikariPool-1 - Added connection org.mariadb.jdbc.Connection@72c5064f
2026-03-21 20:19:45 [main] INFO  : HikariPool-1 - Start completed.
2026-03-21 20:19:45 [main] WARN  : HHH90000025: MariaDBDialect does not need to be specified explicitly using 'hibernate.dialect' (remove the property setting and it will be selected by default)
2026-03-21 20:19:46 [main] INFO  : HHH000489: No JTA platform available (set 'hibernate.transaction.jta.platform' to enable JTA platform integration)
2026-03-21 20:19:46 [main] INFO  : Initialized JPA EntityManagerFactory for persistence unit 'default'
2026-03-21 20:19:47 [main] WARN  : spring.jpa.open-in-view is enabled by default. Therefore, database queries may be performed during view rendering. Explicitly configure spring.jpa.open-in-view to disable this warning
2026-03-21 20:19:47 [main] INFO  : Global AuthenticationManager configured with AuthenticationProvider bean with name jwtAuthenticationProvider
2026-03-21 20:19:47 [main] INFO  : Exposing 0 endpoints beneath base path '/actuator'
2026-03-21 20:19:48 [main] INFO  : Starting ProtocolHandler ["http-nio-5443"]
2026-03-21 20:19:48 [main] INFO  : Tomcat started on port 5443 (http) with context path '/'
2026-03-21 20:19:48 [main] INFO  : Started ShoppingListServiceApplication in 8.051 seconds (process running for 8.852)
2026-03-21 20:48:48 [tomcat-handler-0] INFO  : Initializing Spring DispatcherServlet 'dispatcherServlet'
2026-03-21 20:48:48 [tomcat-handler-0] INFO  : Initializing Servlet 'dispatcherServlet'
2026-03-21 20:48:48 [tomcat-handler-0] INFO  : Completed initialization in 1 ms
2026-03-21 20:50:46 [SpringApplicationShutdownHook] INFO  : Commencing graceful shutdown. Waiting for active requests to complete
2026-03-21 20:50:46 [tomcat-shutdown] INFO  : Graceful shutdown complete
2026-03-21 20:50:46 [SpringApplicationShutdownHook] INFO  : Closing JPA EntityManagerFactory for persistence unit 'default'
2026-03-21 20:50:46 [SpringApplicationShutdownHook] INFO  : HikariPool-1 - Shutdown initiated...
2026-03-21 20:50:46 [SpringApplicationShutdownHook] INFO  : HikariPool-1 - Shutdown completed.
2026-03-21 20:50:53 [background-preinit] INFO  : HV000001: Hibernate Validator 8.0.2.Final
2026-03-21 20:50:53 [main] INFO  : Starting ShoppingListServiceApplication using Java 21.0.3 with PID 19016 (C:\Users\kjerz\Desktop\programy programowanie\projekty\ShoppingListService\target\classes started by kjerz in C:\Users\kjerz\Desktop\programy programowanie\projekty\ShoppingListService)
2026-03-21 20:50:53 [main] INFO  : The following 1 profile is active: "dev"
2026-03-21 20:50:54 [main] INFO  : Bootstrapping Spring Data JPA repositories in DEFAULT mode.
2026-03-21 20:50:55 [main] INFO  : Finished Spring Data repository scanning in 139 ms. Found 3 JPA repository interfaces.
2026-03-21 20:50:56 [main] INFO  : Tomcat initialized with port 5443 (http)
2026-03-21 20:50:56 [main] INFO  : Initializing ProtocolHandler ["http-nio-5443"]
2026-03-21 20:50:56 [main] INFO  : Starting service [Tomcat]
2026-03-21 20:50:56 [main] INFO  : Starting Servlet engine: [Apache Tomcat/10.1.40]
2026-03-21 20:50:56 [main] INFO  : Initializing Spring embedded WebApplicationContext
2026-03-21 20:50:56 [main] INFO  : Root WebApplicationContext: initialization completed in 2756 ms
2026-03-21 20:50:57 [main] WARN  : Error: 1193-HY000: Unknown system variable 'WSREP_ON'
2026-03-21 20:50:57 [main] INFO  : Database: jdbc:mariadb://localhost/shopping_list_db?user=root&password=******** (MariaDB 11.7)
2026-03-21 20:50:57 [main] WARN  : Flyway upgrade recommended: MariaDB 11.7 is newer than this version of Flyway and support has not been tested. The latest supported version of MariaDB is 11.2.
2026-03-21 20:50:57 [main] INFO  : Successfully validated 1 migration (execution time 00:00.055s)
2026-03-21 20:50:57 [main] INFO  : Current version of schema `shopping_list_db`: 1
2026-03-21 20:50:57 [main] INFO  : Schema `shopping_list_db` is up to date. No migration necessary.
2026-03-21 20:50:57 [main] INFO  : HHH000204: Processing PersistenceUnitInfo [name: default]
2026-03-21 20:50:57 [main] INFO  : HHH000412: Hibernate ORM core version 6.5.2.Final
2026-03-21 20:50:57 [main] INFO  : HHH000026: Second-level cache disabled
2026-03-21 20:50:58 [main] INFO  : No LoadTimeWeaver setup: ignoring JPA class transformer
2026-03-21 20:50:58 [main] INFO  : HikariPool-1 - Starting...
2026-03-21 20:50:58 [main] INFO  : HikariPool-1 - Added connection org.mariadb.jdbc.Connection@f252762
2026-03-21 20:50:58 [main] INFO  : HikariPool-1 - Start completed.
2026-03-21 20:50:58 [main] WARN  : HHH90000025: MariaDBDialect does not need to be specified explicitly using 'hibernate.dialect' (remove the property setting and it will be selected by default)
2026-03-21 20:50:59 [main] INFO  : HHH000489: No JTA platform available (set 'hibernate.transaction.jta.platform' to enable JTA platform integration)
2026-03-21 20:50:59 [main] INFO  : Initialized JPA EntityManagerFactory for persistence unit 'default'
2026-03-21 20:51:00 [main] WARN  : spring.jpa.open-in-view is enabled by default. Therefore, database queries may be performed during view rendering. Explicitly configure spring.jpa.open-in-view to disable this warning
2026-03-21 20:51:00 [main] INFO  : Global AuthenticationManager configured with AuthenticationProvider bean with name jwtAuthenticationProvider
2026-03-21 20:51:00 [main] INFO  : Exposing 0 endpoints beneath base path '/actuator'
2026-03-21 20:51:01 [main] INFO  : Starting ProtocolHandler ["http-nio-5443"]
2026-03-21 20:51:01 [main] INFO  : Tomcat started on port 5443 (http) with context path '/'
2026-03-21 20:51:01 [main] INFO  : Started ShoppingListServiceApplication in 8.959 seconds (process running for 9.409)
2026-03-21 21:22:41 [SpringApplicationShutdownHook] INFO  : Commencing graceful shutdown. Waiting for active requests to complete
2026-03-21 21:22:41 [tomcat-shutdown] INFO  : Graceful shutdown complete
2026-03-21 21:22:41 [SpringApplicationShutdownHook] INFO  : Closing JPA EntityManagerFactory for persistence unit 'default'
2026-03-21 21:22:41 [SpringApplicationShutdownHook] INFO  : HikariPool-1 - Shutdown initiated...
2026-03-21 21:22:41 [SpringApplicationShutdownHook] INFO  : HikariPool-1 - Shutdown completed.
2026-03-21 23:23:59 [background-preinit] INFO  : HV000001: Hibernate Validator 8.0.2.Final
2026-03-21 23:23:59 [main] INFO  : Starting ShoppingListServiceApplication using Java 21.0.3 with PID 5156 (C:\Users\kjerz\Desktop\programy programowanie\projekty\ShoppingListService\target\classes started by kjerz in C:\Users\kjerz\Desktop\programy programowanie\projekty\ShoppingListService)
2026-03-21 23:23:59 [main] INFO  : The following 1 profile is active: "dev"
2026-03-21 23:24:01 [main] INFO  : Bootstrapping Spring Data JPA repositories in DEFAULT mode.
2026-03-21 23:24:01 [main] INFO  : Finished Spring Data repository scanning in 147 ms. Found 3 JPA repository interfaces.
2026-03-21 23:24:02 [main] INFO  : Tomcat initialized with port 5443 (http)
2026-03-21 23:24:02 [main] INFO  : Initializing ProtocolHandler ["http-nio-5443"]
2026-03-21 23:24:02 [main] INFO  : Starting service [Tomcat]
2026-03-21 23:24:02 [main] INFO  : Starting Servlet engine: [Apache Tomcat/10.1.40]
2026-03-21 23:24:02 [main] INFO  : Initializing Spring embedded WebApplicationContext
2026-03-21 23:24:02 [main] INFO  : Root WebApplicationContext: initialization completed in 2797 ms
2026-03-21 23:24:03 [main] WARN  : Error: 1193-HY000: Unknown system variable 'WSREP_ON'
2026-03-21 23:24:03 [main] INFO  : Database: jdbc:mariadb://localhost/shopping_list_db?user=root&password=******** (MariaDB 11.7)
2026-03-21 23:24:03 [main] WARN  : Flyway upgrade recommended: MariaDB 11.7 is newer than this version of Flyway and support has not been tested. The latest supported version of MariaDB is 11.2.
2026-03-21 23:24:03 [main] INFO  : Successfully validated 1 migration (execution time 00:00.028s)
2026-03-21 23:24:03 [main] INFO  : Current version of schema `shopping_list_db`: 1
2026-03-21 23:24:03 [main] INFO  : Schema `shopping_list_db` is up to date. No migration necessary.
2026-03-21 23:24:03 [main] INFO  : HHH000204: Processing PersistenceUnitInfo [name: default]
2026-03-21 23:24:03 [main] INFO  : HHH000412: Hibernate ORM core version 6.5.2.Final
2026-03-21 23:24:03 [main] INFO  : HHH000026: Second-level cache disabled
2026-03-21 23:24:04 [main] INFO  : No LoadTimeWeaver setup: ignoring JPA class transformer
2026-03-21 23:24:04 [main] INFO  : HikariPool-1 - Starting...
2026-03-21 23:24:04 [main] INFO  : HikariPool-1 - Added connection org.mariadb.jdbc.Connection@f252762
2026-03-21 23:24:04 [main] INFO  : HikariPool-1 - Start completed.
2026-03-21 23:24:04 [main] WARN  : HHH90000025: MariaDBDialect does not need to be specified explicitly using 'hibernate.dialect' (remove the property setting and it will be selected by default)
2026-03-21 23:24:04 [main] INFO  : HHH000489: No JTA platform available (set 'hibernate.transaction.jta.platform' to enable JTA platform integration)
2026-03-21 23:24:04 [main] INFO  : Initialized JPA EntityManagerFactory for persistence unit 'default'
2026-03-21 23:24:05 [main] WARN  : spring.jpa.open-in-view is enabled by default. Therefore, database queries may be performed during view rendering. Explicitly configure spring.jpa.open-in-view to disable this warning
2026-03-21 23:24:05 [main] INFO  : Global AuthenticationManager configured with AuthenticationProvider bean with name jwtAuthenticationProvider
2026-03-21 23:24:06 [main] INFO  : Exposing 0 endpoints beneath base path '/actuator'
2026-03-21 23:24:08 [main] INFO  : Starting ProtocolHandler ["http-nio-5443"]
2026-03-21 23:24:08 [main] INFO  : Tomcat started on port 5443 (http) with context path '/'
2026-03-21 23:24:08 [main] INFO  : Started ShoppingListServiceApplication in 9.09 seconds (process running for 10.427)
2026-03-21 23:32:02 [tomcat-handler-0] INFO  : Initializing Spring DispatcherServlet 'dispatcherServlet'
2026-03-21 23:32:02 [tomcat-handler-0] INFO  : Initializing Servlet 'dispatcherServlet'
2026-03-21 23:32:02 [tomcat-handler-0] INFO  : Completed initialization in 1 ms
