2025-09-02 22:39:21 [background-preinit] INFO  : HV000001: Hibernate Validator 8.0.2.Final
2025-09-02 22:39:21 [main] INFO  : Starting ShoppingListServiceApplication using Java 21.0.2 with PID 7080 (C:\Users\kjerz\Desktop\projekty\ShoppingListService\target\classes started by kjerz in C:\Users\kjerz\Desktop\projekty\ShoppingListService)
2025-09-02 22:39:21 [main] INFO  : No active profile set, falling back to 1 default profile: "default"
2025-09-02 22:39:21 [main] INFO  : Bootstrapping Spring Data JPA repositories in DEFAULT mode.
2025-09-02 22:39:21 [main] INFO  : Finished Spring Data repository scanning in 111 ms. Found 4 JPA repository interfaces.
2025-09-02 22:39:22 [main] INFO  : Tomcat initialized with port 443 (https)
2025-09-02 22:39:22 [main] INFO  : Initializing ProtocolHandler ["https-jsse-nio-443"]
2025-09-02 22:39:22 [main] INFO  : Starting service [Tomcat]
2025-09-02 22:39:22 [main] INFO  : Starting Servlet engine: [Apache Tomcat/10.1.40]
2025-09-02 22:39:22 [main] INFO  : Initializing Spring embedded WebApplicationContext
2025-09-02 22:39:22 [main] INFO  : Root WebApplicationContext: initialization completed in 1712 ms
2025-09-02 22:39:23 [main] WARN  : Error: 1193-HY000: Unknown system variable 'WSREP_ON'
2025-09-02 22:39:23 [main] INFO  : Database: jdbc:mariadb://localhost/shopping_list_db?user=root&password=******** (MariaDB 11.7)
2025-09-02 22:39:23 [main] WARN  : Flyway upgrade recommended: MariaDB 11.7 is newer than this version of Flyway and support has not been tested. The latest supported version of MariaDB is 11.2.
2025-09-02 22:39:23 [main] INFO  : Successfully validated 1 migration (execution time 00:00.016s)
2025-09-02 22:39:23 [main] INFO  : Current version of schema `shopping_list_db`: 2
2025-09-02 22:39:23 [main] INFO  : Schema `shopping_list_db` is up to date. No migration necessary.
2025-09-02 22:39:23 [main] INFO  : HHH000204: Processing PersistenceUnitInfo [name: default]
2025-09-02 22:39:23 [main] INFO  : HHH000412: Hibernate ORM core version 6.5.2.Final
2025-09-02 22:39:23 [main] INFO  : HHH000026: Second-level cache disabled
2025-09-02 22:39:23 [main] INFO  : No LoadTimeWeaver setup: ignoring JPA class transformer
2025-09-02 22:39:23 [main] INFO  : HikariPool-1 - Starting...
2025-09-02 22:39:23 [main] INFO  : HikariPool-1 - Added connection org.mariadb.jdbc.Connection@510bd87a
2025-09-02 22:39:23 [main] INFO  : HikariPool-1 - Start completed.
2025-09-02 22:39:23 [main] WARN  : HHH90000025: MariaDBDialect does not need to be specified explicitly using 'hibernate.dialect' (remove the property setting and it will be selected by default)
2025-09-02 22:39:24 [main] INFO  : HHH000489: No JTA platform available (set 'hibernate.transaction.jta.platform' to enable JTA platform integration)
2025-09-02 22:39:24 [main] INFO  : Initialized JPA EntityManagerFactory for persistence unit 'default'
2025-09-02 22:39:24 [main] WARN  : Exception encountered during context initialization - cancelling refresh attempt: org.springframework.beans.factory.UnsatisfiedDependencyException: Error creating bean with name 'secClient' defined in file [C:\Users\kjerz\Desktop\projekty\ShoppingListService\target\classes\pl\kamjer\shoppinglistservice\client\SecClient.class]: Unsatisfied dependency expressed through constructor parameter 0: Error creating bean with name 'userRestClient' defined in class path resource [pl/kamjer/shoppinglistservice/config/components/RestClientConfig.class]: Failed to instantiate [org.springframework.web.client.RestClient]: Factory method 'userRestClient' threw exception with message: Could not load trust manager factory: Unable to create trust store: Could not load store from '/home/user/certs/truststore.jks'
2025-09-02 22:39:24 [main] INFO  : Closing JPA EntityManagerFactory for persistence unit 'default'
2025-09-02 22:39:24 [main] INFO  : HikariPool-1 - Shutdown initiated...
2025-09-02 22:39:24 [main] INFO  : HikariPool-1 - Shutdown completed.
2025-09-02 22:39:24 [main] INFO  : Stopping service [Tomcat]
2025-09-02 22:39:24 [main] INFO  : 

Error starting ApplicationContext. To display the condition evaluation report re-run your application with 'debug' enabled.
2025-09-02 22:39:24 [main] ERROR : Application run failed
org.springframework.beans.factory.UnsatisfiedDependencyException: Error creating bean with name 'secClient' defined in file [C:\Users\kjerz\Desktop\projekty\ShoppingListService\target\classes\pl\kamjer\shoppinglistservice\client\SecClient.class]: Unsatisfied dependency expressed through constructor parameter 0: Error creating bean with name 'userRestClient' defined in class path resource [pl/kamjer/shoppinglistservice/config/components/RestClientConfig.class]: Failed to instantiate [org.springframework.web.client.RestClient]: Factory method 'userRestClient' threw exception with message: Could not load trust manager factory: Unable to create trust store: Could not load store from '/home/user/certs/truststore.jks'
	at org.springframework.beans.factory.support.ConstructorResolver.createArgumentArray(ConstructorResolver.java:804)
	at org.springframework.beans.factory.support.ConstructorResolver.autowireConstructor(ConstructorResolver.java:240)
	at org.springframework.beans.factory.support.AbstractAutowireCapableBeanFactory.autowireConstructor(AbstractAutowireCapableBeanFactory.java:1387)
	at org.springframework.beans.factory.support.AbstractAutowireCapableBeanFactory.createBeanInstance(AbstractAutowireCapableBeanFactory.java:1224)
	at org.springframework.beans.factory.support.AbstractAutowireCapableBeanFactory.doCreateBean(AbstractAutowireCapableBeanFactory.java:569)
	at org.springframework.beans.factory.support.AbstractAutowireCapableBeanFactory.createBean(AbstractAutowireCapableBeanFactory.java:529)
	at org.springframework.beans.factory.support.AbstractBeanFactory.lambda$doGetBean$0(AbstractBeanFactory.java:339)
	at org.springframework.beans.factory.support.DefaultSingletonBeanRegistry.getSingleton(DefaultSingletonBeanRegistry.java:371)
	at org.springframework.beans.factory.support.AbstractBeanFactory.doGetBean(AbstractBeanFactory.java:337)
	at org.springframework.beans.factory.support.AbstractBeanFactory.getBean(AbstractBeanFactory.java:202)
	at org.springframework.beans.factory.support.DefaultListableBeanFactory.instantiateSingleton(DefaultListableBeanFactory.java:1221)
	at org.springframework.beans.factory.support.DefaultListableBeanFactory.preInstantiateSingleton(DefaultListableBeanFactory.java:1187)
	at org.springframework.beans.factory.support.DefaultListableBeanFactory.preInstantiateSingletons(DefaultListableBeanFactory.java:1122)
	at org.springframework.context.support.AbstractApplicationContext.finishBeanFactoryInitialization(AbstractApplicationContext.java:987)
	at org.springframework.context.support.AbstractApplicationContext.refresh(AbstractApplicationContext.java:627)
	at org.springframework.boot.web.servlet.context.ServletWebServerApplicationContext.refresh(ServletWebServerApplicationContext.java:146)
	at org.springframework.boot.SpringApplication.refresh(SpringApplication.java:753)
	at org.springframework.boot.SpringApplication.refreshContext(SpringApplication.java:439)
	at org.springframework.boot.SpringApplication.run(SpringApplication.java:318)
	at org.springframework.boot.SpringApplication.run(SpringApplication.java:1362)
	at org.springframework.boot.SpringApplication.run(SpringApplication.java:1351)
	at pl.kamjer.shoppinglistservice.ShoppingListServiceApplication.main(ShoppingListServiceApplication.java:12)
Caused by: org.springframework.beans.factory.BeanCreationException: Error creating bean with name 'userRestClient' defined in class path resource [pl/kamjer/shoppinglistservice/config/components/RestClientConfig.class]: Failed to instantiate [org.springframework.web.client.RestClient]: Factory method 'userRestClient' threw exception with message: Could not load trust manager factory: Unable to create trust store: Could not load store from '/home/user/certs/truststore.jks'
	at org.springframework.beans.factory.support.ConstructorResolver.instantiate(ConstructorResolver.java:657)
	at org.springframework.beans.factory.support.ConstructorResolver.instantiateUsingFactoryMethod(ConstructorResolver.java:645)
	at org.springframework.beans.factory.support.AbstractAutowireCapableBeanFactory.instantiateUsingFactoryMethod(AbstractAutowireCapableBeanFactory.java:1367)
	at org.springframework.beans.factory.support.AbstractAutowireCapableBeanFactory.createBeanInstance(AbstractAutowireCapableBeanFactory.java:1197)
	at org.springframework.beans.factory.support.AbstractAutowireCapableBeanFactory.doCreateBean(AbstractAutowireCapableBeanFactory.java:569)
	at org.springframework.beans.factory.support.AbstractAutowireCapableBeanFactory.createBean(AbstractAutowireCapableBeanFactory.java:529)
	at org.springframework.beans.factory.support.AbstractBeanFactory.lambda$doGetBean$0(AbstractBeanFactory.java:339)
	at org.springframework.beans.factory.support.DefaultSingletonBeanRegistry.getSingleton(DefaultSingletonBeanRegistry.java:371)
	at org.springframework.beans.factory.support.AbstractBeanFactory.doGetBean(AbstractBeanFactory.java:337)
	at org.springframework.beans.factory.support.AbstractBeanFactory.getBean(AbstractBeanFactory.java:202)
	at org.springframework.beans.factory.support.DefaultListableBeanFactory.doResolveDependency(DefaultListableBeanFactory.java:1681)
	at org.springframework.beans.factory.support.DefaultListableBeanFactory.resolveDependency(DefaultListableBeanFactory.java:1627)
	at org.springframework.beans.factory.support.ConstructorResolver.resolveAutowiredArgument(ConstructorResolver.java:913)
	at org.springframework.beans.factory.support.ConstructorResolver.createArgumentArray(ConstructorResolver.java:791)
	... 21 common frames omitted
Caused by: org.springframework.beans.BeanInstantiationException: Failed to instantiate [org.springframework.web.client.RestClient]: Factory method 'userRestClient' threw exception with message: Could not load trust manager factory: Unable to create trust store: Could not load store from '/home/user/certs/truststore.jks'
	at org.springframework.beans.factory.support.SimpleInstantiationStrategy.lambda$instantiate$0(SimpleInstantiationStrategy.java:199)
	at org.springframework.beans.factory.support.SimpleInstantiationStrategy.instantiateWithFactoryMethod(SimpleInstantiationStrategy.java:88)
	at org.springframework.beans.factory.support.SimpleInstantiationStrategy.instantiate(SimpleInstantiationStrategy.java:168)
	at org.springframework.beans.factory.support.ConstructorResolver.instantiate(ConstructorResolver.java:653)
	... 34 common frames omitted
Caused by: java.lang.IllegalStateException: Could not load trust manager factory: Unable to create trust store: Could not load store from '/home/user/certs/truststore.jks'
	at org.springframework.boot.ssl.DefaultSslManagerBundle.getTrustManagerFactory(DefaultSslManagerBundle.java:74)
	at org.springframework.boot.http.client.ReactorClientHttpRequestFactoryBuilder.configureSsl(ReactorClientHttpRequestFactoryBuilder.java:125)
	at org.springframework.boot.http.client.ReactorClientHttpRequestFactoryBuilder.lambda$createRequestFactory$1(ReactorClientHttpRequestFactoryBuilder.java:102)
	at org.springframework.util.function.ThrowingConsumer.accept(ThrowingConsumer.java:60)
	at org.springframework.util.function.ThrowingConsumer.accept(ThrowingConsumer.java:49)
	at reactor.netty.http.client.HttpClient.secure(HttpClient.java:1499)
	at org.springframework.boot.http.client.ReactorClientHttpRequestFactoryBuilder.createRequestFactory(ReactorClientHttpRequestFactoryBuilder.java:102)
	at org.springframework.boot.http.client.ReactorClientHttpRequestFactoryBuilder.createClientHttpRequestFactory(ReactorClientHttpRequestFactoryBuilder.java:91)
	at org.springframework.boot.http.client.ReactorClientHttpRequestFactoryBuilder.createClientHttpRequestFactory(ReactorClientHttpRequestFactoryBuilder.java:49)
	at org.springframework.boot.http.client.AbstractClientHttpRequestFactoryBuilder.build(AbstractClientHttpRequestFactoryBuilder.java:76)
	at org.springframework.boot.autoconfigure.web.client.AutoConfiguredRestClientSsl.lambda$fromBundle$0(AutoConfiguredRestClientSsl.java:54)
	at org.springframework.web.client.DefaultRestClientBuilder.apply(DefaultRestClientBuilder.java:440)
	at pl.kamjer.shoppinglistservice.config.components.RestClientConfig.userRestClient(RestClientConfig.java:21)
	at java.base/jdk.internal.reflect.DirectMethodHandleAccessor.invoke(DirectMethodHandleAccessor.java:103)
	at java.base/java.lang.reflect.Method.invoke(Method.java:580)
	at org.springframework.beans.factory.support.SimpleInstantiationStrategy.lambda$instantiate$0(SimpleInstantiationStrategy.java:171)
	... 37 common frames omitted
Caused by: java.lang.IllegalStateException: Unable to create trust store: Could not load store from '/home/user/certs/truststore.jks'
	at org.springframework.boot.ssl.jks.JksSslStoreBundle.createKeyStore(JksSslStoreBundle.java:112)
	at org.springframework.boot.ssl.jks.JksSslStoreBundle.lambda$new$1(JksSslStoreBundle.java:76)
	at org.springframework.util.function.SingletonSupplier.get(SingletonSupplier.java:106)
	at org.springframework.boot.ssl.jks.JksSslStoreBundle.getTrustStore(JksSslStoreBundle.java:91)
	at org.springframework.boot.ssl.DefaultSslManagerBundle.getTrustManagerFactory(DefaultSslManagerBundle.java:67)
	... 52 common frames omitted
Caused by: java.lang.IllegalStateException: Could not load store from '/home/user/certs/truststore.jks'
	at org.springframework.boot.ssl.jks.JksSslStoreBundle.loadKeyStore(JksSslStoreBundle.java:140)
	at org.springframework.boot.ssl.jks.JksSslStoreBundle.createKeyStore(JksSslStoreBundle.java:107)
	... 56 common frames omitted
Caused by: java.io.FileNotFoundException: \home\user\certs\truststore.jks
	at org.springframework.core.io.FileSystemResource.getInputStream(FileSystemResource.java:196)
	at org.springframework.boot.ssl.jks.JksSslStoreBundle.loadKeyStore(JksSslStoreBundle.java:135)
	... 57 common frames omitted
2025-09-02 22:40:19 [background-preinit] INFO  : HV000001: Hibernate Validator 8.0.2.Final
2025-09-02 22:40:19 [main] INFO  : Starting ShoppingListServiceApplication using Java 21.0.2 with PID 20604 (C:\Users\kjerz\Desktop\projekty\ShoppingListService\target\classes started by kjerz in C:\Users\kjerz\Desktop\projekty\ShoppingListService)
2025-09-02 22:40:19 [main] INFO  : No active profile set, falling back to 1 default profile: "default"
2025-09-02 22:40:20 [main] INFO  : Bootstrapping Spring Data JPA repositories in DEFAULT mode.
2025-09-02 22:40:20 [main] INFO  : Finished Spring Data repository scanning in 86 ms. Found 4 JPA repository interfaces.
2025-09-02 22:40:21 [main] INFO  : Tomcat initialized with port 443 (https)
2025-09-02 22:40:21 [main] INFO  : Initializing ProtocolHandler ["https-jsse-nio-443"]
2025-09-02 22:40:21 [main] INFO  : Starting service [Tomcat]
2025-09-02 22:40:21 [main] INFO  : Starting Servlet engine: [Apache Tomcat/10.1.40]
2025-09-02 22:40:21 [main] INFO  : Initializing Spring embedded WebApplicationContext
2025-09-02 22:40:21 [main] INFO  : Root WebApplicationContext: initialization completed in 1498 ms
2025-09-02 22:40:21 [main] WARN  : Error: 1193-HY000: Unknown system variable 'WSREP_ON'
2025-09-02 22:40:21 [main] INFO  : Database: jdbc:mariadb://localhost/shopping_list_db?user=root&password=******** (MariaDB 11.7)
2025-09-02 22:40:21 [main] WARN  : Flyway upgrade recommended: MariaDB 11.7 is newer than this version of Flyway and support has not been tested. The latest supported version of MariaDB is 11.2.
2025-09-02 22:40:21 [main] INFO  : Successfully validated 1 migration (execution time 00:00.017s)
2025-09-02 22:40:21 [main] INFO  : Current version of schema `shopping_list_db`: 2
2025-09-02 22:40:21 [main] INFO  : Schema `shopping_list_db` is up to date. No migration necessary.
2025-09-02 22:40:22 [main] INFO  : HHH000204: Processing PersistenceUnitInfo [name: default]
2025-09-02 22:40:22 [main] INFO  : HHH000412: Hibernate ORM core version 6.5.2.Final
2025-09-02 22:40:22 [main] INFO  : HHH000026: Second-level cache disabled
2025-09-02 22:40:22 [main] INFO  : No LoadTimeWeaver setup: ignoring JPA class transformer
2025-09-02 22:40:22 [main] INFO  : HikariPool-1 - Starting...
2025-09-02 22:40:22 [main] INFO  : HikariPool-1 - Added connection org.mariadb.jdbc.Connection@48da5106
2025-09-02 22:40:22 [main] INFO  : HikariPool-1 - Start completed.
2025-09-02 22:40:22 [main] WARN  : HHH90000025: MariaDBDialect does not need to be specified explicitly using 'hibernate.dialect' (remove the property setting and it will be selected by default)
2025-09-02 22:40:22 [main] INFO  : HHH000489: No JTA platform available (set 'hibernate.transaction.jta.platform' to enable JTA platform integration)
2025-09-02 22:40:22 [main] INFO  : Initialized JPA EntityManagerFactory for persistence unit 'default'
2025-09-02 22:40:23 [main] WARN  : spring.jpa.open-in-view is enabled by default. Therefore, database queries may be performed during view rendering. Explicitly configure spring.jpa.open-in-view to disable this warning
2025-09-02 22:40:23 [main] INFO  : Global AuthenticationManager configured with UserDetailsService bean with name userDetailService
2025-09-02 22:40:24 [main] INFO  : Exposing 1 endpoint beneath base path '/actuator'
2025-09-02 22:40:24 [main] INFO  : Starting ProtocolHandler ["https-jsse-nio-443"]
2025-09-02 22:40:24 [main] INFO  : Connector [https-jsse-nio-443], TLS virtual host [_default_], certificate type [UNDEFINED] configured from keystore [C:\Users\kjerz\.keystore] using alias [shoppingListKey] with trust store [null]
2025-09-02 22:40:24 [main] INFO  : Tomcat started on port 443 (https) with context path '/'
2025-09-02 22:40:24 [main] INFO  : Started ShoppingListServiceApplication in 5.035 seconds (process running for 5.313)
2025-09-02 22:46:40 [tomcat-handler-5] INFO  : Initializing Spring DispatcherServlet 'dispatcherServlet'
2025-09-02 22:46:40 [tomcat-handler-5] INFO  : Initializing Servlet 'dispatcherServlet'
2025-09-02 22:46:40 [tomcat-handler-5] INFO  : Completed initialization in 2 ms
2025-09-02 22:46:41 [reactor-http-nio-2] WARN  : [6c224e98, L:/127.0.0.1:54761 - R:localhost/127.0.0.1:4443] The connection observed an error
javax.net.ssl.SSLHandshakeException: No name matching localhost found
	at java.base/sun.security.ssl.Alert.createSSLException(Alert.java:130)
	at java.base/sun.security.ssl.TransportContext.fatal(TransportContext.java:378)
	at java.base/sun.security.ssl.TransportContext.fatal(TransportContext.java:321)
	at java.base/sun.security.ssl.TransportContext.fatal(TransportContext.java:316)
	at java.base/sun.security.ssl.CertificateMessage$T13CertificateConsumer.checkServerCerts(CertificateMessage.java:1318)
	at java.base/sun.security.ssl.CertificateMessage$T13CertificateConsumer.onConsumeCertificate(CertificateMessage.java:1195)
	at java.base/sun.security.ssl.CertificateMessage$T13CertificateConsumer.consume(CertificateMessage.java:1138)
	at java.base/sun.security.ssl.SSLHandshake.consume(SSLHandshake.java:393)
	at java.base/sun.security.ssl.HandshakeContext.dispatch(HandshakeContext.java:476)
	at java.base/sun.security.ssl.SSLEngineImpl$DelegatedTask$DelegatedAction.run(SSLEngineImpl.java:1273)
	at java.base/sun.security.ssl.SSLEngineImpl$DelegatedTask$DelegatedAction.run(SSLEngineImpl.java:1260)
	at java.base/java.security.AccessController.doPrivileged(AccessController.java:714)
	at java.base/sun.security.ssl.SSLEngineImpl$DelegatedTask.run(SSLEngineImpl.java:1205)
	at io.netty.handler.ssl.SslHandler.runDelegatedTasks(SslHandler.java:1695)
	at io.netty.handler.ssl.SslHandler.unwrap(SslHandler.java:1541)
	at io.netty.handler.ssl.SslHandler.decodeJdkCompatible(SslHandler.java:1377)
	at io.netty.handler.ssl.SslHandler.decode(SslHandler.java:1428)
	at io.netty.handler.codec.ByteToMessageDecoder.decodeRemovalReentryProtection(ByteToMessageDecoder.java:530)
	at io.netty.handler.codec.ByteToMessageDecoder.callDecode(ByteToMessageDecoder.java:469)
	at io.netty.handler.codec.ByteToMessageDecoder.channelRead(ByteToMessageDecoder.java:290)
	at io.netty.channel.AbstractChannelHandlerContext.invokeChannelRead(AbstractChannelHandlerContext.java:444)
	at io.netty.channel.AbstractChannelHandlerContext.invokeChannelRead(AbstractChannelHandlerContext.java:420)
	at io.netty.channel.AbstractChannelHandlerContext.fireChannelRead(AbstractChannelHandlerContext.java:412)
	at io.netty.channel.DefaultChannelPipeline$HeadContext.channelRead(DefaultChannelPipeline.java:1357)
	at io.netty.channel.AbstractChannelHandlerContext.invokeChannelRead(AbstractChannelHandlerContext.java:440)
	at io.netty.channel.AbstractChannelHandlerContext.invokeChannelRead(AbstractChannelHandlerContext.java:420)
	at io.netty.channel.DefaultChannelPipeline.fireChannelRead(DefaultChannelPipeline.java:868)
	at io.netty.channel.nio.AbstractNioByteChannel$NioByteUnsafe.read(AbstractNioByteChannel.java:166)
	at io.netty.channel.nio.NioEventLoop.processSelectedKey(NioEventLoop.java:796)
	at io.netty.channel.nio.NioEventLoop.processSelectedKeysOptimized(NioEventLoop.java:732)
	at io.netty.channel.nio.NioEventLoop.processSelectedKeys(NioEventLoop.java:658)
	at io.netty.channel.nio.NioEventLoop.run(NioEventLoop.java:562)
	at io.netty.util.concurrent.SingleThreadEventExecutor$4.run(SingleThreadEventExecutor.java:998)
	at io.netty.util.internal.ThreadExecutorMap$2.run(ThreadExecutorMap.java:74)
	at io.netty.util.concurrent.FastThreadLocalRunnable.run(FastThreadLocalRunnable.java:30)
	at java.base/java.lang.Thread.run(Thread.java:1583)
Caused by: java.security.cert.CertificateException: No name matching localhost found
	at java.base/sun.security.util.HostnameChecker.matchDNS(HostnameChecker.java:229)
	at java.base/sun.security.util.HostnameChecker.match(HostnameChecker.java:103)
	at java.base/sun.security.ssl.X509TrustManagerImpl.checkIdentity(X509TrustManagerImpl.java:457)
	at java.base/sun.security.ssl.X509TrustManagerImpl.checkIdentity(X509TrustManagerImpl.java:431)
	at java.base/sun.security.ssl.X509TrustManagerImpl.checkTrusted(X509TrustManagerImpl.java:291)
	at java.base/sun.security.ssl.X509TrustManagerImpl.checkServerTrusted(X509TrustManagerImpl.java:144)
	at java.base/sun.security.ssl.CertificateMessage$T13CertificateConsumer.checkServerCerts(CertificateMessage.java:1296)
	... 31 common frames omitted
2025-09-02 22:46:41 [reactor-http-nio-2] WARN  : [6c224e98, L:/127.0.0.1:54761 ! R:localhost/127.0.0.1:4443] The connection observed an error
io.netty.handler.codec.DecoderException: javax.net.ssl.SSLHandshakeException: No name matching localhost found
	at io.netty.handler.codec.ByteToMessageDecoder.callDecode(ByteToMessageDecoder.java:500)
	at io.netty.handler.codec.ByteToMessageDecoder.channelRead(ByteToMessageDecoder.java:290)
	at io.netty.channel.AbstractChannelHandlerContext.invokeChannelRead(AbstractChannelHandlerContext.java:444)
	at io.netty.channel.AbstractChannelHandlerContext.invokeChannelRead(AbstractChannelHandlerContext.java:420)
	at io.netty.channel.AbstractChannelHandlerContext.fireChannelRead(AbstractChannelHandlerContext.java:412)
	at io.netty.channel.DefaultChannelPipeline$HeadContext.channelRead(DefaultChannelPipeline.java:1357)
	at io.netty.channel.AbstractChannelHandlerContext.invokeChannelRead(AbstractChannelHandlerContext.java:440)
	at io.netty.channel.AbstractChannelHandlerContext.invokeChannelRead(AbstractChannelHandlerContext.java:420)
	at io.netty.channel.DefaultChannelPipeline.fireChannelRead(DefaultChannelPipeline.java:868)
	at io.netty.channel.nio.AbstractNioByteChannel$NioByteUnsafe.read(AbstractNioByteChannel.java:166)
	at io.netty.channel.nio.NioEventLoop.processSelectedKey(NioEventLoop.java:796)
	at io.netty.channel.nio.NioEventLoop.processSelectedKeysOptimized(NioEventLoop.java:732)
	at io.netty.channel.nio.NioEventLoop.processSelectedKeys(NioEventLoop.java:658)
	at io.netty.channel.nio.NioEventLoop.run(NioEventLoop.java:562)
	at io.netty.util.concurrent.SingleThreadEventExecutor$4.run(SingleThreadEventExecutor.java:998)
	at io.netty.util.internal.ThreadExecutorMap$2.run(ThreadExecutorMap.java:74)
	at io.netty.util.concurrent.FastThreadLocalRunnable.run(FastThreadLocalRunnable.java:30)
	at java.base/java.lang.Thread.run(Thread.java:1583)
Caused by: javax.net.ssl.SSLHandshakeException: No name matching localhost found
	at java.base/sun.security.ssl.Alert.createSSLException(Alert.java:130)
	at java.base/sun.security.ssl.TransportContext.fatal(TransportContext.java:378)
	at java.base/sun.security.ssl.TransportContext.fatal(TransportContext.java:321)
	at java.base/sun.security.ssl.TransportContext.fatal(TransportContext.java:316)
	at java.base/sun.security.ssl.CertificateMessage$T13CertificateConsumer.checkServerCerts(CertificateMessage.java:1318)
	at java.base/sun.security.ssl.CertificateMessage$T13CertificateConsumer.onConsumeCertificate(CertificateMessage.java:1195)
	at java.base/sun.security.ssl.CertificateMessage$T13CertificateConsumer.consume(CertificateMessage.java:1138)
	at java.base/sun.security.ssl.SSLHandshake.consume(SSLHandshake.java:393)
	at java.base/sun.security.ssl.HandshakeContext.dispatch(HandshakeContext.java:476)
	at java.base/sun.security.ssl.SSLEngineImpl$DelegatedTask$DelegatedAction.run(SSLEngineImpl.java:1273)
	at java.base/sun.security.ssl.SSLEngineImpl$DelegatedTask$DelegatedAction.run(SSLEngineImpl.java:1260)
	at java.base/java.security.AccessController.doPrivileged(AccessController.java:714)
	at java.base/sun.security.ssl.SSLEngineImpl$DelegatedTask.run(SSLEngineImpl.java:1205)
	at io.netty.handler.ssl.SslHandler.runDelegatedTasks(SslHandler.java:1695)
	at io.netty.handler.ssl.SslHandler.unwrap(SslHandler.java:1541)
	at io.netty.handler.ssl.SslHandler.decodeJdkCompatible(SslHandler.java:1377)
	at io.netty.handler.ssl.SslHandler.decode(SslHandler.java:1428)
	at io.netty.handler.codec.ByteToMessageDecoder.decodeRemovalReentryProtection(ByteToMessageDecoder.java:530)
	at io.netty.handler.codec.ByteToMessageDecoder.callDecode(ByteToMessageDecoder.java:469)
	... 17 common frames omitted
Caused by: java.security.cert.CertificateException: No name matching localhost found
	at java.base/sun.security.util.HostnameChecker.matchDNS(HostnameChecker.java:229)
	at java.base/sun.security.util.HostnameChecker.match(HostnameChecker.java:103)
	at java.base/sun.security.ssl.X509TrustManagerImpl.checkIdentity(X509TrustManagerImpl.java:457)
	at java.base/sun.security.ssl.X509TrustManagerImpl.checkIdentity(X509TrustManagerImpl.java:431)
	at java.base/sun.security.ssl.X509TrustManagerImpl.checkTrusted(X509TrustManagerImpl.java:291)
	at java.base/sun.security.ssl.X509TrustManagerImpl.checkServerTrusted(X509TrustManagerImpl.java:144)
	at java.base/sun.security.ssl.CertificateMessage$T13CertificateConsumer.checkServerCerts(CertificateMessage.java:1296)
	... 31 common frames omitted
2025-09-02 22:53:07 [SpringApplicationShutdownHook] INFO  : Commencing graceful shutdown. Waiting for active requests to complete
2025-09-02 22:53:07 [tomcat-shutdown] INFO  : Graceful shutdown complete
2025-09-02 22:53:09 [SpringApplicationShutdownHook] INFO  : Closing JPA EntityManagerFactory for persistence unit 'default'
2025-09-02 22:53:09 [SpringApplicationShutdownHook] INFO  : HikariPool-1 - Shutdown initiated...
2025-09-02 22:53:09 [SpringApplicationShutdownHook] INFO  : HikariPool-1 - Shutdown completed.
2025-09-02 22:53:13 [background-preinit] INFO  : HV000001: Hibernate Validator 8.0.2.Final
2025-09-02 22:53:13 [main] INFO  : Starting ShoppingListServiceApplication using Java 21.0.2 with PID 15272 (C:\Users\kjerz\Desktop\projekty\ShoppingListService\target\classes started by kjerz in C:\Users\kjerz\Desktop\projekty\ShoppingListService)
2025-09-02 22:53:13 [main] INFO  : No active profile set, falling back to 1 default profile: "default"
2025-09-02 22:53:13 [main] INFO  : Bootstrapping Spring Data JPA repositories in DEFAULT mode.
2025-09-02 22:53:14 [main] INFO  : Finished Spring Data repository scanning in 90 ms. Found 4 JPA repository interfaces.
2025-09-02 22:53:14 [main] INFO  : Tomcat initialized with port 443 (https)
2025-09-02 22:53:14 [main] INFO  : Initializing ProtocolHandler ["https-jsse-nio-443"]
2025-09-02 22:53:14 [main] INFO  : Starting service [Tomcat]
2025-09-02 22:53:14 [main] INFO  : Starting Servlet engine: [Apache Tomcat/10.1.40]
2025-09-02 22:53:14 [main] INFO  : Initializing Spring embedded WebApplicationContext
2025-09-02 22:53:14 [main] INFO  : Root WebApplicationContext: initialization completed in 1660 ms
2025-09-02 22:53:15 [main] WARN  : Error: 1193-HY000: Unknown system variable 'WSREP_ON'
2025-09-02 22:53:15 [main] INFO  : Database: jdbc:mariadb://localhost/shopping_list_db?user=root&password=******** (MariaDB 11.7)
2025-09-02 22:53:15 [main] WARN  : Flyway upgrade recommended: MariaDB 11.7 is newer than this version of Flyway and support has not been tested. The latest supported version of MariaDB is 11.2.
2025-09-02 22:53:15 [main] INFO  : Successfully validated 1 migration (execution time 00:00.022s)
2025-09-02 22:53:15 [main] INFO  : Current version of schema `shopping_list_db`: 2
2025-09-02 22:53:15 [main] INFO  : Schema `shopping_list_db` is up to date. No migration necessary.
2025-09-02 22:53:15 [main] INFO  : HHH000204: Processing PersistenceUnitInfo [name: default]
2025-09-02 22:53:15 [main] INFO  : HHH000412: Hibernate ORM core version 6.5.2.Final
2025-09-02 22:53:15 [main] INFO  : HHH000026: Second-level cache disabled
2025-09-02 22:53:15 [main] INFO  : No LoadTimeWeaver setup: ignoring JPA class transformer
2025-09-02 22:53:15 [main] INFO  : HikariPool-1 - Starting...
2025-09-02 22:53:15 [main] INFO  : HikariPool-1 - Added connection org.mariadb.jdbc.Connection@31cddb11
2025-09-02 22:53:15 [main] INFO  : HikariPool-1 - Start completed.
2025-09-02 22:53:15 [main] WARN  : HHH90000025: MariaDBDialect does not need to be specified explicitly using 'hibernate.dialect' (remove the property setting and it will be selected by default)
2025-09-02 22:53:16 [main] INFO  : HHH000489: No JTA platform available (set 'hibernate.transaction.jta.platform' to enable JTA platform integration)
2025-09-02 22:53:16 [main] INFO  : Initialized JPA EntityManagerFactory for persistence unit 'default'
2025-09-02 22:53:17 [main] WARN  : spring.jpa.open-in-view is enabled by default. Therefore, database queries may be performed during view rendering. Explicitly configure spring.jpa.open-in-view to disable this warning
2025-09-02 22:53:17 [main] INFO  : Global AuthenticationManager configured with UserDetailsService bean with name userDetailService
2025-09-02 22:53:17 [main] INFO  : Exposing 1 endpoint beneath base path '/actuator'
2025-09-02 22:53:18 [main] INFO  : Starting ProtocolHandler ["https-jsse-nio-443"]
2025-09-02 22:53:18 [main] INFO  : Connector [https-jsse-nio-443], TLS virtual host [_default_], certificate type [UNDEFINED] configured from keystore [C:\Users\kjerz\.keystore] using alias [shoppingListKey] with trust store [null]
2025-09-02 22:53:18 [main] INFO  : Tomcat started on port 443 (https) with context path '/'
2025-09-02 22:53:18 [main] INFO  : Started ShoppingListServiceApplication in 5.393 seconds (process running for 5.664)
2025-09-02 22:55:16 [tomcat-handler-5] INFO  : Initializing Spring DispatcherServlet 'dispatcherServlet'
2025-09-02 22:55:16 [tomcat-handler-5] INFO  : Initializing Servlet 'dispatcherServlet'
2025-09-02 22:55:16 [tomcat-handler-5] INFO  : Completed initialization in 1 ms
2025-09-02 22:55:17 [reactor-http-nio-2] WARN  : [dd5cbcad, L:/192.168.0.13:54899 - R:/192.168.0.13:4443] The connection observed an error
javax.net.ssl.SSLHandshakeException: No subject alternative names matching IP address 192.168.0.13 found
	at java.base/sun.security.ssl.Alert.createSSLException(Alert.java:130)
	at java.base/sun.security.ssl.TransportContext.fatal(TransportContext.java:378)
	at java.base/sun.security.ssl.TransportContext.fatal(TransportContext.java:321)
	at java.base/sun.security.ssl.TransportContext.fatal(TransportContext.java:316)
	at java.base/sun.security.ssl.CertificateMessage$T13CertificateConsumer.checkServerCerts(CertificateMessage.java:1318)
	at java.base/sun.security.ssl.CertificateMessage$T13CertificateConsumer.onConsumeCertificate(CertificateMessage.java:1195)
	at java.base/sun.security.ssl.CertificateMessage$T13CertificateConsumer.consume(CertificateMessage.java:1138)
	at java.base/sun.security.ssl.SSLHandshake.consume(SSLHandshake.java:393)
	at java.base/sun.security.ssl.HandshakeContext.dispatch(HandshakeContext.java:476)
	at java.base/sun.security.ssl.SSLEngineImpl$DelegatedTask$DelegatedAction.run(SSLEngineImpl.java:1273)
	at java.base/sun.security.ssl.SSLEngineImpl$DelegatedTask$DelegatedAction.run(SSLEngineImpl.java:1260)
	at java.base/java.security.AccessController.doPrivileged(AccessController.java:714)
	at java.base/sun.security.ssl.SSLEngineImpl$DelegatedTask.run(SSLEngineImpl.java:1205)
	at io.netty.handler.ssl.SslHandler.runDelegatedTasks(SslHandler.java:1695)
	at io.netty.handler.ssl.SslHandler.unwrap(SslHandler.java:1541)
	at io.netty.handler.ssl.SslHandler.decodeJdkCompatible(SslHandler.java:1377)
	at io.netty.handler.ssl.SslHandler.decode(SslHandler.java:1428)
	at io.netty.handler.codec.ByteToMessageDecoder.decodeRemovalReentryProtection(ByteToMessageDecoder.java:530)
	at io.netty.handler.codec.ByteToMessageDecoder.callDecode(ByteToMessageDecoder.java:469)
	at io.netty.handler.codec.ByteToMessageDecoder.channelRead(ByteToMessageDecoder.java:290)
	at io.netty.channel.AbstractChannelHandlerContext.invokeChannelRead(AbstractChannelHandlerContext.java:444)
	at io.netty.channel.AbstractChannelHandlerContext.invokeChannelRead(AbstractChannelHandlerContext.java:420)
	at io.netty.channel.AbstractChannelHandlerContext.fireChannelRead(AbstractChannelHandlerContext.java:412)
	at io.netty.channel.DefaultChannelPipeline$HeadContext.channelRead(DefaultChannelPipeline.java:1357)
	at io.netty.channel.AbstractChannelHandlerContext.invokeChannelRead(AbstractChannelHandlerContext.java:440)
	at io.netty.channel.AbstractChannelHandlerContext.invokeChannelRead(AbstractChannelHandlerContext.java:420)
	at io.netty.channel.DefaultChannelPipeline.fireChannelRead(DefaultChannelPipeline.java:868)
	at io.netty.channel.nio.AbstractNioByteChannel$NioByteUnsafe.read(AbstractNioByteChannel.java:166)
	at io.netty.channel.nio.NioEventLoop.processSelectedKey(NioEventLoop.java:796)
	at io.netty.channel.nio.NioEventLoop.processSelectedKeysOptimized(NioEventLoop.java:732)
	at io.netty.channel.nio.NioEventLoop.processSelectedKeys(NioEventLoop.java:658)
	at io.netty.channel.nio.NioEventLoop.run(NioEventLoop.java:562)
	at io.netty.util.concurrent.SingleThreadEventExecutor$4.run(SingleThreadEventExecutor.java:998)
	at io.netty.util.internal.ThreadExecutorMap$2.run(ThreadExecutorMap.java:74)
	at io.netty.util.concurrent.FastThreadLocalRunnable.run(FastThreadLocalRunnable.java:30)
	at java.base/java.lang.Thread.run(Thread.java:1583)
Caused by: java.security.cert.CertificateException: No subject alternative names matching IP address 192.168.0.13 found
	at java.base/sun.security.util.HostnameChecker.matchIP(HostnameChecker.java:160)
	at java.base/sun.security.util.HostnameChecker.match(HostnameChecker.java:101)
	at java.base/sun.security.ssl.X509TrustManagerImpl.checkIdentity(X509TrustManagerImpl.java:457)
	at java.base/sun.security.ssl.X509TrustManagerImpl.checkIdentity(X509TrustManagerImpl.java:431)
	at java.base/sun.security.ssl.X509TrustManagerImpl.checkTrusted(X509TrustManagerImpl.java:291)
	at java.base/sun.security.ssl.X509TrustManagerImpl.checkServerTrusted(X509TrustManagerImpl.java:144)
	at java.base/sun.security.ssl.CertificateMessage$T13CertificateConsumer.checkServerCerts(CertificateMessage.java:1296)
	... 31 common frames omitted
2025-09-02 22:55:17 [reactor-http-nio-2] WARN  : [dd5cbcad, L:/192.168.0.13:54899 ! R:/192.168.0.13:4443] The connection observed an error
io.netty.handler.codec.DecoderException: javax.net.ssl.SSLHandshakeException: No subject alternative names matching IP address 192.168.0.13 found
	at io.netty.handler.codec.ByteToMessageDecoder.callDecode(ByteToMessageDecoder.java:500)
	at io.netty.handler.codec.ByteToMessageDecoder.channelRead(ByteToMessageDecoder.java:290)
	at io.netty.channel.AbstractChannelHandlerContext.invokeChannelRead(AbstractChannelHandlerContext.java:444)
	at io.netty.channel.AbstractChannelHandlerContext.invokeChannelRead(AbstractChannelHandlerContext.java:420)
	at io.netty.channel.AbstractChannelHandlerContext.fireChannelRead(AbstractChannelHandlerContext.java:412)
	at io.netty.channel.DefaultChannelPipeline$HeadContext.channelRead(DefaultChannelPipeline.java:1357)
	at io.netty.channel.AbstractChannelHandlerContext.invokeChannelRead(AbstractChannelHandlerContext.java:440)
	at io.netty.channel.AbstractChannelHandlerContext.invokeChannelRead(AbstractChannelHandlerContext.java:420)
	at io.netty.channel.DefaultChannelPipeline.fireChannelRead(DefaultChannelPipeline.java:868)
	at io.netty.channel.nio.AbstractNioByteChannel$NioByteUnsafe.read(AbstractNioByteChannel.java:166)
	at io.netty.channel.nio.NioEventLoop.processSelectedKey(NioEventLoop.java:796)
	at io.netty.channel.nio.NioEventLoop.processSelectedKeysOptimized(NioEventLoop.java:732)
	at io.netty.channel.nio.NioEventLoop.processSelectedKeys(NioEventLoop.java:658)
	at io.netty.channel.nio.NioEventLoop.run(NioEventLoop.java:562)
	at io.netty.util.concurrent.SingleThreadEventExecutor$4.run(SingleThreadEventExecutor.java:998)
	at io.netty.util.internal.ThreadExecutorMap$2.run(ThreadExecutorMap.java:74)
	at io.netty.util.concurrent.FastThreadLocalRunnable.run(FastThreadLocalRunnable.java:30)
	at java.base/java.lang.Thread.run(Thread.java:1583)
Caused by: javax.net.ssl.SSLHandshakeException: No subject alternative names matching IP address 192.168.0.13 found
	at java.base/sun.security.ssl.Alert.createSSLException(Alert.java:130)
	at java.base/sun.security.ssl.TransportContext.fatal(TransportContext.java:378)
	at java.base/sun.security.ssl.TransportContext.fatal(TransportContext.java:321)
	at java.base/sun.security.ssl.TransportContext.fatal(TransportContext.java:316)
	at java.base/sun.security.ssl.CertificateMessage$T13CertificateConsumer.checkServerCerts(CertificateMessage.java:1318)
	at java.base/sun.security.ssl.CertificateMessage$T13CertificateConsumer.onConsumeCertificate(CertificateMessage.java:1195)
	at java.base/sun.security.ssl.CertificateMessage$T13CertificateConsumer.consume(CertificateMessage.java:1138)
	at java.base/sun.security.ssl.SSLHandshake.consume(SSLHandshake.java:393)
	at java.base/sun.security.ssl.HandshakeContext.dispatch(HandshakeContext.java:476)
	at java.base/sun.security.ssl.SSLEngineImpl$DelegatedTask$DelegatedAction.run(SSLEngineImpl.java:1273)
	at java.base/sun.security.ssl.SSLEngineImpl$DelegatedTask$DelegatedAction.run(SSLEngineImpl.java:1260)
	at java.base/java.security.AccessController.doPrivileged(AccessController.java:714)
	at java.base/sun.security.ssl.SSLEngineImpl$DelegatedTask.run(SSLEngineImpl.java:1205)
	at io.netty.handler.ssl.SslHandler.runDelegatedTasks(SslHandler.java:1695)
	at io.netty.handler.ssl.SslHandler.unwrap(SslHandler.java:1541)
	at io.netty.handler.ssl.SslHandler.decodeJdkCompatible(SslHandler.java:1377)
	at io.netty.handler.ssl.SslHandler.decode(SslHandler.java:1428)
	at io.netty.handler.codec.ByteToMessageDecoder.decodeRemovalReentryProtection(ByteToMessageDecoder.java:530)
	at io.netty.handler.codec.ByteToMessageDecoder.callDecode(ByteToMessageDecoder.java:469)
	... 17 common frames omitted
Caused by: java.security.cert.CertificateException: No subject alternative names matching IP address 192.168.0.13 found
	at java.base/sun.security.util.HostnameChecker.matchIP(HostnameChecker.java:160)
	at java.base/sun.security.util.HostnameChecker.match(HostnameChecker.java:101)
	at java.base/sun.security.ssl.X509TrustManagerImpl.checkIdentity(X509TrustManagerImpl.java:457)
	at java.base/sun.security.ssl.X509TrustManagerImpl.checkIdentity(X509TrustManagerImpl.java:431)
	at java.base/sun.security.ssl.X509TrustManagerImpl.checkTrusted(X509TrustManagerImpl.java:291)
	at java.base/sun.security.ssl.X509TrustManagerImpl.checkServerTrusted(X509TrustManagerImpl.java:144)
	at java.base/sun.security.ssl.CertificateMessage$T13CertificateConsumer.checkServerCerts(CertificateMessage.java:1296)
	... 31 common frames omitted
2025-09-02 22:55:59 [SpringApplicationShutdownHook] INFO  : Commencing graceful shutdown. Waiting for active requests to complete
2025-09-02 22:55:59 [tomcat-shutdown] INFO  : Graceful shutdown complete
2025-09-02 22:56:01 [SpringApplicationShutdownHook] INFO  : Closing JPA EntityManagerFactory for persistence unit 'default'
2025-09-02 22:56:01 [SpringApplicationShutdownHook] INFO  : HikariPool-1 - Shutdown initiated...
2025-09-02 22:56:01 [SpringApplicationShutdownHook] INFO  : HikariPool-1 - Shutdown completed.
2025-09-02 22:56:23 [background-preinit] INFO  : HV000001: Hibernate Validator 8.0.2.Final
2025-09-02 22:56:23 [main] INFO  : Starting ShoppingListServiceApplication using Java 21.0.2 with PID 24256 (C:\Users\kjerz\Desktop\projekty\ShoppingListService\target\classes started by kjerz in C:\Users\kjerz\Desktop\projekty\ShoppingListService)
2025-09-02 22:56:23 [main] INFO  : No active profile set, falling back to 1 default profile: "default"
2025-09-02 22:56:24 [main] INFO  : Bootstrapping Spring Data JPA repositories in DEFAULT mode.
2025-09-02 22:56:24 [main] INFO  : Finished Spring Data repository scanning in 96 ms. Found 4 JPA repository interfaces.
2025-09-02 22:56:25 [main] INFO  : Tomcat initialized with port 443 (https)
2025-09-02 22:56:25 [main] INFO  : Initializing ProtocolHandler ["https-jsse-nio-443"]
2025-09-02 22:56:25 [main] INFO  : Starting service [Tomcat]
2025-09-02 22:56:25 [main] INFO  : Starting Servlet engine: [Apache Tomcat/10.1.40]
2025-09-02 22:56:25 [main] INFO  : Initializing Spring embedded WebApplicationContext
2025-09-02 22:56:25 [main] INFO  : Root WebApplicationContext: initialization completed in 1596 ms
2025-09-02 22:56:25 [main] WARN  : Error: 1193-HY000: Unknown system variable 'WSREP_ON'
2025-09-02 22:56:25 [main] INFO  : Database: jdbc:mariadb://localhost/shopping_list_db?user=root&password=******** (MariaDB 11.7)
2025-09-02 22:56:25 [main] WARN  : Flyway upgrade recommended: MariaDB 11.7 is newer than this version of Flyway and support has not been tested. The latest supported version of MariaDB is 11.2.
2025-09-02 22:56:25 [main] INFO  : Successfully validated 1 migration (execution time 00:00.015s)
2025-09-02 22:56:25 [main] INFO  : Current version of schema `shopping_list_db`: 2
2025-09-02 22:56:25 [main] INFO  : Schema `shopping_list_db` is up to date. No migration necessary.
2025-09-02 22:56:26 [main] INFO  : HHH000204: Processing PersistenceUnitInfo [name: default]
2025-09-02 22:56:26 [main] INFO  : HHH000412: Hibernate ORM core version 6.5.2.Final
2025-09-02 22:56:26 [main] INFO  : HHH000026: Second-level cache disabled
2025-09-02 22:56:26 [main] INFO  : No LoadTimeWeaver setup: ignoring JPA class transformer
2025-09-02 22:56:26 [main] INFO  : HikariPool-1 - Starting...
2025-09-02 22:56:26 [main] INFO  : HikariPool-1 - Added connection org.mariadb.jdbc.Connection@48da5106
2025-09-02 22:56:26 [main] INFO  : HikariPool-1 - Start completed.
2025-09-02 22:56:26 [main] WARN  : HHH90000025: MariaDBDialect does not need to be specified explicitly using 'hibernate.dialect' (remove the property setting and it will be selected by default)
2025-09-02 22:56:26 [main] INFO  : HHH000489: No JTA platform available (set 'hibernate.transaction.jta.platform' to enable JTA platform integration)
2025-09-02 22:56:26 [main] INFO  : Initialized JPA EntityManagerFactory for persistence unit 'default'
2025-09-02 22:56:27 [main] WARN  : spring.jpa.open-in-view is enabled by default. Therefore, database queries may be performed during view rendering. Explicitly configure spring.jpa.open-in-view to disable this warning
2025-09-02 22:56:27 [main] INFO  : Global AuthenticationManager configured with UserDetailsService bean with name userDetailService
2025-09-02 22:56:28 [main] INFO  : Exposing 1 endpoint beneath base path '/actuator'
2025-09-02 22:56:28 [main] INFO  : Starting ProtocolHandler ["https-jsse-nio-443"]
2025-09-02 22:56:28 [main] INFO  : Connector [https-jsse-nio-443], TLS virtual host [_default_], certificate type [UNDEFINED] configured from keystore [C:\Users\kjerz\.keystore] using alias [shoppingListKey] with trust store [null]
2025-09-02 22:56:28 [main] INFO  : Tomcat started on port 443 (https) with context path '/'
2025-09-02 22:56:28 [main] INFO  : Started ShoppingListServiceApplication in 5.187 seconds (process running for 5.46)
2025-09-02 22:57:07 [tomcat-handler-5] INFO  : Initializing Spring DispatcherServlet 'dispatcherServlet'
2025-09-02 22:57:07 [tomcat-handler-5] INFO  : Initializing Servlet 'dispatcherServlet'
2025-09-02 22:57:07 [tomcat-handler-5] INFO  : Completed initialization in 1 ms
2025-09-02 22:57:08 [reactor-http-nio-2] WARN  : [bfc4c6e3, L:/127.0.0.1:54942 - R:localhost/127.0.0.1:4443] The connection observed an error
javax.net.ssl.SSLHandshakeException: No name matching localhost found
	at java.base/sun.security.ssl.Alert.createSSLException(Alert.java:130)
	at java.base/sun.security.ssl.TransportContext.fatal(TransportContext.java:378)
	at java.base/sun.security.ssl.TransportContext.fatal(TransportContext.java:321)
	at java.base/sun.security.ssl.TransportContext.fatal(TransportContext.java:316)
	at java.base/sun.security.ssl.CertificateMessage$T13CertificateConsumer.checkServerCerts(CertificateMessage.java:1318)
	at java.base/sun.security.ssl.CertificateMessage$T13CertificateConsumer.onConsumeCertificate(CertificateMessage.java:1195)
	at java.base/sun.security.ssl.CertificateMessage$T13CertificateConsumer.consume(CertificateMessage.java:1138)
	at java.base/sun.security.ssl.SSLHandshake.consume(SSLHandshake.java:393)
	at java.base/sun.security.ssl.HandshakeContext.dispatch(HandshakeContext.java:476)
	at java.base/sun.security.ssl.SSLEngineImpl$DelegatedTask$DelegatedAction.run(SSLEngineImpl.java:1273)
	at java.base/sun.security.ssl.SSLEngineImpl$DelegatedTask$DelegatedAction.run(SSLEngineImpl.java:1260)
	at java.base/java.security.AccessController.doPrivileged(AccessController.java:714)
	at java.base/sun.security.ssl.SSLEngineImpl$DelegatedTask.run(SSLEngineImpl.java:1205)
	at io.netty.handler.ssl.SslHandler.runDelegatedTasks(SslHandler.java:1695)
	at io.netty.handler.ssl.SslHandler.unwrap(SslHandler.java:1541)
	at io.netty.handler.ssl.SslHandler.decodeJdkCompatible(SslHandler.java:1377)
	at io.netty.handler.ssl.SslHandler.decode(SslHandler.java:1428)
	at io.netty.handler.codec.ByteToMessageDecoder.decodeRemovalReentryProtection(ByteToMessageDecoder.java:530)
	at io.netty.handler.codec.ByteToMessageDecoder.callDecode(ByteToMessageDecoder.java:469)
	at io.netty.handler.codec.ByteToMessageDecoder.channelRead(ByteToMessageDecoder.java:290)
	at io.netty.channel.AbstractChannelHandlerContext.invokeChannelRead(AbstractChannelHandlerContext.java:444)
	at io.netty.channel.AbstractChannelHandlerContext.invokeChannelRead(AbstractChannelHandlerContext.java:420)
	at io.netty.channel.AbstractChannelHandlerContext.fireChannelRead(AbstractChannelHandlerContext.java:412)
	at io.netty.channel.DefaultChannelPipeline$HeadContext.channelRead(DefaultChannelPipeline.java:1357)
	at io.netty.channel.AbstractChannelHandlerContext.invokeChannelRead(AbstractChannelHandlerContext.java:440)
	at io.netty.channel.AbstractChannelHandlerContext.invokeChannelRead(AbstractChannelHandlerContext.java:420)
	at io.netty.channel.DefaultChannelPipeline.fireChannelRead(DefaultChannelPipeline.java:868)
	at io.netty.channel.nio.AbstractNioByteChannel$NioByteUnsafe.read(AbstractNioByteChannel.java:166)
	at io.netty.channel.nio.NioEventLoop.processSelectedKey(NioEventLoop.java:796)
	at io.netty.channel.nio.NioEventLoop.processSelectedKeysOptimized(NioEventLoop.java:732)
	at io.netty.channel.nio.NioEventLoop.processSelectedKeys(NioEventLoop.java:658)
	at io.netty.channel.nio.NioEventLoop.run(NioEventLoop.java:562)
	at io.netty.util.concurrent.SingleThreadEventExecutor$4.run(SingleThreadEventExecutor.java:998)
	at io.netty.util.internal.ThreadExecutorMap$2.run(ThreadExecutorMap.java:74)
	at io.netty.util.concurrent.FastThreadLocalRunnable.run(FastThreadLocalRunnable.java:30)
	at java.base/java.lang.Thread.run(Thread.java:1583)
Caused by: java.security.cert.CertificateException: No name matching localhost found
	at java.base/sun.security.util.HostnameChecker.matchDNS(HostnameChecker.java:229)
	at java.base/sun.security.util.HostnameChecker.match(HostnameChecker.java:103)
	at java.base/sun.security.ssl.X509TrustManagerImpl.checkIdentity(X509TrustManagerImpl.java:457)
	at java.base/sun.security.ssl.X509TrustManagerImpl.checkIdentity(X509TrustManagerImpl.java:431)
	at java.base/sun.security.ssl.X509TrustManagerImpl.checkTrusted(X509TrustManagerImpl.java:291)
	at java.base/sun.security.ssl.X509TrustManagerImpl.checkServerTrusted(X509TrustManagerImpl.java:144)
	at java.base/sun.security.ssl.CertificateMessage$T13CertificateConsumer.checkServerCerts(CertificateMessage.java:1296)
	... 31 common frames omitted
2025-09-02 22:57:08 [reactor-http-nio-2] WARN  : [bfc4c6e3, L:/127.0.0.1:54942 ! R:localhost/127.0.0.1:4443] The connection observed an error
io.netty.handler.codec.DecoderException: javax.net.ssl.SSLHandshakeException: No name matching localhost found
	at io.netty.handler.codec.ByteToMessageDecoder.callDecode(ByteToMessageDecoder.java:500)
	at io.netty.handler.codec.ByteToMessageDecoder.channelRead(ByteToMessageDecoder.java:290)
	at io.netty.channel.AbstractChannelHandlerContext.invokeChannelRead(AbstractChannelHandlerContext.java:444)
	at io.netty.channel.AbstractChannelHandlerContext.invokeChannelRead(AbstractChannelHandlerContext.java:420)
	at io.netty.channel.AbstractChannelHandlerContext.fireChannelRead(AbstractChannelHandlerContext.java:412)
	at io.netty.channel.DefaultChannelPipeline$HeadContext.channelRead(DefaultChannelPipeline.java:1357)
	at io.netty.channel.AbstractChannelHandlerContext.invokeChannelRead(AbstractChannelHandlerContext.java:440)
	at io.netty.channel.AbstractChannelHandlerContext.invokeChannelRead(AbstractChannelHandlerContext.java:420)
	at io.netty.channel.DefaultChannelPipeline.fireChannelRead(DefaultChannelPipeline.java:868)
	at io.netty.channel.nio.AbstractNioByteChannel$NioByteUnsafe.read(AbstractNioByteChannel.java:166)
	at io.netty.channel.nio.NioEventLoop.processSelectedKey(NioEventLoop.java:796)
	at io.netty.channel.nio.NioEventLoop.processSelectedKeysOptimized(NioEventLoop.java:732)
	at io.netty.channel.nio.NioEventLoop.processSelectedKeys(NioEventLoop.java:658)
	at io.netty.channel.nio.NioEventLoop.run(NioEventLoop.java:562)
	at io.netty.util.concurrent.SingleThreadEventExecutor$4.run(SingleThreadEventExecutor.java:998)
	at io.netty.util.internal.ThreadExecutorMap$2.run(ThreadExecutorMap.java:74)
	at io.netty.util.concurrent.FastThreadLocalRunnable.run(FastThreadLocalRunnable.java:30)
	at java.base/java.lang.Thread.run(Thread.java:1583)
Caused by: javax.net.ssl.SSLHandshakeException: No name matching localhost found
	at java.base/sun.security.ssl.Alert.createSSLException(Alert.java:130)
	at java.base/sun.security.ssl.TransportContext.fatal(TransportContext.java:378)
	at java.base/sun.security.ssl.TransportContext.fatal(TransportContext.java:321)
	at java.base/sun.security.ssl.TransportContext.fatal(TransportContext.java:316)
	at java.base/sun.security.ssl.CertificateMessage$T13CertificateConsumer.checkServerCerts(CertificateMessage.java:1318)
	at java.base/sun.security.ssl.CertificateMessage$T13CertificateConsumer.onConsumeCertificate(CertificateMessage.java:1195)
	at java.base/sun.security.ssl.CertificateMessage$T13CertificateConsumer.consume(CertificateMessage.java:1138)
	at java.base/sun.security.ssl.SSLHandshake.consume(SSLHandshake.java:393)
	at java.base/sun.security.ssl.HandshakeContext.dispatch(HandshakeContext.java:476)
	at java.base/sun.security.ssl.SSLEngineImpl$DelegatedTask$DelegatedAction.run(SSLEngineImpl.java:1273)
	at java.base/sun.security.ssl.SSLEngineImpl$DelegatedTask$DelegatedAction.run(SSLEngineImpl.java:1260)
	at java.base/java.security.AccessController.doPrivileged(AccessController.java:714)
	at java.base/sun.security.ssl.SSLEngineImpl$DelegatedTask.run(SSLEngineImpl.java:1205)
	at io.netty.handler.ssl.SslHandler.runDelegatedTasks(SslHandler.java:1695)
	at io.netty.handler.ssl.SslHandler.unwrap(SslHandler.java:1541)
	at io.netty.handler.ssl.SslHandler.decodeJdkCompatible(SslHandler.java:1377)
	at io.netty.handler.ssl.SslHandler.decode(SslHandler.java:1428)
	at io.netty.handler.codec.ByteToMessageDecoder.decodeRemovalReentryProtection(ByteToMessageDecoder.java:530)
	at io.netty.handler.codec.ByteToMessageDecoder.callDecode(ByteToMessageDecoder.java:469)
	... 17 common frames omitted
Caused by: java.security.cert.CertificateException: No name matching localhost found
	at java.base/sun.security.util.HostnameChecker.matchDNS(HostnameChecker.java:229)
	at java.base/sun.security.util.HostnameChecker.match(HostnameChecker.java:103)
	at java.base/sun.security.ssl.X509TrustManagerImpl.checkIdentity(X509TrustManagerImpl.java:457)
	at java.base/sun.security.ssl.X509TrustManagerImpl.checkIdentity(X509TrustManagerImpl.java:431)
	at java.base/sun.security.ssl.X509TrustManagerImpl.checkTrusted(X509TrustManagerImpl.java:291)
	at java.base/sun.security.ssl.X509TrustManagerImpl.checkServerTrusted(X509TrustManagerImpl.java:144)
	at java.base/sun.security.ssl.CertificateMessage$T13CertificateConsumer.checkServerCerts(CertificateMessage.java:1296)
	... 31 common frames omitted
2025-09-02 23:02:18 [SpringApplicationShutdownHook] INFO  : Commencing graceful shutdown. Waiting for active requests to complete
2025-09-02 23:02:18 [tomcat-shutdown] INFO  : Graceful shutdown complete
2025-09-02 23:02:20 [SpringApplicationShutdownHook] INFO  : Closing JPA EntityManagerFactory for persistence unit 'default'
2025-09-02 23:02:20 [SpringApplicationShutdownHook] INFO  : HikariPool-1 - Shutdown initiated...
2025-09-02 23:02:20 [SpringApplicationShutdownHook] INFO  : HikariPool-1 - Shutdown completed.
