2026-03-20 21:11:06 [background-preinit] INFO  : HV000001: Hibernate Validator 8.0.2.Final
2026-03-20 21:11:06 [main] INFO  : Starting ShoppingListServiceApplication using Java 21.0.3 with PID 15344 (C:\Users\kjerz\Desktop\programy programowanie\projekty\ShoppingListService\target\classes started by kjerz in C:\Users\kjerz\Desktop\programy programowanie\projekty\ShoppingListService)
2026-03-20 21:11:06 [main] INFO  : The following 1 profile is active: "dev"
2026-03-20 21:11:08 [main] INFO  : Bootstrapping Spring Data JPA repositories in DEFAULT mode.
2026-03-20 21:11:08 [main] INFO  : Finished Spring Data repository scanning in 171 ms. Found 3 JPA repository interfaces.
2026-03-20 21:11:09 [main] INFO  : Tomcat initialized with port 5443 (http)
2026-03-20 21:11:09 [main] INFO  : Initializing ProtocolHandler ["http-nio-5443"]
2026-03-20 21:11:09 [main] INFO  : Starting service [Tomcat]
2026-03-20 21:11:09 [main] INFO  : Starting Servlet engine: [Apache Tomcat/10.1.40]
2026-03-20 21:11:09 [main] INFO  : Initializing Spring embedded WebApplicationContext
2026-03-20 21:11:09 [main] INFO  : Root WebApplicationContext: initialization completed in 2872 ms
2026-03-20 21:11:10 [main] WARN  : Error: 1193-HY000: Unknown system variable 'WSREP_ON'
2026-03-20 21:11:10 [main] INFO  : Database: jdbc:mariadb://localhost/shopping_list_db?user=root&password=******** (MariaDB 11.7)
2026-03-20 21:11:10 [main] WARN  : Flyway upgrade recommended: MariaDB 11.7 is newer than this version of Flyway and support has not been tested. The latest supported version of MariaDB is 11.2.
2026-03-20 21:11:10 [main] INFO  : Successfully validated 1 migration (execution time 00:00.040s)
2026-03-20 21:11:10 [main] INFO  : Current version of schema `shopping_list_db`: 1
2026-03-20 21:11:10 [main] INFO  : Schema `shopping_list_db` is up to date. No migration necessary.
2026-03-20 21:11:11 [main] INFO  : HHH000204: Processing PersistenceUnitInfo [name: default]
2026-03-20 21:11:11 [main] INFO  : HHH000412: Hibernate ORM core version 6.5.2.Final
2026-03-20 21:11:11 [main] INFO  : HHH000026: Second-level cache disabled
2026-03-20 21:11:11 [main] INFO  : No LoadTimeWeaver setup: ignoring JPA class transformer
2026-03-20 21:11:11 [main] INFO  : HikariPool-1 - Starting...
2026-03-20 21:11:11 [main] INFO  : HikariPool-1 - Added connection org.mariadb.jdbc.Connection@7ce760af
2026-03-20 21:11:11 [main] INFO  : HikariPool-1 - Start completed.
2026-03-20 21:11:11 [main] WARN  : HHH90000025: MariaDBDialect does not need to be specified explicitly using 'hibernate.dialect' (remove the property setting and it will be selected by default)
2026-03-20 21:11:13 [main] INFO  : HHH000489: No JTA platform available (set 'hibernate.transaction.jta.platform' to enable JTA platform integration)
2026-03-20 21:11:13 [main] INFO  : Initialized JPA EntityManagerFactory for persistence unit 'default'
2026-03-20 21:11:14 [main] WARN  : spring.jpa.open-in-view is enabled by default. Therefore, database queries may be performed during view rendering. Explicitly configure spring.jpa.open-in-view to disable this warning
2026-03-20 21:11:14 [main] INFO  : Global AuthenticationManager configured with AuthenticationProvider bean with name jwtAuthenticationProvider
2026-03-20 21:11:15 [main] INFO  : Exposing 0 endpoints beneath base path '/actuator'
2026-03-20 21:11:18 [main] INFO  : Starting ProtocolHandler ["http-nio-5443"]
2026-03-20 21:11:18 [main] INFO  : Tomcat started on port 5443 (http) with context path '/'
2026-03-20 21:11:19 [main] INFO  : Started ShoppingListServiceApplication in 12.63 seconds (process running for 13.671)
2026-03-20 22:18:36 [SpringApplicationShutdownHook] INFO  : Commencing graceful shutdown. Waiting for active requests to complete
2026-03-20 22:18:36 [tomcat-shutdown] INFO  : Graceful shutdown complete
2026-03-20 22:18:36 [SpringApplicationShutdownHook] INFO  : Closing JPA EntityManagerFactory for persistence unit 'default'
2026-03-20 22:18:36 [SpringApplicationShutdownHook] INFO  : HikariPool-1 - Shutdown initiated...
2026-03-20 22:18:36 [SpringApplicationShutdownHook] INFO  : HikariPool-1 - Shutdown completed.
2026-03-20 22:19:10 [background-preinit] INFO  : HV000001: Hibernate Validator 8.0.2.Final
2026-03-20 22:19:10 [main] INFO  : Starting ShoppingListServiceApplication using Java 21.0.3 with PID 2776 (C:\Users\kjerz\Desktop\programy programowanie\projekty\ShoppingListService\target\classes started by kjerz in C:\Users\kjerz\Desktop\programy programowanie\projekty\ShoppingListService)
2026-03-20 22:19:10 [main] INFO  : The following 1 profile is active: "dev"
2026-03-20 22:19:12 [main] INFO  : Bootstrapping Spring Data JPA repositories in DEFAULT mode.
2026-03-20 22:19:12 [main] INFO  : Finished Spring Data repository scanning in 249 ms. Found 3 JPA repository interfaces.
2026-03-20 22:19:14 [main] INFO  : Tomcat initialized with port 5443 (http)
2026-03-20 22:19:14 [main] INFO  : Initializing ProtocolHandler ["http-nio-5443"]
2026-03-20 22:19:14 [main] INFO  : Starting service [Tomcat]
2026-03-20 22:19:14 [main] INFO  : Starting Servlet engine: [Apache Tomcat/10.1.40]
2026-03-20 22:19:15 [main] INFO  : Initializing Spring embedded WebApplicationContext
2026-03-20 22:19:15 [main] INFO  : Root WebApplicationContext: initialization completed in 4238 ms
2026-03-20 22:19:16 [main] WARN  : Error: 1193-HY000: Unknown system variable 'WSREP_ON'
2026-03-20 22:19:16 [main] INFO  : Database: jdbc:mariadb://localhost/shopping_list_db?user=root&password=******** (MariaDB 11.7)
2026-03-20 22:19:16 [main] WARN  : Flyway upgrade recommended: MariaDB 11.7 is newer than this version of Flyway and support has not been tested. The latest supported version of MariaDB is 11.2.
2026-03-20 22:19:16 [main] INFO  : Successfully validated 1 migration (execution time 00:00.048s)
2026-03-20 22:19:16 [main] INFO  : Current version of schema `shopping_list_db`: 1
2026-03-20 22:19:16 [main] INFO  : Schema `shopping_list_db` is up to date. No migration necessary.
2026-03-20 22:19:16 [main] INFO  : HHH000204: Processing PersistenceUnitInfo [name: default]
2026-03-20 22:19:16 [main] INFO  : HHH000412: Hibernate ORM core version 6.5.2.Final
2026-03-20 22:19:16 [main] INFO  : HHH000026: Second-level cache disabled
2026-03-20 22:19:17 [main] INFO  : No LoadTimeWeaver setup: ignoring JPA class transformer
2026-03-20 22:19:17 [main] INFO  : HikariPool-1 - Starting...
2026-03-20 22:19:17 [main] INFO  : HikariPool-1 - Added connection org.mariadb.jdbc.Connection@7ce760af
2026-03-20 22:19:17 [main] INFO  : HikariPool-1 - Start completed.
2026-03-20 22:19:17 [main] WARN  : HHH90000025: MariaDBDialect does not need to be specified explicitly using 'hibernate.dialect' (remove the property setting and it will be selected by default)
2026-03-20 22:19:20 [main] INFO  : HHH000489: No JTA platform available (set 'hibernate.transaction.jta.platform' to enable JTA platform integration)
2026-03-20 22:19:20 [main] INFO  : Initialized JPA EntityManagerFactory for persistence unit 'default'
2026-03-20 22:19:21 [main] WARN  : spring.jpa.open-in-view is enabled by default. Therefore, database queries may be performed during view rendering. Explicitly configure spring.jpa.open-in-view to disable this warning
2026-03-20 22:19:22 [main] INFO  : Global AuthenticationManager configured with AuthenticationProvider bean with name jwtAuthenticationProvider
2026-03-20 22:19:22 [main] INFO  : Exposing 0 endpoints beneath base path '/actuator'
2026-03-20 22:19:23 [main] INFO  : Starting ProtocolHandler ["http-nio-5443"]
2026-03-20 22:19:24 [main] INFO  : Tomcat started on port 5443 (http) with context path '/'
2026-03-20 22:19:24 [main] INFO  : Started ShoppingListServiceApplication in 14.121 seconds (process running for 14.779)
2026-03-20 22:25:15 [SpringApplicationShutdownHook] INFO  : Commencing graceful shutdown. Waiting for active requests to complete
2026-03-20 22:25:15 [tomcat-shutdown] INFO  : Graceful shutdown complete
2026-03-20 22:25:15 [SpringApplicationShutdownHook] INFO  : Closing JPA EntityManagerFactory for persistence unit 'default'
2026-03-20 22:25:15 [SpringApplicationShutdownHook] INFO  : HikariPool-1 - Shutdown initiated...
2026-03-20 22:25:15 [SpringApplicationShutdownHook] INFO  : HikariPool-1 - Shutdown completed.
2026-03-20 22:25:19 [background-preinit] INFO  : HV000001: Hibernate Validator 8.0.2.Final
2026-03-20 22:25:19 [main] INFO  : Starting ShoppingListServiceApplication using Java 21.0.3 with PID 10784 (C:\Users\kjerz\Desktop\programy programowanie\projekty\ShoppingListService\target\classes started by kjerz in C:\Users\kjerz\Desktop\programy programowanie\projekty\ShoppingListService)
2026-03-20 22:25:19 [main] INFO  : The following 1 profile is active: "dev"
2026-03-20 22:25:20 [main] INFO  : Bootstrapping Spring Data JPA repositories in DEFAULT mode.
2026-03-20 22:25:21 [main] INFO  : Finished Spring Data repository scanning in 176 ms. Found 3 JPA repository interfaces.
2026-03-20 22:25:22 [main] INFO  : Tomcat initialized with port 5443 (http)
2026-03-20 22:25:22 [main] INFO  : Initializing ProtocolHandler ["http-nio-5443"]
2026-03-20 22:25:22 [main] INFO  : Starting service [Tomcat]
2026-03-20 22:25:22 [main] INFO  : Starting Servlet engine: [Apache Tomcat/10.1.40]
2026-03-20 22:25:22 [main] INFO  : Initializing Spring embedded WebApplicationContext
2026-03-20 22:25:22 [main] INFO  : Root WebApplicationContext: initialization completed in 3376 ms
2026-03-20 22:25:24 [main] WARN  : Error: 1193-HY000: Unknown system variable 'WSREP_ON'
2026-03-20 22:25:24 [main] INFO  : Database: jdbc:mariadb://localhost/shopping_list_db?user=root&password=******** (MariaDB 11.7)
2026-03-20 22:25:24 [main] WARN  : Flyway upgrade recommended: MariaDB 11.7 is newer than this version of Flyway and support has not been tested. The latest supported version of MariaDB is 11.2.
2026-03-20 22:25:24 [main] INFO  : Successfully validated 1 migration (execution time 00:00.032s)
2026-03-20 22:25:24 [main] INFO  : Current version of schema `shopping_list_db`: 1
2026-03-20 22:25:24 [main] INFO  : Schema `shopping_list_db` is up to date. No migration necessary.
2026-03-20 22:25:24 [main] INFO  : HHH000204: Processing PersistenceUnitInfo [name: default]
2026-03-20 22:25:24 [main] INFO  : HHH000412: Hibernate ORM core version 6.5.2.Final
2026-03-20 22:25:24 [main] INFO  : HHH000026: Second-level cache disabled
2026-03-20 22:25:25 [main] INFO  : No LoadTimeWeaver setup: ignoring JPA class transformer
2026-03-20 22:25:25 [main] INFO  : HikariPool-1 - Starting...
2026-03-20 22:25:25 [main] INFO  : HikariPool-1 - Added connection org.mariadb.jdbc.Connection@c14bbab
2026-03-20 22:25:25 [main] INFO  : HikariPool-1 - Start completed.
2026-03-20 22:25:25 [main] WARN  : HHH90000025: MariaDBDialect does not need to be specified explicitly using 'hibernate.dialect' (remove the property setting and it will be selected by default)
2026-03-20 22:25:27 [main] INFO  : HHH000489: No JTA platform available (set 'hibernate.transaction.jta.platform' to enable JTA platform integration)
2026-03-20 22:25:27 [main] INFO  : Initialized JPA EntityManagerFactory for persistence unit 'default'
2026-03-20 22:25:29 [main] WARN  : spring.jpa.open-in-view is enabled by default. Therefore, database queries may be performed during view rendering. Explicitly configure spring.jpa.open-in-view to disable this warning
2026-03-20 22:25:30 [main] INFO  : Global AuthenticationManager configured with AuthenticationProvider bean with name jwtAuthenticationProvider
2026-03-20 22:25:31 [main] INFO  : Exposing 0 endpoints beneath base path '/actuator'
2026-03-20 22:25:32 [main] INFO  : Starting ProtocolHandler ["http-nio-5443"]
2026-03-20 22:25:32 [main] INFO  : Tomcat started on port 5443 (http) with context path '/'
2026-03-20 22:25:32 [main] INFO  : Started ShoppingListServiceApplication in 14.019 seconds (process running for 14.59)
2026-03-20 22:28:45 [tomcat-handler-0] INFO  : Initializing Spring DispatcherServlet 'dispatcherServlet'
2026-03-20 22:28:45 [tomcat-handler-0] INFO  : Initializing Servlet 'dispatcherServlet'
2026-03-20 22:28:45 [tomcat-handler-0] INFO  : Completed initialization in 1 ms
2026-03-20 22:28:55 [reactor-http-nio-2] WARN  : [c4feff05-1, L:/127.0.0.1:5085 - R:localhost/127.0.0.1:4443] The connection observed an error
io.netty.handler.timeout.ReadTimeoutException: null
2026-03-20 22:28:55 [reactor-http-nio-3] WARN  : [2fa63eaf-1, L:/127.0.0.1:5087 - R:localhost/127.0.0.1:4443] The connection observed an error
io.netty.handler.timeout.ReadTimeoutException: null
2026-03-20 22:29:20 [tomcat-handler-2] INFO  : New session connected: 675449fb-d5ac-538f-a9e8-14642da8dcff, user: t1
2026-03-20 22:29:20 [tomcat-handler-3] INFO  : New message from user: t1
2026-03-20 22:29:20 [tomcat-handler-3] INFO  : End of message processing - session: 675449fb-d5ac-538f-a9e8-14642da8dcff from: t1
2026-03-20 22:29:20 [tomcat-handler-4] INFO  : New session connected: 444d50de-ba9d-4075-2d06-71a108a18b00, user: t1
2026-03-20 22:29:20 [tomcat-handler-5] INFO  : New message from user: t1
2026-03-20 22:29:20 [tomcat-handler-5] INFO  : End of message processing - session: 444d50de-ba9d-4075-2d06-71a108a18b00 from: t1
2026-03-20 22:29:20 [tomcat-handler-6] INFO  : New message from user: t1
2026-03-20 22:29:20 [tomcat-handler-6] INFO  : End of message processing - session: 444d50de-ba9d-4075-2d06-71a108a18b00 from: t1
2026-03-20 22:29:20 [tomcat-handler-7] INFO  : New message from user: t1
2026-03-20 22:29:20 [tomcat-handler-7] INFO  : End of message processing - session: 444d50de-ba9d-4075-2d06-71a108a18b00 from: t1
2026-03-20 22:29:20 [tomcat-handler-8] INFO  : New message from user: t1
2026-03-20 22:29:20 [tomcat-handler-8] INFO  : End of message processing - session: 444d50de-ba9d-4075-2d06-71a108a18b00 from: t1
2026-03-20 22:29:20 [tomcat-handler-9] INFO  : New message from user: t1
2026-03-20 22:29:20 [tomcat-handler-9] INFO  : End of message processing - session: 444d50de-ba9d-4075-2d06-71a108a18b00 from: t1
2026-03-20 22:29:20 [tomcat-handler-10] INFO  : New message from user: t1
2026-03-20 22:29:20 [tomcat-handler-10] INFO  : End of message processing - session: 444d50de-ba9d-4075-2d06-71a108a18b00 from: t1
2026-03-20 22:29:20 [tomcat-handler-11] INFO  : New message from user: t1
2026-03-20 22:29:20 [tomcat-handler-11] INFO  : End of message processing - session: 444d50de-ba9d-4075-2d06-71a108a18b00 from: t1
2026-03-20 22:29:20 [tomcat-handler-12] INFO  : New message from user: t1
2026-03-20 22:29:20 [tomcat-handler-12] INFO  : End of message processing - session: 444d50de-ba9d-4075-2d06-71a108a18b00 from: t1
2026-03-20 22:29:20 [tomcat-handler-13] INFO  : New message from user: t1
2026-03-20 22:29:20 [tomcat-handler-13] INFO  : End of message processing - session: 444d50de-ba9d-4075-2d06-71a108a18b00 from: t1
2026-03-20 22:29:20 [tomcat-handler-14] INFO  : New message from user: t1
2026-03-20 22:29:20 [tomcat-handler-14] INFO  : End of message processing - session: 444d50de-ba9d-4075-2d06-71a108a18b00 from: t1
2026-03-20 22:29:20 [tomcat-handler-15] INFO  : New message from user: t1
2026-03-20 22:29:20 [tomcat-handler-15] INFO  : End of message processing - session: 444d50de-ba9d-4075-2d06-71a108a18b00 from: t1
2026-03-20 22:29:20 [tomcat-handler-16] INFO  : New message from user: t1
2026-03-20 22:29:20 [tomcat-handler-16] INFO  : End of message processing - session: 444d50de-ba9d-4075-2d06-71a108a18b00 from: t1
2026-03-20 22:29:20 [tomcat-handler-17] INFO  : New message from user: t1
2026-03-20 22:29:20 [tomcat-handler-17] INFO  : /synchronizeData connected: User UsernamePasswordAuthenticationToken [Principal=t1, Credentials=[PROTECTED], Authenticated=true, Details=null, Granted Authorities=[ROLE_USER]]
2026-03-20 22:29:20 [tomcat-handler-17] ERROR : java.lang.NullPointerException: Cannot invoke "org.springframework.security.core.Authentication.getCredentials()" because the return value of "org.springframework.security.core.context.SecurityContext.getAuthentication()" is null
2026-03-20 22:29:20 [tomcat-handler-17] INFO  : End of message processing - session: 444d50de-ba9d-4075-2d06-71a108a18b00 from: t1
2026-03-20 22:30:07 [tomcat-handler-18] INFO  : Session closing: 444d50de-ba9d-4075-2d06-71a108a18b00 - reason: finished
2026-03-20 23:31:51 [tomcat-handler-19] ERROR : Error null - session: 675449fb-d5ac-538f-a9e8-14642da8dcff from: t1
2026-03-20 23:31:51 [tomcat-handler-19] INFO  : Session closing: 675449fb-d5ac-538f-a9e8-14642da8dcff - reason: null
2026-03-20 23:31:52 [SpringApplicationShutdownHook] INFO  : Commencing graceful shutdown. Waiting for active requests to complete
2026-03-20 23:31:52 [tomcat-shutdown] INFO  : Graceful shutdown complete
2026-03-20 23:31:54 [SpringApplicationShutdownHook] INFO  : Closing JPA EntityManagerFactory for persistence unit 'default'
2026-03-20 23:31:54 [SpringApplicationShutdownHook] INFO  : HikariPool-1 - Shutdown initiated...
2026-03-20 23:31:54 [SpringApplicationShutdownHook] INFO  : HikariPool-1 - Shutdown completed.
